=============================================
   OPTIMIZATION IN INTERNAL COORDINATES     
   Program by Cristina Sobrino Fernández    
=============================================

Input structure (Å):

Number  Element          X               Y               Z       
····································································
1           C              -0.7560          0.0500          0.0000
2           C               0.7560          0.0000          0.0500
3           H              -1.1404          0.6586          0.7845
4           H              -1.1404          0.3501         -0.9626
5           H              -1.1405         -1.0087          0.4781
6           H               1.1404         -0.3501          0.9626
7           H               1.1405          1.0087         -0.1781
8           H               1.1404         -0.6586         -0.7845

                      
::::::::::::::::::::::::::::::::::::::::::::::::::::
:::           Optimization cycle number 1        :::
::::::::::::::::::::::::::::::::::::::::::::::::::::
                 
Potential energy     10.99261583 Kcal/mol

Gradient in terms of the internal coordinates:
-10.464441   -31.812504   -21.746560   79.437265   -41.923997   -4.770806   14.261180   3.283227   0.220859   -3.730432   3.742520   -1.358443   0.844431   0.301442   -7.150790   6.192046   0.102716   -1.700123   -2.066855   -3.503042   -5.197075   -2.466898   -0.252375   -1.946408   0.783769   5.053091   3.359058   6.089235   

Predicted update step s_k in internal coordinates:
0.0174   0.0530   0.0362   -0.1324   0.0699   0.0080   -0.0238   -0.0219   -0.0015   0.0249   -0.0250   0.0091   -0.0056   -0.0020   0.0477   -0.0413   -0.0007   0.0113   0.0138   0.0438   0.0650   0.0308   0.0032   0.0243   -0.0098   -0.0632   -0.0420   -0.0761   
Predicted step is too long

Scaled update step in internal coordinates:
0.0080   0.0244   0.0167   -0.0609   0.0321   0.0037   -0.0109   -0.0101   -0.0007   0.0114   -0.0115   0.0042   -0.0026   -0.0009   0.0219   -0.0190   -0.0003   0.0052   0.0063   0.0201   0.0299   0.0142   0.0015   0.0112   -0.0045   -0.0291   -0.0193   -0.0350   Maximum step is:   0.043481

  
·.·.·.·.·.·.·.·.·.·.·.·.·.·.·.·.
·.·.·. Cartesian fitting  ·.·.·.
·.·.·.·.·.·.·.·.·.·.·.·.·.·.·.·.
  
Iteration number 1
----------------
Current set of internals coordinates
1.5217   1.0891   1.0958   1.1627   1.0825   1.1070   1.1195   1.9259   1.9711   1.8595   1.9751   1.8918   1.9102   1.9458   1.6974   2.0442   1.9336   1.9036   1.8451   1.0166   -1.1354   -3.1397   -3.0756   1.0556   -0.9487   -0.8075   -2.9595   1.3194     

                             Value    Threshold    Converged?
Max change in x:           0.00059     1e-05      No     


Iteration number 2
----------------
Current set of internals coordinates
1.5217   1.0891   1.0958   1.1627   1.0825   1.1070   1.1195   1.9259   1.9711   1.8595   1.9751   1.8918   1.9102   1.9458   1.6974   2.0442   1.9336   1.9036   1.8451   1.0166   -1.1354   -3.1397   -3.0756   1.0556   -0.9487   -0.8075   -2.9595   1.3193     

                             Value    Threshold    Converged?
Max change in x:           0.00002     1e-05      No     


Iteration number 3
----------------
Current set of internals coordinates
1.5217   1.0891   1.0958   1.1627   1.0825   1.1070   1.1195   1.9259   1.9711   1.8595   1.9751   1.8918   1.9102   1.9458   1.6974   2.0442   1.9336   1.9036   1.8451   1.0166   -1.1354   -3.1397   -3.0756   1.0556   -0.9487   -0.8075   -2.9595   1.3193     

                             Value    Threshold    Converged?
 Max change in x:                0.00000     1e-05    YES   


Cartesian fitting is converged. The new set of cartesian coordinates is:
Number  Element          X               Y               Z       
····································································
1           C              -0.7611          0.0346          0.0078
2           C               0.7597         -0.0028          0.0436
3           H              -1.1431          0.6714          0.8045
4           H              -1.1581          0.3324         -0.9691
5           H              -1.1275         -0.9798          0.4421
6           H               1.1548         -0.3588          0.9863
7           H               1.1394          1.0120         -0.1834
8           H               1.1358         -0.6590         -0.7818

New set of internals
1.521675   1.089094   1.095755   1.162730   1.082460   1.106991   1.119513   1.925919   1.971129   1.859479   1.975092   1.891778   1.910165   1.945831   1.697447   2.044220   1.933568   1.903577   1.845084   1.016624   -1.135360   -3.139689   -3.075611   1.055590   -0.948739   -0.807541   -2.959525   1.319332   
Predicted max step is          0.0435

Gradient in terms of the internal coordinates:
-5.597918   -14.720191   -10.062227   36.805617   -19.415319   -2.191495   6.600580   2.679783   0.403894   -2.949445   3.039453   -1.049026   0.635902   0.294711   -6.247580   5.066267   0.151318   -1.282693   -1.808231   -2.982609   -4.473819   -2.097598   -0.182994   -1.674205   0.702017   4.417356   2.926145   5.302366   

&& Energy after cycle 1 : 4.39121394 Kcal/mol

                 Value    Threshold    Converged?
GRMS:           19.1191     0.001      No     

                      
::::::::::::::::::::::::::::::::::::::::::::::::::::
:::           Optimization cycle number 2        :::
::::::::::::::::::::::::::::::::::::::::::::::::::::
                 
Potential energy      4.39121394 Kcal/mol

Gradient in terms of the internal coordinates:
-5.597918   -14.720191   -10.062227   36.805617   -19.415319   -2.191495   6.600580   2.679783   0.403894   -2.949445   3.039453   -1.049026   0.635902   0.294711   -6.247580   5.066267   0.151318   -1.282693   -1.808231   -2.982609   -4.473819   -2.097598   -0.182994   -1.674205   0.702017   4.417356   2.926145   5.302366   

Predicted update step s_k in internal coordinates:
0.0105   0.0241   0.0165   -0.0604   0.0318   0.0036   -0.0108   -0.0234   -0.0103   0.0298   -0.0312   0.0105   -0.0049   -0.0064   0.0760   -0.0552   -0.0039   0.0107   0.0221   0.0503   0.0762   0.0352   0.0026   0.0285   -0.0124   -0.0764   -0.0505   -0.0915   
Predicted step is too long

Scaled update step in internal coordinates:
0.0052   0.0120   0.0082   -0.0301   0.0158   0.0018   -0.0054   -0.0116   -0.0051   0.0148   -0.0155   0.0052   -0.0024   -0.0032   0.0378   -0.0275   -0.0019   0.0053   0.0110   0.0250   0.0379   0.0175   0.0013   0.0142   -0.0062   -0.0380   -0.0251   -0.0455   Maximum step is:   0.040178

  
·.·.·.·.·.·.·.·.·.·.·.·.·.·.·.·.
·.·.·. Cartesian fitting  ·.·.·.
·.·.·.·.·.·.·.·.·.·.·.·.·.·.·.·.
  
Iteration number 1
----------------
Current set of internals coordinates
1.5269   1.1011   1.1040   1.1327   1.0983   1.1088   1.1141   1.9160   1.9624   1.8753   1.9584   1.8974   1.9085   1.9404   1.7439   2.0126   1.9301   1.9081   1.8587   1.0388   -1.1016   -3.1243   -3.0746   1.0682   -0.9545   -0.8418   -2.9822   1.2783     

                             Value    Threshold    Converged?
Max change in x:           0.00052     1e-05      No     


Iteration number 2
----------------
Current set of internals coordinates
1.5269   1.1011   1.1040   1.1327   1.0983   1.1088   1.1141   1.9160   1.9624   1.8753   1.9584   1.8974   1.9084   1.9404   1.7439   2.0126   1.9301   1.9081   1.8587   1.0388   -1.1016   -3.1243   -3.0746   1.0682   -0.9545   -0.8418   -2.9822   1.2783     

                             Value    Threshold    Converged?
Max change in x:           0.00001     1e-05      No     


Iteration number 3
----------------
Current set of internals coordinates
1.5269   1.1011   1.1040   1.1327   1.0983   1.1088   1.1141   1.9160   1.9624   1.8753   1.9584   1.8974   1.9084   1.9404   1.7439   2.0126   1.9301   1.9081   1.8587   1.0388   -1.1016   -3.1243   -3.0746   1.0682   -0.9545   -0.8418   -2.9822   1.2783     

                             Value    Threshold    Converged?
 Max change in x:                0.00000     1e-05    YES   


Cartesian fitting is converged. The new set of cartesian coordinates is:
Number  Element          X               Y               Z       
····································································
1           C              -0.7638          0.0243          0.0182
2           C               0.7628         -0.0022          0.0385
3           H              -1.1355          0.6883          0.8141
4           H              -1.1671          0.3176         -0.9667
5           H              -1.1260         -0.9740          0.4120
6           H               1.1590         -0.3591          0.9986
7           H               1.1392          1.0167         -0.1841
8           H               1.1314         -0.6615         -0.7805

New set of internals
1.526916   1.101098   1.103961   1.132671   1.098308   1.108764   1.114128   1.916011   1.962391   1.875285   1.958355   1.897362   1.908448   1.940413   1.743891   2.012612   1.930142   1.908071   1.858699   1.038752   -1.101629   -3.124286   -3.074608   1.068197   -0.954460   -0.841844   -2.982225   1.278303   
Predicted max step is          0.0402

Gradient in terms of the internal coordinates:
-2.436270   -6.316310   -4.312457   15.765796   -8.312808   -0.946586   2.824056   1.802123   0.558069   -1.972534   2.151807   -0.710646   0.384422   0.325584   -4.919491   3.659668   0.208194   -0.788705   -1.425882   -2.275834   -3.469075   -1.584609   -0.109409   -1.302650   0.581816   3.533246   2.340005   4.224471   

&& Energy after cycle 2 : 1.97147457 Kcal/mol

                 Value    Threshold    Converged?
GRMS:           10.9778     0.001      No     

                      
::::::::::::::::::::::::::::::::::::::::::::::::::::
:::           Optimization cycle number 3        :::
::::::::::::::::::::::::::::::::::::::::::::::::::::
                 
Potential energy      1.97147457 Kcal/mol

Gradient in terms of the internal coordinates:
-2.436270   -6.316310   -4.312457   15.765796   -8.312808   -0.946586   2.824056   1.802123   0.558069   -1.972534   2.151807   -0.710646   0.384422   0.325584   -4.919491   3.659668   0.208194   -0.788705   -1.425882   -2.275834   -3.469075   -1.584609   -0.109409   -1.302650   0.581816   3.533246   2.340005   4.224471   

Predicted update step s_k in internal coordinates:
0.0059   0.0135   0.0092   -0.0337   0.0177   0.0020   -0.0060   -0.0197   -0.0182   0.0290   -0.0324   0.0104   -0.0031   -0.0107   0.0921   -0.0607   -0.0071   0.0080   0.0269   0.0510   0.0789   0.0352   0.0018   0.0296   -0.0141   -0.0825   -0.0546   -0.0983   
Predicted step is too long

Scaled update step in internal coordinates:
0.0029   0.0065   0.0044   -0.0162   0.0085   0.0010   -0.0029   -0.0095   -0.0088   0.0140   -0.0156   0.0050   -0.0015   -0.0051   0.0444   -0.0292   -0.0034   0.0039   0.0130   0.0246   0.0380   0.0170   0.0009   0.0143   -0.0068   -0.0397   -0.0263   -0.0474   Maximum step is:   0.041511

  
·.·.·.·.·.·.·.·.·.·.·.·.·.·.·.·.
·.·.·. Cartesian fitting  ·.·.·.
·.·.·.·.·.·.·.·.·.·.·.·.·.·.·.·.
  
Iteration number 1
----------------
Current set of internals coordinates
1.5298   1.1076   1.1084   1.1164   1.1069   1.1097   1.1112   1.9076   1.9513   1.8898   1.9420   1.9026   1.9074   1.9338   1.7933   1.9807   1.9258   1.9114   1.8733   1.0617   -1.0661   -3.1086   -3.0740   1.0815   -0.9610   -0.8794   -3.0071   1.2336     

                             Value    Threshold    Converged?
Max change in x:           0.00053     1e-05      No     


Iteration number 2
----------------
Current set of internals coordinates
1.5298   1.1076   1.1084   1.1164   1.1069   1.1097   1.1112   1.9076   1.9513   1.8898   1.9420   1.9026   1.9074   1.9338   1.7932   1.9807   1.9258   1.9114   1.8733   1.0616   -1.0661   -3.1086   -3.0740   1.0815   -0.9610   -0.8793   -3.0071   1.2336     

                             Value    Threshold    Converged?
Max change in x:           0.00001     1e-05      No     


Iteration number 3
----------------
Current set of internals coordinates
1.5298   1.1076   1.1084   1.1164   1.1069   1.1097   1.1112   1.9076   1.9513   1.8898   1.9420   1.9026   1.9074   1.9338   1.7932   1.9807   1.9258   1.9114   1.8733   1.0616   -1.0661   -3.1086   -3.0740   1.0815   -0.9610   -0.8793   -3.0071   1.2336     

                             Value    Threshold    Converged?
 Max change in x:                0.00000     1e-05    YES   


Cartesian fitting is converged. The new set of cartesian coordinates is:
Number  Element          X               Y               Z       
····································································
1           C              -0.7651          0.0168          0.0296
2           C               0.7646         -0.0006          0.0341
3           H              -1.1256          0.7055          0.8185
4           H              -1.1706          0.3057         -0.9607
5           H              -1.1275         -0.9773          0.3860
6           H               1.1592         -0.3564          1.0051
7           H               1.1384          1.0215         -0.1829
8           H               1.1265         -0.6652         -0.7797

New set of internals
1.529776   1.107598   1.108394   1.116448   1.106854   1.109737   1.111229   1.907620   1.951344   1.889755   1.941989   1.902599   1.907406   1.933831   1.793241   1.980699   1.925790   1.911413   1.873269   1.061650   -1.066110   -3.108563   -3.073957   1.081468   -0.960984   -0.879347   -3.007107   1.233626   
Predicted max step is          0.0415

Gradient in terms of the internal coordinates:
-0.724948   -1.771847   -1.208479   4.410994   -2.323607   -0.268578   0.785777   0.902327   0.615160   -1.094223   1.306481   -0.416623   0.153785   0.353704   -3.445128   2.340175   0.238558   -0.360261   -1.005428   -1.541147   -2.406756   -1.049479   -0.037702   -0.903310   0.453967   2.589712   1.724103   3.081380   

&& Energy after cycle 3 : 0.80160826 Kcal/mol

                 Value    Threshold    Converged?
GRMS:            6.1681     0.001      No     

                      
::::::::::::::::::::::::::::::::::::::::::::::::::::
:::           Optimization cycle number 4        :::
::::::::::::::::::::::::::::::::::::::::::::::::::::
                 
Potential energy      0.80160826 Kcal/mol

Gradient in terms of the internal coordinates:
-0.724948   -1.771847   -1.208479   4.410994   -2.323607   -0.268578   0.785777   0.902327   0.615160   -1.094223   1.306481   -0.416623   0.153785   0.353704   -3.445128   2.340175   0.238558   -0.360261   -1.005428   -1.541147   -2.406756   -1.049479   -0.037702   -0.903310   0.453967   2.589712   1.724103   3.081380   

Predicted update step s_k in internal coordinates:
0.0028   0.0062   0.0042   -0.0154   0.0081   0.0009   -0.0027   -0.0112   -0.0206   0.0217   -0.0262   0.0082   -0.0008   -0.0123   0.0836   -0.0522   -0.0082   0.0040   0.0247   0.0422   0.0668   0.0284   0.0004   0.0249   -0.0134   -0.0738   -0.0492   -0.0876   
Predicted step is too long

Scaled update step in internal coordinates:
0.0016   0.0034   0.0023   -0.0086   0.0045   0.0005   -0.0015   -0.0062   -0.0115   0.0121   -0.0146   0.0046   -0.0004   -0.0068   0.0465   -0.0291   -0.0046   0.0023   0.0138   0.0235   0.0372   0.0158   0.0002   0.0139   -0.0075   -0.0411   -0.0274   -0.0488   Maximum step is:   0.035905

  
·.·.·.·.·.·.·.·.·.·.·.·.·.·.·.·.
·.·.·. Cartesian fitting  ·.·.·.
·.·.·.·.·.·.·.·.·.·.·.·.·.·.·.·.
  
Iteration number 1
----------------
Current set of internals coordinates
1.5313   1.1110   1.1107   1.1079   1.1114   1.1103   1.1097   1.9021   1.9382   1.9021   1.9269   1.9073   1.9073   1.9259   1.8429   1.9496   1.9205   1.9133   1.8881   1.0841   -1.0305   -3.0935   -3.0739   1.0947   -0.9683   -0.9190   -3.0336   1.1866     

                             Value    Threshold    Converged?
Max change in x:           0.00052     1e-05      No     


Iteration number 2
----------------
Current set of internals coordinates
1.5313   1.1110   1.1107   1.1079   1.1114   1.1103   1.1097   1.9021   1.9382   1.9021   1.9269   1.9073   1.9073   1.9260   1.8429   1.9496   1.9205   1.9133   1.8881   1.0841   -1.0306   -3.0935   -3.0739   1.0947   -0.9683   -0.9190   -3.0336   1.1866     

                             Value    Threshold    Converged?
Max change in x:           0.00001     1e-05      No     


Iteration number 3
----------------
Current set of internals coordinates
1.5313   1.1110   1.1107   1.1079   1.1114   1.1103   1.1097   1.9021   1.9382   1.9021   1.9269   1.9073   1.9073   1.9260   1.8429   1.9496   1.9205   1.9133   1.8881   1.0841   -1.0306   -3.0935   -3.0739   1.0947   -0.9683   -0.9190   -3.0336   1.1866     

                             Value    Threshold    Converged?
 Max change in x:                0.00000     1e-05    YES   


Cartesian fitting is converged. The new set of cartesian coordinates is:
Number  Element          X               Y               Z       
····································································
1           C              -0.7656          0.0111          0.0418
2           C               0.7656          0.0013          0.0302
3           H              -1.1166          0.7223          0.8200
4           H              -1.1704          0.2961         -0.9525
5           H              -1.1300         -0.9848          0.3625
6           H               1.1582         -0.3521          1.0080
7           H               1.1373          1.0259         -0.1811
8           H               1.1215         -0.6698         -0.7788

New set of internals
1.531335   1.111042   1.110741   1.107878   1.111366   1.110258   1.109705   1.902110   1.938233   1.902098   1.926857   1.907318   1.907264   1.925953   1.842916   1.949632   1.920542   1.913281   1.888092   1.084073   -1.030557   -3.093516   -3.073900   1.094655   -0.968304   -0.918961   -3.033591   1.186636   
Predicted max step is          0.0359

Gradient in terms of the internal coordinates:
0.194533   0.631022   0.431412   -1.587654   0.840725   0.090497   -0.289902   0.091330   0.558274   -0.388562   0.554789   -0.175420   -0.035144   0.345637   -1.918515   1.172199   0.229733   -0.026368   -0.572671   -0.813774   -1.337068   -0.521109   0.037876   -0.485418   0.330540   1.621888   1.098593   1.914552   

&& Energy after cycle 4 : 0.18874941 Kcal/mol

                 Value    Threshold    Converged?
GRMS:            3.1600     0.001      No     

                      
::::::::::::::::::::::::::::::::::::::::::::::::::::
:::           Optimization cycle number 5        :::
::::::::::::::::::::::::::::::::::::::::::::::::::::
                 
Potential energy      0.18874941 Kcal/mol

Gradient in terms of the internal coordinates:
0.194533   0.631022   0.431412   -1.587654   0.840725   0.090497   -0.289902   0.091330   0.558274   -0.388562   0.554789   -0.175420   -0.035144   0.345637   -1.918515   1.172199   0.229733   -0.026368   -0.572671   -0.813774   -1.337068   -0.521109   0.037876   -0.485418   0.330540   1.621888   1.098593   1.914552   

Predicted update step s_k in internal coordinates:
0.0007   0.0014   0.0010   -0.0034   0.0018   0.0002   -0.0006   -0.0019   -0.0166   0.0117   -0.0153   0.0048   0.0010   -0.0103   0.0551   -0.0336   -0.0068   0.0005   0.0166   0.0261   0.0427   0.0168   -0.0012   0.0154   -0.0105   -0.0515   -0.0349   -0.0608   
Predicted step is too long

Scaled update step in internal coordinates:
0.0006   0.0012   0.0008   -0.0029   0.0015   0.0002   -0.0005   -0.0016   -0.0139   0.0098   -0.0128   0.0040   0.0009   -0.0086   0.0461   -0.0281   -0.0057   0.0004   0.0139   0.0218   0.0357   0.0140   -0.0010   0.0129   -0.0088   -0.0431   -0.0292   -0.0509   Maximum step is:   0.023896

  
·.·.·.·.·.·.·.·.·.·.·.·.·.·.·.·.
·.·.·. Cartesian fitting  ·.·.·.
·.·.·.·.·.·.·.·.·.·.·.·.·.·.·.·.
  
Iteration number 1
----------------
Current set of internals coordinates
1.5319   1.1122   1.1115   1.1050   1.1129   1.1104   1.1092   1.9010   1.9229   1.9120   1.9136   1.9114   1.9084   1.9164   1.8914   1.9197   1.9143   1.9133   1.9028   1.1051   -0.9961   -3.0801   -3.0751   1.1070   -0.9770   -0.9609   -3.0621   1.1372     

                             Value    Threshold    Converged?
Max change in x:           0.00052     1e-05      No     


Iteration number 2
----------------
Current set of internals coordinates
1.5319   1.1122   1.1115   1.1050   1.1129   1.1104   1.1092   1.9010   1.9229   1.9120   1.9136   1.9114   1.9084   1.9164   1.8913   1.9198   1.9143   1.9133   1.9028   1.1051   -0.9961   -3.0801   -3.0751   1.1070   -0.9770   -0.9609   -3.0621   1.1372     

                             Value    Threshold    Converged?
Max change in x:           0.00001     1e-05      No     


Iteration number 3
----------------
Current set of internals coordinates
1.5319   1.1122   1.1115   1.1050   1.1129   1.1104   1.1092   1.9010   1.9229   1.9120   1.9136   1.9114   1.9084   1.9164   1.8914   1.9198   1.9143   1.9133   1.9028   1.1051   -0.9961   -3.0801   -3.0751   1.1070   -0.9770   -0.9609   -3.0621   1.1372     

                             Value    Threshold    Converged?
 Max change in x:                0.00000     1e-05    YES   


Cartesian fitting is converged. The new set of cartesian coordinates is:
Number  Element          X               Y               Z       
····································································
1           C              -0.7657          0.0074          0.0550
2           C               0.7659          0.0031          0.0265
3           H              -1.1102          0.7378          0.8197
4           H              -1.1669          0.2891         -0.9426
5           H              -1.1329         -0.9950          0.3405
6           H               1.1573         -0.3464          1.0079
7           H               1.1360          1.0297         -0.1795
8           H               1.1166         -0.6757         -0.7775

New set of internals
1.531920   1.112209   1.111537   1.105002   1.112872   1.110445   1.109206   1.901049   1.922927   1.911951   1.913576   1.911443   1.908355   1.916408   1.891350   1.919762   1.914265   1.913305   1.902818   1.105056   -0.996108   -3.080056   -3.075052   1.106968   -0.976979   -0.960899   -3.062064   1.137174   
Predicted max step is          0.0239

Gradient in terms of the internal coordinates:
0.526279   1.441448   0.982473   -3.600277   1.902407   0.213791   -0.649234   -0.506028   0.365327   0.092328   -0.060348   0.008215   -0.156391   0.265223   -0.418469   0.181985   0.166699   0.186637   -0.146176   -0.109961   -0.282618   -0.014647   0.122649   -0.050008   0.217962   0.640557   0.467900   0.735871   

&& Energy after cycle 5 : -0.07972295 Kcal/mol

                 Value    Threshold    Converged?
GRMS:            1.5669     0.001      No     

                      
::::::::::::::::::::::::::::::::::::::::::::::::::::
:::           Optimization cycle number 6        :::
::::::::::::::::::::::::::::::::::::::::::::::::::::
                 
Potential energy     -0.07972295 Kcal/mol

Gradient in terms of the internal coordinates:
0.526279   1.441448   0.982473   -3.600277   1.902407   0.213791   -0.649234   -0.506028   0.365327   0.092328   -0.060348   0.008215   -0.156391   0.265223   -0.418469   0.181985   0.166699   0.186637   -0.146176   -0.109961   -0.282618   -0.014647   0.122649   -0.050008   0.217962   0.640557   0.467900   0.735871   

Predicted update step s_k in internal coordinates:
-0.0003   -0.0009   -0.0006   0.0022   -0.0012   -0.0001   0.0004   0.0037   -0.0070   0.0022   -0.0033   0.0011   0.0015   -0.0047   0.0164   -0.0099   -0.0030   -0.0014   0.0052   0.0068   0.0127   0.0035   -0.0022   0.0037   -0.0055   -0.0200   -0.0141   -0.0232   Maximum step is:   0.008284

  
·.·.·.·.·.·.·.·.·.·.·.·.·.·.·.·.
·.·.·. Cartesian fitting  ·.·.·.
·.·.·.·.·.·.·.·.·.·.·.·.·.·.·.·.
  
Iteration number 1
----------------
Current set of internals coordinates
1.5316   1.1113   1.1109   1.1072   1.1117   1.1103   1.1096   1.9052   1.9152   1.9143   1.9100   1.9127   1.9100   1.9111   1.9092   1.9088   1.9109   1.9117   1.9085   1.1114   -0.9842   -3.0769   -3.0773   1.1103   -0.9824   -0.9801   -3.0757   1.1148     

                             Value    Threshold    Converged?
Max change in x:           0.00009     1e-05      No     


Iteration number 2
----------------
Current set of internals coordinates
1.5316   1.1113   1.1109   1.1072   1.1117   1.1103   1.1096   1.9052   1.9152   1.9143   1.9100   1.9127   1.9100   1.9111   1.9092   1.9088   1.9109   1.9117   1.9085   1.1114   -0.9842   -3.0769   -3.0773   1.1103   -0.9824   -0.9801   -3.0757   1.1148     

                             Value    Threshold    Converged?
 Max change in x:                0.00000     1e-05    YES   


Cartesian fitting is converged. The new set of cartesian coordinates is:
Number  Element          X               Y               Z       
····································································
1           C              -0.7654          0.0072          0.0609
2           C               0.7657          0.0038          0.0252
3           H              -1.1109          0.7429          0.8190
4           H              -1.1632          0.2889         -0.9374
5           H              -1.1344         -1.0008          0.3322
6           H               1.1578         -0.3428          1.0061
7           H               1.1356          1.0304         -0.1797
8           H               1.1148         -0.6796         -0.7763

New set of internals
1.531574   1.111335   1.110946   1.107189   1.111710   1.110321   1.109609   1.905202   1.915158   1.914322   1.910010   1.912671   1.909999   1.911149   1.909164   1.908796   1.910893   1.911715   1.908513   1.111381   -0.984199   -3.076855   -3.077349   1.110257   -0.982399   -0.980139   -3.075718   1.114811   
Predicted max step is          0.0083

Gradient in terms of the internal coordinates:
0.315004   0.830445   0.564721   -2.067674   1.093936   0.124292   -0.372122   -0.450383   0.177866   0.156074   -0.176457   0.047115   -0.127380   0.138930   0.085194   -0.107588   0.088366   0.163850   0.004809   0.159089   0.130430   0.173853   0.160480   0.131821   0.175244   0.235866   0.207207   0.250630   

&& Energy after cycle 6 : -0.12439769 Kcal/mol

                 Value    Threshold    Converged?
GRMS:            0.8824     0.001      No     

                      
::::::::::::::::::::::::::::::::::::::::::::::::::::
:::           Optimization cycle number 7        :::
::::::::::::::::::::::::::::::::::::::::::::::::::::
                 
Potential energy     -0.12439769 Kcal/mol

Gradient in terms of the internal coordinates:
0.315004   0.830445   0.564721   -2.067674   1.093936   0.124292   -0.372122   -0.450383   0.177866   0.156074   -0.176457   0.047115   -0.127380   0.138930   0.085194   -0.107588   0.088366   0.163850   0.004809   0.159089   0.130430   0.173853   0.160480   0.131821   0.175244   0.235866   0.207207   0.250630   

Predicted update step s_k in internal coordinates:
-0.0004   -0.0010   -0.0006   0.0024   -0.0013   -0.0001   0.0004   0.0045   -0.0031   -0.0005   0.0004   -0.0000   0.0014   -0.0023   0.0033   -0.0019   -0.0015   -0.0016   0.0013   -0.0008   0.0010   -0.0018   -0.0031   -0.0013   -0.0041   -0.0085   -0.0066   -0.0095   Maximum step is:   0.003306

  
·.·.·.·.·.·.·.·.·.·.·.·.·.·.·.·.
·.·.·. Cartesian fitting  ·.·.·.
·.·.·.·.·.·.·.·.·.·.·.·.·.·.·.·.
  
Iteration number 1
----------------
Current set of internals coordinates
1.5312   1.1104   1.1103   1.1096   1.1104   1.1102   1.1100   1.9099   1.9118   1.9139   1.9104   1.9127   1.9114   1.9087   1.9130   1.9065   1.9093   1.9101   1.9100   1.1104   -0.9835   -3.0788   -3.0805   1.1088   -0.9865   -0.9884   -3.0822   1.1056     

                             Value    Threshold    Converged?
Max change in x:           0.00001     1e-05      No     


Iteration number 2
----------------
Current set of internals coordinates
1.5312   1.1104   1.1103   1.1096   1.1104   1.1102   1.1100   1.9099   1.9118   1.9139   1.9104   1.9127   1.9114   1.9087   1.9130   1.9065   1.9093   1.9101   1.9100   1.1104   -0.9835   -3.0788   -3.0805   1.1088   -0.9865   -0.9884   -3.0822   1.1056     

                             Value    Threshold    Converged?
 Max change in x:                0.00000     1e-05    YES   


Cartesian fitting is converged. The new set of cartesian coordinates is:
Number  Element          X               Y               Z       
····································································
1           C              -0.7652          0.0082          0.0631
2           C               0.7655          0.0038          0.0249
3           H              -1.1137          0.7431          0.8190
4           H              -1.1608          0.2911         -0.9350
5           H              -1.1348         -1.0036          0.3294
6           H               1.1589         -0.3404          1.0046
7           H               1.1356          1.0300         -0.1811
8           H               1.1145         -0.6822         -0.7750

New set of internals
1.531155   1.110377   1.110298   1.109571   1.110446   1.110179   1.110040   1.909851   1.911820   1.913884   1.910360   1.912681   1.911411   1.908716   1.912975   1.906546   1.909310   1.910055   1.909980   1.110410   -0.983451   -3.078780   -3.080481   1.108844   -0.986485   -0.988373   -3.082234   1.105623   
Predicted max step is          0.0033

Gradient in terms of the internal coordinates:
0.067306   0.161967   0.109286   -0.399822   0.212258   0.024691   -0.071742   -0.193528   0.043949   0.096677   -0.108340   0.033876   -0.055754   0.029757   0.141887   -0.118443   0.025466   0.074012   0.030958   0.224715   0.239308   0.214835   0.169559   0.184152   0.159679   0.110711   0.125304   0.100831   

&& Energy after cycle 7 : -0.13689186 Kcal/mol

                 Value    Threshold    Converged?
GRMS:            0.3649     0.001      No     

                      
::::::::::::::::::::::::::::::::::::::::::::::::::::
:::           Optimization cycle number 8        :::
::::::::::::::::::::::::::::::::::::::::::::::::::::
                 
Potential energy     -0.13689186 Kcal/mol

Gradient in terms of the internal coordinates:
0.067306   0.161967   0.109286   -0.399822   0.212258   0.024691   -0.071742   -0.193528   0.043949   0.096677   -0.108340   0.033876   -0.055754   0.029757   0.141887   -0.118443   0.025466   0.074012   0.030958   0.224715   0.239308   0.214835   0.169559   0.184152   0.159679   0.110711   0.125304   0.100831   

Predicted update step s_k in internal coordinates:
-0.0003   -0.0006   -0.0004   0.0015   -0.0008   -0.0001   0.0003   0.0038   -0.0016   -0.0011   0.0013   -0.0003   0.0011   -0.0012   -0.0002   0.0004   -0.0008   -0.0014   0.0002   -0.0045   -0.0041   -0.0047   -0.0044   -0.0040   -0.0047   -0.0055   -0.0051   -0.0057   Maximum step is:   0.002897

  
·.·.·.·.·.·.·.·.·.·.·.·.·.·.·.·.
·.·.·. Cartesian fitting  ·.·.·.
·.·.·.·.·.·.·.·.·.·.·.·.·.·.·.·.
  
Iteration number 1
----------------
Current set of internals coordinates
1.5309   1.1098   1.1099   1.1111   1.1096   1.1101   1.1103   1.9136   1.9103   1.9127   1.9116   1.9123   1.9125   1.9076   1.9126   1.9070   1.9085   1.9087   1.9102   1.1060   -0.9874   -3.0835   -3.0849   1.1048   -0.9912   -0.9939   -3.0873   1.0998     

                             Value    Threshold    Converged?
 Max change in x:                0.00001     1e-05    YES   


Cartesian fitting is converged. The new set of cartesian coordinates is:
Number  Element          X               Y               Z       
····································································
1           C              -0.7651          0.0091          0.0638
2           C               0.7652          0.0036          0.0249
3           H              -1.1164          0.7414          0.8201
4           H              -1.1592          0.2944         -0.9337
5           H              -1.1347         -1.0050          0.3277
6           H               1.1600         -0.3380          1.0040
7           H               1.1356          1.0292         -0.1834
8           H               1.1146         -0.6847         -0.7733

New set of internals
1.530868   1.109751   1.109878   1.111115   1.109625   1.110085   1.110319   1.913605   1.910265   1.912698   1.911623   1.912343   1.912509   1.907615   1.912589   1.907007   1.908476   1.908688   1.910152   1.105961   -0.987446   -3.083456   -3.084933   1.104846   -0.991164   -0.993941   -3.087348   1.099828   
Predicted max step is          0.0029

Gradient in terms of the internal coordinates:
-0.099231   -0.272872   -0.186229   0.682115   -0.360397   -0.040486   0.122935   0.058160   -0.050986   0.013308   -0.006842   0.007773   0.013704   -0.048347   0.081014   -0.053860   -0.021063   -0.016386   0.022717   0.220006   0.245264   0.204124   0.165029   0.190287   0.149147   0.075974   0.101231   0.060092   

&& Energy after cycle 8 : -0.14379389 Kcal/mol

                 Value    Threshold    Converged?
GRMS:            0.3603     0.001      No     

                      
::::::::::::::::::::::::::::::::::::::::::::::::::::
:::           Optimization cycle number 9        :::
::::::::::::::::::::::::::::::::::::::::::::::::::::
                 
Potential energy     -0.14379389 Kcal/mol

Gradient in terms of the internal coordinates:
-0.099231   -0.272872   -0.186229   0.682115   -0.360397   -0.040486   0.122935   0.058160   -0.050986   0.013308   -0.006842   0.007773   0.013704   -0.048347   0.081014   -0.053860   -0.021063   -0.016386   0.022717   0.220006   0.245264   0.204124   0.165029   0.190287   0.149147   0.075974   0.101231   0.060092   

Predicted update step s_k in internal coordinates:
-0.0002   -0.0004   -0.0003   0.0010   -0.0005   -0.0001   0.0002   0.0035   -0.0012   -0.0015   0.0015   -0.0005   0.0011   -0.0007   -0.0012   0.0011   -0.0007   -0.0014   -0.0000   -0.0089   -0.0088   -0.0089   -0.0080   -0.0079   -0.0080   -0.0079   -0.0078   -0.0079   Maximum step is:   0.004780

  
·.·.·.·.·.·.·.·.·.·.·.·.·.·.·.·.
·.·.·. Cartesian fitting  ·.·.·.
·.·.·.·.·.·.·.·.·.·.·.·.·.·.·.·.
  
Iteration number 1
----------------
Current set of internals coordinates
1.5307   1.1093   1.1096   1.1121   1.1091   1.1100   1.1105   1.9170   1.9092   1.9111   1.9131   1.9119   1.9136   1.9070   1.9110   1.9083   1.9078   1.9074   1.9100   1.0972   -0.9961   -3.0923   -3.0930   1.0970   -0.9992   -1.0020   -3.0952   1.0918     

                             Value    Threshold    Converged?
Max change in x:           0.00001     1e-05      No     


Iteration number 2
----------------
Current set of internals coordinates
1.5307   1.1093   1.1096   1.1121   1.1091   1.1100   1.1105   1.9170   1.9092   1.9111   1.9131   1.9119   1.9136   1.9070   1.9110   1.9083   1.9078   1.9074   1.9100   1.0972   -0.9961   -3.0923   -3.0930   1.0970   -0.9992   -1.0020   -3.0952   1.0918     

                             Value    Threshold    Converged?
 Max change in x:                0.00000     1e-05    YES   


Cartesian fitting is converged. The new set of cartesian coordinates is:
Number  Element          X               Y               Z       
····································································
1           C              -0.7651          0.0100          0.0641
2           C               0.7650          0.0033          0.0248
3           H              -1.1191          0.7380          0.8227
4           H              -1.1580          0.2995         -0.9324
5           H              -1.1343         -1.0062          0.3244
6           H               1.1611         -0.3342          1.0043
7           H               1.1355          1.0279         -0.1876
8           H               1.1149         -0.6884         -0.7703

New set of internals
1.530668   1.109336   1.109600   1.112136   1.109081   1.110022   1.110503   1.917023   1.909232   1.911133   1.913136   1.911866   1.913551   1.907049   1.911041   1.908298   1.907822   1.907381   1.910027   1.097169   -0.996073   -3.092277   -3.092960   1.096983   -0.999221   -1.001975   -3.095217   1.091764   
Predicted max step is          0.0048

Gradient in terms of the internal coordinates:
-0.212651   -0.560915   -0.381331   1.396604   -0.739095   -0.083897   0.251493   0.302707   -0.135659   -0.085890   0.104574   -0.024766   0.083931   -0.111348   -0.007452   0.036603   -0.063218   -0.108488   0.007250   0.183434   0.211944   0.166553   0.148588   0.177098   0.131707   0.058378   0.086887   0.041496   

&& Energy after cycle 9 : -0.15203452 Kcal/mol

                 Value    Threshold    Converged?
GRMS:            0.5929     0.001      No     

                      
::::::::::::::::::::::::::::::::::::::::::::::::::::
:::           Optimization cycle number 10        :::
::::::::::::::::::::::::::::::::::::::::::::::::::::
                 
Potential energy     -0.15203452 Kcal/mol

Gradient in terms of the internal coordinates:
-0.212651   -0.560915   -0.381331   1.396604   -0.739095   -0.083897   0.251493   0.302707   -0.135659   -0.085890   0.104574   -0.024766   0.083931   -0.111348   -0.007452   0.036603   -0.063218   -0.108488   0.007250   0.183434   0.211944   0.166553   0.148588   0.177098   0.131707   0.058378   0.086887   0.041496   

Predicted update step s_k in internal coordinates:
-0.0001   -0.0002   -0.0001   0.0005   -0.0003   -0.0000   0.0001   0.0032   -0.0008   -0.0019   0.0016   -0.0006   0.0011   -0.0001   -0.0019   0.0016   -0.0007   -0.0013   -0.0001   -0.0184   -0.0184   -0.0183   -0.0168   -0.0168   -0.0167   -0.0159   -0.0159   -0.0158   Maximum step is:   0.009720

  
·.·.·.·.·.·.·.·.·.·.·.·.·.·.·.·.
·.·.·. Cartesian fitting  ·.·.·.
·.·.·.·.·.·.·.·.·.·.·.·.·.·.·.·.
  
Iteration number 1
----------------
Current set of internals coordinates
1.5306   1.1091   1.1095   1.1126   1.1088   1.1100   1.1106   1.9201   1.9086   1.9092   1.9148   1.9113   1.9146   1.9070   1.9087   1.9102   1.9072   1.9061   1.9098   1.0789   -1.0143   -3.1105   -3.1098   1.0802   -1.0159   -1.0181   -3.1113   1.0757     

                             Value    Threshold    Converged?
Max change in x:           0.00004     1e-05      No     


Iteration number 2
----------------
Current set of internals coordinates
1.5306   1.1091   1.1095   1.1126   1.1088   1.1100   1.1106   1.9201   1.9086   1.9092   1.9148   1.9113   1.9146   1.9070   1.9087   1.9102   1.9072   1.9061   1.9098   1.0789   -1.0143   -3.1105   -3.1098   1.0802   -1.0159   -1.0181   -3.1113   1.0757     

                             Value    Threshold    Converged?
 Max change in x:                0.00000     1e-05    YES   


Cartesian fitting is converged. The new set of cartesian coordinates is:
Number  Element          X               Y               Z       
····································································
1           C              -0.7653          0.0110          0.0641
2           C               0.7648          0.0030          0.0248
3           H              -1.1216          0.7310          0.8288
4           H              -1.1571          0.3091         -0.9302
5           H              -1.1336         -1.0080          0.3170
6           H               1.1623         -0.3261          1.0062
7           H               1.1352          1.0257         -0.1964
8           H               1.1153         -0.6955         -0.7643

New set of internals
1.530559   1.109137   1.109470   1.112612   1.108825   1.109990   1.110588   1.920132   1.908588   1.909158   1.914772   1.911267   1.914590   1.907036   1.908707   1.910162   1.907244   1.906104   1.909798   1.078868   -1.014301   -3.110494   -3.109767   1.080249   -1.015943   -1.018095   -3.111264   1.075728   
Predicted max step is          0.0097

Gradient in terms of the internal coordinates:
-0.270478   -0.696716   -0.472379   1.730203   -0.916623   -0.104713   0.311506   0.535911   -0.212877   -0.203253   0.221449   -0.063857   0.155692   -0.157067   -0.110052   0.146970   -0.102859   -0.202260   -0.009835   0.103431   0.132907   0.088458   0.107680   0.137156   0.092707   0.034599   0.064075   0.019627   

&& Energy after cycle 10 : -0.16537227 Kcal/mol

                 Value    Threshold    Converged?
GRMS:            0.7540     0.001      No     

                      
::::::::::::::::::::::::::::::::::::::::::::::::::::
:::           Optimization cycle number 11        :::
::::::::::::::::::::::::::::::::::::::::::::::::::::
                 
Potential energy     -0.16537227 Kcal/mol

Gradient in terms of the internal coordinates:
-0.270478   -0.696716   -0.472379   1.730203   -0.916623   -0.104713   0.311506   0.535911   -0.212877   -0.203253   0.221449   -0.063857   0.155692   -0.157067   -0.110052   0.146970   -0.102859   -0.202260   -0.009835   0.103431   0.132907   0.088458   0.107680   0.137156   0.092707   0.034599   0.064075   0.019627   

Predicted update step s_k in internal coordinates:
0.0001   0.0003   0.0002   -0.0008   0.0004   0.0000   -0.0001   -0.0004   0.0006   -0.0006   0.0001   -0.0002   0.0000   0.0009   -0.0011   0.0007   0.0000   0.0000   -0.0000   -0.0215   -0.0217   -0.0213   -0.0202   -0.0204   -0.0200   -0.0189   -0.0191   -0.0187   Maximum step is:   0.011487

  
·.·.·.·.·.·.·.·.·.·.·.·.·.·.·.·.
·.·.·. Cartesian fitting  ·.·.·.
·.·.·.·.·.·.·.·.·.·.·.·.·.·.·.·.
  
Iteration number 1
----------------
Current set of internals coordinates
1.5307   1.1094   1.1097   1.1119   1.1092   1.1100   1.1105   1.9197   1.9093   1.9085   1.9150   1.9111   1.9146   1.9080   1.9073   1.9111   1.9073   1.9062   1.9096   1.0574   -1.0359   -3.1318   -3.1300   1.0599   -1.0359   -1.0372   -3.1305   1.0568     

                             Value    Threshold    Converged?
Max change in x:           0.00005     1e-05      No     


Iteration number 2
----------------
Current set of internals coordinates
1.5307   1.1094   1.1097   1.1119   1.1092   1.1100   1.1105   1.9197   1.9093   1.9085   1.9150   1.9111   1.9146   1.9080   1.9073   1.9111   1.9073   1.9062   1.9096   1.0574   -1.0359   -3.1318   -3.1300   1.0599   -1.0359   -1.0372   -3.1305   1.0568     

                             Value    Threshold    Converged?
 Max change in x:                0.00000     1e-05    YES   


Cartesian fitting is converged. The new set of cartesian coordinates is:
Number  Element          X               Y               Z       
····································································
1           C              -0.7654          0.0110          0.0635
2           C               0.7647          0.0028          0.0248
3           H              -1.1214          0.7228          0.8365
4           H              -1.1575          0.3192         -0.9278
5           H              -1.1332         -1.0096          0.3070
6           H               1.1624         -0.3163          1.0099
7           H               1.1349          1.0234         -0.2068
8           H               1.1156         -0.7033         -0.7571

New set of internals
1.530683   1.109437   1.109674   1.111861   1.109223   1.110035   1.110452   1.919651   1.909262   1.908498   1.914951   1.911081   1.914591   1.907981   1.907328   1.911072   1.907345   1.906162   1.909646   1.057394   -1.035894   -3.131784   -3.129954   1.059943   -1.035948   -1.037162   -3.130450   1.056844   
Predicted max step is          0.0115

Gradient in terms of the internal coordinates:
-0.193447   -0.486263   -0.328489   1.203761   -0.638655   -0.073231   0.216741   0.518719   -0.198814   -0.231177   0.229271   -0.073419   0.158279   -0.128697   -0.137841   0.178103   -0.099482   -0.203928   -0.012386   0.014364   0.040814   0.003868   0.052230   0.078680   0.041735   0.008485   0.034936   -0.002010   

&& Energy after cycle 11 : -0.17794795 Kcal/mol

                 Value    Threshold    Converged?
GRMS:            0.5781     0.001      No     

                      
::::::::::::::::::::::::::::::::::::::::::::::::::::
:::           Optimization cycle number 12        :::
::::::::::::::::::::::::::::::::::::::::::::::::::::
                 
Potential energy     -0.17794795 Kcal/mol

Gradient in terms of the internal coordinates:
-0.193447   -0.486263   -0.328489   1.203761   -0.638655   -0.073231   0.216741   0.518719   -0.198814   -0.231177   0.229271   -0.073419   0.158279   -0.128697   -0.137841   0.178103   -0.099482   -0.203928   -0.012386   0.014364   0.040814   0.003868   0.052230   0.078680   0.041735   0.008485   0.034936   -0.002010   

Predicted update step s_k in internal coordinates:
0.0002   0.0005   0.0003   -0.0013   0.0007   0.0001   -0.0002   -0.0038   0.0016   0.0013   -0.0015   0.0004   -0.0011   0.0012   0.0006   -0.0009   0.0007   0.0014   0.0001   -0.0116   -0.0120   -0.0114   -0.0116   -0.0120   -0.0114   -0.0106   -0.0110   -0.0104   Maximum step is:   0.006516

  
·.·.·.·.·.·.·.·.·.·.·.·.·.·.·.·.
·.·.·. Cartesian fitting  ·.·.·.
·.·.·.·.·.·.·.·.·.·.·.·.·.·.·.·.
  
Iteration number 1
----------------
Current set of internals coordinates
1.5309   1.1100   1.1100   1.1106   1.1099   1.1101   1.1102   1.9158   1.9109   1.9098   1.9135   1.9115   1.9135   1.9092   1.9078   1.9103   1.9081   1.9076   1.9096   1.0458   -1.0478   3.1399   -3.1415   1.0481   -1.0473   -1.0478   -3.1414   1.0463     

                             Value    Threshold    Converged?
Max change in x:           0.00002     1e-05      No     


Iteration number 2
----------------
Current set of internals coordinates
1.5309   1.1100   1.1100   1.1106   1.1099   1.1101   1.1102   1.9158   1.9109   1.9098   1.9135   1.9115   1.9135   1.9092   1.9078   1.9103   1.9081   1.9076   1.9096   1.0458   -1.0478   3.1399   -3.1415   1.0481   -1.0473   -1.0478   -3.1414   1.0463     

                             Value    Threshold    Converged?
 Max change in x:                0.00000     1e-05    YES   


Cartesian fitting is converged. The new set of cartesian coordinates is:
Number  Element          X               Y               Z       
····································································
1           C              -0.7655          0.0101          0.0628
2           C               0.7650          0.0031          0.0248
3           H              -1.1183          0.7184          0.8412
4           H              -1.1590          0.3239         -0.9266
5           H              -1.1337         -1.0103          0.3006
6           H               1.1611         -0.3105          1.0130
7           H               1.1348          1.0225         -0.2127
8           H               1.1155         -0.7072         -0.7532

New set of internals
1.530926   1.109959   1.110024   1.110576   1.109907   1.110113   1.110220   1.915763   1.910880   1.909823   1.913482   1.911491   1.913459   1.909178   1.907826   1.910323   1.908129   1.907619   1.909606   1.045760   -1.047840   3.139947   -3.141510   1.048076   -1.047322   -1.047840   -3.141440   1.046347   
Predicted max step is          0.0065

Gradient in terms of the internal coordinates:
-0.051440   -0.123933   -0.082578   0.303924   -0.161987   -0.018566   0.054931   0.253851   -0.096140   -0.136929   0.116040   -0.042135   0.084870   -0.046400   -0.074396   0.100090   -0.052860   -0.105821   -0.000756   -0.025862   -0.006390   -0.031736   0.014143   0.033615   0.008269   -0.005827   0.013645   -0.011701   

&& Energy after cycle 12 : -0.18395539 Kcal/mol

                 Value    Threshold    Converged?
GRMS:            0.2105     0.001      No     

                      
::::::::::::::::::::::::::::::::::::::::::::::::::::
:::           Optimization cycle number 13        :::
::::::::::::::::::::::::::::::::::::::::::::::::::::
                 
Potential energy     -0.18395539 Kcal/mol

Gradient in terms of the internal coordinates:
-0.051440   -0.123933   -0.082578   0.303924   -0.161987   -0.018566   0.054931   0.253851   -0.096140   -0.136929   0.116040   -0.042135   0.084870   -0.046400   -0.074396   0.100090   -0.052860   -0.105821   -0.000756   -0.025862   -0.006390   -0.031736   0.014143   0.033615   0.008269   -0.005827   0.013645   -0.011701   

Predicted update step s_k in internal coordinates:
0.0001   0.0002   0.0001   -0.0005   0.0003   0.0000   -0.0001   -0.0028   0.0010   0.0014   -0.0012   0.0004   -0.0009   0.0005   0.0009   -0.0010   0.0006   0.0011   0.0000   -0.0003   -0.0006   -0.0002   -0.0009   -0.0013   -0.0008   -0.0006   -0.0009   -0.0005   Maximum step is:   0.000897

  
·.·.·.·.·.·.·.·.·.·.·.·.·.·.·.·.
·.·.·. Cartesian fitting  ·.·.·.
·.·.·.·.·.·.·.·.·.·.·.·.·.·.·.·.
  
Iteration number 1
----------------
Current set of internals coordinates
1.5310   1.1102   1.1102   1.1100   1.1102   1.1101   1.1101   1.9129   1.9119   1.9113   1.9123   1.9119   1.9125   1.9096   1.9088   1.9094   1.9088   1.9088   1.9096   1.0455   -1.0484   3.1397   3.1408   1.0469   -1.0481   -1.0484   3.1409   1.0458     

                             Value    Threshold    Converged?
 Max change in x:                0.00000     1e-05    YES   


Cartesian fitting is converged. The new set of cartesian coordinates is:
Number  Element          X               Y               Z       
····································································
1           C              -0.7654          0.0094          0.0625
2           C               0.7652          0.0033          0.0249
3           H              -1.1160          0.7182          0.8417
4           H              -1.1599          0.3236         -0.9265
5           H              -1.1344         -1.0103          0.2996
6           H               1.1602         -0.3100          1.0140
7           H               1.1349          1.0227         -0.2130
8           H               1.1154         -0.7070         -0.7531

New set of internals
1.531034   1.110179   1.110168   1.110042   1.110193   1.110146   1.110123   1.912940   1.911863   1.911266   1.912287   1.911908   1.912524   1.909598   1.908760   1.909366   1.908756   1.908764   1.909552   1.045459   -1.048432   3.139738   3.140757   1.046866   -1.048148   -1.048444   3.140850   1.045836   
Predicted max step is          0.0009

Gradient in terms of the internal coordinates:
0.010041   0.027427   0.019253   -0.069735   0.036642   0.004056   -0.012356   0.056568   -0.021130   -0.043951   0.024565   -0.012007   0.024560   0.001614   -0.016730   0.023636   -0.016752   -0.027332   0.006841   -0.018584   -0.005755   -0.021872   0.005217   0.018045   0.001928   -0.005768   0.007061   -0.009056   

&& Energy after cycle 13 : -0.18506667 Kcal/mol

                 Value    Threshold    Converged?
GRMS:            0.0508     0.001      No     

                      
::::::::::::::::::::::::::::::::::::::::::::::::::::
:::           Optimization cycle number 14        :::
::::::::::::::::::::::::::::::::::::::::::::::::::::
                 
Potential energy     -0.18506667 Kcal/mol

Gradient in terms of the internal coordinates:
0.010041   0.027427   0.019253   -0.069735   0.036642   0.004056   -0.012356   0.056568   -0.021130   -0.043951   0.024565   -0.012007   0.024560   0.001614   -0.016730   0.023636   -0.016752   -0.027332   0.006841   -0.018584   -0.005755   -0.021872   0.005217   0.018045   0.001928   -0.005768   0.007061   -0.009056   

Predicted update step s_k in internal coordinates:
0.0000   -0.0000   -0.0000   0.0000   -0.0000   0.0000   0.0000   -0.0007   0.0002   0.0005   -0.0003   0.0001   -0.0003   -0.0000   0.0003   -0.0003   0.0002   0.0003   -0.0001   0.0013   0.0011   0.0014   0.0009   0.0007   0.0009   0.0010   0.0008   0.0011   Maximum step is:   0.000633

  
·.·.·.·.·.·.·.·.·.·.·.·.·.·.·.·.
·.·.·. Cartesian fitting  ·.·.·.
·.·.·.·.·.·.·.·.·.·.·.·.·.·.·.·.
  
Iteration number 1
----------------
Current set of internals coordinates
1.5310   1.1102   1.1102   1.1100   1.1102   1.1101   1.1101   1.9122   1.9121   1.9118   1.9120   1.9120   1.9122   1.9095   1.9091   1.9091   1.9090   1.9091   1.9095   1.0468   -1.0473   3.1411   -3.1415   1.0476   -1.0472   -1.0474   -3.1415   1.0469     

                             Value    Threshold    Converged?
 Max change in x:                0.00000     1e-05    YES   


Cartesian fitting is converged. The new set of cartesian coordinates is:
Number  Element          X               Y               Z       
····································································
1           C              -0.7653          0.0092          0.0624
2           C               0.7653          0.0034          0.0249
3           H              -1.1154          0.7187          0.8413
4           H              -1.1600          0.3229         -0.9266
5           H              -1.1347         -1.0103          0.3000
6           H               1.1599         -0.3104          1.0140
7           H               1.1349          1.0229         -0.2125
8           H               1.1153         -0.7064         -0.7535

New set of internals
1.531035   1.110178   1.110166   1.110048   1.110190   1.110146   1.110124   1.912182   1.912092   1.911818   1.911979   1.912048   1.912212   1.909534   1.909091   1.909075   1.908988   1.909109   1.909456   1.046752   -1.047321   3.141074   -3.141539   1.047574   -1.047217   -1.047431   -3.141503   1.046892   
Predicted max step is          0.0006

Gradient in terms of the internal coordinates:
0.010032   0.026117   0.017841   -0.065271   0.034560   0.003849   -0.011699   0.004143   -0.000824   -0.010552   -0.000686   -0.001917   0.005631   0.009058   -0.001399   -0.000412   -0.005526   -0.004139   0.006625   -0.008736   -0.000358   -0.010772   0.004422   0.012799   0.002385   -0.003078   0.005300   -0.005114   

&& Energy after cycle 14 : -0.18516501 Kcal/mol

                 Value    Threshold    Converged?
GRMS:            0.0283     0.001      No     

                      
::::::::::::::::::::::::::::::::::::::::::::::::::::
:::           Optimization cycle number 15        :::
::::::::::::::::::::::::::::::::::::::::::::::::::::
                 
Potential energy     -0.18516501 Kcal/mol

Gradient in terms of the internal coordinates:
0.010032   0.026117   0.017841   -0.065271   0.034560   0.003849   -0.011699   0.004143   -0.000824   -0.010552   -0.000686   -0.001917   0.005631   0.009058   -0.001399   -0.000412   -0.005526   -0.004139   0.006625   -0.008736   -0.000358   -0.010772   0.004422   0.012799   0.002385   -0.003078   0.005300   -0.005114   

Predicted update step s_k in internal coordinates:
-0.0000   -0.0000   -0.0000   0.0001   -0.0000   -0.0000   0.0000   -0.0001   0.0000   0.0002   -0.0000   0.0000   -0.0001   -0.0001   0.0000   -0.0000   0.0001   0.0001   -0.0001   0.0004   0.0003   0.0004   0.0002   0.0000   0.0002   0.0003   0.0002   0.0003   Maximum step is:   0.000172

  
·.·.·.·.·.·.·.·.·.·.·.·.·.·.·.·.
·.·.·. Cartesian fitting  ·.·.·.
·.·.·.·.·.·.·.·.·.·.·.·.·.·.·.·.
  
Iteration number 1
----------------
Current set of internals coordinates
1.5310   1.1102   1.1101   1.1101   1.1102   1.1101   1.1101   1.9121   1.9121   1.9120   1.9120   1.9121   1.9121   1.9094   1.9092   1.9091   1.9091   1.9092   1.9094   1.0471   -1.0470   3.1415   -3.1414   1.0476   -1.0470   -1.0471   -3.1413   1.0472     

                             Value    Threshold    Converged?
 Max change in x:                0.00000     1e-05    YES   


Cartesian fitting is converged. The new set of cartesian coordinates is:
Number  Element          X               Y               Z       
····································································
1           C              -0.7653          0.0091          0.0624
2           C               0.7653          0.0034          0.0250
3           H              -1.1153          0.7188          0.8411
4           H              -1.1600          0.3228         -0.9266
5           H              -1.1348         -1.0103          0.3001
6           H               1.1599         -0.3105          1.0140
7           H               1.1349          1.0230         -0.2124
8           H               1.1153         -0.7063         -0.7536

New set of internals
1.531024   1.110153   1.110149   1.110110   1.110157   1.110142   1.110135   1.912052   1.912118   1.911988   1.911962   1.912077   1.912119   1.909415   1.909156   1.909064   1.909084   1.909188   1.909362   1.047150   -1.047048   3.141502   -3.141351   1.047636   -1.046999   -1.047137   -3.141334   1.047215   
Predicted max step is          0.0002

Gradient in terms of the internal coordinates:
0.003353   0.008696   0.005864   -0.021580   0.011481   0.001264   -0.003885   -0.003643   0.002386   -0.001416   -0.004025   0.000406   0.000988   0.006833   0.000149   -0.004302   -0.002401   0.000555   0.004484   -0.004459   0.000711   -0.005647   0.003149   0.008320   0.001962   -0.001531   0.003640   -0.002718   

&& Energy after cycle 15 : -0.18517803 Kcal/mol

                 Value    Threshold    Converged?
GRMS:            0.0126     0.001      No     

                      
::::::::::::::::::::::::::::::::::::::::::::::::::::
:::           Optimization cycle number 16        :::
::::::::::::::::::::::::::::::::::::::::::::::::::::
                 
Potential energy     -0.18517803 Kcal/mol

Gradient in terms of the internal coordinates:
0.003353   0.008696   0.005864   -0.021580   0.011481   0.001264   -0.003885   -0.003643   0.002386   -0.001416   -0.004025   0.000406   0.000988   0.006833   0.000149   -0.004302   -0.002401   0.000555   0.004484   -0.004459   0.000711   -0.005647   0.003149   0.008320   0.001962   -0.001531   0.003640   -0.002718   

Predicted update step s_k in internal coordinates:
-0.0000   -0.0000   -0.0000   0.0000   -0.0000   -0.0000   0.0000   -0.0000   -0.0000   0.0001   0.0000   0.0000   -0.0000   -0.0001   0.0000   0.0000   0.0001   0.0000   -0.0001   0.0001   -0.0000   0.0001   -0.0001   -0.0002   -0.0001   0.0000   -0.0001   0.0000   Maximum step is:   0.000067

  
·.·.·.·.·.·.·.·.·.·.·.·.·.·.·.·.
·.·.·. Cartesian fitting  ·.·.·.
·.·.·.·.·.·.·.·.·.·.·.·.·.·.·.·.
  
Iteration number 1
----------------
Current set of internals coordinates
1.5310   1.1101   1.1101   1.1102   1.1101   1.1101   1.1101   1.9120   1.9121   1.9121   1.9120   1.9121   1.9121   1.9093   1.9092   1.9091   1.9092   1.9092   1.9093   1.0472   -1.0471   -3.1416   -3.1414   1.0474   -1.0471   -1.0471   -3.1414   1.0473     

                             Value    Threshold    Converged?
 Max change in x:                0.00000     1e-05    YES   


Cartesian fitting is converged. The new set of cartesian coordinates is:
Number  Element          X               Y               Z       
····································································
1           C              -0.7653          0.0091          0.0624
2           C               0.7653          0.0035          0.0250
3           H              -1.1153          0.7188          0.8411
4           H              -1.1600          0.3228         -0.9266
5           H              -1.1349         -1.0104          0.3001
6           H               1.1599         -0.3105          1.0140
7           H               1.1349          1.0230         -0.2125
8           H               1.1153         -0.7062         -0.7536

New set of internals
1.531017   1.110137   1.110138   1.110151   1.110136   1.110140   1.110143   1.912035   1.912104   1.912064   1.912004   1.912080   1.912073   1.909297   1.909174   1.909118   1.909153   1.909212   1.909270   1.047222   -1.047087   -3.141584   -3.141443   1.047433   -1.047064   -1.047123   -3.141433   1.047256   
Predicted max step is          0.0001

Gradient in terms of the internal coordinates:
-0.001015   -0.002698   -0.001908   0.006863   -0.003581   -0.000420   0.001217   -0.003332   0.002156   0.001700   -0.002969   0.000884   -0.000615   0.003276   -0.000280   -0.003521   -0.000796   0.001437   0.002067   -0.001856   0.000402   -0.002298   0.001439   0.003697   0.000997   -0.000508   0.001750   -0.000950   

&& Energy after cycle 16 : -0.18518234 Kcal/mol

                 Value    Threshold    Converged?
GRMS:            0.0061     0.001      No     

                      
::::::::::::::::::::::::::::::::::::::::::::::::::::
:::           Optimization cycle number 17        :::
::::::::::::::::::::::::::::::::::::::::::::::::::::
                 
Potential energy     -0.18518234 Kcal/mol

Gradient in terms of the internal coordinates:
-0.001015   -0.002698   -0.001908   0.006863   -0.003581   -0.000420   0.001217   -0.003332   0.002156   0.001700   -0.002969   0.000884   -0.000615   0.003276   -0.000280   -0.003521   -0.000796   0.001437   0.002067   -0.001856   0.000402   -0.002298   0.001439   0.003697   0.000997   -0.000508   0.001750   -0.000950   

Predicted update step s_k in internal coordinates:
-0.0000   -0.0000   -0.0000   0.0000   -0.0000   -0.0000   0.0000   0.0000   -0.0000   0.0000   0.0000   -0.0000   -0.0000   -0.0001   0.0000   0.0000   0.0000   -0.0000   -0.0000   -0.0000   -0.0001   -0.0000   -0.0001   -0.0002   -0.0001   -0.0001   -0.0001   -0.0000   Maximum step is:   0.000059

  
·.·.·.·.·.·.·.·.·.·.·.·.·.·.·.·.
·.·.·. Cartesian fitting  ·.·.·.
·.·.·.·.·.·.·.·.·.·.·.·.·.·.·.·.
  
Iteration number 1
----------------
Current set of internals coordinates
1.5310   1.1101   1.1101   1.1102   1.1101   1.1101   1.1101   1.9121   1.9121   1.9121   1.9120   1.9121   1.9121   1.9092   1.9092   1.9092   1.9092   1.9092   1.9092   1.0472   -1.0472   3.1416   -3.1416   1.0473   -1.0472   -1.0472   -3.1416   1.0472     

                             Value    Threshold    Converged?
 Max change in x:                0.00000     1e-05    YES   


Cartesian fitting is converged. The new set of cartesian coordinates is:
Number  Element          X               Y               Z       
····································································
1           C              -0.7653          0.0091          0.0624
2           C               0.7653          0.0034          0.0250
3           H              -1.1153          0.7188          0.8411
4           H              -1.1600          0.3229         -0.9266
5           H              -1.1349         -1.0104          0.3001
6           H               1.1599         -0.3104          1.0140
7           H               1.1349          1.0229         -0.2125
8           H               1.1153         -0.7063         -0.7536

New set of internals
1.531016   1.110135   1.110137   1.110155   1.110133   1.110140   1.110143   1.912052   1.912083   1.912076   1.912043   1.912073   1.912062   1.909230   1.909183   1.909169   1.909185   1.909209   1.909220   1.047190   -1.047179   3.141583   -3.141559   1.047257   -1.047167   -1.047183   -3.141553   1.047209   
Predicted max step is          0.0001

Gradient in terms of the internal coordinates:
-0.001513   -0.003995   -0.002757   0.010031   -0.005284   -0.000603   0.001794   -0.001270   0.000994   0.001364   -0.001176   0.000528   -0.000581   0.001014   -0.000518   -0.001589   -0.000233   0.000820   0.000645   -0.000694   -0.000010   -0.000769   0.000380   0.001064   0.000305   -0.000117   0.000567   -0.000192   

&& Energy after cycle 17 : -0.18518341 Kcal/mol

                 Value    Threshold    Converged?
GRMS:            0.0045     0.001      No     

                      
::::::::::::::::::::::::::::::::::::::::::::::::::::
:::           Optimization cycle number 18        :::
::::::::::::::::::::::::::::::::::::::::::::::::::::
                 
Potential energy     -0.18518341 Kcal/mol

Gradient in terms of the internal coordinates:
-0.001513   -0.003995   -0.002757   0.010031   -0.005284   -0.000603   0.001794   -0.001270   0.000994   0.001364   -0.001176   0.000528   -0.000581   0.001014   -0.000518   -0.001589   -0.000233   0.000820   0.000645   -0.000694   -0.000010   -0.000769   0.000380   0.001064   0.000305   -0.000117   0.000567   -0.000192   

Predicted update step s_k in internal coordinates:
0.0000   0.0000   0.0000   -0.0000   0.0000   0.0000   -0.0000   0.0000   -0.0000   -0.0000   0.0000   -0.0000   0.0000   -0.0000   0.0000   0.0000   0.0000   -0.0000   -0.0000   -0.0000   -0.0000   -0.0000   -0.0000   -0.0001   -0.0000   -0.0000   -0.0000   -0.0000   Maximum step is:   0.000024

  
·.·.·.·.·.·.·.·.·.·.·.·.·.·.·.·.
·.·.·. Cartesian fitting  ·.·.·.
·.·.·.·.·.·.·.·.·.·.·.·.·.·.·.·.
  
Iteration number 1
----------------
Current set of internals coordinates
1.5310   1.1101   1.1101   1.1101   1.1101   1.1101   1.1101   1.9121   1.9121   1.9121   1.9121   1.9121   1.9121   1.9092   1.9092   1.9092   1.9092   1.9092   1.9092   1.0472   -1.0472   3.1416   3.1416   1.0472   -1.0472   -1.0472   3.1416   1.0472     

                             Value    Threshold    Converged?
 Max change in x:                0.00000     1e-05    YES   


Cartesian fitting is converged. The new set of cartesian coordinates is:
Number  Element          X               Y               Z       
····································································
1           C              -0.7653          0.0091          0.0624
2           C               0.7653          0.0034          0.0251
3           H              -1.1153          0.7187          0.8411
4           H              -1.1599          0.3229         -0.9266
5           H              -1.1349         -1.0104          0.3001
6           H               1.1599         -0.3104          1.0141
7           H               1.1349          1.0229         -0.2126
8           H               1.1153         -0.7063         -0.7536

New set of internals
1.531017   1.110138   1.110139   1.110147   1.110138   1.110140   1.110142   1.912064   1.912069   1.912070   1.912063   1.912067   1.912062   1.909203   1.909192   1.909195   1.909197   1.909203   1.909201   1.047180   -1.047213   3.141576   3.141581   1.047188   -1.047208   -1.047209   3.141584   1.047187   
Predicted max step is          0.0000

Gradient in terms of the internal coordinates:
-0.000646   -0.001707   -0.001170   0.004272   -0.002256   -0.000256   0.000766   -0.000067   0.000189   0.000446   -0.000141   0.000151   -0.000227   0.000070   -0.000323   -0.000317   -0.000062   0.000215   0.000064   -0.000178   -0.000108   -0.000141   -0.000017   0.000052   0.000020   -0.000015   0.000054   0.000022   

&& Energy after cycle 18 : -0.18518365 Kcal/mol

                 Value    Threshold    Converged?
GRMS:            0.0018     0.001      No     

                      
::::::::::::::::::::::::::::::::::::::::::::::::::::
:::           Optimization cycle number 19        :::
::::::::::::::::::::::::::::::::::::::::::::::::::::
                 
Potential energy     -0.18518365 Kcal/mol

Gradient in terms of the internal coordinates:
-0.000646   -0.001707   -0.001170   0.004272   -0.002256   -0.000256   0.000766   -0.000067   0.000189   0.000446   -0.000141   0.000151   -0.000227   0.000070   -0.000323   -0.000317   -0.000062   0.000215   0.000064   -0.000178   -0.000108   -0.000141   -0.000017   0.000052   0.000020   -0.000015   0.000054   0.000022   

Predicted update step s_k in internal coordinates:
0.0000   0.0000   0.0000   -0.0000   0.0000   0.0000   -0.0000   0.0000   -0.0000   -0.0000   0.0000   -0.0000   0.0000   -0.0000   0.0000   0.0000   0.0000   -0.0000   -0.0000   0.0000   0.0000   0.0000   0.0000   0.0000   0.0000   0.0000   0.0000   0.0000   Maximum step is:   0.000004

  
·.·.·.·.·.·.·.·.·.·.·.·.·.·.·.·.
·.·.·. Cartesian fitting  ·.·.·.
·.·.·.·.·.·.·.·.·.·.·.·.·.·.·.·.
  
Iteration number 1
----------------
Current set of internals coordinates
1.5310   1.1101   1.1101   1.1101   1.1101   1.1101   1.1101   1.9121   1.9121   1.9121   1.9121   1.9121   1.9121   1.9092   1.9092   1.9092   1.9092   1.9092   1.9092   1.0472   -1.0472   3.1416   3.1416   1.0472   -1.0472   -1.0472   3.1416   1.0472     

                             Value    Threshold    Converged?
 Max change in x:                0.00000     1e-05    YES   


Cartesian fitting is converged. The new set of cartesian coordinates is:
Number  Element          X               Y               Z       
····································································
1           C              -0.7653          0.0091          0.0624
2           C               0.7653          0.0034          0.0251
3           H              -1.1153          0.7188          0.8411
4           H              -1.1599          0.3229         -0.9266
5           H              -1.1349         -1.0104          0.3001
6           H               1.1599         -0.3104          1.0141
7           H               1.1349          1.0229         -0.2126
8           H               1.1153         -0.7063         -0.7536

New set of internals
1.531018   1.110140   1.110141   1.110142   1.110140   1.110141   1.110141   1.912066   1.912065   1.912066   1.912066   1.912065   1.912064   1.909199   1.909197   1.909199   1.909199   1.909200   1.909198   1.047190   -1.047205   3.141586   3.141585   1.047190   -1.047204   -1.047204   3.141586   1.047192   
Predicted max step is          0.0000

Gradient in terms of the internal coordinates:
-0.000103   -0.000272   -0.000185   0.000678   -0.000359   -0.000041   0.000122   0.000098   -0.000009   0.000063   0.000047   0.000021   -0.000056   -0.000043   -0.000101   -0.000008   -0.000028   0.000029   -0.000013   -0.000036   -0.000043   -0.000006   -0.000034   -0.000042   -0.000004   -0.000011   -0.000019   0.000019   

&& Energy after cycle 19 : -0.18518368 Kcal/mol

                 Value    Threshold    Converged?
 GRMS                 0.0003     0.001    YES   

·····································
····   OPTIMIZATION CONVERGED    ····
·····································


                         FINAL STRUCTURE:
Number  Element          X               Y               Z       
····································································
1           C            -0.765275        0.009060        0.062448
2           C             0.765276        0.003440        0.025052
3           H            -1.115305        0.718751        0.841056
4           H            -1.159946        0.322944       -0.926553
5           H            -1.134873       -1.010425        0.300069
6           H             1.159947       -0.310436        1.014055
7           H             1.134872        1.022922       -0.212576
8           H             1.115304       -0.706257       -0.753552
&& FINAL ENERGY:  -0.18518368 Kcal/mol
