=============================================
   OPTIMIZATION IN INTERNAL COORDINATES     
   Program by Cristina Sobrino Fernández    
=============================================

Input structure (Å):

Number  Element          X               Y               Z       
····································································
1           C               0.0500         -0.0300         -0.3903
2           C              -0.5645          1.3973          0.1301
3           C               1.4742         -0.2109          0.0901
4           C              -0.9297         -1.1365          0.1501
5           H               0.0500          0.0100         -1.4671
6           H              -0.5657          1.4207          1.2439
7           H               0.1122          2.1871         -0.2769
8           H              -1.5626          1.5447         -0.2419
9           H               1.4510         -0.2392          1.2840
10          H               2.0582          0.5372         -0.2568
11          H               1.8508         -1.1434         -0.2169
12          H              -0.9154         -1.1616          1.2139
13          H              -0.4955         -2.0620         -0.2369
14          H              -1.8730         -1.0436         -0.2169

                      
::::::::::::::::::::::::::::::::::::::::::::::::::::
:::           Optimization cycle number 1        :::
::::::::::::::::::::::::::::::::::::::::::::::::::::
                 
Potential energy     17.81328636 Kcal/mol

Gradient in terms of the internal coordinates:
60.994217   -14.409716   21.338110   -23.117639   2.403027   4.514444   -24.552498   58.665354   -70.009386   -41.236540   -32.556920   -12.203532   -65.770478   2.291776   -5.529506   0.241819   -0.688977   -4.434763   1.298498   3.169873   -1.996250   -2.579109   -0.515087   1.405939   1.695715   -0.494355   -6.786034   3.014788   2.078585   0.214712   1.420438   2.364771   -1.270849   0.537558   1.943880   0.609506   1.205253   -0.537872   -0.954055   -1.197422   1.138896   0.722713   0.479346   0.472272   0.056089   -0.187278   -0.199904   -1.148915   -2.427063   3.152969   2.203958   0.925809   0.212255   -0.736756   -2.014904   -2.409401   -0.800195   0.358027   -1.420818   0.188388   1.346610   -0.371952   1.237254   2.395476   

Predicted update step s_k in internal coordinates:
-0.1017   0.0240   -0.0356   0.0385   -0.0040   -0.0075   0.0409   -0.0978   0.1167   0.0687   0.0543   0.0203   0.1096   -0.0153   0.0369   -0.0016   0.0046   0.0296   -0.0087   -0.0211   0.0133   0.0172   0.0034   -0.0094   -0.0113   0.0033   0.0452   -0.0201   -0.0139   -0.0014   -0.0095   -0.0158   0.0085   -0.0036   -0.0130   -0.0041   -0.0080   0.0067   0.0119   0.0150   -0.0142   -0.0090   -0.0060   -0.0059   -0.0007   0.0023   0.0025   0.0144   0.0303   -0.0394   -0.0275   -0.0116   -0.0027   0.0092   0.0252   0.0301   0.0100   -0.0045   0.0178   -0.0024   -0.0168   0.0046   -0.0155   -0.0299   
Predicted step is too long

Scaled update step in internal coordinates:
-0.0600   0.0142   -0.0210   0.0227   -0.0024   -0.0044   0.0241   -0.0577   0.0688   0.0405   0.0320   0.0120   0.0647   -0.0090   0.0217   -0.0010   0.0027   0.0174   -0.0051   -0.0125   0.0078   0.0101   0.0020   -0.0055   -0.0067   0.0019   0.0267   -0.0119   -0.0082   -0.0008   -0.0056   -0.0093   0.0050   -0.0021   -0.0076   -0.0024   -0.0047   0.0040   0.0070   0.0088   -0.0084   -0.0053   -0.0035   -0.0035   -0.0004   0.0014   0.0015   0.0085   0.0179   -0.0232   -0.0162   -0.0068   -0.0016   0.0054   0.0149   0.0178   0.0059   -0.0026   0.0105   -0.0014   -0.0099   0.0027   -0.0091   -0.0177   Maximum step is:   0.033908

  
·.·.·.·.·.·.·.·.·.·.·.·.·.·.·.·.
·.·.·. Cartesian fitting  ·.·.·.
·.·.·.·.·.·.·.·.·.·.·.·.·.·.·.·.
  
Iteration number 1
----------------
Current set of internals coordinates
1.5788   1.5281   1.5526   1.1003   1.1117   1.1124   1.0995   1.1368   1.0793   1.0920   1.0962   1.1051   1.0811   1.9246   1.8722   1.8607   1.9161   1.8652   1.9311   1.9578   1.9061   1.8884   1.9248   1.9237   1.9399   1.9307   1.8280   1.9578   1.9209   1.9181   1.9119   1.9412   1.8607   1.9238   1.9005   1.9499   1.8918   -1.0537   1.0291   3.1094   1.0829   -3.1174   -1.0371   -3.1209   -1.0380   1.0423   1.0902   -1.0366   3.1185   -0.9953   -3.1220   1.0330   3.1292   1.0025   -1.1257   -1.1132   3.1250   1.0767   1.0026   -1.0424   -3.0906   -3.1409   1.0973   -0.9510     

                             Value    Threshold    Converged?
Max change in x:           0.00078     1e-05      No     


Iteration number 2
----------------
Current set of internals coordinates
1.5788   1.5281   1.5526   1.1003   1.1117   1.1124   1.0995   1.1368   1.0793   1.0920   1.0962   1.1051   1.0811   1.9245   1.8722   1.8607   1.9161   1.8652   1.9311   1.9578   1.9061   1.8884   1.9248   1.9237   1.9399   1.9307   1.8280   1.9578   1.9209   1.9181   1.9119   1.9412   1.8607   1.9238   1.9005   1.9498   1.8918   -1.0538   1.0291   3.1094   1.0829   -3.1174   -1.0371   -3.1209   -1.0380   1.0423   1.0902   -1.0366   3.1185   -0.9953   -3.1220   1.0331   3.1292   1.0025   -1.1257   -1.1132   3.1250   1.0767   1.0026   -1.0424   -3.0906   -3.1409   1.0972   -0.9510     

                             Value    Threshold    Converged?
Max change in x:           0.00002     1e-05      No     


Iteration number 3
----------------
Current set of internals coordinates
1.5788   1.5281   1.5526   1.1003   1.1117   1.1124   1.0995   1.1368   1.0793   1.0920   1.0962   1.1051   1.0811   1.9245   1.8722   1.8607   1.9161   1.8652   1.9311   1.9578   1.9061   1.8884   1.9248   1.9237   1.9399   1.9307   1.8280   1.9578   1.9209   1.9181   1.9119   1.9412   1.8607   1.9238   1.9005   1.9498   1.8918   -1.0538   1.0291   3.1094   1.0829   -3.1174   -1.0371   -3.1209   -1.0380   1.0423   1.0902   -1.0366   3.1185   -0.9953   -3.1220   1.0331   3.1292   1.0025   -1.1257   -1.1132   3.1250   1.0767   1.0026   -1.0424   -3.0906   -3.1409   1.0972   -0.9510     

                             Value    Threshold    Converged?
 Max change in x:                0.00000     1e-05    YES   


Cartesian fitting is converged. The new set of cartesian coordinates is:
Number  Element          X               Y               Z       
····································································
1           C               0.0298         -0.0157         -0.3758
2           C              -0.5451          1.3667          0.1254
3           C               1.4640         -0.2025          0.1172
4           C              -0.9194         -1.1269          0.1485
5           H               0.0270          0.0226         -1.4754
6           H              -0.5457          1.3933          1.2367
7           H               0.1251          2.1592         -0.2749
8           H              -1.5656          1.5222         -0.2532
9           H               1.4485         -0.2264          1.2536
10          H               2.0922          0.5955         -0.2483
11          H               1.8528         -1.1690         -0.2101
12          H              -0.9105         -1.1570          1.2442
13          H              -0.4905         -2.0688         -0.2387
14          H              -1.9227         -1.0236         -0.2407

New set of internals
1.578824   1.528053   1.552614   1.100268   1.111684   1.112413   1.099457   1.136790   1.079292   1.092028   1.096197   1.105088   1.081087   1.924535   1.872185   1.860664   1.916132   1.865205   1.931054   1.957799   1.906090   1.888376   1.924842   1.923697   1.939945   1.930746   1.828043   1.957758   1.920925   1.918064   1.911859   1.941219   1.860688   1.923791   1.900459   1.949842   1.891806   -1.053758   1.029145   3.109425   1.082857   -3.117426   -1.037146   -3.120856   -1.037953   1.042327   1.090165   -1.036591   3.118480   -0.995257   -3.122013   1.033059   3.129218   1.002462   -1.125652   -1.113161   3.124983   1.076737   1.002640   -1.042402   -3.090648   -3.140896   1.097248   -0.950998   
Predicted max step is          0.0339

Gradient in terms of the internal coordinates:
24.040733   -6.443617   8.334452   -7.142301   0.596237   1.303947   -7.738930   18.176368   -21.829452   -12.855454   -10.224914   -3.815657   -20.543079   0.999139   -3.372589   -0.083185   -0.701134   -3.349941   0.909513   2.026340   -0.946666   -2.099015   -0.291895   1.041967   1.266393   -0.319549   -4.977667   2.249384   1.615920   0.332518   1.132851   1.827132   -1.030517   0.508048   1.317619   0.666300   0.739960   -0.212542   -0.618001   -0.758117   0.730050   0.324591   0.184475   0.428015   0.022556   -0.117560   0.135212   -0.593016   -1.730272   2.391157   1.662928   0.525672   0.052540   -0.675688   -1.812945   -1.723194   -0.337285   0.600805   -1.489411   -0.103502   0.834589   -0.333605   1.052304   1.990395   

&& Energy after cycle 1 : 3.15804773 Kcal/mol

                 Value    Threshold    Converged?
GRMS:           14.2680     0.001      No     

                      
::::::::::::::::::::::::::::::::::::::::::::::::::::
:::           Optimization cycle number 2        :::
::::::::::::::::::::::::::::::::::::::::::::::::::::
                 
Potential energy      3.15804773 Kcal/mol

Gradient in terms of the internal coordinates:
24.040733   -6.443617   8.334452   -7.142301   0.596237   1.303947   -7.738930   18.176368   -21.829452   -12.855454   -10.224914   -3.815657   -20.543079   0.999139   -3.372589   -0.083185   -0.701134   -3.349941   0.909513   2.026340   -0.946666   -2.099015   -0.291895   1.041967   1.266393   -0.319549   -4.977667   2.249384   1.615920   0.332518   1.132851   1.827132   -1.030517   0.508048   1.317619   0.666300   0.739960   -0.212542   -0.618001   -0.758117   0.730050   0.324591   0.184475   0.428015   0.022556   -0.117560   0.135212   -0.593016   -1.730272   2.391157   1.662928   0.525672   0.052540   -0.675688   -1.812945   -1.723194   -0.337285   0.600805   -1.489411   -0.103502   0.834589   -0.333605   1.052304   1.990395   

Predicted update step s_k in internal coordinates:
-0.0412   0.0117   -0.0142   0.0106   -0.0007   -0.0018   0.0116   -0.0270   0.0326   0.0192   0.0153   0.0057   0.0307   -0.0079   0.0307   0.0022   0.0061   0.0286   -0.0077   -0.0188   0.0071   0.0185   0.0014   -0.0085   -0.0121   0.0019   0.0430   -0.0197   -0.0134   -0.0036   -0.0095   -0.0163   0.0108   -0.0055   -0.0095   -0.0080   -0.0049   0.0017   0.0081   0.0100   -0.0100   -0.0036   -0.0017   -0.0064   0.0001   0.0020   -0.0042   0.0067   0.0244   -0.0351   -0.0242   -0.0064   0.0000   0.0109   0.0286   0.0250   0.0035   -0.0109   0.0249   0.0033   -0.0110   0.0049   -0.0167   -0.0311   Maximum step is:   0.016871

  
·.·.·.·.·.·.·.·.·.·.·.·.·.·.·.·.
·.·.·. Cartesian fitting  ·.·.·.
·.·.·.·.·.·.·.·.·.·.·.·.·.·.·.·.
  
Iteration number 1
----------------
Current set of internals coordinates
1.5376   1.5397   1.5384   1.1109   1.1110   1.1106   1.1111   1.1098   1.1119   1.1112   1.1115   1.1108   1.1118   1.9176   1.9081   1.8656   1.9221   1.8944   1.9228   1.9353   1.9118   1.9082   1.9242   1.9158   1.9242   1.9312   1.8738   1.9363   1.9084   1.9133   1.9026   1.9235   1.8757   1.9158   1.8942   1.9371   1.8892   -1.0531   1.0355   3.1175   1.0745   -3.1201   -1.0381   -3.1261   -1.0375   1.0445   1.0855   -1.0316   3.1390   -1.0258   3.1402   1.0277   3.1299   1.0127   -1.0998   -1.0913   3.1277   1.0667   1.0256   -1.0386   -3.0996   -3.1373   1.0817   -0.9794     

                             Value    Threshold    Converged?
Max change in x:           0.00081     1e-05      No     


Iteration number 2
----------------
Current set of internals coordinates
1.5376   1.5397   1.5384   1.1109   1.1110   1.1106   1.1111   1.1098   1.1119   1.1112   1.1115   1.1108   1.1118   1.9176   1.9082   1.8656   1.9221   1.8944   1.9228   1.9353   1.9118   1.9082   1.9242   1.9159   1.9242   1.9312   1.8737   1.9363   1.9084   1.9133   1.9026   1.9235   1.8757   1.9158   1.8942   1.9370   1.8892   -1.0531   1.0355   3.1175   1.0744   -3.1201   -1.0381   -3.1261   -1.0375   1.0445   1.0855   -1.0316   3.1390   -1.0258   3.1402   1.0277   3.1298   1.0127   -1.0998   -1.0913   3.1277   1.0667   1.0256   -1.0386   -3.0996   -3.1373   1.0817   -0.9794     

                             Value    Threshold    Converged?
Max change in x:           0.00001     1e-05      No     


Iteration number 3
----------------
Current set of internals coordinates
1.5376   1.5397   1.5384   1.1109   1.1110   1.1106   1.1111   1.1098   1.1119   1.1112   1.1115   1.1108   1.1118   1.9176   1.9082   1.8656   1.9221   1.8944   1.9228   1.9353   1.9118   1.9082   1.9242   1.9159   1.9242   1.9312   1.8737   1.9363   1.9084   1.9133   1.9026   1.9235   1.8757   1.9158   1.8942   1.9370   1.8892   -1.0531   1.0355   3.1175   1.0744   -3.1201   -1.0381   -3.1261   -1.0375   1.0445   1.0855   -1.0316   3.1390   -1.0258   3.1402   1.0277   3.1298   1.0127   -1.0998   -1.0913   3.1277   1.0667   1.0256   -1.0386   -3.0996   -3.1373   1.0817   -0.9794     

                             Value    Threshold    Converged?
 Max change in x:                0.00000     1e-05    YES   


Cartesian fitting is converged. The new set of cartesian coordinates is:
Number  Element          X               Y               Z       
····································································
1           C               0.0116         -0.0021         -0.3658
2           C              -0.5301          1.3526          0.1195
3           C               1.4538         -0.1992          0.1362
4           C              -0.9047         -1.1285          0.1425
5           H               0.0055          0.0269         -1.4762
6           H              -0.5322          1.3879          1.2299
7           H               0.1275          2.1569         -0.2729
8           H              -1.5620          1.5110         -0.2608
9           H               1.4576         -0.2155          1.2459
10          H               2.1067          0.6192         -0.2381
11          H               1.8427         -1.1798         -0.2132
12          H              -0.9070         -1.1608          1.2535
13          H              -0.4929         -2.0876         -0.2376
14          H              -1.9365         -1.0110         -0.2545

New set of internals
1.537640   1.539732   1.538400   1.110852   1.110957   1.110578   1.111088   1.109802   1.111852   1.111200   1.111526   1.110790   1.111766   1.917620   1.908154   1.865560   1.922057   1.894364   1.922822   1.935283   1.911754   1.908202   1.924167   1.915851   1.924198   1.931226   1.873742   1.936288   1.908420   1.913283   1.902626   1.923493   1.875722   1.915784   1.894189   1.937049   1.889233   -1.053148   1.035471   3.117480   1.074434   -3.120133   -1.038124   -3.126105   -1.037486   1.044523   1.085536   -1.031620   3.139047   -1.025797   3.140233   1.027714   3.129847   1.012691   -1.099827   -1.091312   3.127688   1.066656   1.025602   -1.038583   -3.099615   -3.137335   1.081665   -0.979367   
Predicted max step is          0.0169

Gradient in terms of the internal coordinates:
-1.067477   0.252436   -0.355960   0.282280   0.009406   -0.025316   0.365575   -0.780499   0.944961   0.526989   0.463796   0.178927   0.905308   -0.069673   -0.725006   -0.521529   -0.336164   -1.403648   0.390341   0.422296   0.165897   -0.941742   -0.001790   0.348220   0.691056   0.005318   -2.162915   1.031150   0.626092   0.263050   0.458063   0.851833   -0.698735   0.423550   0.301569   0.619083   0.097786   0.173744   -0.122597   -0.189350   0.186013   -0.110328   -0.177081   0.315489   0.019148   -0.047605   0.503888   0.055677   -0.695293   1.183359   0.735148   -0.015822   -0.071911   -0.520122   -1.271093   -0.897031   0.025628   0.630632   -1.190997   -0.268337   0.336667   -0.235252   0.687407   1.292411   

&& Energy after cycle 2 : 0.61863208 Kcal/mol

                 Value    Threshold    Converged?
GRMS:            2.5597     0.001      No     

                      
::::::::::::::::::::::::::::::::::::::::::::::::::::
:::           Optimization cycle number 3        :::
::::::::::::::::::::::::::::::::::::::::::::::::::::
                 
Potential energy      0.61863208 Kcal/mol

Gradient in terms of the internal coordinates:
-1.067477   0.252436   -0.355960   0.282280   0.009406   -0.025316   0.365575   -0.780499   0.944961   0.526989   0.463796   0.178927   0.905308   -0.069673   -0.725006   -0.521529   -0.336164   -1.403648   0.390341   0.422296   0.165897   -0.941742   -0.001790   0.348220   0.691056   0.005318   -2.162915   1.031150   0.626092   0.263050   0.458063   0.851833   -0.698735   0.423550   0.301569   0.619083   0.097786   0.173744   -0.122597   -0.189350   0.186013   -0.110328   -0.177081   0.315489   0.019148   -0.047605   0.503888   0.055677   -0.695293   1.183359   0.735148   -0.015822   -0.071911   -0.520122   -1.271093   -0.897031   0.025628   0.630632   -1.190997   -0.268337   0.336667   -0.235252   0.687407   1.292411   

Predicted update step s_k in internal coordinates:
-0.0011   0.0003   -0.0004   0.0004   -0.0001   -0.0001   0.0003   -0.0009   0.0010   0.0007   0.0004   0.0002   0.0009   0.0001   0.0078   0.0042   0.0027   0.0118   -0.0033   -0.0047   -0.0009   0.0080   -0.0002   -0.0029   -0.0062   -0.0001   0.0184   -0.0088   -0.0052   -0.0022   -0.0038   -0.0073   0.0062   -0.0037   -0.0023   -0.0055   -0.0007   -0.0024   0.0019   0.0029   -0.0029   0.0014   0.0024   -0.0045   -0.0002   0.0008   -0.0071   -0.0006   0.0103   -0.0174   -0.0109   -0.0000   0.0010   0.0075   0.0184   0.0131   -0.0002   -0.0090   0.0172   0.0038   -0.0049   0.0033   -0.0101   -0.0188   Maximum step is:   0.006913

  
·.·.·.·.·.·.·.·.·.·.·.·.·.·.·.·.
·.·.·. Cartesian fitting  ·.·.·.
·.·.·.·.·.·.·.·.·.·.·.·.·.·.·.·.
  
Iteration number 1
----------------
Current set of internals coordinates
1.5366   1.5401   1.5380   1.1112   1.1109   1.1105   1.1114   1.1089   1.1129   1.1119   1.1120   1.1109   1.1127   1.9189   1.9179   1.8722   1.9247   1.9066   1.9191   1.9292   1.9093   1.9171   1.9225   1.9134   1.9154   1.9302   1.8941   1.9263   1.9039   1.9102   1.8990   1.9152   1.8849   1.9103   1.8941   1.9280   1.8901   -1.0553   1.0370   3.1199   1.0719   -3.1189   -1.0361   -3.1299   -1.0376   1.0453   1.0794   -1.0321   -3.1353   -1.0411   3.1306   1.0274   3.1311   1.0196   -1.0836   -1.0801   3.1272   1.0586   1.0409   -1.0349   -3.1035   -3.1349   1.0725   -0.9961     

                             Value    Threshold    Converged?
Max change in x:           0.00012     1e-05      No     


Iteration number 2
----------------
Current set of internals coordinates
1.5366   1.5401   1.5380   1.1112   1.1109   1.1105   1.1114   1.1089   1.1129   1.1119   1.1120   1.1109   1.1127   1.9189   1.9179   1.8722   1.9247   1.9066   1.9191   1.9292   1.9093   1.9171   1.9225   1.9134   1.9154   1.9302   1.8941   1.9263   1.9039   1.9102   1.8990   1.9152   1.8849   1.9103   1.8941   1.9280   1.8901   -1.0553   1.0370   3.1199   1.0719   -3.1189   -1.0361   -3.1299   -1.0376   1.0453   1.0794   -1.0321   -3.1353   -1.0411   3.1306   1.0274   3.1311   1.0196   -1.0836   -1.0801   3.1272   1.0586   1.0409   -1.0349   -3.1035   -3.1349   1.0725   -0.9961     

                             Value    Threshold    Converged?
 Max change in x:                0.00000     1e-05    YES   


Cartesian fitting is converged. The new set of cartesian coordinates is:
Number  Element          X               Y               Z       
····································································
1           C               0.0103          0.0002         -0.3635
2           C              -0.5286          1.3557          0.1196
3           C               1.4522         -0.2011          0.1387
4           C              -0.8993         -1.1336          0.1392
5           H               0.0059          0.0204         -1.4745
6           H              -0.5343          1.3941          1.2298
7           H               0.1221          2.1675         -0.2685
8           H              -1.5610          1.5111         -0.2614
9           H               1.4667         -0.2116          1.2475
10          H               2.1070          0.6162         -0.2379
11          H               1.8391         -1.1802         -0.2191
12          H              -0.9107         -1.1622          1.2507
13          H              -0.4982         -2.0998         -0.2347
14          H              -1.9312         -1.0069         -0.2574

New set of internals
1.536575   1.540075   1.538005   1.111238   1.110865   1.110460   1.111399   1.108930   1.112885   1.111861   1.111971   1.110946   1.112709   1.918947   1.917888   1.872213   1.924671   1.906625   1.919132   1.929233   1.909287   1.917087   1.922549   1.913424   1.915398   1.930193   1.894061   1.926277   1.903948   1.910188   1.898997   1.915192   1.884861   1.910321   1.894122   1.927989   1.890117   -1.055299   1.037019   3.119885   1.071923   -3.118944   -1.036078   -3.129907   -1.037589   1.045277   1.079397   -1.032146   -3.135301   -1.041058   3.130584   1.027429   3.131104   1.019561   -1.083594   -1.080142   3.127236   1.058604   1.040939   -1.034869   -3.103501   -3.134860   1.072517   -0.996115   
Predicted max step is          0.0069

Gradient in terms of the internal coordinates:
-1.489850   0.599975   -0.484506   0.560047   -0.028190   -0.077759   0.599306   -1.375756   1.668581   0.969591   0.781749   0.299733   1.561337   -0.137049   -0.130986   -0.524152   -0.088322   -0.542865   0.183272   0.015867   0.307003   -0.377797   0.099716   0.073604   0.459084   0.109831   -0.972075   0.493525   0.166288   0.147693   0.135791   0.396571   -0.509490   0.308885   -0.070505   0.496443   -0.100132   0.201420   0.011586   -0.044113   0.046440   -0.143394   -0.199093   0.216163   0.026329   -0.029369   0.456519   0.143087   -0.348871   0.700907   0.387475   -0.104483   -0.078503   -0.391935   -0.883893   -0.582567   0.035987   0.457687   -0.830454   -0.211901   0.209799   -0.139901   0.478652   0.900353   

&& Energy after cycle 3 : 0.42427067 Kcal/mol

                 Value    Threshold    Converged?
GRMS:            1.5781     0.001      No     

                      
::::::::::::::::::::::::::::::::::::::::::::::::::::
:::           Optimization cycle number 4        :::
::::::::::::::::::::::::::::::::::::::::::::::::::::
                 
Potential energy      0.42427067 Kcal/mol

Gradient in terms of the internal coordinates:
-1.489850   0.599975   -0.484506   0.560047   -0.028190   -0.077759   0.599306   -1.375756   1.668581   0.969591   0.781749   0.299733   1.561337   -0.137049   -0.130986   -0.524152   -0.088322   -0.542865   0.183272   0.015867   0.307003   -0.377797   0.099716   0.073604   0.459084   0.109831   -0.972075   0.493525   0.166288   0.147693   0.135791   0.396571   -0.509490   0.308885   -0.070505   0.496443   -0.100132   0.201420   0.011586   -0.044113   0.046440   -0.143394   -0.199093   0.216163   0.026329   -0.029369   0.456519   0.143087   -0.348871   0.700907   0.387475   -0.104483   -0.078503   -0.391935   -0.883893   -0.582567   0.035987   0.457687   -0.830454   -0.211901   0.209799   -0.139901   0.478652   0.900353   

Predicted update step s_k in internal coordinates:
0.0013   -0.0011   0.0003   -0.0006   -0.0001   -0.0000   -0.0007   0.0014   -0.0018   -0.0010   -0.0009   -0.0004   -0.0017   0.0034   0.0091   0.0128   0.0022   0.0137   -0.0047   -0.0049   -0.0067   0.0102   -0.0037   -0.0016   -0.0133   -0.0030   0.0250   -0.0128   -0.0036   -0.0043   -0.0033   -0.0104   0.0144   -0.0087   0.0033   -0.0148   0.0034   -0.0057   0.0002   0.0019   -0.0021   0.0038   0.0055   -0.0066   -0.0006   0.0011   -0.0133   -0.0036   0.0118   -0.0230   -0.0133   0.0020   0.0028   0.0125   0.0278   0.0183   -0.0011   -0.0142   0.0262   0.0068   -0.0063   0.0038   -0.0156   -0.0287   Maximum step is:   0.010331

  
·.·.·.·.·.·.·.·.·.·.·.·.·.·.·.·.
·.·.·. Cartesian fitting  ·.·.·.
·.·.·.·.·.·.·.·.·.·.·.·.·.·.·.·.
  
Iteration number 1
----------------
Current set of internals coordinates
1.5379   1.5389   1.5383   1.1106   1.1108   1.1105   1.1107   1.1104   1.1111   1.1109   1.1111   1.1106   1.1110   1.9229   1.9267   1.8864   1.9268   1.9204   1.9144   1.9245   1.9015   1.9275   1.9184   1.9119   1.9010   1.9268   1.9197   1.9130   1.9005   1.9056   1.8958   1.9043   1.9002   1.9011   1.8981   1.9118   1.8942   -1.0604   1.0377   3.1222   1.0694   -3.1157   -1.0312   -3.1363   -1.0382   1.0463   1.0671   -1.0350   -3.1233   -1.0640   3.1171   1.0289   3.1338   1.0317   -1.0566   -1.0625   3.1260   1.0448   1.0663   -1.0284   -3.1096   -3.1311   1.0574   -1.0238     

                             Value    Threshold    Converged?
Max change in x:           0.00020     1e-05      No     


Iteration number 2
----------------
Current set of internals coordinates
1.5379   1.5389   1.5383   1.1106   1.1108   1.1105   1.1107   1.1104   1.1111   1.1109   1.1111   1.1106   1.1110   1.9229   1.9267   1.8864   1.9268   1.9204   1.9144   1.9245   1.9015   1.9275   1.9184   1.9119   1.9010   1.9268   1.9197   1.9130   1.9005   1.9056   1.8958   1.9043   1.9002   1.9011   1.8981   1.9118   1.8942   -1.0604   1.0377   3.1222   1.0694   -3.1157   -1.0312   -3.1363   -1.0382   1.0463   1.0671   -1.0350   -3.1233   -1.0640   3.1171   1.0289   3.1338   1.0317   -1.0566   -1.0626   3.1260   1.0448   1.0663   -1.0284   -3.1096   -3.1311   1.0574   -1.0238     

                             Value    Threshold    Converged?
 Max change in x:                0.00000     1e-05    YES   


Cartesian fitting is converged. The new set of cartesian coordinates is:
Number  Element          X               Y               Z       
····································································
1           C               0.0111          0.0023         -0.3601
2           C              -0.5280          1.3597          0.1214
3           C               1.4518         -0.2042          0.1400
4           C              -0.8934         -1.1396          0.1341
5           H               0.0120          0.0060         -1.4707
6           H              -0.5403          1.3996          1.2314
7           H               0.1139          2.1812         -0.2608
8           H              -1.5602          1.5091         -0.2606
9           H               1.4807         -0.2040          1.2500
10          H               2.1051          0.6097         -0.2410
11          H               1.8374         -1.1784         -0.2292
12          H              -0.9205         -1.1591          1.2447
13          H              -0.5072         -2.1149         -0.2306
14          H              -1.9223         -0.9976         -0.2602

New set of internals
1.537871   1.538931   1.538322   1.110616   1.110814   1.110459   1.110705   1.110367   1.111078   1.110861   1.111105   1.110592   1.111030   1.922930   1.926709   1.886428   1.926782   1.920417   1.914370   1.924533   1.901528   1.927547   1.918384   1.911942   1.900990   1.926762   1.919705   1.913002   1.900494   1.905586   1.895797   1.904345   1.900199   1.901104   1.898066   1.911755   1.894173   -1.060404   1.037716   3.122216   1.069373   -3.115692   -1.031192   -3.136342   -1.038221   1.046279   1.067089   -1.035001   -3.123269   -1.063975   3.117120   1.028852   3.133781   1.031691   -1.056577   -1.062551   3.125999   1.044778   1.066280   -1.028355   -3.109576   -3.131149   1.057401   -1.023820   
Predicted max step is          0.0103

Gradient in terms of the internal coordinates:
-0.471259   0.142467   -0.189432   0.125767   -0.026041   -0.033376   0.133216   -0.339337   0.403375   0.244971   0.181608   0.068791   0.371750   -0.088430   0.224786   -0.276447   0.143218   0.402320   -0.079359   -0.194728   0.228019   0.249823   0.150558   -0.202311   0.109027   0.099138   0.439339   -0.203596   -0.295689   0.003315   -0.182894   -0.136808   -0.155740   0.090335   -0.366365   0.231954   -0.205524   0.105524   0.087851   0.061672   -0.048780   -0.066454   -0.092632   0.046295   0.028621   0.002443   0.183224   0.096576   0.018272   0.089257   0.002609   -0.075695   -0.067815   -0.154462   -0.232767   -0.100112   0.010818   0.119745   -0.191600   -0.080670   0.028257   0.037664   0.148594   0.257521   

&& Energy after cycle 4 : 0.29240685 Kcal/mol

                 Value    Threshold    Converged?
GRMS:            0.5207     0.001      No     

                      
::::::::::::::::::::::::::::::::::::::::::::::::::::
:::           Optimization cycle number 5        :::
::::::::::::::::::::::::::::::::::::::::::::::::::::
                 
Potential energy      0.29240685 Kcal/mol

Gradient in terms of the internal coordinates:
-0.471259   0.142467   -0.189432   0.125767   -0.026041   -0.033376   0.133216   -0.339337   0.403375   0.244971   0.181608   0.068791   0.371750   -0.088430   0.224786   -0.276447   0.143218   0.402320   -0.079359   -0.194728   0.228019   0.249823   0.150558   -0.202311   0.109027   0.099138   0.439339   -0.203596   -0.295689   0.003315   -0.182894   -0.136808   -0.155740   0.090335   -0.366365   0.231954   -0.205524   0.105524   0.087851   0.061672   -0.048780   -0.066454   -0.092632   0.046295   0.028621   0.002443   0.183224   0.096576   0.018272   0.089257   0.002609   -0.075695   -0.067815   -0.154462   -0.232767   -0.100112   0.010818   0.119745   -0.191600   -0.080670   0.028257   0.037664   0.148594   0.257521   

Predicted update step s_k in internal coordinates:
0.0008   -0.0003   0.0003   -0.0002   0.0000   0.0000   -0.0002   0.0005   -0.0006   -0.0003   -0.0003   -0.0001   -0.0005   0.0011   -0.0006   0.0035   -0.0007   -0.0012   0.0000   0.0008   -0.0024   -0.0006   -0.0015   0.0012   -0.0024   -0.0010   -0.0002   -0.0001   0.0016   -0.0005   0.0009   -0.0003   0.0028   -0.0016   0.0030   -0.0034   0.0019   -0.0018   -0.0009   -0.0004   0.0002   0.0011   0.0016   -0.0013   -0.0005   0.0001   -0.0035   -0.0014   0.0012   -0.0038   -0.0017   0.0010   0.0012   0.0033   0.0059   0.0032   -0.0002   -0.0030   0.0052   0.0017   -0.0011   -0.0001   -0.0036   -0.0063   Maximum step is:   0.002048

  
·.·.·.·.·.·.·.·.·.·.·.·.·.·.·.·.
·.·.·. Cartesian fitting  ·.·.·.
·.·.·.·.·.·.·.·.·.·.·.·.·.·.·.·.
  
Iteration number 1
----------------
Current set of internals coordinates
1.5386   1.5387   1.5386   1.1104   1.1108   1.1105   1.1105   1.1108   1.1105   1.1105   1.1108   1.1105   1.1105   1.9243   1.9261   1.8907   1.9260   1.9192   1.9144   1.9254   1.8986   1.9271   1.9167   1.9133   1.8981   1.9256   1.9198   1.9128   1.9022   1.9049   1.8968   1.9039   1.9034   1.8993   1.9013   1.9078   1.8963   -1.0619   1.0370   3.1220   1.0694   -3.1148   -1.0299   -3.1376   -1.0387   1.0463   1.0640   -1.0361   -3.1219   -1.0677   3.1154   1.0296   3.1349   1.0348   -1.0510   -1.0596   3.1257   1.0419   1.0711   -1.0268   -3.1106   -3.1312   1.0540   -1.0297     

                             Value    Threshold    Converged?
 Max change in x:                0.00001     1e-05    YES   


Cartesian fitting is converged. The new set of cartesian coordinates is:
Number  Element          X               Y               Z       
····································································
1           C               0.0119          0.0024         -0.3594
2           C              -0.5287          1.3599          0.1224
3           C               1.4526         -0.2048          0.1397
4           C              -0.8936         -1.1397          0.1334
5           H               0.0147          0.0019         -1.4699
6           H              -0.5421          1.3984          1.2325
7           H               0.1138          2.1811         -0.2598
8           H              -1.5607          1.5086         -0.2597
9           H               1.4821         -0.2019          1.2501
10          H               2.1042          0.6089         -0.2430
11          H               1.8393         -1.1777         -0.2308
12          H              -0.9239         -1.1565          1.2438
13          H              -0.5074         -2.1149         -0.2313
14          H              -1.9222         -0.9957         -0.2597

New set of internals
1.538632   1.538650   1.538624   1.110445   1.110844   1.110497   1.110510   1.110843   1.110506   1.110518   1.110845   1.110491   1.110503   1.924299   1.926061   1.890664   1.926003   1.919240   1.914374   1.925389   1.898561   1.927084   1.916682   1.913276   1.898107   1.925577   1.919797   1.912803   1.902168   1.904942   1.896758   1.903862   1.903359   1.899269   1.901258   1.907778   1.896296   -1.061927   1.037022   3.121981   1.069411   -3.114826   -1.029866   -3.137612   -1.038664   1.046296   1.064021   -1.036077   -3.121869   -1.067714   3.115374   1.029582   3.134883   1.034786   -1.051007   -1.059607   3.125674   1.041912   1.071088   -1.026816   -3.110578   -3.131233   1.054048   -1.029714   
Predicted max step is          0.0020

Gradient in terms of the internal coordinates:
-0.013942   0.007073   -0.009771   0.003970   -0.002195   -0.001916   -0.000567   -0.001098   0.002658   0.006720   -0.000483   -0.002887   0.000599   -0.042143   0.087697   -0.134458   0.097417   0.306023   -0.069779   -0.071675   0.109266   0.191859   0.090674   -0.132888   0.052139   0.052764   0.364905   -0.178693   -0.203209   -0.007471   -0.129212   -0.117193   -0.064779   0.029325   -0.233524   0.118501   -0.127509   0.042480   0.048367   0.034830   -0.017337   -0.011450   -0.024987   0.015607   0.021494   0.007957   0.063685   0.029130   0.019338   0.029422   -0.005133   -0.014925   -0.058646   -0.093202   -0.102993   -0.017581   0.005165   0.048367   -0.059955   -0.037210   0.005992   0.062825   0.085571   0.128772   

&& Energy after cycle 5 : 0.28078446 Kcal/mol

                 Value    Threshold    Converged?
GRMS:            0.2643     0.001      No     

                      
::::::::::::::::::::::::::::::::::::::::::::::::::::
:::           Optimization cycle number 6        :::
::::::::::::::::::::::::::::::::::::::::::::::::::::
                 
Potential energy      0.28078446 Kcal/mol

Gradient in terms of the internal coordinates:
-0.013942   0.007073   -0.009771   0.003970   -0.002195   -0.001916   -0.000567   -0.001098   0.002658   0.006720   -0.000483   -0.002887   0.000599   -0.042143   0.087697   -0.134458   0.097417   0.306023   -0.069779   -0.071675   0.109266   0.191859   0.090674   -0.132888   0.052139   0.052764   0.364905   -0.178693   -0.203209   -0.007471   -0.129212   -0.117193   -0.064779   0.029325   -0.233524   0.118501   -0.127509   0.042480   0.048367   0.034830   -0.017337   -0.011450   -0.024987   0.015607   0.021494   0.007957   0.063685   0.029130   0.019338   0.029422   -0.005133   -0.014925   -0.058646   -0.093202   -0.102993   -0.017581   0.005165   0.048367   -0.059955   -0.037210   0.005992   0.062825   0.085571   0.128772   

Predicted update step s_k in internal coordinates:
0.0003   -0.0001   0.0001   -0.0001   0.0000   0.0000   -0.0001   0.0001   -0.0002   -0.0001   -0.0001   -0.0000   -0.0002   0.0011   -0.0009   0.0035   -0.0012   -0.0032   0.0006   0.0009   -0.0026   -0.0019   -0.0017   0.0018   -0.0021   -0.0011   -0.0031   0.0015   0.0026   -0.0003   0.0016   0.0007   0.0022   -0.0012   0.0036   -0.0032   0.0022   -0.0012   -0.0009   -0.0005   0.0000   0.0003   0.0007   -0.0009   -0.0006   -0.0002   -0.0021   -0.0006   0.0007   -0.0025   -0.0010   0.0002   0.0016   0.0030   0.0043   0.0016   -0.0003   -0.0021   0.0031   0.0013   -0.0006   -0.0012   -0.0031   -0.0049   Maximum step is:   0.001793

  
·.·.·.·.·.·.·.·.·.·.·.·.·.·.·.·.
·.·.·. Cartesian fitting  ·.·.·.
·.·.·.·.·.·.·.·.·.·.·.·.·.·.·.·.
  
Iteration number 1
----------------
Current set of internals coordinates
1.5389   1.5386   1.5387   1.1104   1.1109   1.1105   1.1105   1.1110   1.1103   1.1104   1.1108   1.1105   1.1103   1.9255   1.9253   1.8944   1.9248   1.9160   1.9150   1.9261   1.8959   1.9252   1.9150   1.9151   1.8959   1.9245   1.9167   1.9143   1.9047   1.9047   1.8984   1.9045   1.9056   1.8981   1.9049   1.9046   1.8986   -1.0631   1.0361   3.1215   1.0695   -3.1145   -1.0291   -3.1385   -1.0392   1.0461   1.0619   -1.0367   -3.1212   -1.0701   3.1144   1.0299   3.1364   1.0378   -1.0467   -1.0581   3.1254   1.0398   1.0741   -1.0256   -3.1112   -3.1324   1.0510   -1.0346     

                             Value    Threshold    Converged?
 Max change in x:                0.00001     1e-05    YES   


Cartesian fitting is converged. The new set of cartesian coordinates is:
Number  Element          X               Y               Z       
····································································
1           C               0.0122          0.0026         -0.3588
2           C              -0.5293          1.3600          0.1233
3           C               1.4530         -0.2053          0.1393
4           C              -0.8943         -1.1393          0.1332
5           H               0.0168         -0.0015         -1.4691
6           H              -0.5434          1.3967          1.2335
7           H               0.1151          2.1792         -0.2598
8           H              -1.5613          1.5088         -0.2588
9           H               1.4815         -0.2005          1.2499
10          H               2.1033          0.6087         -0.2447
11          H               1.8412         -1.1773         -0.2314
12          H              -0.9261         -1.1542          1.2434
13          H              -0.5057         -2.1130         -0.2331
14          H              -1.9232         -0.9950         -0.2584

New set of internals
1.538909   1.538553   1.538741   1.110385   1.110853   1.110510   1.110451   1.110984   1.110331   1.110402   1.110767   1.110469   1.110345   1.925528   1.925276   1.894380   1.924779   1.916017   1.915015   1.926138   1.895857   1.925206   1.915006   1.915116   1.895868   1.924508   1.916749   1.914271   1.904697   1.904667   1.898380   1.904524   1.905572   1.898130   1.904872   1.904597   1.898565   -1.063127   1.036121   3.121485   1.069452   -3.114485   -1.029120   -3.138498   -1.039250   1.046115   1.061941   -1.036718   -3.121216   -1.070130   3.114396   1.029898   3.136412   1.037753   -1.046745   -1.058072   3.125352   1.039770   1.074148   -1.025613   -3.111195   -3.132401   1.051024   -1.034558   
Predicted max step is          0.0018

Gradient in terms of the internal coordinates:
0.130805   -0.058564   0.040268   -0.040442   0.003974   0.006165   -0.040718   0.097980   -0.120363   -0.071991   -0.056272   -0.024424   -0.110714   -0.000389   -0.035439   -0.009373   0.013302   0.063175   -0.018215   0.029635   0.002737   0.038879   0.007628   -0.017687   0.012988   0.001042   0.086625   -0.047837   -0.029605   -0.006350   -0.023277   -0.027820   0.013341   -0.015121   -0.025896   0.000848   -0.015417   -0.002065   0.009949   0.009012   0.011237   0.023250   0.022313   0.000532   0.012546   0.011609   -0.029901   -0.024819   -0.000091   -0.004865   0.000217   0.024946   -0.039883   -0.034801   -0.010072   0.035023   0.011172   0.006334   0.030621   0.006770   0.001932   0.059402   0.035551   0.030713   

&& Energy after cycle 6 : 0.27552735 Kcal/mol

                 Value    Threshold    Converged?
GRMS:            0.0807     0.001      No     

                      
::::::::::::::::::::::::::::::::::::::::::::::::::::
:::           Optimization cycle number 7        :::
::::::::::::::::::::::::::::::::::::::::::::::::::::
                 
Potential energy      0.27552735 Kcal/mol

Gradient in terms of the internal coordinates:
0.130805   -0.058564   0.040268   -0.040442   0.003974   0.006165   -0.040718   0.097980   -0.120363   -0.071991   -0.056272   -0.024424   -0.110714   -0.000389   -0.035439   -0.009373   0.013302   0.063175   -0.018215   0.029635   0.002737   0.038879   0.007628   -0.017687   0.012988   0.001042   0.086625   -0.047837   -0.029605   -0.006350   -0.023277   -0.027820   0.013341   -0.015121   -0.025896   0.000848   -0.015417   -0.002065   0.009949   0.009012   0.011237   0.023250   0.022313   0.000532   0.012546   0.011609   -0.029901   -0.024819   -0.000091   -0.004865   0.000217   0.024946   -0.039883   -0.034801   -0.010072   0.035023   0.011172   0.006334   0.030621   0.006770   0.001932   0.059402   0.035551   0.030713   

Predicted update step s_k in internal coordinates:
-0.0001   0.0001   -0.0000   0.0000   -0.0000   -0.0000   0.0000   -0.0001   0.0001   0.0001   0.0001   0.0000   0.0001   0.0001   0.0001   0.0003   -0.0002   -0.0008   0.0002   -0.0001   -0.0002   -0.0005   -0.0002   0.0003   -0.0002   -0.0001   -0.0011   0.0006   0.0005   0.0001   0.0003   0.0003   -0.0000   0.0001   0.0005   -0.0002   0.0003   -0.0001   -0.0002   -0.0002   -0.0001   -0.0003   -0.0002   -0.0001   -0.0002   -0.0002   0.0003   0.0003   -0.0000   -0.0000   -0.0000   -0.0003   0.0007   0.0007   0.0004   -0.0004   -0.0002   -0.0002   -0.0003   -0.0000   -0.0001   -0.0009   -0.0007   -0.0007   Maximum step is:   0.000340

  
·.·.·.·.·.·.·.·.·.·.·.·.·.·.·.·.
·.·.·. Cartesian fitting  ·.·.·.
·.·.·.·.·.·.·.·.·.·.·.·.·.·.·.·.
  
Iteration number 1
----------------
Current set of internals coordinates
1.5388   1.5386   1.5387   1.1104   1.1109   1.1105   1.1105   1.1109   1.1105   1.1105   1.1108   1.1105   1.1105   1.9257   1.9255   1.8948   1.9246   1.9152   1.9152   1.9260   1.8956   1.9247   1.9149   1.9154   1.8956   1.9244   1.9157   1.9149   1.9051   1.9047   1.8987   1.9049   1.9055   1.8983   1.9053   1.9045   1.8988   -1.0632   1.0359   3.1213   1.0693   -3.1147   -1.0293   -3.1386   -1.0395   1.0459   1.0622   -1.0365   -3.1212   -1.0701   3.1144   1.0297   3.1370   1.0384   -1.0464   -1.0585   3.1251   1.0395   1.0739   -1.0257   -3.1113   -3.1333   1.0504   -1.0353     

                             Value    Threshold    Converged?
 Max change in x:                0.00000     1e-05    YES   


Cartesian fitting is converged. The new set of cartesian coordinates is:
Number  Element          X               Y               Z       
····································································
1           C               0.0120          0.0028         -0.3587
2           C              -0.5294          1.3601          0.1233
3           C               1.4529         -0.2053          0.1393
4           C              -0.8943         -1.1392          0.1332
5           H               0.0168         -0.0018         -1.4691
6           H              -0.5435          1.3966          1.2335
7           H               0.1158          2.1787         -0.2601
8           H              -1.5614          1.5093         -0.2589
9           H               1.4808         -0.2007          1.2498
10          H               2.1032          0.6088         -0.2446
11          H               1.8412         -1.1774         -0.2313
12          H              -0.9257         -1.1544          1.2435
13          H              -0.5048         -2.1123         -0.2338
14          H              -1.9236         -0.9954         -0.2578

New set of internals
1.538770   1.538640   1.538707   1.110427   1.110851   1.110507   1.110491   1.110889   1.110451   1.110473   1.110824   1.110497   1.110454   1.925654   1.925468   1.894787   1.924561   1.915179   1.915247   1.925964   1.895565   1.924667   1.914863   1.915413   1.895605   1.924430   1.915666   1.914855   1.905125   1.904743   1.898715   1.904858   1.905509   1.898253   1.905301   1.904474   1.898845   -1.063234   1.035874   3.121275   1.069340   -3.114738   -1.029336   -3.138570   -1.039463   1.045939   1.062166   -1.036476   -3.121220   -1.070115   3.114428   1.029684   3.137029   1.038386   -1.046358   -1.058492   3.125140   1.039520   1.073899   -1.025654   -3.111275   -3.133269   1.050363   -1.035257   
Predicted max step is          0.0003

Gradient in terms of the internal coordinates:
0.045040   -0.019969   0.014235   -0.011564   0.002386   0.002572   -0.011597   0.030416   -0.036365   -0.022109   -0.016391   -0.007171   -0.033249   0.000913   -0.020216   -0.003620   -0.002331   0.001623   -0.000985   0.014637   0.000607   0.001312   -0.005876   0.002986   0.007824   -0.004051   0.006771   -0.005945   0.005930   -0.004102   -0.000100   -0.002356   0.016655   -0.012846   0.011686   -0.012768   0.004394   0.003205   0.010113   0.010383   0.008695   0.015603   0.015873   0.004132   0.011040   0.011309   -0.026107   -0.020276   -0.002736   -0.011068   -0.005237   0.012303   -0.029610   -0.023779   -0.006238   0.033302   0.017065   0.011166   0.030703   0.014466   0.008567   0.044852   0.028615   0.022716   

&& Energy after cycle 7 : 0.27514174 Kcal/mol

                 Value    Threshold    Converged?
GRMS:            0.0492     0.001      No     

                      
::::::::::::::::::::::::::::::::::::::::::::::::::::
:::           Optimization cycle number 8        :::
::::::::::::::::::::::::::::::::::::::::::::::::::::
                 
Potential energy      0.27514174 Kcal/mol

Gradient in terms of the internal coordinates:
0.045040   -0.019969   0.014235   -0.011564   0.002386   0.002572   -0.011597   0.030416   -0.036365   -0.022109   -0.016391   -0.007171   -0.033249   0.000913   -0.020216   -0.003620   -0.002331   0.001623   -0.000985   0.014637   0.000607   0.001312   -0.005876   0.002986   0.007824   -0.004051   0.006771   -0.005945   0.005930   -0.004102   -0.000100   -0.002356   0.016655   -0.012846   0.011686   -0.012768   0.004394   0.003205   0.010113   0.010383   0.008695   0.015603   0.015873   0.004132   0.011040   0.011309   -0.026107   -0.020276   -0.002736   -0.011068   -0.005237   0.012303   -0.029610   -0.023779   -0.006238   0.033302   0.017065   0.011166   0.030703   0.014466   0.008567   0.044852   0.028615   0.022716   

Predicted update step s_k in internal coordinates:
-0.0001   0.0001   -0.0000   0.0000   -0.0000   -0.0000   0.0000   -0.0001   0.0001   0.0001   0.0000   0.0000   0.0001   0.0001   0.0003   0.0002   -0.0001   -0.0004   0.0001   -0.0002   -0.0002   -0.0003   0.0000   0.0001   -0.0002   0.0000   -0.0006   0.0003   0.0001   0.0001   0.0001   0.0002   -0.0002   0.0002   0.0000   0.0001   0.0001   -0.0001   -0.0003   -0.0003   -0.0002   -0.0003   -0.0003   -0.0001   -0.0003   -0.0003   0.0005   0.0004   0.0000   0.0003   0.0002   -0.0002   0.0008   0.0007   0.0003   -0.0008   -0.0004   -0.0003   -0.0007   -0.0003   -0.0002   -0.0011   -0.0008   -0.0007   Maximum step is:   0.000339

  
·.·.·.·.·.·.·.·.·.·.·.·.·.·.·.·.
·.·.·. Cartesian fitting  ·.·.·.
·.·.·.·.·.·.·.·.·.·.·.·.·.·.·.·.
  
Iteration number 1
----------------
Current set of internals coordinates
1.5386   1.5387   1.5387   1.1105   1.1108   1.1105   1.1105   1.1108   1.1105   1.1105   1.1109   1.1105   1.1105   1.9257   1.9257   1.8950   1.9245   1.9148   1.9154   1.9258   1.8954   1.9244   1.9149   1.9155   1.8954   1.9244   1.9151   1.9152   1.9052   1.9048   1.8989   1.9051   1.9052   1.8985   1.9053   1.9046   1.8989   -1.0634   1.0356   3.1210   1.0692   -3.1151   -1.0297   -3.1387   -1.0397   1.0457   1.0627   -1.0361   -3.1212   -1.0699   3.1146   1.0295   3.1378   1.0390   -1.0461   -1.0593   3.1247   1.0392   1.0733   -1.0260   -3.1115   -3.1344   1.0496   -1.0359     

                             Value    Threshold    Converged?
 Max change in x:                0.00000     1e-05    YES   


Cartesian fitting is converged. The new set of cartesian coordinates is:
Number  Element          X               Y               Z       
····································································
1           C               0.0118          0.0030         -0.3586
2           C              -0.5295          1.3603          0.1232
3           C               1.4528         -0.2053          0.1394
4           C              -0.8943         -1.1392          0.1333
5           H               0.0167         -0.0020         -1.4690
6           H              -0.5436          1.3968          1.2333
7           H               0.1162          2.1784         -0.2602
8           H              -1.5613          1.5097         -0.2592
9           H               1.4804         -0.2010          1.2498
10          H               2.1031          0.6090         -0.2444
11          H               1.8410         -1.1775         -0.2312
12          H              -0.9250         -1.1549          1.2436
13          H              -0.5044         -2.1118         -0.2344
14          H              -1.9239         -0.9957         -0.2572

New set of internals
1.538647   1.538710   1.538674   1.110457   1.110846   1.110502   1.110520   1.110816   1.110542   1.110528   1.110865   1.110517   1.110536   1.925719   1.925740   1.895042   1.924484   1.914777   1.915369   1.925758   1.895383   1.924381   1.914901   1.915509   1.895398   1.924445   1.915075   1.915199   1.905237   1.904844   1.898863   1.905056   1.905230   1.898494   1.905319   1.904634   1.898902   -1.063382   1.035559   3.120972   1.069157   -3.115087   -1.029674   -3.138690   -1.039748   1.045664   1.062672   -1.036059   -3.121180   -1.069857   3.114598   1.029477   3.137772   1.039041   -1.046080   -1.059265   3.124712   1.039173   1.073252   -1.025957   -3.111495   -3.134386   1.049591   -1.035948   
Predicted max step is          0.0003

Gradient in terms of the internal coordinates:
-0.025956   0.012439   -0.007898   0.008935   -0.000628   -0.001274   0.009358   -0.021932   0.026964   0.015768   0.012790   0.005546   0.024828   -0.000124   0.002542   -0.003584   -0.007247   -0.027241   0.007762   -0.005063   0.003508   -0.015286   -0.009732   0.010170   0.002813   -0.003790   -0.032486   0.015829   0.018971   -0.001973   0.010156   0.010015   0.011112   -0.006062   0.023235   -0.013739   0.011303   0.010091   0.011678   0.012163   0.005333   0.006920   0.007405   0.008073   0.009660   0.010146   -0.015518   -0.012096   -0.004922   -0.015239   -0.011817   -0.004643   -0.017821   -0.014399   -0.007225   0.027189   0.021488   0.017858   0.025340   0.019639   0.016009   0.028345   0.022645   0.019015   

&& Energy after cycle 8 : 0.27492920 Kcal/mol

                 Value    Threshold    Converged?
GRMS:            0.0375     0.001      No     

                      
::::::::::::::::::::::::::::::::::::::::::::::::::::
:::           Optimization cycle number 9        :::
::::::::::::::::::::::::::::::::::::::::::::::::::::
                 
Potential energy      0.27492920 Kcal/mol

Gradient in terms of the internal coordinates:
-0.025956   0.012439   -0.007898   0.008935   -0.000628   -0.001274   0.009358   -0.021932   0.026964   0.015768   0.012790   0.005546   0.024828   -0.000124   0.002542   -0.003584   -0.007247   -0.027241   0.007762   -0.005063   0.003508   -0.015286   -0.009732   0.010170   0.002813   -0.003790   -0.032486   0.015829   0.018971   -0.001973   0.010156   0.010015   0.011112   -0.006062   0.023235   -0.013739   0.011303   0.010091   0.011678   0.012163   0.005333   0.006920   0.007405   0.008073   0.009660   0.010146   -0.015518   -0.012096   -0.004922   -0.015239   -0.011817   -0.004643   -0.017821   -0.014399   -0.007225   0.027189   0.021488   0.017858   0.025340   0.019639   0.016009   0.028345   0.022645   0.019015   

Predicted update step s_k in internal coordinates:
-0.0001   0.0000   -0.0000   0.0000   -0.0000   -0.0000   0.0000   -0.0000   0.0001   0.0000   0.0000   0.0000   0.0001   0.0001   0.0003   0.0004   -0.0000   -0.0002   0.0001   -0.0002   -0.0003   -0.0002   0.0001   0.0000   -0.0003   0.0000   -0.0003   0.0002   -0.0000   0.0001   0.0001   0.0001   -0.0004   0.0003   -0.0002   0.0003   -0.0000   -0.0004   -0.0006   -0.0006   -0.0003   -0.0005   -0.0005   -0.0003   -0.0005   -0.0005   0.0008   0.0007   0.0002   0.0005   0.0004   -0.0001   0.0011   0.0010   0.0005   -0.0013   -0.0009   -0.0008   -0.0011   -0.0007   -0.0006   -0.0017   -0.0013   -0.0012   Maximum step is:   0.000529

  
·.·.·.·.·.·.·.·.·.·.·.·.·.·.·.·.
·.·.·. Cartesian fitting  ·.·.·.
·.·.·.·.·.·.·.·.·.·.·.·.·.·.·.·.
  
Iteration number 1
----------------
Current set of internals coordinates
1.5386   1.5388   1.5387   1.1105   1.1108   1.1105   1.1105   1.1108   1.1106   1.1106   1.1109   1.1105   1.1106   1.9258   1.9260   1.8954   1.9245   1.9146   1.9154   1.9256   1.8951   1.9242   1.9150   1.9155   1.8951   1.9245   1.9147   1.9154   1.9052   1.9050   1.8989   1.9052   1.9048   1.8988   1.9051   1.9049   1.8989   -1.0637   1.0350   3.1204   1.0688   -3.1156   -1.0302   -3.1390   -1.0402   1.0452   1.0635   -1.0354   -3.1210   -1.0694   3.1150   1.0294   3.1389   1.0400   -1.0456   -1.0606   3.1238   1.0384   1.0721   -1.0266   -3.1121   -3.1361   1.0483   -1.0371     

                             Value    Threshold    Converged?
 Max change in x:                0.00000     1e-05    YES   


Cartesian fitting is converged. The new set of cartesian coordinates is:
Number  Element          X               Y               Z       
····································································
1           C               0.0117          0.0031         -0.3585
2           C              -0.5296          1.3605          0.1230
3           C               1.4527         -0.2052          0.1394
4           C              -0.8942         -1.1392          0.1335
5           H               0.0166         -0.0024         -1.4689
6           H              -0.5440          1.3970          1.2331
7           H               0.1166          2.1783         -0.2602
8           H              -1.5612          1.5102         -0.2598
9           H               1.4801         -0.2015          1.2498
10          H               2.1031          0.6093         -0.2440
11          H               1.8409         -1.1775         -0.2312
12          H              -0.9240         -1.1557          1.2438
13          H              -0.5044         -2.1115         -0.2352
14          H              -1.9242         -0.9956         -0.2564

New set of internals
1.538560   1.538757   1.538651   1.110475   1.110843   1.110499   1.110537   1.110771   1.110597   1.110563   1.110890   1.110530   1.110586   1.925806   1.926000   1.895397   1.924461   1.914591   1.915429   1.925606   1.895115   1.924200   1.915035   1.915522   1.895108   1.924489   1.914736   1.915424   1.905190   1.904972   1.898934   1.905179   1.904827   1.898813   1.905134   1.904925   1.898865   -1.063740   1.035010   3.120432   1.068841   -3.115594   -1.030172   -3.138989   -1.040239   1.045183   1.063463   -1.035392   -3.120994   -1.069350   3.114980   1.029378   3.138884   1.040029   -1.045573   -1.060554   3.123840   1.038416   1.072145   -1.026647   -3.112070   -3.136086   1.048308   -1.037115   
Predicted max step is          0.0005

Gradient in terms of the internal coordinates:
-0.072225   0.034337   -0.021920   0.021792   -0.002548   -0.003570   0.022073   -0.053862   0.065833   0.039388   0.030664   0.013561   0.060303   -0.000598   0.021384   0.000124   -0.007565   -0.039966   0.011502   -0.019633   0.002990   -0.021990   -0.008983   0.012102   -0.004314   -0.001553   -0.050466   0.026638   0.021103   0.000794   0.014694   0.015904   0.000323   0.003041   0.021796   -0.008253   0.012225   0.014801   0.010739   0.011265   0.004015   -0.000047   0.000480   0.011434   0.007373   0.007899   -0.003869   -0.003989   -0.009638   -0.017235   -0.017354   -0.023003   -0.002249   -0.002369   -0.008018   0.018096   0.024199   0.023858   0.018514   0.024617   0.024276   0.007979   0.014082   0.013741   

&& Energy after cycle 9 : 0.27469283 Kcal/mol

                 Value    Threshold    Converged?
GRMS:            0.0413     0.001      No     

                      
::::::::::::::::::::::::::::::::::::::::::::::::::::
:::           Optimization cycle number 10        :::
::::::::::::::::::::::::::::::::::::::::::::::::::::
                 
Potential energy      0.27469283 Kcal/mol

Gradient in terms of the internal coordinates:
-0.072225   0.034337   -0.021920   0.021792   -0.002548   -0.003570   0.022073   -0.053862   0.065833   0.039388   0.030664   0.013561   0.060303   -0.000598   0.021384   0.000124   -0.007565   -0.039966   0.011502   -0.019633   0.002990   -0.021990   -0.008983   0.012102   -0.004314   -0.001553   -0.050466   0.026638   0.021103   0.000794   0.014694   0.015904   0.000323   0.003041   0.021796   -0.008253   0.012225   0.014801   0.010739   0.011265   0.004015   -0.000047   0.000480   0.011434   0.007373   0.007899   -0.003869   -0.003989   -0.009638   -0.017235   -0.017354   -0.023003   -0.002249   -0.002369   -0.008018   0.018096   0.024199   0.023858   0.018514   0.024617   0.024276   0.007979   0.014082   0.013741   

Predicted update step s_k in internal coordinates:
-0.0000   0.0000   -0.0000   0.0000   -0.0000   -0.0000   -0.0000   -0.0000   0.0000   0.0000   0.0000   0.0000   0.0000   0.0001   0.0002   0.0005   0.0000   0.0001   -0.0000   -0.0001   -0.0004   -0.0001   0.0002   -0.0001   -0.0004   0.0001   -0.0000   0.0001   -0.0002   0.0001   -0.0000   0.0000   -0.0005   0.0004   -0.0004   0.0004   -0.0001   -0.0007   -0.0009   -0.0009   -0.0005   -0.0007   -0.0007   -0.0006   -0.0008   -0.0008   0.0011   0.0010   0.0005   0.0009   0.0008   0.0002   0.0015   0.0014   0.0009   -0.0020   -0.0016   -0.0015   -0.0018   -0.0014   -0.0012   -0.0024   -0.0020   -0.0019   Maximum step is:   0.000833

  
·.·.·.·.·.·.·.·.·.·.·.·.·.·.·.·.
·.·.·. Cartesian fitting  ·.·.·.
·.·.·.·.·.·.·.·.·.·.·.·.·.·.·.·.
  
Iteration number 1
----------------
Current set of internals coordinates
1.5385   1.5388   1.5386   1.1105   1.1108   1.1105   1.1105   1.1108   1.1106   1.1106   1.1109   1.1105   1.1106   1.9259   1.9262   1.8959   1.9245   1.9147   1.9154   1.9256   1.8948   1.9241   1.9153   1.9154   1.8948   1.9245   1.9147   1.9155   1.9050   1.9051   1.8989   1.9052   1.9044   1.8992   1.9048   1.9053   1.8987   -1.0644   1.0341   3.1196   1.0683   -3.1163   -1.0309   -3.1396   -1.0410   1.0444   1.0646   -1.0344   -3.1205   -1.0685   3.1157   1.0296   3.1404   1.0414   -1.0447   -1.0626   3.1223   1.0370   1.0704   -1.0280   -3.1133   -3.1385   1.0463   -1.0390     

                             Value    Threshold    Converged?
 Max change in x:                0.00000     1e-05    YES   


Cartesian fitting is converged. The new set of cartesian coordinates is:
Number  Element          X               Y               Z       
····································································
1           C               0.0116          0.0032         -0.3584
2           C              -0.5297          1.3606          0.1227
3           C               1.4526         -0.2051          0.1394
4           C              -0.8942         -1.1391          0.1337
5           H               0.0168         -0.0032         -1.4689
6           H              -0.5447          1.3973          1.2328
7           H               0.1169          2.1784         -0.2601
8           H              -1.5610          1.5106         -0.2609
9           H               1.4799         -0.2023          1.2498
10          H               2.1030          0.6098         -0.2433
11          H               1.8409         -1.1772         -0.2314
12          H              -0.9224         -1.1568          1.2441
13          H              -0.5051         -2.1113         -0.2361
14          H              -1.9245         -0.9951         -0.2550

New set of internals
1.538534   1.538764   1.538644   1.110477   1.110841   1.110498   1.110537   1.110766   1.110602   1.110567   1.110891   1.110531   1.110591   1.925918   1.926173   1.895850   1.924482   1.914664   1.915413   1.925572   1.894758   1.924142   1.915257   1.915448   1.894753   1.924546   1.914703   1.915501   1.904989   1.905113   1.898914   1.905206   1.904357   1.899167   1.904773   1.905309   1.898739   -1.064440   1.034121   3.119554   1.068289   -3.116335   -1.030902   -3.139596   -1.041035   1.044397   1.064619   -1.034374   -3.120504   -1.068464   3.115728   1.029598   3.140440   1.041447   -1.044683   -1.062571   3.122255   1.036960   1.070362   -1.027996   -3.113292   -3.138539   1.046287   -1.039008   
Predicted max step is          0.0008

Gradient in terms of the internal coordinates:
-0.080537   0.037936   -0.024242   0.022853   -0.003257   -0.004057   0.022864   -0.057017   0.069305   0.041893   0.031973   0.014388   0.063334   0.000211   0.029017   0.009365   -0.003939   -0.033727   0.009318   -0.022688   -0.003316   -0.018258   -0.003449   0.008965   -0.012847   0.001642   -0.043031   0.023987   0.011926   0.004201   0.012650   0.014367   -0.014185   0.012940   0.007339   0.003466   0.006803   0.014763   0.005595   0.006109   0.005801   -0.003367   -0.002853   0.012971   0.003803   0.004317   0.006372   0.002289   -0.016996   -0.015100   -0.019184   -0.038469   0.015884   0.011801   -0.007484   0.006040   0.023290   0.026662   0.010548   0.027798   0.031170   -0.014626   0.002624   0.005996   

&& Energy after cycle 10 : 0.27440792 Kcal/mol

                 Value    Threshold    Converged?
GRMS:            0.0501     0.001      No     

                      
::::::::::::::::::::::::::::::::::::::::::::::::::::
:::           Optimization cycle number 11        :::
::::::::::::::::::::::::::::::::::::::::::::::::::::
                 
Potential energy      0.27440792 Kcal/mol

Gradient in terms of the internal coordinates:
-0.080537   0.037936   -0.024242   0.022853   -0.003257   -0.004057   0.022864   -0.057017   0.069305   0.041893   0.031973   0.014388   0.063334   0.000211   0.029017   0.009365   -0.003939   -0.033727   0.009318   -0.022688   -0.003316   -0.018258   -0.003449   0.008965   -0.012847   0.001642   -0.043031   0.023987   0.011926   0.004201   0.012650   0.014367   -0.014185   0.012940   0.007339   0.003466   0.006803   0.014763   0.005595   0.006109   0.005801   -0.003367   -0.002853   0.012971   0.003803   0.004317   0.006372   0.002289   -0.016996   -0.015100   -0.019184   -0.038469   0.015884   0.011801   -0.007484   0.006040   0.023290   0.026662   0.010548   0.027798   0.031170   -0.014626   0.002624   0.005996   

Predicted update step s_k in internal coordinates:
0.0001   -0.0000   0.0000   -0.0000   0.0000   0.0000   -0.0000   0.0000   -0.0001   -0.0000   -0.0000   -0.0000   -0.0000   0.0001   -0.0000   0.0003   0.0000   0.0003   -0.0001   0.0001   -0.0002   0.0001   0.0002   -0.0001   -0.0002   0.0000   0.0003   -0.0001   -0.0002   0.0001   -0.0001   -0.0001   -0.0002   0.0002   -0.0003   0.0002   -0.0001   -0.0008   -0.0008   -0.0008   -0.0006   -0.0007   -0.0006   -0.0007   -0.0007   -0.0007   0.0009   0.0009   0.0007   0.0009   0.0009   0.0007   0.0011   0.0011   0.0009   -0.0018   -0.0017   -0.0016   -0.0017   -0.0016   -0.0015   -0.0019   -0.0018   -0.0017   Maximum step is:   0.000779

  
·.·.·.·.·.·.·.·.·.·.·.·.·.·.·.·.
·.·.·. Cartesian fitting  ·.·.·.
·.·.·.·.·.·.·.·.·.·.·.·.·.·.·.·.
  
Iteration number 1
----------------
Current set of internals coordinates
1.5386   1.5387   1.5387   1.1105   1.1108   1.1105   1.1105   1.1108   1.1106   1.1105   1.1109   1.1105   1.1105   1.9260   1.9261   1.8961   1.9245   1.9150   1.9153   1.9257   1.8946   1.9242   1.9154   1.9153   1.8946   1.9246   1.9150   1.9154   1.9048   1.9052   1.8988   1.9051   1.9042   1.8993   1.9045   1.9055   1.8986   -1.0652   1.0333   3.1188   1.0677   -3.1170   -1.0315   -3.1403   -1.0418   1.0437   1.0656   -1.0335   -3.1198   -1.0676   3.1166   1.0303   3.1416   1.0425   -1.0438   -1.0644   3.1206   1.0353   1.0687   -1.0295   -3.1148   -3.1405   1.0445   -1.0408     

                             Value    Threshold    Converged?
 Max change in x:                0.00000     1e-05    YES   


Cartesian fitting is converged. The new set of cartesian coordinates is:
Number  Element          X               Y               Z       
····································································
1           C               0.0117          0.0031         -0.3584
2           C              -0.5298          1.3607          0.1223
3           C               1.4527         -0.2049          0.1394
4           C              -0.8942         -1.1391          0.1339
5           H               0.0170         -0.0038         -1.4688
6           H              -0.5456          1.3974          1.2325
7           H               0.1170          2.1785         -0.2598
8           H              -1.5608          1.5106         -0.2620
9           H               1.4799         -0.2028          1.2499
10          H               2.1030          0.6103         -0.2426
11          H               1.8412         -1.1768         -0.2318
12          H              -0.9211         -1.1577          1.2442
13          H              -0.5062         -2.1114         -0.2369
14          H              -1.9248         -0.9942         -0.2537

New set of internals
1.538590   1.538724   1.538659   1.110460   1.110842   1.110500   1.110519   1.110806   1.110552   1.110537   1.110868   1.110519   1.110546   1.925976   1.926121   1.896063   1.924525   1.914967   1.915328   1.925687   1.894575   1.924247   1.915421   1.915327   1.894597   1.924572   1.914997   1.915382   1.904777   1.905167   1.898809   1.905111   1.904171   1.899298   1.904498   1.905509   1.898610   -1.065197   1.033321   3.118758   1.067682   -3.116985   -1.031549   -3.140294   -1.041776   1.043660   1.065571   -1.033475   -3.119791   -1.067563   3.116576   1.030260   3.141574   1.042528   -1.043788   -1.064373   3.120591   1.035346   1.068676   -1.029545   -3.114790   -3.140474   1.044490   -1.040755   
Predicted max step is          0.0008

Gradient in terms of the internal coordinates:
-0.043470   0.019673   -0.012845   0.011282   -0.001984   -0.002217   0.011032   -0.028309   0.034128   0.021031   0.015543   0.007273   0.031099   0.001768   0.018819   0.017324   0.000633   -0.011966   0.002764   -0.011042   -0.010981   -0.006978   0.003262   0.002866   -0.016253   0.003076   -0.014485   0.009283   -0.002165   0.005869   0.004989   0.006333   -0.021564   0.016269   -0.009875   0.013348   -0.001380   0.008993   -0.000903   -0.000438   0.008909   -0.000987   -0.000522   0.010770   0.000874   0.001339   0.008446   0.002927   -0.020826   -0.009043   -0.014563   -0.038316   0.023899   0.018380   -0.005373   -0.001999   0.017506   0.022400   0.005452   0.024957   0.029851   -0.024277   -0.004772   0.000122   

&& Energy after cycle 11 : 0.27419024 Kcal/mol

                 Value    Threshold    Converged?
GRMS:            0.0499     0.001      No     

                      
::::::::::::::::::::::::::::::::::::::::::::::::::::
:::           Optimization cycle number 12        :::
::::::::::::::::::::::::::::::::::::::::::::::::::::
                 
Potential energy      0.27419024 Kcal/mol

Gradient in terms of the internal coordinates:
-0.043470   0.019673   -0.012845   0.011282   -0.001984   -0.002217   0.011032   -0.028309   0.034128   0.021031   0.015543   0.007273   0.031099   0.001768   0.018819   0.017324   0.000633   -0.011966   0.002764   -0.011042   -0.010981   -0.006978   0.003262   0.002866   -0.016253   0.003076   -0.014485   0.009283   -0.002165   0.005869   0.004989   0.006333   -0.021564   0.016269   -0.009875   0.013348   -0.001380   0.008993   -0.000903   -0.000438   0.008909   -0.000987   -0.000522   0.010770   0.000874   0.001339   0.008446   0.002927   -0.020826   -0.009043   -0.014563   -0.038316   0.023899   0.018380   -0.005373   -0.001999   0.017506   0.022400   0.005452   0.024957   0.029851   -0.024277   -0.004772   0.000122   

Predicted update step s_k in internal coordinates:
0.0001   -0.0000   0.0000   -0.0000   0.0000   0.0000   -0.0000   0.0000   -0.0001   -0.0000   -0.0000   -0.0000   -0.0001   0.0000   -0.0002   -0.0001   0.0000   0.0003   -0.0001   0.0001   0.0000   0.0001   0.0001   -0.0001   0.0001   -0.0000   0.0003   -0.0002   -0.0001   -0.0000   -0.0001   -0.0001   0.0001   -0.0001   -0.0001   -0.0000   -0.0001   -0.0006   -0.0005   -0.0005   -0.0006   -0.0005   -0.0005   -0.0006   -0.0005   -0.0005   0.0006   0.0006   0.0008   0.0007   0.0008   0.0010   0.0004   0.0005   0.0007   -0.0012   -0.0014   -0.0015   -0.0013   -0.0015   -0.0015   -0.0010   -0.0012   -0.0012   Maximum step is:   0.000603

  
·.·.·.·.·.·.·.·.·.·.·.·.·.·.·.·.
·.·.·. Cartesian fitting  ·.·.·.
·.·.·.·.·.·.·.·.·.·.·.·.·.·.·.·.
  
Iteration number 1
----------------
Current set of internals coordinates
1.5387   1.5387   1.5387   1.1104   1.1108   1.1105   1.1105   1.1109   1.1105   1.1105   1.1108   1.1105   1.1105   1.9260   1.9259   1.8959   1.9246   1.9153   1.9152   1.9258   1.8947   1.9244   1.9155   1.9152   1.8947   1.9246   1.9153   1.9152   1.9047   1.9051   1.8987   1.9050   1.9043   1.8992   1.9045   1.9055   1.8986   -1.0658   1.0328   3.1182   1.0671   -3.1175   -1.0320   -3.1409   -1.0423   1.0431   1.0662   -1.0328   -3.1190   -1.0668   3.1173   1.0312   -3.1411   1.0430   -1.0431   -1.0656   3.1192   1.0339   1.0674   -1.0310   -3.1163   -3.1415   1.0433   -1.0420     

                             Value    Threshold    Converged?
 Max change in x:                0.00000     1e-05    YES   


Cartesian fitting is converged. The new set of cartesian coordinates is:
Number  Element          X               Y               Z       
····································································
1           C               0.0118          0.0029         -0.3584
2           C              -0.5298          1.3606          0.1220
3           C               1.4528         -0.2049          0.1395
4           C              -0.8942         -1.1392          0.1340
5           H               0.0172         -0.0040         -1.4688
6           H              -0.5463          1.3973          1.2322
7           H               0.1170          2.1787         -0.2596
8           H              -1.5606          1.5105         -0.2629
9           H               1.4800         -0.2032          1.2501
10          H               2.1029          0.6106         -0.2420
11          H               1.8416         -1.1764         -0.2322
12          H              -0.9202         -1.1582          1.2444
13          H              -0.5074         -2.1116         -0.2375
14          H              -1.9249         -0.9933         -0.2525

New set of internals
1.538672   1.538675   1.538681   1.110440   1.110845   1.110503   1.110500   1.110854   1.110492   1.110500   1.110840   1.110504   1.110493   1.925953   1.925937   1.895942   1.924554   1.915280   1.915236   1.925836   1.894653   1.924416   1.915458   1.915224   1.894699   1.924561   1.915342   1.915204   1.904681   1.905122   1.898694   1.904977   1.904319   1.899179   1.904456   1.905452   1.898552   -1.065825   1.032792   3.118225   1.067103   -3.117465   -1.032033   -3.140930   -1.042313   1.043120   1.066161   -1.032848   -3.118978   -1.066826   3.117349   1.031219   -3.141134   1.043042   -1.043088   -1.065611   3.119192   1.033917   1.067386   -1.030996   -3.116272   -3.141520   1.043284   -1.041992   
Predicted max step is          0.0006

Gradient in terms of the internal coordinates:
0.004042   -0.003365   0.001537   -0.002527   -0.000125   0.000136   -0.002834   0.006035   -0.007767   -0.004162   -0.003842   -0.001350   -0.007177   0.002767   0.002109   0.018416   0.003086   0.009058   -0.003047   0.003904   -0.014227   0.003191   0.007150   -0.002214   -0.013285   0.002200   0.013123   -0.005710   -0.011711   0.005175   -0.002706   -0.001901   -0.018851   0.012614   -0.018946   0.016137   -0.006985   0.001697   -0.005096   -0.004720   0.009895   0.003102   0.003478   0.006175   -0.000617   -0.000242   0.004725   0.000513   -0.018015   -0.002415   -0.006628   -0.025156   0.020120   0.015907   -0.002621   -0.004529   0.009196   0.013213   0.003000   0.016724   0.020741   -0.020110   -0.006385   -0.002368   

&& Energy after cycle 12 : 0.27404054 Kcal/mol

                 Value    Threshold    Converged?
GRMS:            0.0407     0.001      No     

                      
::::::::::::::::::::::::::::::::::::::::::::::::::::
:::           Optimization cycle number 13        :::
::::::::::::::::::::::::::::::::::::::::::::::::::::
                 
Potential energy      0.27404054 Kcal/mol

Gradient in terms of the internal coordinates:
0.004042   -0.003365   0.001537   -0.002527   -0.000125   0.000136   -0.002834   0.006035   -0.007767   -0.004162   -0.003842   -0.001350   -0.007177   0.002767   0.002109   0.018416   0.003086   0.009058   -0.003047   0.003904   -0.014227   0.003191   0.007150   -0.002214   -0.013285   0.002200   0.013123   -0.005710   -0.011711   0.005175   -0.002706   -0.001901   -0.018851   0.012614   -0.018946   0.016137   -0.006985   0.001697   -0.005096   -0.004720   0.009895   0.003102   0.003478   0.006175   -0.000617   -0.000242   0.004725   0.000513   -0.018015   -0.002415   -0.006628   -0.025156   0.020120   0.015907   -0.002621   -0.004529   0.009196   0.013213   0.003000   0.016724   0.020741   -0.020110   -0.006385   -0.002368   

Predicted update step s_k in internal coordinates:
0.0000   -0.0000   0.0000   -0.0000   0.0000   0.0000   -0.0000   0.0000   -0.0000   -0.0000   -0.0000   -0.0000   -0.0000   -0.0001   -0.0001   -0.0003   -0.0000   0.0001   -0.0000   0.0001   0.0002   0.0001   -0.0001   -0.0000   0.0002   -0.0000   0.0001   -0.0001   0.0000   -0.0001   -0.0001   -0.0001   0.0003   -0.0002   0.0002   -0.0002   0.0000   -0.0004   -0.0002   -0.0002   -0.0005   -0.0003   -0.0003   -0.0004   -0.0003   -0.0003   0.0002   0.0003   0.0007   0.0004   0.0005   0.0009   -0.0001   -0.0000   0.0004   -0.0006   -0.0009   -0.0010   -0.0007   -0.0011   -0.0011   -0.0002   -0.0005   -0.0006   Maximum step is:   0.000381

  
·.·.·.·.·.·.·.·.·.·.·.·.·.·.·.·.
·.·.·. Cartesian fitting  ·.·.·.
·.·.·.·.·.·.·.·.·.·.·.·.·.·.·.·.
  
Iteration number 1
----------------
Current set of internals coordinates
1.5387   1.5387   1.5387   1.1104   1.1108   1.1105   1.1105   1.1109   1.1105   1.1105   1.1108   1.1105   1.1105   1.9259   1.9258   1.8956   1.9246   1.9154   1.9152   1.9259   1.8949   1.9245   1.9154   1.9152   1.8950   1.9245   1.9155   1.9151   1.9047   1.9050   1.8986   1.9049   1.9046   1.8989   1.9046   1.9052   1.8986   -1.0662   1.0326   3.1180   1.0667   -3.1178   -1.0323   -3.1414   -1.0426   1.0428   1.0664   -1.0325   -3.1183   -1.0664   3.1179   1.0321   -3.1412   1.0431   -1.0427   -1.0662   3.1183   1.0330   1.0666   -1.0320   -3.1174   3.1414   1.0428   -1.0426     

                             Value    Threshold    Converged?
 Max change in x:                0.00000     1e-05    YES   


Cartesian fitting is converged. The new set of cartesian coordinates is:
Number  Element          X               Y               Z       
····································································
1           C               0.0119          0.0027         -0.3585
2           C              -0.5298          1.3604          0.1218
3           C               1.4528         -0.2049          0.1397
4           C              -0.8941         -1.1392          0.1341
5           H               0.0172         -0.0040         -1.4689
6           H              -0.5467          1.3971          1.2320
7           H               0.1171          2.1786         -0.2595
8           H              -1.5604          1.5104         -0.2634
9           H               1.4800         -0.2034          1.2502
10          H               2.1027          0.6108         -0.2416
11          H               1.8420         -1.1761         -0.2325
12          H              -0.9197         -1.1584          1.2445
13          H              -0.5080         -2.1117         -0.2379
14          H              -1.9251         -0.9927         -0.2516

New set of internals
1.538719   1.538651   1.538692   1.110431   1.110847   1.110505   1.110492   1.110876   1.110466   1.110483   1.110828   1.110497   1.110470   1.925875   1.925777   1.895603   1.924553   1.915411   1.915193   1.925898   1.894914   1.924534   1.915380   1.915183   1.894960   1.924534   1.915481   1.915113   1.904741   1.905027   1.898642   1.904894   1.904646   1.898933   1.904632   1.905221   1.898585   -1.066190   1.032583   3.118006   1.066655   -3.117757   -1.032334   -3.141361   -1.042588   1.042835   1.066399   -1.032533   -3.118287   -1.066375   3.117879   1.032124   -3.141196   1.043058   -1.042697   -1.066198   3.118315   1.032968   1.066634   -1.032038   -3.117385   3.141426   1.042754   -1.042592   
Predicted max step is          0.0004

Gradient in terms of the internal coordinates:
0.027238   -0.014150   0.008460   -0.008662   0.000926   0.001304   -0.008859   0.021424   -0.026366   -0.015563   -0.012329   -0.005279   -0.024114   0.002387   -0.007767   0.012005   0.002468   0.016071   -0.004473   0.010608   -0.010751   0.006167   0.006343   -0.003597   -0.006662   0.000227   0.021940   -0.011045   -0.011554   0.002876   -0.005606   -0.005098   -0.009597   0.005687   -0.015611   0.011323   -0.007012   -0.002530   -0.005050   -0.004800   0.007227   0.004706   0.004957   0.001847   -0.000673   -0.000423   0.000321   -0.001294   -0.009966   0.001382   -0.000233   -0.008905   0.009802   0.008186   -0.000486   -0.003014   0.002209   0.004120   0.001902   0.007126   0.009036   -0.009008   -0.003784   -0.001874   

&& Energy after cycle 13 : 0.27395611 Kcal/mol

                 Value    Threshold    Converged?
GRMS:            0.0257     0.001      No     

                      
::::::::::::::::::::::::::::::::::::::::::::::::::::
:::           Optimization cycle number 14        :::
::::::::::::::::::::::::::::::::::::::::::::::::::::
                 
Potential energy      0.27395611 Kcal/mol

Gradient in terms of the internal coordinates:
0.027238   -0.014150   0.008460   -0.008662   0.000926   0.001304   -0.008859   0.021424   -0.026366   -0.015563   -0.012329   -0.005279   -0.024114   0.002387   -0.007767   0.012005   0.002468   0.016071   -0.004473   0.010608   -0.010751   0.006167   0.006343   -0.003597   -0.006662   0.000227   0.021940   -0.011045   -0.011554   0.002876   -0.005606   -0.005098   -0.009597   0.005687   -0.015611   0.011323   -0.007012   -0.002530   -0.005050   -0.004800   0.007227   0.004706   0.004957   0.001847   -0.000673   -0.000423   0.000321   -0.001294   -0.009966   0.001382   -0.000233   -0.008905   0.009802   0.008186   -0.000486   -0.003014   0.002209   0.004120   0.001902   0.007126   0.009036   -0.009008   -0.003784   -0.001874   

Predicted update step s_k in internal coordinates:
-0.0000   0.0000   -0.0000   0.0000   0.0000   0.0000   0.0000   -0.0000   0.0000   0.0000   0.0000   0.0000   0.0000   -0.0001   -0.0000   -0.0003   -0.0000   -0.0001   0.0000   -0.0000   0.0002   0.0000   -0.0001   0.0000   0.0002   -0.0000   -0.0001   0.0000   0.0001   -0.0001   0.0000   0.0000   0.0002   -0.0002   0.0002   -0.0002   0.0001   -0.0001   0.0000   0.0000   -0.0002   -0.0001   -0.0001   -0.0002   -0.0001   -0.0001   0.0000   0.0001   0.0004   0.0002   0.0002   0.0005   -0.0002   -0.0002   0.0001   -0.0001   -0.0003   -0.0004   -0.0003   -0.0005   -0.0005   0.0001   -0.0001   -0.0001   Maximum step is:   0.000176

  
·.·.·.·.·.·.·.·.·.·.·.·.·.·.·.·.
·.·.·. Cartesian fitting  ·.·.·.
·.·.·.·.·.·.·.·.·.·.·.·.·.·.·.·.
  
Iteration number 1
----------------
Current set of internals coordinates
1.5387   1.5387   1.5387   1.1104   1.1108   1.1105   1.1105   1.1109   1.1105   1.1105   1.1108   1.1105   1.1105   1.9258   1.9257   1.8953   1.9245   1.9153   1.9152   1.9259   1.8952   1.9246   1.9153   1.9152   1.8952   1.9245   1.9154   1.9151   1.9049   1.9050   1.8987   1.9049   1.9049   1.8987   1.9048   1.9050   1.8987   -1.0663   1.0326   3.1180   1.0664   -3.1179   -1.0325   -3.1415   -1.0427   1.0428   1.0664   -1.0325   -3.1179   -1.0662   3.1181   1.0326   -3.1414   1.0429   -1.0426   -1.0663   3.1180   1.0326   1.0664   -1.0325   -3.1179   3.1416   1.0427   -1.0427     

                             Value    Threshold    Converged?
 Max change in x:                0.00000     1e-05    YES   


Cartesian fitting is converged. The new set of cartesian coordinates is:
Number  Element          X               Y               Z       
····································································
1           C               0.0120          0.0026         -0.3585
2           C              -0.5297          1.3604          0.1217
3           C               1.4528         -0.2049          0.1398
4           C              -0.8941         -1.1392          0.1342
5           H               0.0172         -0.0038         -1.4690
6           H              -0.5469          1.3969          1.2319
7           H               0.1172          2.1785         -0.2596
8           H              -1.5604          1.5104         -0.2636
9           H               1.4799         -0.2034          1.2503
10          H               2.1027          0.6109         -0.2414
11          H               1.8422         -1.1759         -0.2327
12          H              -0.9195         -1.1584          1.2446
13          H              -0.5082         -2.1117         -0.2381
14          H              -1.9252         -0.9925         -0.2512

New set of internals
1.538712   1.538660   1.538690   1.110435   1.110847   1.110505   1.110496   1.110867   1.110479   1.110489   1.110835   1.110499   1.110482   1.925803   1.925731   1.895310   1.924537   1.915349   1.915203   1.925856   1.895154   1.924557   1.915277   1.915197   1.895180   1.924519   1.915390   1.915143   1.904865   1.904953   1.898661   1.904892   1.904899   1.898747   1.904848   1.905009   1.898658   -1.066293   1.032586   3.117999   1.066421   -3.117886   -1.032473   -3.141534   -1.042656   1.042758   1.066426   -1.032453   -3.117924   -1.066214   3.118093   1.032622   -3.141423   1.042884   -1.042587   -1.066316   3.117997   1.032599   1.066366   -1.032506   -3.117905   3.141559   1.042687   -1.042711   
Predicted max step is          0.0002

Gradient in terms of the internal coordinates:
0.019578   -0.009831   0.006020   -0.005850   0.000748   0.000946   -0.005904   0.014527   -0.017779   -0.010624   -0.008248   -0.003625   -0.016231   0.001136   -0.006559   0.003800   0.000549   0.009653   -0.002274   0.007184   -0.004300   0.003107   0.002873   -0.001955   -0.001323   -0.000926   0.012935   -0.006715   -0.005219   0.000761   -0.003591   -0.003216   -0.001597   0.000728   -0.006175   0.004170   -0.003367   -0.002388   -0.002359   -0.002230   0.003025   0.003054   0.003183   -0.000134   -0.000105   0.000024   -0.001095   -0.000900   -0.002359   0.001584   0.001779   0.000320   0.001585   0.001779   0.000321   -0.000748   -0.000752   -0.000442   0.001104   0.001100   0.001409   -0.000710   -0.000714   -0.000405   

&& Energy after cycle 14 : 0.27392455 Kcal/mol

                 Value    Threshold    Converged?
GRMS:            0.0107     0.001      No     

                      
::::::::::::::::::::::::::::::::::::::::::::::::::::
:::           Optimization cycle number 15        :::
::::::::::::::::::::::::::::::::::::::::::::::::::::
                 
Potential energy      0.27392455 Kcal/mol

Gradient in terms of the internal coordinates:
0.019578   -0.009831   0.006020   -0.005850   0.000748   0.000946   -0.005904   0.014527   -0.017779   -0.010624   -0.008248   -0.003625   -0.016231   0.001136   -0.006559   0.003800   0.000549   0.009653   -0.002274   0.007184   -0.004300   0.003107   0.002873   -0.001955   -0.001323   -0.000926   0.012935   -0.006715   -0.005219   0.000761   -0.003591   -0.003216   -0.001597   0.000728   -0.006175   0.004170   -0.003367   -0.002388   -0.002359   -0.002230   0.003025   0.003054   0.003183   -0.000134   -0.000105   0.000024   -0.001095   -0.000900   -0.002359   0.001584   0.001779   0.000320   0.001585   0.001779   0.000321   -0.000748   -0.000752   -0.000442   0.001104   0.001100   0.001409   -0.000710   -0.000714   -0.000405   

Predicted update step s_k in internal coordinates:
-0.0000   0.0000   -0.0000   0.0000   -0.0000   -0.0000   0.0000   -0.0000   0.0000   0.0000   0.0000   0.0000   0.0000   -0.0000   0.0000   -0.0001   -0.0000   -0.0001   0.0000   -0.0001   0.0001   -0.0000   -0.0000   0.0000   0.0001   0.0000   -0.0001   0.0001   0.0001   -0.0000   0.0000   0.0000   0.0001   -0.0000   0.0001   -0.0001   0.0000   0.0000   0.0000   0.0000   -0.0001   -0.0000   -0.0000   -0.0000   0.0000   0.0000   -0.0000   -0.0000   0.0001   0.0000   0.0000   0.0001   -0.0001   -0.0001   -0.0000   0.0000   -0.0000   -0.0000   -0.0000   -0.0001   -0.0001   0.0001   0.0001   0.0000   Maximum step is:   0.000046

  
·.·.·.·.·.·.·.·.·.·.·.·.·.·.·.·.
·.·.·. Cartesian fitting  ·.·.·.
·.·.·.·.·.·.·.·.·.·.·.·.·.·.·.·.
  
Iteration number 1
----------------
Current set of internals coordinates
1.5387   1.5387   1.5387   1.1104   1.1108   1.1105   1.1105   1.1109   1.1105   1.1105   1.1108   1.1105   1.1105   1.9258   1.9258   1.8952   1.9245   1.9153   1.9152   1.9258   1.8952   1.9245   1.9152   1.9152   1.8952   1.9245   1.9153   1.9152   1.9049   1.9049   1.8987   1.9049   1.9050   1.8987   1.9049   1.9049   1.8987   -1.0663   1.0326   3.1180   1.0664   -3.1179   -1.0325   -3.1415   -1.0426   1.0428   1.0664   -1.0325   -3.1179   -1.0662   3.1181   1.0327   -3.1415   1.0428   -1.0426   -1.0663   3.1180   1.0326   1.0663   -1.0326   -3.1180   -3.1415   1.0427   -1.0427     

                             Value    Threshold    Converged?
 Max change in x:                0.00000     1e-05    YES   


Cartesian fitting is converged. The new set of cartesian coordinates is:
Number  Element          X               Y               Z       
····································································
1           C               0.0120          0.0026         -0.3586
2           C              -0.5297          1.3604          0.1217
3           C               1.4528         -0.2049          0.1398
4           C              -0.8941         -1.1392          0.1342
5           H               0.0171         -0.0037         -1.4690
6           H              -0.5469          1.3969          1.2318
7           H               0.1173          2.1784         -0.2596
8           H              -1.5604          1.5104         -0.2636
9           H               1.4798         -0.2034          1.2503
10          H               2.1026          0.6109         -0.2414
11          H               1.8422         -1.1759         -0.2327
12          H              -0.9195         -1.1584          1.2446
13          H              -0.5081         -2.1116         -0.2381
14          H              -1.9252         -0.9926         -0.2511

New set of internals
1.538691   1.538675   1.538684   1.110441   1.110847   1.110505   1.110502   1.110852   1.110498   1.110500   1.110843   1.110503   1.110498   1.925777   1.925757   1.895221   1.924528   1.915259   1.915222   1.925799   1.895236   1.924537   1.915233   1.915218   1.895245   1.924523   1.915270   1.915201   1.904931   1.904934   1.898694   1.904921   1.904959   1.898702   1.904937   1.904940   1.898699   -1.066272   1.032625   3.118035   1.066370   -3.117918   -1.032508   -3.141544   -1.042647   1.042763   1.066407   -1.032466   -3.117868   -1.066210   3.118102   1.032701   -3.141515   1.042797   -1.042604   -1.066284   3.117994   1.032584   1.066345   -1.032563   -3.117973   -3.141541   1.042737   -1.042673   
Predicted max step is          0.0000

Gradient in terms of the internal coordinates:
0.005462   -0.002709   0.001653   -0.001567   0.000224   0.000262   -0.001568   0.003905   -0.004759   -0.002872   -0.002196   -0.000987   -0.004339   0.000321   -0.001931   0.000116   -0.000325   0.002481   -0.000324   0.002075   -0.000761   0.000234   0.000626   -0.000383   0.000164   -0.000738   0.003224   -0.001675   -0.000858   0.000028   -0.001028   -0.000813   0.000617   -0.000290   -0.000766   0.000675   -0.000729   -0.000781   -0.000469   -0.000404   0.000753   0.001066   0.001130   -0.000114   0.000198   0.000263   -0.000276   0.000185   0.000392   0.000549   0.001010   0.001217   -0.000409   0.000052   0.000259   0.000023   -0.000615   -0.000673   0.000525   -0.000114   -0.000171   0.000919   0.000281   0.000223   

&& Energy after cycle 15 : 0.27391922 Kcal/mol

                 Value    Threshold    Converged?
GRMS:            0.0028     0.001      No     

                      
::::::::::::::::::::::::::::::::::::::::::::::::::::
:::           Optimization cycle number 16        :::
::::::::::::::::::::::::::::::::::::::::::::::::::::
                 
Potential energy      0.27391922 Kcal/mol

Gradient in terms of the internal coordinates:
0.005462   -0.002709   0.001653   -0.001567   0.000224   0.000262   -0.001568   0.003905   -0.004759   -0.002872   -0.002196   -0.000987   -0.004339   0.000321   -0.001931   0.000116   -0.000325   0.002481   -0.000324   0.002075   -0.000761   0.000234   0.000626   -0.000383   0.000164   -0.000738   0.003224   -0.001675   -0.000858   0.000028   -0.001028   -0.000813   0.000617   -0.000290   -0.000766   0.000675   -0.000729   -0.000781   -0.000469   -0.000404   0.000753   0.001066   0.001130   -0.000114   0.000198   0.000263   -0.000276   0.000185   0.000392   0.000549   0.001010   0.001217   -0.000409   0.000052   0.000259   0.000023   -0.000615   -0.000673   0.000525   -0.000114   -0.000171   0.000919   0.000281   0.000223   

Predicted update step s_k in internal coordinates:
-0.0000   0.0000   -0.0000   0.0000   -0.0000   -0.0000   0.0000   -0.0000   0.0000   0.0000   0.0000   0.0000   0.0000   -0.0000   0.0000   0.0000   0.0000   -0.0000   0.0000   -0.0000   0.0000   -0.0000   -0.0000   0.0000   -0.0000   0.0000   -0.0000   0.0000   0.0000   0.0000   0.0000   0.0000   -0.0000   0.0000   0.0000   -0.0000   0.0000   0.0000   0.0000   0.0000   -0.0000   -0.0000   -0.0000   0.0000   0.0000   0.0000   -0.0000   -0.0000   -0.0000   -0.0000   -0.0000   -0.0000   0.0000   -0.0000   -0.0000   0.0000   0.0000   0.0000   0.0000   0.0000   0.0000   -0.0000   0.0000   0.0000   Maximum step is:   0.000011

  
·.·.·.·.·.·.·.·.·.·.·.·.·.·.·.·.
·.·.·. Cartesian fitting  ·.·.·.
·.·.·.·.·.·.·.·.·.·.·.·.·.·.·.·.
  
Iteration number 1
----------------
Current set of internals coordinates
1.5387   1.5387   1.5387   1.1104   1.1108   1.1105   1.1105   1.1108   1.1105   1.1105   1.1108   1.1105   1.1105   1.9258   1.9258   1.8952   1.9245   1.9152   1.9152   1.9258   1.8952   1.9245   1.9152   1.9152   1.8952   1.9245   1.9152   1.9152   1.9049   1.9049   1.8987   1.9049   1.9049   1.8987   1.9049   1.9049   1.8987   -1.0663   1.0326   3.1180   1.0664   -3.1179   -1.0325   -3.1415   -1.0426   1.0428   1.0664   -1.0325   -3.1179   -1.0662   3.1181   1.0327   -3.1415   1.0428   -1.0426   -1.0663   3.1180   1.0326   1.0663   -1.0325   -3.1180   -3.1415   1.0427   -1.0427     

                             Value    Threshold    Converged?
 Max change in x:                0.00000     1e-05    YES   


Cartesian fitting is converged. The new set of cartesian coordinates is:
Number  Element          X               Y               Z       
····································································
1           C               0.0119          0.0026         -0.3586
2           C              -0.5297          1.3604          0.1217
3           C               1.4528         -0.2049          0.1398
4           C              -0.8941         -1.1392          0.1342
5           H               0.0171         -0.0037         -1.4690
6           H              -0.5469          1.3969          1.2318
7           H               0.1173          2.1784         -0.2597
8           H              -1.5604          1.5104         -0.2636
9           H               1.4798         -0.2034          1.2503
10          H               2.1026          0.6109         -0.2414
11          H               1.8422         -1.1760         -0.2327
12          H              -0.9195         -1.1584          1.2446
13          H              -0.5080         -2.1116         -0.2382
14          H              -1.9252         -0.9926         -0.2511

New set of internals
1.538682   1.538681   1.538681   1.110443   1.110847   1.110504   1.110504   1.110847   1.110504   1.110504   1.110846   1.110504   1.110504   1.925775   1.925773   1.895225   1.924529   1.915228   1.915228   1.925778   1.895240   1.924529   1.915227   1.915224   1.895244   1.924529   1.915230   1.915222   1.904942   1.904937   1.898706   1.904933   1.904949   1.898707   1.904944   1.904937   1.898707   -1.066259   1.032633   3.118042   1.066366   -3.117928   -1.032518   -3.141537   -1.042646   1.042763   1.066403   -1.032477   -3.117885   -1.066219   3.118086   1.032678   -3.141513   1.042792   -1.042616   -1.066276   3.118014   1.032606   1.066347   -1.032549   -3.117957   -3.141547   1.042743   -1.042665   
Predicted max step is          0.0000

Gradient in terms of the internal coordinates:
0.000440   -0.000237   0.000107   -0.000116   0.000019   0.000019   -0.000115   0.000294   -0.000355   -0.000223   -0.000164   -0.000080   -0.000324   0.000116   -0.000099   -0.000331   -0.000281   0.000242   0.000121   0.000282   -0.000068   -0.000343   0.000090   0.000024   0.000090   -0.000327   0.000252   -0.000112   0.000089   -0.000022   -0.000148   -0.000085   0.000372   -0.000054   0.000189   0.000069   -0.000067   -0.000092   -0.000005   0.000036   0.000276   0.000362   0.000403   0.000125   0.000212   0.000253   0.000295   0.000559   0.000555   0.000152   0.000416   0.000412   -0.000082   0.000182   0.000178   -0.000001   -0.000189   -0.000193   0.000268   0.000080   0.000076   0.000406   0.000218   0.000214   

&& Energy after cycle 16 : 0.27391883 Kcal/mol

                 Value    Threshold    Converged?
 GRMS                 0.0008     0.001    YES   

·····································
····   OPTIMIZATION CONVERGED    ····
·····································


                         FINAL STRUCTURE:
Number  Element          X               Y               Z       
····································································
1           C             0.011936        0.002621       -0.358567
2           C            -0.529711        1.360368        0.121729
3           C             1.452794       -0.204943        0.139815
4           C            -0.894114       -1.139212        0.134210
5           H             0.017092       -0.003663       -1.468980
6           H            -0.546850        1.396913        1.231842
7           H             0.117337        2.178352       -0.259653
8           H            -1.560365        1.510448       -0.263562
9           H             1.479817       -0.203433        1.250332
10          H             2.102617        0.610910       -0.241410
11          H             1.842177       -1.175955       -0.232658
12          H            -0.919464       -1.158427        1.244601
13          H            -0.508023       -2.111579       -0.238157
14          H            -1.925243       -0.992601       -0.251141
&& FINAL ENERGY:  0.27391883 Kcal/mol
