=============================================
   OPTIMIZATION IN INTERNAL COORDINATES     
   Program by Cristina Sobrino Fernández    
=============================================

Input structure (Å):

Number  Element          X               Y               Z       
····································································
1           C              -0.0127          1.0858          0.0080
2           H               0.2021         -0.0041          0.1020
3           H               1.0099          1.4631          0.2003
4           H              -0.5899          1.4969         -0.8751
5           H              -0.5229          1.4373          0.9048

                      
::::::::::::::::::::::::::::::::::::::::::::::::::::
:::           Optimization cycle number 1        :::
::::::::::::::::::::::::::::::::::::::::::::::::::::
                 
Potential energy      5.10677804 Kcal/mol

Gradient in terms of the internal coordinates:
3.384491   -2.227636   15.586931   -13.997903   -14.275721   13.982648   -0.131712   11.103204   -11.451121   -3.876010   

Predicted update step s_k in internal coordinates:
-0.0056   0.0037   -0.0260   0.0233   0.0952   -0.0932   0.0009   -0.0740   0.0763   0.0258   
Predicted step is too long

Scaled update step in internal coordinates:
-0.0020   0.0013   -0.0093   0.0084   0.0342   -0.0335   0.0003   -0.0266   0.0274   0.0093   Maximum step is:   0.055666

  
·.·.·.·.·.·.·.·.·.·.·.·.·.·.·.·.
·.·.·. Cartesian fitting  ·.·.·.
·.·.·.·.·.·.·.·.·.·.·.·.·.·.·.·.
  
Iteration number 1
----------------
Current set of internals coordinates
1.1128   1.1082   1.1229   1.0984   1.7459   2.0828   1.9137   2.0478   1.7787   1.8700     

                             Value    Threshold    Converged?
Max change in x:           0.00024     1e-05      No     


Iteration number 2
----------------
Current set of internals coordinates
1.1128   1.1082   1.1229   1.0984   1.7459   2.0828   1.9137   2.0478   1.7787   1.8700     

                             Value    Threshold    Converged?
 Max change in x:                0.00000     1e-05    YES   


Cartesian fitting is converged. The new set of cartesian coordinates is:
Number  Element          X               Y               Z       
····································································
1           C              -0.0083          1.0877          0.0160
2           H               0.1857         -0.0054          0.0931
3           H               1.0151          1.4778          0.1848
4           H              -0.5720          1.4852         -0.8701
5           H              -0.5341          1.4338          0.9161

New set of internals
1.112808   1.108151   1.122933   1.098385   1.745924   2.082757   1.913738   2.047828   1.778678   1.869986   
Predicted max step is          0.0557

Gradient in terms of the internal coordinates:
1.965738   -1.293958   9.053418   -8.130507   -11.789074   11.754145   -0.027042   9.337072   -9.462348   -3.123228   

&& Energy after cycle 1 : 3.42346623 Kcal/mol

                 Value    Threshold    Converged?
GRMS:           10.7071     0.001      No     

                      
::::::::::::::::::::::::::::::::::::::::::::::::::::
:::           Optimization cycle number 2        :::
::::::::::::::::::::::::::::::::::::::::::::::::::::
                 
Potential energy      3.42346623 Kcal/mol

Gradient in terms of the internal coordinates:
1.965738   -1.293958   9.053418   -8.130507   -11.789074   11.754145   -0.027042   9.337072   -9.462348   -3.123228   

Predicted update step s_k in internal coordinates:
-0.0030   0.0020   -0.0140   0.0126   0.1649   -0.1696   -0.0017   -0.1348   0.1325   0.0418   
Predicted step is too long

Scaled update step in internal coordinates:
-0.0006   0.0004   -0.0029   0.0026   0.0341   -0.0350   -0.0003   -0.0278   0.0274   0.0086   Maximum step is:   0.096849

  
·.·.·.·.·.·.·.·.·.·.·.·.·.·.·.·.
·.·.·. Cartesian fitting  ·.·.·.
·.·.·.·.·.·.·.·.·.·.·.·.·.·.·.·.
  
Iteration number 1
----------------
Current set of internals coordinates
1.1122   1.1086   1.1200   1.1010   1.7803   2.0481   1.9137   2.0203   1.8063   1.8790     

                             Value    Threshold    Converged?
Max change in x:           0.00027     1e-05      No     


Iteration number 2
----------------
Current set of internals coordinates
1.1122   1.1086   1.1200   1.1010   1.7803   2.0481   1.9137   2.0203   1.8063   1.8790     

                             Value    Threshold    Converged?
 Max change in x:                0.00000     1e-05    YES   


Cartesian fitting is converged. The new set of cartesian coordinates is:
Number  Element          X               Y               Z       
····································································
1           C              -0.0034          1.0897          0.0264
2           H               0.1695         -0.0074          0.0859
3           H               1.0193          1.4924          0.1708
4           H              -0.5566          1.4756         -0.8677
5           H              -0.5423          1.4288          0.9246

New set of internals
1.112181   1.108564   1.120046   1.100978   1.780314   2.048121   1.913700   2.020328   1.806317   1.878969   
Predicted max step is          0.0968

Gradient in terms of the internal coordinates:
1.526743   -1.005130   7.031996   -6.315202   -9.292694   9.436466   0.051527   7.504064   -7.456434   -2.396663   

&& Energy after cycle 2 : 2.16026318 Kcal/mol

                 Value    Threshold    Converged?
GRMS:            8.4930     0.001      No     

                      
::::::::::::::::::::::::::::::::::::::::::::::::::::
:::           Optimization cycle number 3        :::
::::::::::::::::::::::::::::::::::::::::::::::::::::
                 
Potential energy      2.16026318 Kcal/mol

Gradient in terms of the internal coordinates:
1.526743   -1.005130   7.031996   -6.315202   -9.292694   9.436466   0.051527   7.504064   -7.456434   -2.396663   

Predicted update step s_k in internal coordinates:
-0.0022   0.0014   -0.0101   0.0091   0.1310   -0.1374   -0.0025   -0.1094   0.1052   0.0321   
Predicted step is too long

Scaled update step in internal coordinates:
-0.0006   0.0004   -0.0026   0.0023   0.0337   -0.0354   -0.0006   -0.0282   0.0271   0.0083   Maximum step is:   0.077651

  
·.·.·.·.·.·.·.·.·.·.·.·.·.·.·.·.
·.·.·. Cartesian fitting  ·.·.·.
·.·.·.·.·.·.·.·.·.·.·.·.·.·.·.·.
  
Iteration number 1
----------------
Current set of internals coordinates
1.1116   1.1089   1.1174   1.1033   1.8144   2.0131   1.9134   1.9925   1.8337   1.8876     

                             Value    Threshold    Converged?
Max change in x:           0.00028     1e-05      No     


Iteration number 2
----------------
Current set of internals coordinates
1.1116   1.1089   1.1174   1.1033   1.8144   2.0131   1.9134   1.9925   1.8337   1.8876     

                             Value    Threshold    Converged?
 Max change in x:                0.00001     1e-05    YES   


Cartesian fitting is converged. The new set of cartesian coordinates is:
Number  Element          X               Y               Z       
····································································
1           C               0.0017          1.0915          0.0369
2           H               0.1532         -0.0089          0.0785
3           H               1.0229          1.5068          0.1570
4           H              -0.5412          1.4658         -0.8652
5           H              -0.5501          1.4238          0.9327

New set of internals
1.111614   1.108937   1.117437   1.103321   1.814401   2.013123   1.913392   1.992521   1.833720   1.887618   
Predicted max step is          0.0777

Gradient in terms of the internal coordinates:
1.130139   -0.744142   5.205630   -4.675048   -6.834121   7.070304   0.097782   5.632564   -5.476292   -1.712630   

&& Energy after cycle 3 : 1.18896653 Kcal/mol

                 Value    Threshold    Converged?
GRMS:            6.2665     0.001      No     

                      
::::::::::::::::::::::::::::::::::::::::::::::::::::
:::           Optimization cycle number 4        :::
::::::::::::::::::::::::::::::::::::::::::::::::::::
                 
Potential energy      1.18896653 Kcal/mol

Gradient in terms of the internal coordinates:
1.130139   -0.744142   5.205630   -4.675048   -6.834121   7.070304   0.097782   5.632564   -5.476292   -1.712630   

Predicted update step s_k in internal coordinates:
-0.0016   0.0011   -0.0075   0.0067   0.0965   -0.1025   -0.0024   -0.0817   0.0774   0.0232   
Predicted step is too long

Scaled update step in internal coordinates:
-0.0006   0.0004   -0.0026   0.0023   0.0335   -0.0356   -0.0008   -0.0284   0.0269   0.0081   Maximum step is:   0.057569

  
·.·.·.·.·.·.·.·.·.·.·.·.·.·.·.·.
·.·.·. Cartesian fitting  ·.·.·.
·.·.·.·.·.·.·.·.·.·.·.·.·.·.·.·.
  
Iteration number 1
----------------
Current set of internals coordinates
1.1111   1.1093   1.1148   1.1057   1.8482   1.9778   1.9128   1.9644   1.8608   1.8959     

                             Value    Threshold    Converged?
Max change in x:           0.00028     1e-05      No     


Iteration number 2
----------------
Current set of internals coordinates
1.1111   1.1093   1.1148   1.1057   1.8482   1.9778   1.9128   1.9644   1.8608   1.8959     

                             Value    Threshold    Converged?
 Max change in x:                0.00001     1e-05    YES   


Cartesian fitting is converged. The new set of cartesian coordinates is:
Number  Element          X               Y               Z       
····································································
1           C               0.0070          1.0932          0.0476
2           H               0.1369         -0.0100          0.0709
3           H               1.0259          1.5211          0.1431
4           H              -0.5255          1.4558         -0.8622
5           H              -0.5577          1.4189          0.9407

New set of internals
1.111051   1.109308   1.114843   1.105651   1.848176   1.977776   1.912780   1.964383   1.860834   1.895930   
Predicted max step is          0.0576

Gradient in terms of the internal coordinates:
0.735860   -0.484642   3.389850   -3.044385   -4.415659   4.655774   0.106840   3.718621   -3.529127   -1.073236   

&& Energy after cycle 4 : 0.50553154 Kcal/mol

                 Value    Threshold    Converged?
GRMS:            4.0577     0.001      No     

                      
::::::::::::::::::::::::::::::::::::::::::::::::::::
:::           Optimization cycle number 5        :::
::::::::::::::::::::::::::::::::::::::::::::::::::::
                 
Potential energy      0.50553154 Kcal/mol

Gradient in terms of the internal coordinates:
0.735860   -0.484642   3.389850   -3.044385   -4.415659   4.655774   0.106840   3.718621   -3.529127   -1.073236   

Predicted update step s_k in internal coordinates:
-0.0011   0.0007   -0.0049   0.0044   0.0626   -0.0672   -0.0020   -0.0536   0.0500   0.0148   
Predicted step is too long

Scaled update step in internal coordinates:
-0.0006   0.0004   -0.0026   0.0023   0.0334   -0.0358   -0.0011   -0.0286   0.0267   0.0079   Maximum step is:   0.037511

  
·.·.·.·.·.·.·.·.·.·.·.·.·.·.·.·.
·.·.·. Cartesian fitting  ·.·.·.
·.·.·.·.·.·.·.·.·.·.·.·.·.·.·.·.
  
Iteration number 1
----------------
Current set of internals coordinates
1.1105   1.1097   1.1123   1.1080   1.8816   1.9421   1.9118   1.9359   1.8876   1.9039     

                             Value    Threshold    Converged?
Max change in x:           0.00029     1e-05      No     


Iteration number 2
----------------
Current set of internals coordinates
1.1105   1.1097   1.1123   1.1080   1.8816   1.9421   1.9118   1.9359   1.8876   1.9039     

                             Value    Threshold    Converged?
 Max change in x:                0.00001     1e-05    YES   


Cartesian fitting is converged. The new set of cartesian coordinates is:
Number  Element          X               Y               Z       
····································································
1           C               0.0124          1.0947          0.0585
2           H               0.1204         -0.0105          0.0629
3           H               1.0284          1.5353          0.1292
4           H              -0.5096          1.4454         -0.8590
5           H              -0.5651          1.4142          0.9484

New set of internals
1.110489   1.109678   1.112253   1.107977   1.881631   1.942078   1.911825   1.935884   1.887610   1.903901   
Predicted max step is          0.0375

Gradient in terms of the internal coordinates:
0.342224   -0.225493   1.576822   -1.416169   -2.040247   2.191848   0.073093   1.757763   -1.622296   -0.480787   

&& Energy after cycle 5 : 0.10996203 Kcal/mol

                 Value    Threshold    Converged?
GRMS:            1.8762     0.001      No     

                      
::::::::::::::::::::::::::::::::::::::::::::::::::::
:::           Optimization cycle number 6        :::
::::::::::::::::::::::::::::::::::::::::::::::::::::
                 
Potential energy      0.10996203 Kcal/mol

Gradient in terms of the internal coordinates:
0.342224   -0.225493   1.576822   -1.416169   -2.040247   2.191848   0.073093   1.757763   -1.622296   -0.480787   

Predicted update step s_k in internal coordinates:
-0.0005   0.0003   -0.0023   0.0020   0.0290   -0.0315   -0.0011   -0.0252   0.0231   0.0067   Maximum step is:   0.017482

  
·.·.·.·.·.·.·.·.·.·.·.·.·.·.·.·.
·.·.·. Cartesian fitting  ·.·.·.
·.·.·.·.·.·.·.·.·.·.·.·.·.·.·.·.
  
Iteration number 1
----------------
Current set of internals coordinates
1.1100   1.1100   1.1100   1.1100   1.9106   1.9106   1.9107   1.9106   1.9107   1.9106     

                             Value    Threshold    Converged?
Max change in x:           0.00023     1e-05      No     


Iteration number 2
----------------
Current set of internals coordinates
1.1100   1.1100   1.1100   1.1100   1.9106   1.9106   1.9107   1.9106   1.9107   1.9106     

                             Value    Threshold    Converged?
 Max change in x:                0.00000     1e-05    YES   


Cartesian fitting is converged. The new set of cartesian coordinates is:
Number  Element          X               Y               Z       
····································································
1           C               0.0173          1.0958          0.0680
2           H               0.1060         -0.0106          0.0558
3           H               1.0300          1.5476          0.1170
4           H              -0.4954          1.4361         -0.8558
5           H              -0.5714          1.4101          0.9550

New set of internals
1.109999   1.110001   1.109995   1.110005   1.910606   1.910588   1.910672   1.910650   1.910692   1.910592   
Predicted max step is          0.0175

Gradient in terms of the internal coordinates:
-0.000801   0.000488   -0.003564   0.003182   -0.001936   -0.003173   0.002702   0.001170   0.004141   -0.002905   

&& Energy after cycle 6 : 0.00005334 Kcal/mol

                 Value    Threshold    Converged?
GRMS:            0.0032     0.001      No     

                      
::::::::::::::::::::::::::::::::::::::::::::::::::::
:::           Optimization cycle number 7        :::
::::::::::::::::::::::::::::::::::::::::::::::::::::
                 
Potential energy      0.00005334 Kcal/mol

Gradient in terms of the internal coordinates:
-0.000801   0.000488   -0.003564   0.003182   -0.001936   -0.003173   0.002702   0.001170   0.004141   -0.002905   

Predicted update step s_k in internal coordinates:
0.0000   -0.0000   0.0000   -0.0000   0.0000   0.0000   -0.0000   -0.0000   -0.0000   0.0000   Maximum step is:   0.000016

  
·.·.·.·.·.·.·.·.·.·.·.·.·.·.·.·.
·.·.·. Cartesian fitting  ·.·.·.
·.·.·.·.·.·.·.·.·.·.·.·.·.·.·.·.
  
Iteration number 1
----------------
Current set of internals coordinates
1.1100   1.1100   1.1100   1.1100   1.9106   1.9106   1.9107   1.9106   1.9107   1.9106     

                             Value    Threshold    Converged?
 Max change in x:                0.00000     1e-05    YES   


Cartesian fitting is converged. The new set of cartesian coordinates is:
Number  Element          X               Y               Z       
····································································
1           C               0.0173          1.0958          0.0680
2           H               0.1059         -0.0106          0.0558
3           H               1.0300          1.5476          0.1170
4           H              -0.4954          1.4361         -0.8558
5           H              -0.5714          1.4101          0.9550

New set of internals
1.110000   1.110000   1.110000   1.110000   1.910612   1.910616   1.910654   1.910648   1.910660   1.910610   
Predicted max step is          0.0000

Gradient in terms of the internal coordinates:
-0.000013   0.000015   -0.000082   0.000077   -0.001476   -0.001204   0.001460   0.001015   0.001854   -0.001649   

&& Energy after cycle 7 : 0.00005308 Kcal/mol

                 Value    Threshold    Converged?
GRMS:            0.0018     0.001      No     

                      
::::::::::::::::::::::::::::::::::::::::::::::::::::
:::           Optimization cycle number 8        :::
::::::::::::::::::::::::::::::::::::::::::::::::::::
                 
Potential energy      0.00005308 Kcal/mol

Gradient in terms of the internal coordinates:
-0.000013   0.000015   -0.000082   0.000077   -0.001476   -0.001204   0.001460   0.001015   0.001854   -0.001649   

Predicted update step s_k in internal coordinates:
0.0000   -0.0000   0.0000   -0.0000   0.0000   0.0000   -0.0000   -0.0000   -0.0000   0.0000   Maximum step is:   0.000015

  
·.·.·.·.·.·.·.·.·.·.·.·.·.·.·.·.
·.·.·. Cartesian fitting  ·.·.·.
·.·.·.·.·.·.·.·.·.·.·.·.·.·.·.·.
  
Iteration number 1
----------------
Current set of internals coordinates
1.1100   1.1100   1.1100   1.1100   1.9106   1.9106   1.9106   1.9106   1.9106   1.9106     

                             Value    Threshold    Converged?
 Max change in x:                0.00000     1e-05    YES   


Cartesian fitting is converged. The new set of cartesian coordinates is:
Number  Element          X               Y               Z       
····································································
1           C               0.0173          1.0958          0.0680
2           H               0.1059         -0.0106          0.0558
3           H               1.0300          1.5476          0.1170
4           H              -0.4953          1.4361         -0.8558
5           H              -0.5714          1.4101          0.9550

New set of internals
1.110000   1.110000   1.110001   1.109999   1.910631   1.910634   1.910635   1.910635   1.910634   1.910632   
Predicted max step is          0.0000

Gradient in terms of the internal coordinates:
0.000114   -0.000076   0.000529   -0.000476   -0.000191   0.000044   0.000090   0.000151   0.000025   -0.000120   

&& Energy after cycle 8 : 0.00005298 Kcal/mol

                 Value    Threshold    Converged?
 GRMS                 0.0003     0.001    YES   

·····································
····   OPTIMIZATION CONVERGED    ····
·····································


                         FINAL STRUCTURE:
Number  Element          X               Y               Z       
····································································
1           C             0.017300        1.095800        0.068000
2           H             0.105941       -0.010588        0.055799
3           H             1.030005        1.547600        0.117039
4           H            -0.495344        1.436125       -0.855838
5           H            -0.571402        1.410062        0.954999
&& FINAL ENERGY:  0.00005298 Kcal/mol
