=============================================
   OPTIMIZATION IN INTERNAL COORDINATES     
   Program by Cristina Sobrino Fernández    
=============================================

Input structure (Å):

Number  Element          X               Y               Z       
····································································
1           C              -0.5630          0.5160          0.0071
2           C               0.5630         -0.5159          0.0071
3           C              -1.9293         -0.1506         -0.0071
4           C               1.9294          0.1505         -0.0071
5           H              -0.4724          1.1666         -0.8706
6           H              -0.4825          1.1551          0.8940
7           H               0.4825         -1.1551          0.8940
8           H               0.4723         -1.1665         -0.8706
9           H              -2.0542         -0.7710         -0.9003
10          H              -2.0651         -0.7856          0.8742
11          H              -2.7203          0.6060         -0.0058
12          H               2.0542          0.7709         -0.9003
13          H               2.7202         -0.6062         -0.0059
14          H               2.0652          0.7854          0.8743

                      
::::::::::::::::::::::::::::::::::::::::::::::::::::
:::           Optimization cycle number 1        :::
::::::::::::::::::::::::::::::::::::::::::::::::::::
                 
Potential energy      1.15752597 Kcal/mol

Gradient in terms of the internal coordinates:
-7.038433   -8.781271   -10.116566   -10.200371   -8.778795   -10.159966   -10.111388   -11.082109   -11.064182   -10.884895   -11.090074   -10.937870   -11.048251   0.551948   0.037257   0.029107   0.567515   0.027568   0.030085   -0.019564   0.047385   1.330442   1.313148   1.154284   -0.695634   0.040765   -0.021559   1.319893   1.150843   1.304641   -0.694628   -1.394234   -1.293913   -1.286257   -1.286766   -1.383837   -1.279431   -0.110842   0.334666   -0.478237   -0.475316   -0.029808   -0.842711   0.333637   0.779145   -0.033757   0.002800   0.016353   0.008422   0.393725   0.407278   0.399347   -0.425446   -0.411894   -0.419825   0.004197   0.010255   0.017609   -0.427864   -0.421806   -0.414452   0.394923   0.400981   0.408336   

Predicted update step s_k in internal coordinates:
0.0117   0.0146   0.0169   0.0170   0.0146   0.0169   0.0169   0.0185   0.0184   0.0181   0.0185   0.0182   0.0184   -0.0037   -0.0002   -0.0002   -0.0038   -0.0002   -0.0002   0.0001   -0.0003   -0.0089   -0.0088   -0.0077   0.0046   -0.0003   0.0001   -0.0088   -0.0077   -0.0087   0.0046   0.0093   0.0086   0.0086   0.0086   0.0092   0.0085   0.0014   -0.0042   0.0060   0.0059   0.0004   0.0105   -0.0042   -0.0097   0.0004   -0.0000   -0.0002   -0.0001   -0.0049   -0.0051   -0.0050   0.0053   0.0051   0.0052   -0.0001   -0.0001   -0.0002   0.0053   0.0053   0.0052   -0.0049   -0.0050   -0.0051   Maximum step is:   0.009123

  
·.·.·.·.·.·.·.·.·.·.·.·.·.·.·.·.
·.·.·. Cartesian fitting  ·.·.·.
·.·.·.·.·.·.·.·.·.·.·.·.·.·.·.·.
  
Iteration number 1
----------------
Current set of internals coordinates
1.5390   1.5349   1.1131   1.1131   1.5349   1.1131   1.1131   1.1131   1.1131   1.1127   1.1131   1.1127   1.1131   1.9406   1.9172   1.9169   1.9406   1.9169   1.9171   1.9038   1.9055   1.9287   1.9285   1.9168   1.8788   1.9055   1.9038   1.9286   1.9168   1.9284   1.8788   1.8994   1.8949   1.8949   1.8949   1.8995   1.8950   3.1228   -1.0494   1.0138   1.0138   3.1248   -1.0953   -1.0495   1.0615   3.1247   -1.0527   1.0505   3.1404   1.0641   -3.1158   -1.0259   3.1129   -1.0671   1.0228   -1.0526   3.1405   1.0506   3.1129   1.0228   -1.0671   1.0642   -1.0258   -3.1158     

                             Value    Threshold    Converged?
Max change in x:           0.00026     1e-05      No     


Iteration number 2
----------------
Current set of internals coordinates
1.5390   1.5349   1.1131   1.1131   1.5349   1.1131   1.1131   1.1131   1.1131   1.1127   1.1131   1.1127   1.1131   1.9406   1.9171   1.9169   1.9406   1.9169   1.9171   1.9038   1.9055   1.9287   1.9285   1.9168   1.8788   1.9055   1.9038   1.9286   1.9167   1.9284   1.8788   1.8994   1.8949   1.8949   1.8949   1.8995   1.8950   3.1228   -1.0494   1.0138   1.0138   3.1248   -1.0952   -1.0495   1.0615   3.1247   -1.0527   1.0505   3.1404   1.0641   -3.1158   -1.0259   3.1129   -1.0671   1.0228   -1.0526   3.1405   1.0506   3.1129   1.0228   -1.0671   1.0642   -1.0258   -3.1158     

                             Value    Threshold    Converged?
 Max change in x:                0.00001     1e-05    YES   


Cartesian fitting is converged. The new set of cartesian coordinates is:
Number  Element          X               Y               Z       
····································································
1           C              -0.5654          0.5220          0.0066
2           C               0.5654         -0.5220          0.0066
3           C              -1.9438         -0.1532         -0.0069
4           C               1.9438          0.1532         -0.0069
5           H              -0.4733          1.1789         -0.8873
6           H              -0.4833          1.1675          0.9097
7           H               0.4833         -1.1676          0.9096
8           H               0.4733         -1.1789         -0.8873
9           H              -2.0611         -0.7822         -0.9178
10          H              -2.0715         -0.7964          0.8926
11          H              -2.7432          0.6208         -0.0054
12          H               2.0610          0.7822         -0.9178
13          H               2.7432         -0.6209         -0.0055
14          H               2.0715          0.7963          0.8927

New set of internals
1.539047   1.534942   1.113148   1.113140   1.534940   1.113131   1.113148   1.113140   1.113135   1.112731   1.113142   1.112744   1.113131   1.940606   1.917150   1.916854   1.940642   1.916904   1.917127   1.903785   1.905472   1.928710   1.928452   1.916768   1.878847   1.905464   1.903801   1.928626   1.916747   1.928383   1.878773   1.899412   1.894871   1.894922   1.894918   1.899485   1.894982   3.122796   -1.049413   1.013759   1.013787   3.124763   -1.095250   -1.049459   1.061517   3.124689   -1.052715   1.050511   3.140441   1.064135   -3.115824   -1.025894   3.112869   -1.067090   1.022839   -1.052642   3.140523   1.050576   3.112862   1.022841   -1.067106   1.064213   -1.025808   -3.115755   
Predicted max step is          0.0091

Gradient in terms of the internal coordinates:
0.667589   0.390728   1.771774   1.783081   0.389386   1.776662   1.771368   1.890642   1.887147   1.847789   1.891867   1.856711   1.884310   0.390800   0.062035   0.060140   0.393110   0.061574   0.060352   -0.015491   0.032025   0.751957   0.741373   0.635724   -0.561165   0.030418   -0.014824   0.746068   0.634116   0.736503   -0.562465   -0.763612   -0.715998   -0.711997   -0.712279   -0.758085   -0.708255   -0.094225   0.241813   -0.372090   -0.370860   -0.034822   -0.648725   0.241305   0.577342   -0.036561   -0.003134   0.017710   0.006293   0.314296   0.335140   0.323723   -0.350971   -0.330127   -0.341544   -0.002167   0.007477   0.018406   -0.352250   -0.342606   -0.331677   0.315104   0.324748   0.335677   

&& Energy after cycle 1 : 0.05230369 Kcal/mol

                 Value    Threshold    Converged?
GRMS:            2.1789     0.001      No     

                      
::::::::::::::::::::::::::::::::::::::::::::::::::::
:::           Optimization cycle number 2        :::
::::::::::::::::::::::::::::::::::::::::::::::::::::
                 
Potential energy      0.05230369 Kcal/mol

Gradient in terms of the internal coordinates:
0.667589   0.390728   1.771774   1.783081   0.389386   1.776662   1.771368   1.890642   1.887147   1.847789   1.891867   1.856711   1.884310   0.390800   0.062035   0.060140   0.393110   0.061574   0.060352   -0.015491   0.032025   0.751957   0.741373   0.635724   -0.561165   0.030418   -0.014824   0.746068   0.634116   0.736503   -0.562465   -0.763612   -0.715998   -0.711997   -0.712279   -0.758085   -0.708255   -0.094225   0.241813   -0.372090   -0.370860   -0.034822   -0.648725   0.241305   0.577342   -0.036561   -0.003134   0.017710   0.006293   0.314296   0.335140   0.323723   -0.350971   -0.330127   -0.341544   -0.002167   0.007477   0.018406   -0.352250   -0.342606   -0.331677   0.315104   0.324748   0.335677   

Predicted update step s_k in internal coordinates:
-0.0006   -0.0000   -0.0020   -0.0020   -0.0000   -0.0020   -0.0020   -0.0021   -0.0021   -0.0021   -0.0022   -0.0021   -0.0021   -0.0025   -0.0004   -0.0004   -0.0025   -0.0004   -0.0004   0.0001   -0.0002   -0.0049   -0.0049   -0.0042   0.0035   -0.0002   0.0001   -0.0049   -0.0042   -0.0048   0.0035   0.0050   0.0047   0.0047   0.0047   0.0050   0.0047   0.0011   -0.0030   0.0045   0.0045   0.0004   0.0079   -0.0030   -0.0071   0.0004   0.0000   -0.0002   -0.0001   -0.0038   -0.0041   -0.0039   0.0043   0.0040   0.0041   0.0000   -0.0001   -0.0002   0.0043   0.0042   0.0040   -0.0038   -0.0039   -0.0041   Maximum step is:   0.003352

  
·.·.·.·.·.·.·.·.·.·.·.·.·.·.·.·.
·.·.·. Cartesian fitting  ·.·.·.
·.·.·.·.·.·.·.·.·.·.·.·.·.·.·.·.
  
Iteration number 1
----------------
Current set of internals coordinates
1.5385   1.5349   1.1111   1.1111   1.5349   1.1111   1.1111   1.1110   1.1110   1.1106   1.1110   1.1106   1.1110   1.9369   1.9164   1.9161   1.9369   1.9161   1.9164   1.9037   1.9050   1.9237   1.9235   1.9126   1.8849   1.9050   1.9037   1.9237   1.9126   1.9235   1.8848   1.9044   1.8996   1.8996   1.8996   1.9044   1.8997   3.1239   -1.0519   1.0178   1.0178   3.1252   -1.0883   -1.0520   1.0554   3.1252   -1.0527   1.0503   3.1404   1.0609   -3.1193   -1.0293   3.1165   -1.0636   1.0264   -1.0526   3.1404   1.0504   3.1166   1.0264   -1.0636   1.0609   -1.0292   -3.1192     

                             Value    Threshold    Converged?
Max change in x:           0.00001     1e-05      No     


Iteration number 2
----------------
Current set of internals coordinates
1.5385   1.5349   1.1111   1.1111   1.5349   1.1111   1.1111   1.1110   1.1110   1.1106   1.1110   1.1106   1.1110   1.9369   1.9164   1.9161   1.9369   1.9161   1.9164   1.9037   1.9050   1.9237   1.9236   1.9126   1.8849   1.9050   1.9037   1.9237   1.9126   1.9235   1.8848   1.9044   1.8996   1.8996   1.8996   1.9044   1.8997   3.1239   -1.0519   1.0178   1.0178   3.1252   -1.0883   -1.0520   1.0554   3.1252   -1.0527   1.0503   3.1404   1.0609   -3.1193   -1.0293   3.1165   -1.0636   1.0264   -1.0526   3.1404   1.0504   3.1166   1.0264   -1.0636   1.0609   -1.0292   -3.1192     

                             Value    Threshold    Converged?
 Max change in x:                0.00000     1e-05    YES   


Cartesian fitting is converged. The new set of cartesian coordinates is:
Number  Element          X               Y               Z       
····································································
1           C              -0.5639          0.5232          0.0061
2           C               0.5639         -0.5232          0.0061
3           C              -1.9415         -0.1538         -0.0066
4           C               1.9415          0.1537         -0.0066
5           H              -0.4719          1.1759         -0.8883
6           H              -0.4816          1.1649          0.9094
7           H               0.4816         -1.1650          0.9094
8           H               0.4718         -1.1760         -0.8883
9           H              -2.0529         -0.7806         -0.9171
10          H              -2.0627         -0.7943          0.8931
11          H              -2.7371          0.6211         -0.0051
12          H               2.0529          0.7806         -0.9171
13          H               2.7371         -0.6212         -0.0052
14          H               2.0627          0.7941          0.8931

New set of internals
1.538496   1.534930   1.111117   1.111096   1.534930   1.111094   1.111117   1.110991   1.110990   1.110634   1.110992   1.110637   1.110989   1.936885   1.916445   1.916095   1.936899   1.916133   1.916436   1.903723   1.904963   1.923737   1.923550   1.912592   1.884902   1.904966   1.903734   1.923692   1.912581   1.923513   1.884843   1.904381   1.899596   1.899625   1.899619   1.904419   1.899659   3.123857   -1.051920   1.017790   1.017807   3.125215   -1.088260   -1.051959   1.055449   3.125160   -1.052702   1.050319   3.140361   1.060855   -3.119309   -1.029267   3.116548   -1.063617   1.026426   -1.052638   3.140431   1.050377   3.116553   1.026438   -1.063617   1.060924   -1.029192   -3.119246   
Predicted max step is          0.0034

Gradient in terms of the internal coordinates:
0.119292   0.242579   0.331724   0.333911   0.242362   0.332536   0.331594   0.367768   0.366835   0.375005   0.368075   0.376878   0.366302   0.051323   0.109870   0.113963   0.051533   0.115283   0.109363   0.077263   0.110670   0.375492   0.369151   0.348954   -0.477929   0.110248   0.077953   0.372308   0.348122   0.366546   -0.479283   -0.385099   -0.365945   -0.363990   -0.364029   -0.382225   -0.361954   -0.083075   0.164270   -0.285963   -0.285295   -0.037950   -0.488183   0.163772   0.411117   -0.039116   0.006219   0.006403   0.005492   0.226321   0.226505   0.225593   -0.241237   -0.241053   -0.241965   0.006889   0.006325   0.006880   -0.242083   -0.242647   -0.242091   0.226951   0.226387   0.226943   

&& Energy after cycle 2 : -0.03267870 Kcal/mol

                 Value    Threshold    Converged?
GRMS:            1.0617     0.001      No     

                      
::::::::::::::::::::::::::::::::::::::::::::::::::::
:::           Optimization cycle number 3        :::
::::::::::::::::::::::::::::::::::::::::::::::::::::
                 
Potential energy     -0.03267870 Kcal/mol

Gradient in terms of the internal coordinates:
0.119292   0.242579   0.331724   0.333911   0.242362   0.332536   0.331594   0.367768   0.366835   0.375005   0.368075   0.376878   0.366302   0.051323   0.109870   0.113963   0.051533   0.115283   0.109363   0.077263   0.110670   0.375492   0.369151   0.348954   -0.477929   0.110248   0.077953   0.372308   0.348122   0.366546   -0.479283   -0.385099   -0.365945   -0.363990   -0.364029   -0.382225   -0.361954   -0.083075   0.164270   -0.285963   -0.285295   -0.037950   -0.488183   0.163772   0.411117   -0.039116   0.006219   0.006403   0.005492   0.226321   0.226505   0.225593   -0.241237   -0.241053   -0.241965   0.006889   0.006325   0.006880   -0.242083   -0.242647   -0.242091   0.226951   0.226387   0.226943   

Predicted update step s_k in internal coordinates:
-0.0000   -0.0002   -0.0008   -0.0008   -0.0002   -0.0008   -0.0008   -0.0009   -0.0009   -0.0009   -0.0009   -0.0009   -0.0009   -0.0028   -0.0018   -0.0020   -0.0028   -0.0020   -0.0018   -0.0011   -0.0018   -0.0063   -0.0061   -0.0056   0.0100   -0.0018   -0.0011   -0.0062   -0.0056   -0.0061   0.0100   0.0063   0.0060   0.0060   0.0060   0.0063   0.0060   0.0022   -0.0042   0.0074   0.0074   0.0010   0.0127   -0.0042   -0.0105   0.0011   -0.0002   -0.0002   -0.0002   -0.0058   -0.0058   -0.0058   0.0062   0.0062   0.0062   -0.0002   -0.0002   -0.0002   0.0062   0.0062   0.0062   -0.0058   -0.0058   -0.0058   Maximum step is:   0.004906

  
·.·.·.·.·.·.·.·.·.·.·.·.·.·.·.·.
·.·.·. Cartesian fitting  ·.·.·.
·.·.·.·.·.·.·.·.·.·.·.·.·.·.·.·.
  
Iteration number 1
----------------
Current set of internals coordinates
1.5385   1.5348   1.1103   1.1103   1.5348   1.1103   1.1103   1.1101   1.1101   1.1097   1.1101   1.1097   1.1101   1.9335   1.9145   1.9140   1.9335   1.9140   1.9145   1.9025   1.9030   1.9175   1.9174   1.9069   1.8960   1.9030   1.9025   1.9175   1.9069   1.9174   1.8960   1.9107   1.9056   1.9056   1.9056   1.9107   1.9056   3.1260   -1.0559   1.0250   1.0250   3.1263   -1.0761   -1.0559   1.0454   3.1263   -1.0528   1.0501   3.1402   1.0553   -3.1249   -1.0348   3.1225   -1.0577   1.0324   -1.0528   3.1403   1.0502   3.1226   1.0324   -1.0577   1.0554   -1.0347   -3.1248     

                             Value    Threshold    Converged?
Max change in x:           0.00003     1e-05      No     


Iteration number 2
----------------
Current set of internals coordinates
1.5385   1.5348   1.1103   1.1103   1.5348   1.1103   1.1103   1.1101   1.1101   1.1097   1.1101   1.1097   1.1101   1.9335   1.9145   1.9140   1.9335   1.9140   1.9145   1.9025   1.9030   1.9175   1.9174   1.9069   1.8960   1.9030   1.9025   1.9175   1.9069   1.9174   1.8960   1.9107   1.9056   1.9056   1.9056   1.9107   1.9056   3.1260   -1.0559   1.0250   1.0250   3.1263   -1.0761   -1.0559   1.0454   3.1263   -1.0528   1.0501   3.1402   1.0553   -3.1249   -1.0348   3.1225   -1.0577   1.0324   -1.0528   3.1403   1.0502   3.1226   1.0324   -1.0577   1.0554   -1.0347   -3.1248     

                             Value    Threshold    Converged?
 Max change in x:                0.00000     1e-05    YES   


Cartesian fitting is converged. The new set of cartesian coordinates is:
Number  Element          X               Y               Z       
····································································
1           C              -0.5628          0.5243          0.0052
2           C               0.5628         -0.5244          0.0051
3           C              -1.9394         -0.1543         -0.0060
4           C               1.9393          0.1543         -0.0060
5           H              -0.4714          1.1713         -0.8925
6           H              -0.4803          1.1609          0.9111
7           H               0.4803         -1.1610          0.9111
8           H               0.4714         -1.1714         -0.8925
9           H              -2.0443         -0.7795         -0.9173
10          H              -2.0527         -0.7921          0.8955
11          H              -2.7309          0.6235         -0.0043
12          H               2.0442          0.7796         -0.9173
13          H               2.7309         -0.6235         -0.0044
14          H               2.0527          0.7920          0.8955

New set of internals
1.538480   1.534777   1.110302   1.110278   1.534778   1.110279   1.110302   1.110103   1.110105   1.109723   1.110103   1.109721   1.110105   1.933486   1.914493   1.913955   1.933483   1.913968   1.914498   1.902470   1.902954   1.917485   1.917403   1.906913   1.896011   1.902968   1.902470   1.917493   1.906916   1.917409   1.895982   1.910710   1.905602   1.905609   1.905595   1.910702   1.905608   3.126001   -1.055879   1.024972   1.024973   3.126278   -1.076056   -1.055903   1.045402   3.126254   -1.052841   1.050123   3.140212   1.055330   -3.124892   -1.034802   3.122527   -1.057695   1.032395   -1.052792   3.140263   1.050170   3.122553   1.032423   -1.057671   1.055382   -1.034747   -3.124841   
Predicted max step is          0.0049

Gradient in terms of the internal coordinates:
-0.100375   0.004866   -0.256575   -0.259579   0.005442   -0.258678   -0.256541   -0.273636   -0.273349   -0.269318   -0.273783   -0.270617   -0.272918   -0.150941   0.088212   0.095740   -0.151843   0.096241   0.088670   0.099323   0.111050   -0.097298   -0.098438   -0.042835   -0.245993   0.111637   0.099535   -0.096763   -0.042653   -0.097963   -0.246850   0.085943   0.077420   0.077105   0.077001   0.085394   0.076876   -0.062156   0.042623   -0.146917   -0.146932   -0.042153   -0.231693   0.042143   0.146923   -0.042618   0.011582   -0.005807   0.002352   0.090564   0.073175   0.081334   -0.084290   -0.101678   -0.093519   0.011798   0.002644   -0.005634   -0.084507   -0.093661   -0.101939   0.090919   0.081765   0.073487   

&& Energy after cycle 3 : -0.07528540 Kcal/mol

                 Value    Threshold    Converged?
GRMS:            0.3736     0.001      No     

                      
::::::::::::::::::::::::::::::::::::::::::::::::::::
:::           Optimization cycle number 4        :::
::::::::::::::::::::::::::::::::::::::::::::::::::::
                 
Potential energy     -0.07528540 Kcal/mol

Gradient in terms of the internal coordinates:
-0.100375   0.004866   -0.256575   -0.259579   0.005442   -0.258678   -0.256541   -0.273636   -0.273349   -0.269318   -0.273783   -0.270617   -0.272918   -0.150941   0.088212   0.095740   -0.151843   0.096241   0.088670   0.099323   0.111050   -0.097298   -0.098438   -0.042835   -0.245993   0.111637   0.099535   -0.096763   -0.042653   -0.097963   -0.246850   0.085943   0.077420   0.077105   0.077001   0.085394   0.076876   -0.062156   0.042623   -0.146917   -0.146932   -0.042153   -0.231693   0.042143   0.146923   -0.042618   0.011582   -0.005807   0.002352   0.090564   0.073175   0.081334   -0.084290   -0.101678   -0.093519   0.011798   0.002644   -0.005634   -0.084507   -0.093661   -0.101939   0.090919   0.081765   0.073487   

Predicted update step s_k in internal coordinates:
0.0001   -0.0000   0.0002   0.0002   -0.0000   0.0002   0.0002   0.0002   0.0002   0.0002   0.0002   0.0002   0.0002   0.0003   -0.0010   -0.0011   0.0003   -0.0011   -0.0010   -0.0009   -0.0011   -0.0004   -0.0004   -0.0007   0.0039   -0.0011   -0.0009   -0.0004   -0.0007   -0.0004   0.0039   0.0005   0.0005   0.0005   0.0005   0.0005   0.0005   0.0012   -0.0013   0.0033   0.0032   0.0008   0.0053   -0.0012   -0.0037   0.0008   -0.0002   0.0000   -0.0001   -0.0022   -0.0020   -0.0021   0.0022   0.0024   0.0023   -0.0002   -0.0001   0.0000   0.0022   0.0023   0.0024   -0.0022   -0.0021   -0.0020   Maximum step is:   0.001625

  
·.·.·.·.·.·.·.·.·.·.·.·.·.·.·.·.
·.·.·. Cartesian fitting  ·.·.·.
·.·.·.·.·.·.·.·.·.·.·.·.·.·.·.·.
  
Iteration number 1
----------------
Current set of internals coordinates
1.5386   1.5348   1.1105   1.1105   1.5348   1.1105   1.1105   1.1103   1.1103   1.1099   1.1103   1.1099   1.1103   1.9335   1.9135   1.9128   1.9335   1.9128   1.9135   1.9015   1.9017   1.9170   1.9170   1.9062   1.9005   1.9017   1.9015   1.9171   1.9062   1.9170   1.9005   1.9113   1.9061   1.9061   1.9061   1.9113   1.9061   3.1272   -1.0570   1.0281   1.0281   3.1271   -1.0710   -1.0570   1.0420   3.1270   -1.0530   1.0502   3.1402   1.0533   -3.1268   -1.0368   3.1246   -1.0554   1.0346   -1.0529   3.1402   1.0502   3.1246   1.0346   -1.0554   1.0533   -1.0367   -3.1267     

                             Value    Threshold    Converged?
 Max change in x:                0.00000     1e-05    YES   


Cartesian fitting is converged. The new set of cartesian coordinates is:
Number  Element          X               Y               Z       
····································································
1           C              -0.5629          0.5244          0.0046
2           C               0.5628         -0.5245          0.0046
3           C              -1.9394         -0.1543         -0.0057
4           C               1.9394          0.1542         -0.0057
5           H              -0.4720          1.1693         -0.8948
6           H              -0.4804          1.1592          0.9120
7           H               0.4804         -1.1593          0.9119
8           H               0.4720         -1.1693         -0.8949
9           H              -2.0443         -0.7797         -0.9170
10          H              -2.0520         -0.7916          0.8965
11          H              -2.7305          0.6242         -0.0040
12          H               2.0443          0.7797         -0.9170
13          H               2.7305         -0.6243         -0.0040
14          H               2.0520          0.7915          0.8965

New set of internals
1.538610   1.534768   1.110473   1.110453   1.534768   1.110453   1.110473   1.110287   1.110289   1.109903   1.110287   1.109902   1.110289   1.933452   1.913490   1.912821   1.933450   1.912825   1.913494   1.901485   1.901698   1.917046   1.916993   1.906169   1.900520   1.901708   1.901482   1.917060   1.906173   1.917002   1.900506   1.911291   1.906113   1.906120   1.906103   1.911278   1.906114   3.127209   -1.057000   1.028081   1.028079   3.127056   -1.071048   -1.057015   1.041962   3.127043   -1.052993   1.050152   3.140161   1.053277   -3.126763   -1.036754   3.124614   -1.055427   1.034582   -1.052949   3.140205   1.050195   3.124646   1.034615   -1.055395   1.053323   -1.036709   -3.126718   
Predicted max step is          0.0016

Gradient in terms of the internal coordinates:
-0.026721   -0.007886   -0.138824   -0.140566   -0.007712   -0.140082   -0.138809   -0.146346   -0.146162   -0.144201   -0.146441   -0.144899   -0.145945   -0.061070   0.036660   0.041335   -0.061490   0.041431   0.036998   0.047952   0.053551   -0.130876   -0.131330   -0.092924   -0.119928   0.054017   0.047909   -0.129928   -0.092648   -0.130536   -0.120367   0.123470   0.117164   0.116749   0.116526   0.122584   0.116249   -0.052784   0.002215   -0.097305   -0.097407   -0.042408   -0.141928   0.001840   0.056838   -0.042682   0.006849   -0.006005   0.000035   0.045048   0.032194   0.038234   -0.040740   -0.053594   -0.047554   0.006967   0.000191   -0.005887   -0.040779   -0.047556   -0.053633   0.045294   0.038517   0.032440   

&& Energy after cycle 4 : -0.08120211 Kcal/mol

                 Value    Threshold    Converged?
GRMS:            0.2533     0.001      No     

                      
::::::::::::::::::::::::::::::::::::::::::::::::::::
:::           Optimization cycle number 5        :::
::::::::::::::::::::::::::::::::::::::::::::::::::::
                 
Potential energy     -0.08120211 Kcal/mol

Gradient in terms of the internal coordinates:
-0.026721   -0.007886   -0.138824   -0.140566   -0.007712   -0.140082   -0.138809   -0.146346   -0.146162   -0.144201   -0.146441   -0.144899   -0.145945   -0.061070   0.036660   0.041335   -0.061490   0.041431   0.036998   0.047952   0.053551   -0.130876   -0.131330   -0.092924   -0.119928   0.054017   0.047909   -0.129928   -0.092648   -0.130536   -0.120367   0.123470   0.117164   0.116749   0.116526   0.122584   0.116249   -0.052784   0.002215   -0.097305   -0.097407   -0.042408   -0.141928   0.001840   0.056838   -0.042682   0.006849   -0.006005   0.000035   0.045048   0.032194   0.038234   -0.040740   -0.053594   -0.047554   0.006967   0.000191   -0.005887   -0.040779   -0.047556   -0.053633   0.045294   0.038517   0.032440   

Predicted update step s_k in internal coordinates:
0.0000   -0.0000   0.0002   0.0002   -0.0000   0.0002   0.0002   0.0002   0.0002   0.0002   0.0002   0.0002   0.0002   0.0001   -0.0009   -0.0010   0.0001   -0.0010   -0.0009   -0.0010   -0.0012   0.0009   0.0009   0.0004   0.0041   -0.0012   -0.0010   0.0009   0.0004   0.0009   0.0041   -0.0007   -0.0008   -0.0008   -0.0008   -0.0007   -0.0008   0.0017   -0.0006   0.0036   0.0036   0.0013   0.0055   -0.0006   -0.0029   0.0013   -0.0002   0.0001   -0.0000   -0.0020   -0.0017   -0.0018   0.0020   0.0023   0.0022   -0.0002   -0.0000   0.0001   0.0020   0.0022   0.0023   -0.0020   -0.0019   -0.0017   Maximum step is:   0.001638

  
·.·.·.·.·.·.·.·.·.·.·.·.·.·.·.·.
·.·.·. Cartesian fitting  ·.·.·.
·.·.·.·.·.·.·.·.·.·.·.·.·.·.·.·.
  
Iteration number 1
----------------
Current set of internals coordinates
1.5386   1.5347   1.1107   1.1107   1.5347   1.1107   1.1107   1.1105   1.1105   1.1101   1.1105   1.1101   1.1105   1.9334   1.9126   1.9118   1.9335   1.9118   1.9126   1.9005   1.9004   1.9180   1.9179   1.9066   1.9049   1.9004   1.9005   1.9180   1.9066   1.9179   1.9049   1.9106   1.9053   1.9054   1.9053   1.9106   1.9053   3.1289   -1.0576   1.0317   1.0317   3.1284   -1.0656   -1.0576   1.0391   3.1284   -1.0532   1.0503   3.1401   1.0513   -3.1284   -1.0386   3.1266   -1.0532   1.0367   -1.0531   3.1402   1.0503   3.1266   1.0367   -1.0532   1.0514   -1.0385   -3.1284     

                             Value    Threshold    Converged?
 Max change in x:                0.00000     1e-05    YES   


Cartesian fitting is converged. The new set of cartesian coordinates is:
Number  Element          X               Y               Z       
····································································
1           C              -0.5628          0.5245          0.0039
2           C               0.5628         -0.5245          0.0039
3           C              -1.9394         -0.1540         -0.0052
4           C               1.9394          0.1540         -0.0052
5           H              -0.4728          1.1672         -0.8975
6           H              -0.4802          1.1579          0.9125
7           H               0.4802         -1.1580          0.9125
8           H               0.4727         -1.1672         -0.8975
9           H              -2.0459         -0.7803         -0.9160
10          H              -2.0525         -0.7911          0.8974
11          H              -2.7309          0.6244         -0.0035
12          H               2.0459          0.7803         -0.9160
13          H               2.7309         -0.6245         -0.0035
14          H               2.0526          0.7910          0.8974

New set of internals
1.538647   1.534744   1.110697   1.110682   1.534744   1.110682   1.110697   1.110521   1.110523   1.110134   1.110521   1.110135   1.110523   1.933450   1.912587   1.911768   1.933450   1.911766   1.912588   1.900461   1.900417   1.917957   1.917929   1.906557   1.904870   1.900421   1.900458   1.917966   1.906560   1.917934   1.904869   1.910578   1.905339   1.905353   1.905334   1.910571   1.905348   3.128932   -1.057561   1.031663   1.031660   3.128353   -1.065608   -1.057565   1.039128   3.128352   -1.053169   1.050263   3.140140   1.051323   -3.128431   -1.038554   3.126567   -1.053187   1.036690   -1.053132   3.140176   1.050300   3.126603   1.036725   -1.053151   1.051360   -1.038518   -3.128394   
Predicted max step is          0.0016

Gradient in terms of the internal coordinates:
0.010248   -0.012618   0.017819   0.017535   -0.012808   0.017483   0.017821   0.018543   0.018526   0.018242   0.018539   0.018324   0.018484   0.038400   -0.013331   -0.013871   0.038524   -0.014027   -0.013275   -0.007977   -0.007070   -0.065395   -0.065778   -0.061956   0.003590   -0.006927   -0.008143   -0.064828   -0.061797   -0.065328   0.003587   0.064118   0.065297   0.065187   0.064941   0.063612   0.064866   -0.041832   -0.035186   -0.047493   -0.047584   -0.040938   -0.053245   -0.035341   -0.028695   -0.041002   -0.000811   -0.004517   -0.002846   0.001439   -0.002267   -0.000596   -0.002955   -0.006661   -0.004990   -0.000727   -0.002769   -0.004417   -0.002847   -0.004889   -0.006537   0.001564   -0.000478   -0.002126   

&& Energy after cycle 5 : -0.08464383 Kcal/mol

                 Value    Threshold    Converged?
GRMS:            0.0952     0.001      No     

                      
::::::::::::::::::::::::::::::::::::::::::::::::::::
:::           Optimization cycle number 6        :::
::::::::::::::::::::::::::::::::::::::::::::::::::::
                 
Potential energy     -0.08464383 Kcal/mol

Gradient in terms of the internal coordinates:
0.010248   -0.012618   0.017819   0.017535   -0.012808   0.017483   0.017821   0.018543   0.018526   0.018242   0.018539   0.018324   0.018484   0.038400   -0.013331   -0.013871   0.038524   -0.014027   -0.013275   -0.007977   -0.007070   -0.065395   -0.065778   -0.061956   0.003590   -0.006927   -0.008143   -0.064828   -0.061797   -0.065328   0.003587   0.064118   0.065297   0.065187   0.064941   0.063612   0.064866   -0.041832   -0.035186   -0.047493   -0.047584   -0.040938   -0.053245   -0.035341   -0.028695   -0.041002   -0.000811   -0.004517   -0.002846   0.001439   -0.002267   -0.000596   -0.002955   -0.006661   -0.004990   -0.000727   -0.002769   -0.004417   -0.002847   -0.004889   -0.006537   0.001564   -0.000478   -0.002126   

Predicted update step s_k in internal coordinates:
-0.0000   0.0000   0.0000   0.0000   0.0000   0.0000   0.0000   0.0000   0.0000   0.0000   0.0000   0.0000   0.0000   -0.0002   -0.0001   -0.0001   -0.0002   -0.0001   -0.0001   -0.0002   -0.0002   0.0007   0.0007   0.0006   0.0008   -0.0002   -0.0002   0.0007   0.0006   0.0007   0.0008   -0.0007   -0.0007   -0.0007   -0.0007   -0.0007   -0.0007   0.0010   0.0004   0.0014   0.0014   0.0009   0.0018   0.0004   -0.0001   0.0009   -0.0000   0.0001   0.0000   -0.0004   -0.0003   -0.0003   0.0004   0.0005   0.0005   -0.0000   0.0000   0.0001   0.0004   0.0005   0.0005   -0.0004   -0.0003   -0.0003   Maximum step is:   0.000544

  
·.·.·.·.·.·.·.·.·.·.·.·.·.·.·.·.
·.·.·. Cartesian fitting  ·.·.·.
·.·.·.·.·.·.·.·.·.·.·.·.·.·.·.·.
  
Iteration number 1
----------------
Current set of internals coordinates
1.5386   1.5347   1.1107   1.1107   1.5347   1.1107   1.1107   1.1105   1.1105   1.1102   1.1105   1.1102   1.1105   1.9332   1.9125   1.9117   1.9332   1.9117   1.9125   1.9003   1.9002   1.9187   1.9187   1.9072   1.9057   1.9002   1.9003   1.9187   1.9072   1.9187   1.9057   1.9099   1.9046   1.9046   1.9046   1.9099   1.9046   3.1299   -1.0571   1.0330   1.0330   3.1292   -1.0638   -1.0571   1.0391   3.1292   -1.0532   1.0503   3.1402   1.0510   -3.1287   -1.0389   3.1270   -1.0527   1.0371   -1.0532   3.1402   1.0504   3.1270   1.0372   -1.0527   1.0510   -1.0388   -3.1287     

                             Value    Threshold    Converged?
 Max change in x:                0.00000     1e-05    YES   


Cartesian fitting is converged. The new set of cartesian coordinates is:
Number  Element          X               Y               Z       
····································································
1           C              -0.5627          0.5246          0.0035
2           C               0.5627         -0.5247          0.0035
3           C              -1.9393         -0.1539         -0.0049
4           C               1.9393          0.1538         -0.0049
5           H              -0.4729          1.1667         -0.8984
6           H              -0.4798          1.1579          0.9122
7           H               0.4798         -1.1580          0.9121
8           H               0.4729         -1.1667         -0.8984
9           H              -2.0468         -0.7807         -0.9153
10          H              -2.0529         -0.7908          0.8977
11          H              -2.7312          0.6241         -0.0032
12          H               2.0468          0.7807         -0.9153
13          H               2.7312         -0.6241         -0.0033
14          H               2.0529          0.7907          0.8977

New set of internals
1.538635   1.534748   1.110713   1.110700   1.534747   1.110699   1.110713   1.110538   1.110540   1.110152   1.110538   1.110152   1.110540   1.933196   1.912518   1.911674   1.933197   1.911673   1.912517   1.900296   1.900197   1.918699   1.918679   1.907150   1.905688   1.900197   1.900294   1.918702   1.907151   1.918679   1.905690   1.909899   1.904625   1.904642   1.904624   1.909898   1.904641   3.129880   -1.057110   1.033020   1.033018   3.129214   -1.063842   -1.057110   1.039086   3.129215   -1.053188   1.050349   3.140178   1.050955   -3.128693   -1.038865   3.126962   -1.052687   1.037142   -1.053153   3.140211   1.050384   3.126997   1.037176   -1.052652   1.050988   -1.038832   -3.128660   
Predicted max step is          0.0005

Gradient in terms of the internal coordinates:
0.006633   -0.005687   0.029565   0.029468   -0.005811   0.029368   0.029563   0.031141   0.031124   0.030921   0.031153   0.031069   0.031069   0.032552   -0.013844   -0.016544   0.032683   -0.016639   -0.013874   -0.012104   -0.011827   -0.012175   -0.012625   -0.018345   0.021909   -0.011811   -0.012195   -0.012031   -0.018302   -0.012531   0.021978   0.012357   0.015542   0.015623   0.015462   0.012240   0.015535   -0.037478   -0.042267   -0.034022   -0.034070   -0.038859   -0.030614   -0.042307   -0.047096   -0.038851   -0.003386   -0.003822   -0.003691   -0.008066   -0.008502   -0.008372   0.004468   0.004032   0.004162   -0.003285   -0.003608   -0.003715   0.004595   0.004272   0.004165   -0.007979   -0.008301   -0.008408   

&& Energy after cycle 6 : -0.08527226 Kcal/mol

                 Value    Threshold    Converged?
GRMS:            0.0474     0.001      No     

                      
::::::::::::::::::::::::::::::::::::::::::::::::::::
:::           Optimization cycle number 7        :::
::::::::::::::::::::::::::::::::::::::::::::::::::::
                 
Potential energy     -0.08527226 Kcal/mol

Gradient in terms of the internal coordinates:
0.006633   -0.005687   0.029565   0.029468   -0.005811   0.029368   0.029563   0.031141   0.031124   0.030921   0.031153   0.031069   0.031069   0.032552   -0.013844   -0.016544   0.032683   -0.016639   -0.013874   -0.012104   -0.011827   -0.012175   -0.012625   -0.018345   0.021909   -0.011811   -0.012195   -0.012031   -0.018302   -0.012531   0.021978   0.012357   0.015542   0.015623   0.015462   0.012240   0.015535   -0.037478   -0.042267   -0.034022   -0.034070   -0.038859   -0.030614   -0.042307   -0.047096   -0.038851   -0.003386   -0.003822   -0.003691   -0.008066   -0.008502   -0.008372   0.004468   0.004032   0.004162   -0.003285   -0.003608   -0.003715   0.004595   0.004272   0.004165   -0.007979   -0.008301   -0.008408   

Predicted update step s_k in internal coordinates:
-0.0000   0.0000   -0.0000   -0.0000   0.0000   -0.0000   -0.0000   -0.0000   -0.0000   -0.0000   -0.0000   -0.0000   -0.0000   -0.0003   0.0001   0.0001   -0.0003   0.0001   0.0001   0.0000   -0.0000   0.0005   0.0005   0.0005   0.0001   -0.0000   0.0000   0.0005   0.0005   0.0005   0.0001   -0.0004   -0.0005   -0.0005   -0.0005   -0.0004   -0.0005   0.0011   0.0010   0.0012   0.0012   0.0011   0.0013   0.0010   0.0008   0.0011   0.0000   0.0001   0.0001   -0.0000   0.0000   0.0000   0.0001   0.0001   0.0001   0.0000   0.0001   0.0001   0.0001   0.0001   0.0001   -0.0000   0.0000   0.0000   Maximum step is:   0.000468

  
·.·.·.·.·.·.·.·.·.·.·.·.·.·.·.·.
·.·.·. Cartesian fitting  ·.·.·.
·.·.·.·.·.·.·.·.·.·.·.·.·.·.·.·.
  
Iteration number 1
----------------
Current set of internals coordinates
1.5386   1.5348   1.1107   1.1107   1.5348   1.1107   1.1107   1.1105   1.1105   1.1101   1.1105   1.1101   1.1105   1.9329   1.9126   1.9118   1.9329   1.9118   1.9126   1.9003   1.9002   1.9192   1.9192   1.9076   1.9058   1.9002   1.9003   1.9192   1.9076   1.9192   1.9058   1.9095   1.9041   1.9041   1.9041   1.9095   1.9042   3.1310   -1.0561   1.0342   1.0342   3.1303   -1.0625   -1.0561   1.0399   3.1303   -1.0531   1.0505   3.1403   1.0509   -3.1287   -1.0389   3.1271   -1.0525   1.0373   -1.0531   3.1403   1.0505   3.1271   1.0373   -1.0525   1.0510   -1.0388   -3.1286     

                             Value    Threshold    Converged?
 Max change in x:                0.00000     1e-05    YES   


Cartesian fitting is converged. The new set of cartesian coordinates is:
Number  Element          X               Y               Z       
····································································
1           C              -0.5625          0.5248          0.0031
2           C               0.5625         -0.5248          0.0030
3           C              -1.9391         -0.1538         -0.0046
4           C               1.9391          0.1538         -0.0046
5           H              -0.4731          1.1664         -0.8991
6           H              -0.4794          1.1584          0.9115
7           H               0.4794         -1.1585          0.9114
8           H               0.4731         -1.1664         -0.8992
9           H              -2.0475         -0.7812         -0.9145
10          H              -2.0529         -0.7904          0.8982
11          H              -2.7314          0.6237         -0.0030
12          H               2.0474          0.7812         -0.9144
13          H               2.7314         -0.6238         -0.0031
14          H               2.0530          0.7903          0.8982

New set of internals
1.538626   1.534757   1.110687   1.110675   1.534757   1.110675   1.110687   1.110511   1.110513   1.110125   1.110511   1.110125   1.110513   1.932897   1.912605   1.911787   1.932897   1.911787   1.912604   1.900305   1.900184   1.919179   1.919166   1.907604   1.905794   1.900183   1.900305   1.919178   1.907603   1.919164   1.905796   1.909451   1.904131   1.904150   1.904132   1.909453   1.904151   3.130979   -1.056144   1.034239   1.034238   3.130300   -1.062502   -1.056143   1.039920   3.130303   -1.053140   1.050456   3.140258   1.050931   -3.128659   -1.038856   3.127063   -1.052527   1.037276   -1.053109   3.140289   1.050487   3.127095   1.037307   -1.052494   1.050961   -1.038827   -3.128629   
Predicted max step is          0.0005

Gradient in terms of the internal coordinates:
0.000628   0.001483   0.011939   0.011748   0.001486   0.011706   0.011937   0.012336   0.012356   0.012275   0.012346   0.012336   0.012339   0.004594   -0.004183   -0.008092   0.004627   -0.008092   -0.004237   -0.005500   -0.005407   0.021907   0.021540   0.014921   0.018909   -0.005455   -0.005496   0.021753   0.014881   0.021392   0.018975   -0.021394   -0.018873   -0.018699   -0.018762   -0.021242   -0.018617   -0.033314   -0.042377   -0.026679   -0.026688   -0.035751   -0.020053   -0.042338   -0.051401   -0.035703   -0.004560   -0.003453   -0.004012   -0.010410   -0.009303   -0.009862   0.006060   0.007167   0.006608   -0.004449   -0.003918   -0.003345   0.006181   0.006712   0.007284   -0.010342   -0.009812   -0.009239   

&& Energy after cycle 7 : -0.08562293 Kcal/mol

                 Value    Threshold    Converged?
GRMS:            0.0534     0.001      No     

                      
::::::::::::::::::::::::::::::::::::::::::::::::::::
:::           Optimization cycle number 8        :::
::::::::::::::::::::::::::::::::::::::::::::::::::::
                 
Potential energy     -0.08562293 Kcal/mol

Gradient in terms of the internal coordinates:
0.000628   0.001483   0.011939   0.011748   0.001486   0.011706   0.011937   0.012336   0.012356   0.012275   0.012346   0.012336   0.012339   0.004594   -0.004183   -0.008092   0.004627   -0.008092   -0.004237   -0.005500   -0.005407   0.021907   0.021540   0.014921   0.018909   -0.005455   -0.005496   0.021753   0.014881   0.021392   0.018975   -0.021394   -0.018873   -0.018699   -0.018762   -0.021242   -0.018617   -0.033314   -0.042377   -0.026679   -0.026688   -0.035751   -0.020053   -0.042338   -0.051401   -0.035703   -0.004560   -0.003453   -0.004012   -0.010410   -0.009303   -0.009862   0.006060   0.007167   0.006608   -0.004449   -0.003918   -0.003345   0.006181   0.006712   0.007284   -0.010342   -0.009812   -0.009239   

Predicted update step s_k in internal coordinates:
-0.0000   0.0000   -0.0000   -0.0000   0.0000   -0.0000   -0.0000   -0.0000   -0.0000   -0.0000   -0.0000   -0.0000   -0.0000   -0.0003   0.0001   0.0002   -0.0003   0.0002   0.0001   0.0000   0.0000   0.0003   0.0003   0.0003   -0.0000   0.0000   0.0000   0.0003   0.0003   0.0003   -0.0000   -0.0003   -0.0004   -0.0004   -0.0004   -0.0003   -0.0004   0.0018   0.0018   0.0019   0.0019   0.0019   0.0019   0.0018   0.0018   0.0019   0.0001   0.0002   0.0002   0.0001   0.0002   0.0002   0.0000   0.0001   0.0001   0.0001   0.0002   0.0002   0.0000   0.0000   0.0001   0.0001   0.0002   0.0002   Maximum step is:   0.000712

  
·.·.·.·.·.·.·.·.·.·.·.·.·.·.·.·.
·.·.·. Cartesian fitting  ·.·.·.
·.·.·.·.·.·.·.·.·.·.·.·.·.·.·.·.
  
Iteration number 1
----------------
Current set of internals coordinates
1.5386   1.5348   1.1107   1.1106   1.5348   1.1106   1.1107   1.1105   1.1105   1.1101   1.1105   1.1101   1.1105   1.9326   1.9127   1.9120   1.9326   1.9120   1.9127   1.9003   1.9002   1.9195   1.9195   1.9079   1.9057   1.9002   1.9004   1.9195   1.9079   1.9195   1.9057   1.9092   1.9038   1.9038   1.9038   1.9092   1.9038   3.1328   -1.0543   1.0361   1.0361   3.1322   -1.0606   -1.0543   1.0417   3.1322   -1.0530   1.0506   3.1404   1.0511   -3.1285   -1.0387   3.1271   -1.0524   1.0373   -1.0530   3.1404   1.0507   3.1271   1.0374   -1.0524   1.0511   -1.0387   -3.1285     

                             Value    Threshold    Converged?
 Max change in x:                0.00000     1e-05    YES   


Cartesian fitting is converged. The new set of cartesian coordinates is:
Number  Element          X               Y               Z       
····································································
1           C              -0.5624          0.5249          0.0023
2           C               0.5624         -0.5249          0.0023
3           C              -1.9390         -0.1538         -0.0040
4           C               1.9390          0.1537         -0.0040
5           H              -0.4736          1.1659         -0.9003
6           H              -0.4787          1.1592          0.9102
7           H               0.4787         -1.1593          0.9101
8           H               0.4735         -1.1659         -0.9004
9           H              -2.0481         -0.7819         -0.9132
10          H              -2.0526         -0.7897          0.8992
11          H              -2.7316          0.6234         -0.0026
12          H               2.0481          0.7819         -0.9132
13          H               2.7316         -0.6235         -0.0027
14          H               2.0526          0.7896          0.8993

New set of internals
1.538622   1.534767   1.110653   1.110643   1.534767   1.110643   1.110653   1.110477   1.110478   1.110090   1.110477   1.110090   1.110478   1.932618   1.912719   1.911984   1.932618   1.911984   1.912718   1.900350   1.900211   1.919493   1.919492   1.907945   1.905690   1.900208   1.900351   1.919489   1.907944   1.919488   1.905692   1.909163   1.903778   1.903797   1.903782   1.909168   1.903800   3.132800   -1.054341   1.036106   1.036107   3.132151   -1.060588   -1.054337   1.041707   3.132154   -1.053013   1.050634   3.140414   1.051054   -3.128484   -1.038704   3.127103   -1.052436   1.037345   -1.052987   3.140440   1.050660   3.127130   1.037372   -1.052408   1.051080   -1.038679   -3.128459   
Predicted max step is          0.0007

Gradient in terms of the internal coordinates:
-0.003556   0.007900   -0.010901   -0.011203   0.008025   -0.011169   -0.010901   -0.011787   -0.011721   -0.011741   -0.011784   -0.011794   -0.011694   -0.026369   0.007849   0.003121   -0.026446   0.003211   0.007794   0.002894   0.002602   0.044029   0.043930   0.040200   0.010315   0.002509   0.002987   0.043668   0.040096   0.043620   0.010358   -0.043333   -0.043207   -0.043001   -0.042965   -0.042996   -0.042794   -0.026781   -0.038256   -0.018818   -0.018786   -0.030262   -0.010823   -0.038151   -0.049626   -0.030188   -0.005305   -0.003048   -0.004080   -0.010110   -0.007853   -0.008885   0.005512   0.007769   0.006737   -0.005199   -0.003985   -0.002953   0.005613   0.006827   0.007859   -0.010060   -0.008846   -0.007814   

&& Energy after cycle 8 : -0.08603435 Kcal/mol

                 Value    Threshold    Converged?
GRMS:            0.0739     0.001      No     

                      
::::::::::::::::::::::::::::::::::::::::::::::::::::
:::           Optimization cycle number 9        :::
::::::::::::::::::::::::::::::::::::::::::::::::::::
                 
Potential energy     -0.08603435 Kcal/mol

Gradient in terms of the internal coordinates:
-0.003556   0.007900   -0.010901   -0.011203   0.008025   -0.011169   -0.010901   -0.011787   -0.011721   -0.011741   -0.011784   -0.011794   -0.011694   -0.026369   0.007849   0.003121   -0.026446   0.003211   0.007794   0.002894   0.002602   0.044029   0.043930   0.040200   0.010315   0.002509   0.002987   0.043668   0.040096   0.043620   0.010358   -0.043333   -0.043207   -0.043001   -0.042965   -0.042996   -0.042794   -0.026781   -0.038256   -0.018818   -0.018786   -0.030262   -0.010823   -0.038151   -0.049626   -0.030188   -0.005305   -0.003048   -0.004080   -0.010110   -0.007853   -0.008885   0.005512   0.007769   0.006737   -0.005199   -0.003985   -0.002953   0.005613   0.006827   0.007859   -0.010060   -0.008846   -0.007814   

Predicted update step s_k in internal coordinates:
-0.0000   0.0000   -0.0000   -0.0000   0.0000   -0.0000   -0.0000   -0.0000   -0.0000   -0.0000   -0.0000   -0.0000   -0.0000   -0.0003   0.0001   0.0003   -0.0003   0.0003   0.0001   0.0000   0.0000   0.0002   0.0002   0.0002   -0.0002   0.0000   0.0001   0.0002   0.0002   0.0002   -0.0002   -0.0001   -0.0002   -0.0002   -0.0002   -0.0001   -0.0002   0.0038   0.0039   0.0038   0.0038   0.0039   0.0038   0.0039   0.0040   0.0039   0.0003   0.0004   0.0004   0.0003   0.0004   0.0004   0.0000   0.0001   0.0001   0.0003   0.0003   0.0004   0.0000   0.0001   0.0001   0.0003   0.0004   0.0004   Maximum step is:   0.001464

  
·.·.·.·.·.·.·.·.·.·.·.·.·.·.·.·.
·.·.·. Cartesian fitting  ·.·.·.
·.·.·.·.·.·.·.·.·.·.·.·.·.·.·.·.
  
Iteration number 1
----------------
Current set of internals coordinates
1.5386   1.5348   1.1106   1.1106   1.5348   1.1106   1.1106   1.1104   1.1104   1.1101   1.1104   1.1101   1.1104   1.9324   1.9128   1.9123   1.9324   1.9123   1.9128   1.9004   1.9002   1.9197   1.9197   1.9082   1.9054   1.9002   1.9004   1.9196   1.9082   1.9197   1.9054   1.9090   1.9035   1.9036   1.9036   1.9090   1.9036   3.1366   -1.0504   1.0399   1.0399   3.1361   -1.0568   -1.0504   1.0457   3.1361   -1.0527   1.0510   3.1408   1.0514   -3.1281   -1.0383   3.1271   -1.0523   1.0374   -1.0527   3.1408   1.0510   3.1272   1.0374   -1.0523   1.0514   -1.0383   -3.1281     

                             Value    Threshold    Converged?
 Max change in x:                0.00000     1e-05    YES   


Cartesian fitting is converged. The new set of cartesian coordinates is:
Number  Element          X               Y               Z       
····································································
1           C              -0.5623          0.5250          0.0008
2           C               0.5623         -0.5250          0.0008
3           C              -1.9388         -0.1537         -0.0028
4           C               1.9388          0.1537         -0.0028
5           H              -0.4746          1.1648         -0.9028
6           H              -0.4775          1.1608          0.9075
7           H               0.4776         -1.1609          0.9074
8           H               0.4746         -1.1648         -0.9028
9           H              -2.0492         -0.7834         -0.9108
10          H              -2.0516         -0.7882          0.9016
11          H              -2.7316          0.6232         -0.0019
12          H               2.0492          0.7834         -0.9107
13          H               2.7316         -0.6233         -0.0019
14          H               2.0516          0.7881          0.9016

New set of internals
1.538619   1.534776   1.110616   1.110611   1.534777   1.110611   1.110616   1.110441   1.110442   1.110053   1.110441   1.110053   1.110442   1.932386   1.912822   1.912302   1.932385   1.912303   1.912821   1.900408   1.900248   1.919654   1.919675   1.908184   1.905401   1.900243   1.900411   1.919648   1.908182   1.919669   1.905403   1.909035   1.903550   1.903566   1.903553   1.909041   1.903570   3.136593   -1.050446   1.039904   1.039907   3.136054   -1.056781   -1.050441   1.045706   3.136056   -1.052697   1.051009   3.140765   1.051391   -3.128089   -1.038333   3.127147   -1.052333   1.037423   -1.052682   3.140781   1.051024   3.127164   1.037441   -1.052316   1.051406   -1.038316   -3.128073   
Predicted max step is          0.0015

Gradient in terms of the internal coordinates:
-0.006674   0.013176   -0.035072   -0.035429   0.013406   -0.035313   -0.035071   -0.037226   -0.037111   -0.037129   -0.037233   -0.037303   -0.037040   -0.056606   0.021527   0.016400   -0.056791   0.016569   0.021492   0.011466   0.010222   0.055265   0.055728   0.058210   -0.002606   0.010089   0.011647   0.054777   0.058059   0.055333   -0.002602   -0.054156   -0.058555   -0.058374   -0.058240   -0.053712   -0.058085   -0.013529   -0.026134   -0.005984   -0.005899   -0.018504   0.001646   -0.025962   -0.038568   -0.018417   -0.005755   -0.002229   -0.003738   -0.006919   -0.003392   -0.004902   0.002514   0.006041   0.004532   -0.005688   -0.003664   -0.002175   0.002571   0.004596   0.006085   -0.006894   -0.004870   -0.003381   

&& Energy after cycle 9 : -0.08670677 Kcal/mol

                 Value    Threshold    Converged?
GRMS:            0.0881     0.001      No     

                      
::::::::::::::::::::::::::::::::::::::::::::::::::::
:::           Optimization cycle number 10        :::
::::::::::::::::::::::::::::::::::::::::::::::::::::
                 
Potential energy     -0.08670677 Kcal/mol

Gradient in terms of the internal coordinates:
-0.006674   0.013176   -0.035072   -0.035429   0.013406   -0.035313   -0.035071   -0.037226   -0.037111   -0.037129   -0.037233   -0.037303   -0.037040   -0.056606   0.021527   0.016400   -0.056791   0.016569   0.021492   0.011466   0.010222   0.055265   0.055728   0.058210   -0.002606   0.010089   0.011647   0.054777   0.058059   0.055333   -0.002602   -0.054156   -0.058555   -0.058374   -0.058240   -0.053712   -0.058085   -0.013529   -0.026134   -0.005984   -0.005899   -0.018504   0.001646   -0.025962   -0.038568   -0.018417   -0.005755   -0.002229   -0.003738   -0.006919   -0.003392   -0.004902   0.002514   0.006041   0.004532   -0.005688   -0.003664   -0.002175   0.002571   0.004596   0.006085   -0.006894   -0.004870   -0.003381   

Predicted update step s_k in internal coordinates:
-0.0000   -0.0000   -0.0000   0.0000   -0.0000   0.0000   -0.0000   0.0000   0.0000   0.0000   0.0000   0.0000   0.0000   0.0001   -0.0001   0.0002   0.0001   0.0002   -0.0001   0.0000   -0.0000   -0.0002   -0.0002   -0.0002   -0.0003   -0.0000   0.0000   -0.0002   -0.0002   -0.0002   -0.0003   0.0003   0.0002   0.0002   0.0002   0.0003   0.0002   0.0039   0.0041   0.0038   0.0038   0.0041   0.0037   0.0041   0.0044   0.0041   0.0004   0.0004   0.0004   0.0004   0.0004   0.0004   0.0000   0.0001   0.0001   0.0004   0.0004   0.0004   0.0000   0.0000   0.0000   0.0004   0.0004   0.0004   Maximum step is:   0.001513

  
·.·.·.·.·.·.·.·.·.·.·.·.·.·.·.·.
·.·.·. Cartesian fitting  ·.·.·.
·.·.·.·.·.·.·.·.·.·.·.·.·.·.·.·.
  
Iteration number 1
----------------
Current set of internals coordinates
1.5386   1.5348   1.1106   1.1106   1.5348   1.1106   1.1106   1.1104   1.1104   1.1101   1.1104   1.1101   1.1104   1.9325   1.9128   1.9125   1.9325   1.9125   1.9128   1.9004   1.9003   1.9194   1.9194   1.9080   1.9051   1.9003   1.9004   1.9194   1.9080   1.9194   1.9051   1.9093   1.9038   1.9038   1.9038   1.9093   1.9038   3.1405   -1.0463   1.0437   1.0437   3.1401   -1.0530   -1.0463   1.0500   3.1401   -1.0523   1.0514   3.1412   1.0518   -3.1277   -1.0379   3.1272   -1.0523   1.0375   -1.0523   3.1412   1.0514   3.1272   1.0375   -1.0523   1.0518   -1.0379   -3.1277     

                             Value    Threshold    Converged?
 Max change in x:                0.00000     1e-05    YES   


Cartesian fitting is converged. The new set of cartesian coordinates is:
Number  Element          X               Y               Z       
····································································
1           C              -0.5624          0.5249         -0.0008
2           C               0.5624         -0.5250         -0.0008
3           C              -1.9389         -0.1538         -0.0016
4           C               1.9389          0.1537         -0.0016
5           H              -0.4758          1.1634         -0.9054
6           H              -0.4765          1.1623          0.9047
7           H               0.4765         -1.1624          0.9047
8           H               0.4758         -1.1635         -0.9054
9           H              -2.0501         -0.7850         -0.9084
10          H              -2.0504         -0.7865          0.9041
11          H              -2.7316          0.6234         -0.0011
12          H               2.0500          0.7850         -0.9084
13          H               2.7316         -0.6234         -0.0012
14          H               2.0504          0.7864          0.9041

New set of internals
1.538619   1.534773   1.110615   1.110614   1.534774   1.110614   1.110615   1.110443   1.110444   1.110055   1.110443   1.110055   1.110444   1.932502   1.912754   1.912503   1.932501   1.912504   1.912755   1.900426   1.900269   1.919406   1.919442   1.907999   1.905105   1.900265   1.900430   1.919401   1.907997   1.919439   1.905105   1.909289   1.903762   1.903773   1.903765   1.909293   1.903777   3.140467   -1.046343   1.043726   1.043730   3.140105   -1.053012   -1.046337   1.050039   3.140107   -1.052311   1.051404   3.141157   1.051776   -3.127695   -1.037941   3.127197   -1.052273   1.037480   -1.052308   3.141161   1.051407   3.127203   1.037487   -1.052267   1.051782   -1.037935   -3.127689   
Predicted max step is          0.0015

Gradient in terms of the internal coordinates:
-0.005666   0.010699   -0.034193   -0.034387   0.010893   -0.034273   -0.034192   -0.036096   -0.035985   -0.036030   -0.036106   -0.036200   -0.035918   -0.050880   0.022295   0.018164   -0.051048   0.018304   0.022294   0.010741   0.008550   0.037780   0.038674   0.045023   -0.008656   0.008429   0.010910   0.037426   0.044903   0.038406   -0.008673   -0.036252   -0.043311   -0.043209   -0.043092   -0.035937   -0.042991   -0.000520   -0.010466   0.003796   0.003898   -0.006047   0.008215   -0.010301   -0.020246   -0.005985   -0.005023   -0.001314   -0.002831   -0.002150   0.001559   0.000042   -0.001402   0.002307   0.000790   -0.005017   -0.002802   -0.001313   -0.001387   0.000828   0.002316   -0.002142   0.000073   0.001562   

&& Energy after cycle 10 : -0.08724676 Kcal/mol

                 Value    Threshold    Converged?
GRMS:            0.0642     0.001      No     

                      
::::::::::::::::::::::::::::::::::::::::::::::::::::
:::           Optimization cycle number 11        :::
::::::::::::::::::::::::::::::::::::::::::::::::::::
                 
Potential energy     -0.08724676 Kcal/mol

Gradient in terms of the internal coordinates:
-0.005666   0.010699   -0.034193   -0.034387   0.010893   -0.034273   -0.034192   -0.036096   -0.035985   -0.036030   -0.036106   -0.036200   -0.035918   -0.050880   0.022295   0.018164   -0.051048   0.018304   0.022294   0.010741   0.008550   0.037780   0.038674   0.045023   -0.008656   0.008429   0.010910   0.037426   0.044903   0.038406   -0.008673   -0.036252   -0.043311   -0.043209   -0.043092   -0.035937   -0.042991   -0.000520   -0.010466   0.003796   0.003898   -0.006047   0.008215   -0.010301   -0.020246   -0.005985   -0.005023   -0.001314   -0.002831   -0.002150   0.001559   0.000042   -0.001402   0.002307   0.000790   -0.005017   -0.002802   -0.001313   -0.001387   0.000828   0.002316   -0.002142   0.000073   0.001562   

Predicted update step s_k in internal coordinates:
0.0000   -0.0000   0.0000   0.0000   -0.0000   0.0000   0.0000   0.0000   0.0000   0.0000   0.0000   0.0000   0.0000   0.0003   -0.0002   -0.0000   0.0003   -0.0000   -0.0002   -0.0000   0.0000   -0.0004   -0.0004   -0.0004   -0.0001   0.0000   -0.0000   -0.0004   -0.0004   -0.0004   -0.0001   0.0004   0.0004   0.0004   0.0004   0.0004   0.0004   0.0016   0.0018   0.0015   0.0015   0.0017   0.0014   0.0018   0.0020   0.0017   0.0002   0.0002   0.0002   0.0002   0.0001   0.0001   0.0001   0.0000   0.0000   0.0002   0.0002   0.0002   0.0001   0.0000   -0.0000   0.0002   0.0001   0.0001   Maximum step is:   0.000662

  
·.·.·.·.·.·.·.·.·.·.·.·.·.·.·.·.
·.·.·. Cartesian fitting  ·.·.·.
·.·.·.·.·.·.·.·.·.·.·.·.·.·.·.·.
  
Iteration number 1
----------------
Current set of internals coordinates
1.5386   1.5348   1.1106   1.1106   1.5348   1.1106   1.1106   1.1105   1.1105   1.1101   1.1105   1.1101   1.1105   1.9328   1.9126   1.9125   1.9328   1.9125   1.9126   1.9004   1.9003   1.9190   1.9190   1.9076   1.9050   1.9003   1.9004   1.9190   1.9076   1.9190   1.9050   1.9097   1.9042   1.9042   1.9042   1.9097   1.9042   -3.1411   -1.0446   1.0452   1.0452   -3.1414   -1.0516   -1.0446   1.0520   -3.1414   -1.0521   1.0516   3.1414   1.0520   -3.1276   -1.0378   3.1272   -1.0523   1.0375   -1.0521   3.1414   1.0516   3.1272   1.0375   -1.0523   1.0520   -1.0378   -3.1276     

                             Value    Threshold    Converged?
 Max change in x:                0.00000     1e-05    YES   


Cartesian fitting is converged. The new set of cartesian coordinates is:
Number  Element          X               Y               Z       
····································································
1           C              -0.5625          0.5248         -0.0014
2           C               0.5625         -0.5248         -0.0014
3           C              -1.9391         -0.1539         -0.0011
4           C               1.9391          0.1538         -0.0011
5           H              -0.4764          1.1627         -0.9065
6           H              -0.4762          1.1628          0.9036
7           H               0.4762         -1.1629          0.9035
8           H               0.4764         -1.1628         -0.9065
9           H              -2.0503         -0.7857         -0.9075
10          H              -2.0498         -0.7858          0.9053
11          H              -2.7314          0.6237         -0.0008
12          H               2.0503          0.7857         -0.9075
13          H               2.7314         -0.6237         -0.0009
14          H               2.0498          0.7857          0.9053

New set of internals
1.538620   1.534762   1.110644   1.110644   1.534762   1.110645   1.110644   1.110474   1.110475   1.110087   1.110474   1.110087   1.110475   1.932826   1.912561   1.912472   1.932826   1.912471   1.912563   1.900409   1.900288   1.919013   1.919048   1.907600   1.904998   1.900286   1.900412   1.919011   1.907599   1.919047   1.904998   1.909654   1.904182   1.904188   1.904182   1.909655   1.904189   -3.141145   -1.044560   1.045240   1.045243   -3.141357   -1.051557   -1.044556   1.052029   -3.141356   -1.052085   1.051581   3.141355   1.051954   -3.127565   -1.037791   3.127249   -1.052270   1.037504   -1.052087   3.141354   1.051579   3.127250   1.037506   -1.052269   1.051956   -1.037789   -3.127563   
Predicted max step is          0.0007

Gradient in terms of the internal coordinates:
-0.002176   0.003719   -0.013678   -0.013664   0.003788   -0.013619   -0.013678   -0.014339   -0.014278   -0.014318   -0.014344   -0.014386   -0.014252   -0.019525   0.011208   0.008826   -0.019588   0.008868   0.011227   0.003424   0.001145   0.010317   0.011133   0.015650   -0.005071   0.001077   0.003505   0.010207   0.015604   0.011066   -0.005083   -0.008889   -0.014314   -0.014269   -0.014256   -0.008796   -0.014195   0.004038   -0.001270   0.004814   0.004888   -0.000420   0.005665   -0.001174   -0.006482   -0.000397   -0.003453   -0.000836   -0.001867   0.000481   0.003098   0.002067   -0.002983   -0.000366   -0.001398   -0.003482   -0.001872   -0.000862   -0.002983   -0.001373   -0.000363   0.000488   0.002099   0.003108   

&& Energy after cycle 11 : -0.08744484 Kcal/mol

                 Value    Threshold    Converged?
GRMS:            0.0230     0.001      No     

                      
::::::::::::::::::::::::::::::::::::::::::::::::::::
:::           Optimization cycle number 12        :::
::::::::::::::::::::::::::::::::::::::::::::::::::::
                 
Potential energy     -0.08744484 Kcal/mol

Gradient in terms of the internal coordinates:
-0.002176   0.003719   -0.013678   -0.013664   0.003788   -0.013619   -0.013678   -0.014339   -0.014278   -0.014318   -0.014344   -0.014386   -0.014252   -0.019525   0.011208   0.008826   -0.019588   0.008868   0.011227   0.003424   0.001145   0.010317   0.011133   0.015650   -0.005071   0.001077   0.003505   0.010207   0.015604   0.011066   -0.005083   -0.008889   -0.014314   -0.014269   -0.014256   -0.008796   -0.014195   0.004038   -0.001270   0.004814   0.004888   -0.000420   0.005665   -0.001174   -0.006482   -0.000397   -0.003453   -0.000836   -0.001867   0.000481   0.003098   0.002067   -0.002983   -0.000366   -0.001398   -0.003482   -0.001872   -0.000862   -0.002983   -0.001373   -0.000363   0.000488   0.002099   0.003108   

Predicted update step s_k in internal coordinates:
0.0000   -0.0000   0.0000   0.0000   -0.0000   0.0000   0.0000   0.0000   0.0000   0.0000   0.0000   0.0000   0.0000   0.0002   -0.0001   -0.0001   0.0002   -0.0001   -0.0001   -0.0000   0.0000   -0.0002   -0.0002   -0.0002   0.0000   0.0000   -0.0000   -0.0001   -0.0002   -0.0002   0.0000   0.0001   0.0002   0.0002   0.0002   0.0001   0.0002   -0.0002   -0.0001   -0.0002   -0.0002   -0.0001   -0.0002   -0.0001   0.0000   -0.0001   0.0001   0.0000   0.0000   -0.0000   -0.0001   -0.0000   0.0000   -0.0000   0.0000   0.0001   0.0000   0.0000   0.0000   0.0000   -0.0000   -0.0000   -0.0000   -0.0001   Maximum step is:   0.000098

  
·.·.·.·.·.·.·.·.·.·.·.·.·.·.·.·.
·.·.·. Cartesian fitting  ·.·.·.
·.·.·.·.·.·.·.·.·.·.·.·.·.·.·.·.
  
Iteration number 1
----------------
Current set of internals coordinates
1.5386   1.5348   1.1107   1.1107   1.5348   1.1107   1.1107   1.1105   1.1105   1.1101   1.1105   1.1101   1.1105   1.9330   1.9124   1.9124   1.9330   1.9124   1.9124   1.9004   1.9003   1.9189   1.9189   1.9074   1.9050   1.9003   1.9004   1.9189   1.9074   1.9189   1.9050   1.9098   1.9044   1.9044   1.9044   1.9098   1.9044   -3.1413   -1.0446   1.0451   1.0451   -3.1414   -1.0517   -1.0446   1.0520   -3.1414   -1.0520   1.0516   3.1414   1.0519   -3.1276   -1.0378   3.1273   -1.0523   1.0375   -1.0520   3.1414   1.0516   3.1273   1.0375   -1.0523   1.0520   -1.0378   -3.1276     

                             Value    Threshold    Converged?
 Max change in x:                0.00000     1e-05    YES   


Cartesian fitting is converged. The new set of cartesian coordinates is:
Number  Element          X               Y               Z       
····································································
1           C              -0.5626          0.5247         -0.0013
2           C               0.5626         -0.5248         -0.0014
3           C              -1.9392         -0.1539         -0.0011
4           C               1.9392          0.1538         -0.0011
5           H              -0.4764          1.1627         -0.9064
6           H              -0.4763          1.1627          0.9037
7           H               0.4763         -1.1628          0.9037
8           H               0.4764         -1.1627         -0.9064
9           H              -2.0501         -0.7857         -0.9076
10          H              -2.0498         -0.7859          0.9053
11          H              -2.7313          0.6238         -0.0009
12          H               2.0501          0.7856         -0.9076
13          H               2.7313         -0.6239         -0.0009
14          H               2.0498          0.7858          0.9053

New set of internals
1.538621   1.534756   1.110661   1.110661   1.534756   1.110661   1.110661   1.110492   1.110492   1.110105   1.110492   1.110105   1.110492   1.932986   1.912441   1.912385   1.932986   1.912384   1.912442   1.900403   1.900318   1.918861   1.918887   1.907416   1.905023   1.900317   1.900404   1.918860   1.907416   1.918887   1.905023   1.909778   1.904372   1.904375   1.904371   1.909778   1.904376   -3.141306   -1.044637   1.045065   1.045067   -3.141449   -1.051747   -1.044635   1.052034   -3.141449   -1.052036   1.051585   3.141377   1.051949   -3.127615   -1.037823   3.127287   -1.052278   1.037515   -1.052037   3.141377   1.051584   3.127288   1.037517   -1.052276   1.051951   -1.037821   -3.127613   
Predicted max step is          0.0001

Gradient in terms of the internal coordinates:
-0.000578   0.000298   -0.001785   -0.001726   0.000304   -0.001720   -0.001785   -0.001813   -0.001783   -0.001796   -0.001814   -0.001805   -0.001779   -0.002511   0.003591   0.002224   -0.002518   0.002218   0.003611   -0.000237   -0.001982   -0.000210   0.000323   0.001847   -0.001131   -0.002015   -0.000208   -0.000218   0.001839   0.000331   -0.001134   0.001200   -0.001611   -0.001576   -0.001616   0.001203   -0.001566   0.002740   0.000079   0.002260   0.002304   -0.000357   0.001824   0.000128   -0.002533   -0.000352   -0.002339   -0.000781   -0.001376   0.000391   0.001948   0.001353   -0.002259   -0.000701   -0.001296   -0.002367   -0.001388   -0.000805   -0.002254   -0.001275   -0.000692   0.000401   0.001381   0.001963   

&& Energy after cycle 12 : -0.08746953 Kcal/mol

                 Value    Threshold    Converged?
GRMS:            0.0058     0.001      No     

                      
::::::::::::::::::::::::::::::::::::::::::::::::::::
:::           Optimization cycle number 13        :::
::::::::::::::::::::::::::::::::::::::::::::::::::::
                 
Potential energy     -0.08746953 Kcal/mol

Gradient in terms of the internal coordinates:
-0.000578   0.000298   -0.001785   -0.001726   0.000304   -0.001720   -0.001785   -0.001813   -0.001783   -0.001796   -0.001814   -0.001805   -0.001779   -0.002511   0.003591   0.002224   -0.002518   0.002218   0.003611   -0.000237   -0.001982   -0.000210   0.000323   0.001847   -0.001131   -0.002015   -0.000208   -0.000218   0.001839   0.000331   -0.001134   0.001200   -0.001611   -0.001576   -0.001616   0.001203   -0.001566   0.002740   0.000079   0.002260   0.002304   -0.000357   0.001824   0.000128   -0.002533   -0.000352   -0.002339   -0.000781   -0.001376   0.000391   0.001948   0.001353   -0.002259   -0.000701   -0.001296   -0.002367   -0.001388   -0.000805   -0.002254   -0.001275   -0.000692   0.000401   0.001381   0.001963   

Predicted update step s_k in internal coordinates:
0.0000   -0.0000   0.0000   0.0000   -0.0000   0.0000   0.0000   0.0000   0.0000   0.0000   0.0000   0.0000   0.0000   0.0000   -0.0000   -0.0000   0.0000   -0.0000   -0.0000   0.0000   0.0000   -0.0000   -0.0000   -0.0000   0.0000   0.0000   0.0000   -0.0000   -0.0000   -0.0000   0.0000   0.0000   0.0000   0.0000   0.0000   0.0000   0.0000   -0.0002   -0.0002   -0.0002   -0.0002   -0.0002   -0.0002   -0.0002   -0.0001   -0.0002   0.0000   -0.0000   0.0000   -0.0000   -0.0000   -0.0000   0.0000   0.0000   0.0000   0.0000   0.0000   -0.0000   0.0000   0.0000   0.0000   -0.0000   -0.0000   -0.0000   Maximum step is:   0.000065

  
·.·.·.·.·.·.·.·.·.·.·.·.·.·.·.·.
·.·.·. Cartesian fitting  ·.·.·.
·.·.·.·.·.·.·.·.·.·.·.·.·.·.·.·.
  
Iteration number 1
----------------
Current set of internals coordinates
1.5386   1.5348   1.1107   1.1107   1.5348   1.1107   1.1107   1.1105   1.1105   1.1101   1.1105   1.1101   1.1105   1.9330   1.9124   1.9124   1.9330   1.9124   1.9124   1.9004   1.9003   1.9188   1.9189   1.9074   1.9050   1.9003   1.9004   1.9188   1.9074   1.9189   1.9050   1.9098   1.9044   1.9044   1.9044   1.9098   1.9044   -3.1415   -1.0448   1.0449   1.0449   3.1416   -1.0519   -1.0448   1.0519   3.1416   -1.0520   1.0516   3.1414   1.0519   -3.1277   -1.0379   3.1273   -1.0523   1.0375   -1.0520   3.1414   1.0516   3.1273   1.0375   -1.0523   1.0519   -1.0378   -3.1277     

                             Value    Threshold    Converged?
 Max change in x:                0.00000     1e-05    YES   


Cartesian fitting is converged. The new set of cartesian coordinates is:
Number  Element          X               Y               Z       
····································································
1           C              -0.5626          0.5247         -0.0012
2           C               0.5626         -0.5248         -0.0013
3           C              -1.9392         -0.1539         -0.0012
4           C               1.9392          0.1538         -0.0012
5           H              -0.4763          1.1627         -0.9063
6           H              -0.4763          1.1626          0.9038
7           H               0.4763         -1.1627          0.9038
8           H               0.4763         -1.1627         -0.9063
9           H              -2.0501         -0.7856         -0.9077
10          H              -2.0499         -0.7860          0.9052
11          H              -2.7313          0.6238         -0.0009
12          H               2.0501          0.7856         -0.9077
13          H               2.7313         -0.6239         -0.0010
14          H               2.0499          0.7859          0.9052

New set of internals
1.538622   1.534756   1.110664   1.110664   1.534756   1.110664   1.110664   1.110495   1.110495   1.110108   1.110495   1.110108   1.110495   1.933013   1.912396   1.912352   1.933013   1.912351   1.912397   1.900407   1.900347   1.918848   1.918868   1.907388   1.905041   1.900346   1.900408   1.918848   1.907388   1.918868   1.905041   1.909775   1.904404   1.904406   1.904404   1.909775   1.904406   -3.141497   -1.044796   1.044881   1.044883   3.141584   -1.051925   -1.044794   1.051907   3.141584   -1.052015   1.051582   3.141383   1.051934   -3.127653   -1.037852   3.127313   -1.052275   1.037527   -1.052015   3.141384   1.051582   3.127315   1.037529   -1.052273   1.051936   -1.037850   -3.127651   
Predicted max step is          0.0001

Gradient in terms of the internal coordinates:
-0.000288   -0.000223   0.000417   0.000467   -0.000226   0.000465   0.000416   0.000477   0.000498   0.000495   0.000477   0.000497   0.000497   0.000519   0.001349   0.000420   0.000521   0.000406   0.001365   -0.000491   -0.001752   -0.001051   -0.000698   -0.000453   -0.000076   -0.001772   -0.000476   -0.001047   -0.000454   -0.000685   -0.000076   0.001681   0.000252   0.000283   0.000241   0.001675   0.000283   0.001602   -0.000008   0.000984   0.001014   -0.000595   0.000397   0.000024   -0.001586   -0.000594   -0.001738   -0.000766   -0.001125   -0.000063   0.000909   0.000550   -0.001454   -0.000482   -0.000842   -0.001758   -0.001135   -0.000783   -0.001447   -0.000823   -0.000472   -0.000052   0.000571   0.000923   

&& Energy after cycle 13 : -0.08747138 Kcal/mol

                 Value    Threshold    Converged?
GRMS:            0.0029     0.001      No     

                      
::::::::::::::::::::::::::::::::::::::::::::::::::::
:::           Optimization cycle number 14        :::
::::::::::::::::::::::::::::::::::::::::::::::::::::
                 
Potential energy     -0.08747138 Kcal/mol

Gradient in terms of the internal coordinates:
-0.000288   -0.000223   0.000417   0.000467   -0.000226   0.000465   0.000416   0.000477   0.000498   0.000495   0.000477   0.000497   0.000497   0.000519   0.001349   0.000420   0.000521   0.000406   0.001365   -0.000491   -0.001752   -0.001051   -0.000698   -0.000453   -0.000076   -0.001772   -0.000476   -0.001047   -0.000454   -0.000685   -0.000076   0.001681   0.000252   0.000283   0.000241   0.001675   0.000283   0.001602   -0.000008   0.000984   0.001014   -0.000595   0.000397   0.000024   -0.001586   -0.000594   -0.001738   -0.000766   -0.001125   -0.000063   0.000909   0.000550   -0.001454   -0.000482   -0.000842   -0.001758   -0.001135   -0.000783   -0.001447   -0.000823   -0.000472   -0.000052   0.000571   0.000923   

Predicted update step s_k in internal coordinates:
0.0000   0.0000   0.0000   0.0000   0.0000   0.0000   0.0000   0.0000   0.0000   0.0000   0.0000   0.0000   0.0000   0.0000   -0.0000   -0.0000   0.0000   -0.0000   -0.0000   0.0000   0.0000   0.0000   0.0000   -0.0000   0.0000   0.0000   0.0000   0.0000   -0.0000   0.0000   0.0000   -0.0000   0.0000   0.0000   0.0000   -0.0000   0.0000   -0.0001   -0.0000   -0.0001   -0.0001   -0.0000   -0.0001   -0.0000   -0.0000   -0.0000   0.0000   0.0000   0.0000   -0.0000   -0.0000   -0.0000   0.0000   0.0000   0.0000   0.0000   0.0000   0.0000   0.0000   0.0000   0.0000   -0.0000   -0.0000   -0.0000   Maximum step is:   0.000023

  
·.·.·.·.·.·.·.·.·.·.·.·.·.·.·.·.
·.·.·. Cartesian fitting  ·.·.·.
·.·.·.·.·.·.·.·.·.·.·.·.·.·.·.·.
  
Iteration number 1
----------------
Current set of internals coordinates
1.5386   1.5348   1.1107   1.1107   1.5348   1.1107   1.1107   1.1105   1.1105   1.1101   1.1105   1.1101   1.1105   1.9330   1.9124   1.9123   1.9330   1.9123   1.9124   1.9004   1.9004   1.9189   1.9189   1.9074   1.9050   1.9004   1.9004   1.9189   1.9074   1.9189   1.9050   1.9098   1.9044   1.9044   1.9044   1.9098   1.9044   -3.1416   -1.0448   1.0448   1.0448   3.1415   -1.0520   -1.0448   1.0519   3.1415   -1.0520   1.0516   3.1414   1.0519   -3.1277   -1.0379   3.1273   -1.0523   1.0375   -1.0520   3.1414   1.0516   3.1273   1.0375   -1.0523   1.0519   -1.0379   -3.1277     

                             Value    Threshold    Converged?
 Max change in x:                0.00000     1e-05    YES   


Cartesian fitting is converged. The new set of cartesian coordinates is:
Number  Element          X               Y               Z       
····································································
1           C              -0.5626          0.5247         -0.0012
2           C               0.5626         -0.5248         -0.0012
3           C              -1.9392         -0.1539         -0.0012
4           C               1.9392          0.1538         -0.0012
5           H              -0.4763          1.1627         -0.9062
6           H              -0.4763          1.1626          0.9039
7           H               0.4763         -1.1627          0.9038
8           H               0.4763         -1.1627         -0.9063
9           H              -2.0500         -0.7856         -0.9078
10          H              -2.0499         -0.7860          0.9051
11          H              -2.7313          0.6238         -0.0010
12          H               2.0500          0.7856         -0.9077
13          H               2.7313         -0.6239         -0.0010
14          H               2.0499          0.7859          0.9051

New set of internals
1.538623   1.534756   1.110664   1.110665   1.534756   1.110665   1.110664   1.110495   1.110496   1.110108   1.110495   1.110108   1.110496   1.933016   1.912367   1.912339   1.933016   1.912339   1.912368   1.900412   1.900375   1.918853   1.918869   1.907387   1.905048   1.900374   1.900413   1.918853   1.907387   1.918869   1.905048   1.909757   1.904411   1.904412   1.904411   1.909757   1.904412   -3.141572   -1.044842   1.044817   1.044818   3.141548   -1.051978   -1.044841   1.051888   3.141548   -1.051986   1.051593   3.141401   1.051933   -3.127673   -1.037865   3.127339   -1.052268   1.037541   -1.051986   3.141402   1.051594   3.127340   1.037543   -1.052266   1.051935   -1.037863   -3.127671   
Predicted max step is          0.0000

Gradient in terms of the internal coordinates:
-0.000114   -0.000218   0.000653   0.000685   -0.000221   0.000683   0.000653   0.000701   0.000715   0.000715   0.000701   0.000719   0.000714   0.000857   0.000316   -0.000247   0.000860   -0.000259   0.000328   -0.000158   -0.000954   -0.000635   -0.000421   -0.000766   0.000174   -0.000964   -0.000151   -0.000632   -0.000765   -0.000413   0.000174   0.000938   0.000437   0.000458   0.000431   0.000934   0.000457   0.000879   0.000057   0.000313   0.000332   -0.000490   -0.000235   0.000076   -0.000746   -0.000491   -0.001202   -0.000710   -0.000878   -0.000381   0.000111   -0.000057   -0.000817   -0.000324   -0.000492   -0.001214   -0.000884   -0.000720   -0.000809   -0.000479   -0.000315   -0.000372   -0.000042   0.000122   

&& Energy after cycle 14 : -0.08747192 Kcal/mol

                 Value    Threshold    Converged?
GRMS:            0.0014     0.001      No     

                      
::::::::::::::::::::::::::::::::::::::::::::::::::::
:::           Optimization cycle number 15        :::
::::::::::::::::::::::::::::::::::::::::::::::::::::
                 
Potential energy     -0.08747192 Kcal/mol

Gradient in terms of the internal coordinates:
-0.000114   -0.000218   0.000653   0.000685   -0.000221   0.000683   0.000653   0.000701   0.000715   0.000715   0.000701   0.000719   0.000714   0.000857   0.000316   -0.000247   0.000860   -0.000259   0.000328   -0.000158   -0.000954   -0.000635   -0.000421   -0.000766   0.000174   -0.000964   -0.000151   -0.000632   -0.000765   -0.000413   0.000174   0.000938   0.000437   0.000458   0.000431   0.000934   0.000457   0.000879   0.000057   0.000313   0.000332   -0.000490   -0.000235   0.000076   -0.000746   -0.000491   -0.001202   -0.000710   -0.000878   -0.000381   0.000111   -0.000057   -0.000817   -0.000324   -0.000492   -0.001214   -0.000884   -0.000720   -0.000809   -0.000479   -0.000315   -0.000372   -0.000042   0.000122   

Predicted update step s_k in internal coordinates:
0.0000   0.0000   -0.0000   -0.0000   0.0000   -0.0000   -0.0000   -0.0000   -0.0000   -0.0000   -0.0000   -0.0000   -0.0000   -0.0000   -0.0000   -0.0000   -0.0000   -0.0000   -0.0000   0.0000   0.0000   0.0000   0.0000   0.0000   0.0000   0.0000   0.0000   0.0000   0.0000   0.0000   0.0000   -0.0000   0.0000   -0.0000   0.0000   -0.0000   -0.0000   -0.0000   0.0000   -0.0000   -0.0000   0.0000   0.0000   0.0000   0.0000   0.0000   0.0000   0.0000   0.0000   0.0000   -0.0000   -0.0000   0.0000   0.0000   0.0000   0.0000   0.0000   0.0000   0.0000   0.0000   0.0000   0.0000   -0.0000   -0.0000   Maximum step is:   0.000016

  
·.·.·.·.·.·.·.·.·.·.·.·.·.·.·.·.
·.·.·. Cartesian fitting  ·.·.·.
·.·.·.·.·.·.·.·.·.·.·.·.·.·.·.·.
  
Iteration number 1
----------------
Current set of internals coordinates
1.5386   1.5348   1.1107   1.1107   1.5348   1.1107   1.1107   1.1105   1.1105   1.1101   1.1105   1.1101   1.1105   1.9330   1.9123   1.9123   1.9330   1.9123   1.9123   1.9004   1.9004   1.9189   1.9189   1.9074   1.9050   1.9004   1.9004   1.9189   1.9074   1.9189   1.9050   1.9097   1.9044   1.9044   1.9044   1.9097   1.9044   3.1416   -1.0448   1.0448   1.0448   3.1416   -1.0520   -1.0448   1.0519   3.1416   -1.0519   1.0516   3.1414   1.0519   -3.1277   -1.0379   3.1274   -1.0523   1.0376   -1.0519   3.1414   1.0516   3.1274   1.0376   -1.0523   1.0519   -1.0379   -3.1277     

                             Value    Threshold    Converged?
 Max change in x:                0.00000     1e-05    YES   


Cartesian fitting is converged. The new set of cartesian coordinates is:
Number  Element          X               Y               Z       
····································································
1           C              -0.5626          0.5247         -0.0012
2           C               0.5626         -0.5248         -0.0012
3           C              -1.9392         -0.1539         -0.0012
4           C               1.9392          0.1538         -0.0012
5           H              -0.4763          1.1627         -0.9062
6           H              -0.4763          1.1626          0.9039
7           H               0.4763         -1.1627          0.9038
8           H               0.4763         -1.1627         -0.9063
9           H              -2.0500         -0.7856         -0.9077
10          H              -2.0499         -0.7860          0.9051
11          H              -2.7313          0.6238         -0.0010
12          H               2.0500          0.7856         -0.9077
13          H               2.7313         -0.6239         -0.0011
14          H               2.0499          0.7859          0.9051

New set of internals
1.538624   1.534756   1.110664   1.110664   1.534756   1.110664   1.110664   1.110495   1.110495   1.110108   1.110495   1.110108   1.110495   1.933013   1.912343   1.912336   1.933013   1.912335   1.912343   1.900414   1.900402   1.918862   1.918872   1.907394   1.905049   1.900402   1.900414   1.918862   1.907394   1.918872   1.905049   1.909737   1.904413   1.904412   1.904413   1.909737   1.904412   3.141589   -1.044836   1.044808   1.044809   3.141569   -1.051972   -1.044836   1.051925   3.141569   -1.051946   1.051616   3.141430   1.051943   -3.127681   -1.037866   3.127367   -1.052256   1.037558   -1.051945   3.141431   1.051617   3.127369   1.037560   -1.052255   1.051944   -1.037865   -3.127680   
Predicted max step is          0.0000

Gradient in terms of the internal coordinates:
0.000048   -0.000072   0.000314   0.000326   -0.000074   0.000325   0.000314   0.000324   0.000331   0.000331   0.000324   0.000333   0.000331   0.000431   -0.000320   -0.000491   0.000432   -0.000499   -0.000314   0.000258   -0.000020   -0.000029   0.000053   -0.000490   0.000147   -0.000022   0.000260   -0.000029   -0.000488   0.000054   0.000148   0.000006   0.000230   0.000233   0.000228   0.000006   0.000233   0.000277   0.000201   -0.000116   -0.000109   -0.000185   -0.000502   0.000207   0.000131   -0.000186   -0.000625   -0.000602   -0.000587   -0.000588   -0.000565   -0.000549   -0.000272   -0.000249   -0.000234   -0.000628   -0.000589   -0.000605   -0.000266   -0.000226   -0.000243   -0.000582   -0.000542   -0.000559   

&& Energy after cycle 15 : -0.08747223 Kcal/mol

                 Value    Threshold    Converged?
 GRMS                 0.0010     0.001    YES   

·····································
····   OPTIMIZATION CONVERGED    ····
·····································


                         FINAL STRUCTURE:
Number  Element          X               Y               Z       
····································································
1           C            -0.562589        0.524695       -0.001200
2           C             0.562589       -0.524752       -0.001228
3           C            -1.939176       -0.153894       -0.001209
4           C             1.939176        0.153836       -0.001224
5           H            -0.476271        1.162682       -0.906240
6           H            -0.476269        1.162625        0.903879
7           H             0.476279       -1.162719        0.903827
8           H             0.476261       -1.162702       -0.906292
9           H            -2.050033       -0.785650       -0.907737
10          H            -2.049904       -0.785961        0.905118
11          H            -2.731323        0.623823       -0.001019
12          H             2.050023        0.785631       -0.907728
13          H             2.731323       -0.623880       -0.001076
14          H             2.049915        0.785866        0.905128
&& FINAL ENERGY:  -0.08747223 Kcal/mol
