==================================================
      OPTIMIZATION IN CARTESIAN COORDINATES        
      Program by Cristina Sobrino Fernández        
==================================================

Initial geometry (Å)
C       -0.756000        0.050000        0.000000
C        0.756000        0.000000        0.050000
H       -1.140400        0.658600        0.784500
H       -1.140400        0.350100       -0.962600
H       -1.140500       -1.008700        0.478100
H        1.140400       -0.350100        0.962600
H        1.140500        1.008700       -0.178100
H        1.140400       -0.658600       -0.784500

Initial gradient (Kcal/mol/Å)
C       15.765592      100.580510      -63.822473
C       -4.981891       -8.437254       62.742611
H        5.897132      -33.348572      -14.414463
H       10.897117       -0.119104       19.989371
H      -21.644552      -60.794709       51.277924
H      -11.320955       11.843371      -38.938717
H       -1.939487       -5.444313       -4.268389
H        7.327045       -4.279929      -12.565863

Potential energy at input structure       10.992616 Kcal/mol

······························
······· Cycle number 1 ·······
······························

Predicted structure change

C       -0.052552       -0.335268        0.212742
C        0.016606        0.028124       -0.209142
H       -0.019657        0.111162        0.048048
H       -0.036324        0.000397       -0.066631
H        0.072149        0.202649       -0.170926
H        0.037737       -0.039478        0.129796
H        0.006465        0.018148        0.014228
H       -0.024423        0.014266        0.041886

Line search:
------------
alpha          0.8000 Energy    120.58214346
alpha          0.6400 Energy     68.31593638
alpha          0.5120 Energy     37.46288409
alpha          0.4096 Energy     19.81013868
alpha          0.3277 Energy     10.17231733
alpha          0.2621 Energy      5.31811830

New structure (Å)
C       -0.769776       -0.037889        0.055769
C        0.760353        0.007373       -0.004825
H       -1.145553        0.687740        0.797096
H       -1.149922        0.350204       -0.980067
H       -1.121587       -0.955577        0.433293
H        1.150292       -0.360449        0.996625
H        1.142195        1.013457       -0.174370
H        1.133998       -0.654860       -0.773520

New gradient (Kcal/mol/Å)
C       -4.526428      -66.915602       41.643797
C        1.503545       14.171374      -41.851462
H       -4.256590       -6.144623       -3.226113
H       -5.850714       26.488540      -34.977075
H       14.464665       41.678732        2.837267
H        5.064650       -7.053750       15.832455
H       -1.430225      -14.460041        4.272312
H       -4.968904       12.235370       15.468818

Energy:      5.31811830
                 Value    Threshold    Converged?
GRMS:           23.3953     0.001      No     

······························
······· Cycle number 2 ·······
······························

Predicted structure change

C       -0.007174        0.035376       -0.020705
C        0.002111       -0.021223        0.022300
H        0.002785        0.048706        0.022269
H        0.000848       -0.056377        0.053274
H       -0.007751       -0.024011       -0.060790
H        0.001281        0.002404        0.007793
H        0.005121        0.036657       -0.004557
H        0.002778       -0.021531       -0.019584

Line search:
------------
alpha          0.8000 Energy      1.40941361

New structure (Å)
C       -0.775515       -0.009588        0.039205
C        0.762042       -0.009606        0.013015
H       -1.143325        0.726705        0.814911
H       -1.149243        0.305102       -0.937448
H       -1.127787       -0.974786        0.384661
H        1.151317       -0.358525        1.002859
H        1.146292        1.042783       -0.178016
H        1.136220       -0.672085       -0.789187

New gradient (Kcal/mol/Å)
C      -12.121371      -28.905949      -27.668067
C       -5.940428      -18.981412       -5.908238
H       -7.555635        6.704309       11.370132
H        7.843718        2.843176       12.071331
H        7.764203       19.618670        5.279640
H        2.298013       -1.653312        5.827560
H        7.469320       16.785720       -2.448882
H        0.242179        3.588798        1.476523

Energy:      1.40941361
                 Value    Threshold    Converged?
GRMS:           12.0741     0.001      No     

······························
······· Cycle number 3 ·······
······························

Predicted structure change

C        0.028590        0.098778        0.082602
C        0.021378        0.043385        0.023915
H        0.024706        0.026717       -0.013920
H       -0.026099       -0.055940        0.002554
H       -0.026198       -0.068611       -0.078034
H       -0.003737        0.004689       -0.003533
H       -0.018665       -0.020718        0.004746
H        0.000024       -0.028299       -0.018330

Line search:
------------
alpha          0.8000 Energy      6.32364652
alpha          0.6400 Energy      3.22625183
alpha          0.5120 Energy      1.53372724
alpha          0.4096 Energy      0.67081448

New structure (Å)
C       -0.763805        0.030871        0.073039
C        0.770798        0.008164        0.022811
H       -1.133205        0.737648        0.809209
H       -1.159934        0.282189       -0.936402
H       -1.138518       -1.002889        0.352698
H        1.149787       -0.356605        1.001412
H        1.138647        1.034297       -0.176072
H        1.136230       -0.683677       -0.796695

New gradient (Kcal/mol/Å)
C        0.725323       33.196732       12.510559
C       -1.198058        9.662390        8.461081
H        3.405486      -12.965867      -11.435669
H       -0.581270       -2.291779       -2.662817
H       -6.209755      -15.289260        4.608796
H       -1.314873       -2.210751        0.376117
H       -1.567046       -1.052440       -0.309656
H        6.740194       -9.049024      -11.548412

Energy:      0.67081448
                 Value    Threshold    Converged?
GRMS:            9.8177     0.001      No     

······························
······· Cycle number 4 ·······
······························

Predicted structure change

C        0.012104       -0.021978       -0.014058
C        0.006569       -0.004846        0.000533
H        0.000832        0.013935        0.010476
H       -0.003441        0.001952       -0.000912
H        0.001511        0.001783       -0.003913
H       -0.001569        0.008243       -0.013478
H       -0.003656       -0.013328        0.001879
H       -0.012350        0.014239        0.019472

Line search:
------------
alpha          0.8000 Energy      0.19630117

New structure (Å)
C       -0.754121        0.013289        0.061793
C        0.776054        0.004287        0.023237
H       -1.132540        0.748796        0.817590
H       -1.162687        0.283751       -0.937131
H       -1.137309       -1.001463        0.349568
H        1.148531       -0.350010        0.990630
H        1.135722        1.023635       -0.174569
H        1.126350       -0.672286       -0.781117

New gradient (Kcal/mol/Å)
C       11.644035        3.888952       -5.918187
C        8.919905        2.640118        6.157425
H       -5.109092        3.771545        4.476138
H       -1.912332       -0.190036       -1.206974
H       -4.407817       -6.608624        3.773507
H       -5.110218        1.859467       -8.962682
H       -3.608777       -6.993827        1.094377
H       -0.415704        1.632404        0.586395

Energy:      0.19630117
                 Value    Threshold    Converged?
GRMS:            5.1204     0.001      No     

······························
······· Cycle number 5 ·······
······························

Predicted structure change

C       -0.021295       -0.008538       -0.000077
C       -0.020073       -0.009803       -0.007633
H        0.014018       -0.008179       -0.008509
H        0.004598        0.002830        0.004012
H        0.009295        0.010308       -0.003219
H        0.010652        0.000880        0.010711
H        0.006988        0.009579       -0.002305
H       -0.004182        0.002923        0.007019

Line search:
------------
alpha          0.8000 Energy      0.09065462

New structure (Å)
C       -0.771157        0.006459        0.061731
C        0.759996       -0.003555        0.017131
H       -1.121326        0.742253        0.810782
H       -1.159008        0.286015       -0.933922
H       -1.129873       -0.993216        0.346993
H        1.157053       -0.349306        0.999198
H        1.141312        1.031298       -0.176412
H        1.123004       -0.669947       -0.775502

New gradient (Kcal/mol/Å)
C       -6.231381       -4.183407       -0.143786
C       -2.963114      -12.778198      -10.053561
H        0.121603       -1.464627       -1.912147
H        2.421143       -0.420537        3.320664
H        3.252767        6.905471        0.170273
H        1.380391       -0.703659        2.484155
H        3.321483        6.018021       -0.116617
H       -1.302891        6.626936        6.251019

Energy:      0.09065462
                 Value    Threshold    Converged?
GRMS:            4.7923     0.001      No     

······························
······· Cycle number 6 ·······
······························

Predicted structure change

C        0.000422       -0.004312       -0.001817
C       -0.001955        0.017200        0.012474
H        0.001964        0.004594        0.004550
H       -0.001783        0.000053       -0.001509
H       -0.000689       -0.002861       -0.005201
H        0.002000       -0.000080        0.003636
H       -0.001897       -0.001932       -0.001103
H        0.001938       -0.012662       -0.011030

Line search:
------------
alpha          0.8000 Energy      0.09969035
alpha          0.6400 Energy      0.02833965

New structure (Å)
C       -0.770887        0.003700        0.060569
C        0.758744        0.007453        0.025114
H       -1.120069        0.745193        0.813694
H       -1.160149        0.286049       -0.934887
H       -1.130314       -0.995047        0.343665
H        1.158333       -0.349358        1.001526
H        1.140098        1.030061       -0.177118
H        1.124245       -0.678051       -0.782561

New gradient (Kcal/mol/Å)
C       -3.943162      -10.305574       -3.425750
C       -6.989663        7.323697        3.643576
H       -0.425548        1.859888        1.017880
H        1.840830       -0.121155        2.829370
H        3.112017        7.731835       -0.244278
H        1.479591       -2.039934        1.497018
H        1.320685       -0.610245        0.002507
H        3.605249       -3.838512       -5.320323

Energy:      0.02833965
                 Value    Threshold    Converged?
GRMS:            4.0907     0.001      No     

······························
······· Cycle number 7 ·······
······························

Predicted structure change

C        0.009117        0.011293        0.004938
C        0.015601       -0.003453       -0.000631
H       -0.001238        0.004678        0.005376
H       -0.005285       -0.001287       -0.005571
H       -0.006420       -0.014395       -0.006304
H       -0.002363        0.003120        0.000957
H       -0.003959        0.001850       -0.000663
H       -0.005451       -0.001806        0.001898

Line search:
------------
alpha          0.8000 Energy     -0.05818267

New structure (Å)
C       -0.763593        0.012734        0.064519
C        0.771225        0.004690        0.024609
H       -1.121059        0.748936        0.817995
H       -1.164377        0.285019       -0.939344
H       -1.135451       -1.006563        0.338621
H        1.156442       -0.346862        1.002291
H        1.136930        1.031541       -0.177649
H        1.119884       -0.679496       -0.781042

New gradient (Kcal/mol/Å)
C        2.341552        5.208471        1.208122
C        4.454869        1.504524        2.200066
H       -1.044649        1.222603        0.681237
H       -1.560786       -0.368999       -3.010899
H       -2.341586       -5.576047        1.687680
H       -1.388184       -0.492334       -1.262441
H       -0.970815       -0.710830        0.374462
H        0.509598       -0.787389       -1.878228

Energy:     -0.05818267
                 Value    Threshold    Converged?
GRMS:            2.2812     0.001      No     

······························
······· Cycle number 8 ·······
······························

Predicted structure change

C       -0.000434       -0.002844       -0.001853
C       -0.006620       -0.000884       -0.001014
H        0.002860       -0.004469       -0.002690
H        0.002024        0.001147        0.004312
H        0.002244        0.005295       -0.001582
H        0.001447        0.002394       -0.000903
H        0.000151       -0.002277       -0.000509
H       -0.001672        0.001637        0.004239

Line search:
------------
alpha          0.8000 Energy     -0.11675168

New structure (Å)
C       -0.763941        0.010459        0.063037
C        0.765929        0.003983        0.023797
H       -1.118771        0.745360        0.815843
H       -1.162758        0.285937       -0.935894
H       -1.133655       -1.002326        0.337356
H        1.157600       -0.344946        1.001569
H        1.137051        1.029720       -0.178057
H        1.118546       -0.678187       -0.777652

New gradient (Kcal/mol/Å)
C        1.949863        2.003248        0.011970
C       -0.204803        0.164205       -0.176040
H       -0.474585        0.270364       -0.351677
H       -0.349559       -0.702728       -0.195505
H       -0.736536       -1.309537        0.886915
H       -0.341851       -0.551745       -0.498208
H       -0.132746       -0.459497        0.523961
H        0.290217        0.585690       -0.201416

Energy:     -0.11675168
                 Value    Threshold    Converged?
GRMS:            0.7549     0.001      No     

······························
······· Cycle number 9 ·······
······························

Predicted structure change

C       -0.005778       -0.002850       -0.000275
C        0.001743       -0.000729        0.002421
H        0.002808       -0.002583        0.000394
H        0.000984        0.002870        0.000391
H        0.001595        0.001575       -0.002633
H        0.000826        0.003293        0.000119
H       -0.000265        0.000356       -0.002099
H       -0.001913       -0.001932        0.001682

Line search:
------------
alpha          0.8000 Energy     -0.10947988
alpha          0.6400 Energy     -0.11637379
alpha          0.5120 Energy     -0.11993309

New structure (Å)
C       -0.766899        0.009000        0.062896
C        0.766822        0.003610        0.025037
H       -1.117334        0.744038        0.816045
H       -1.162255        0.287406       -0.935694
H       -1.132838       -1.001520        0.336008
H        1.158023       -0.343260        1.001630
H        1.136915        1.029902       -0.179131
H        1.117567       -0.679176       -0.776790

New gradient (Kcal/mol/Å)
C       -2.743612       -0.113730        0.400506
C        2.726961       -0.536475        1.425757
H        0.209227       -0.046074       -0.830469
H        0.171235       -0.608367        0.255421
H        0.466184        0.882189        0.344729
H       -0.835647       -0.089245       -1.605608
H       -0.060820       -0.068557        0.360458
H        0.066471        0.580259       -0.350795

Energy:     -0.11993309
                 Value    Threshold    Converged?
GRMS:            0.9929     0.001      No     

······························
······· Cycle number 10 ·······
······························

Predicted structure change

C        0.000360       -0.001669       -0.001174
C       -0.002842       -0.000011       -0.000485
H        0.001925       -0.001602        0.002598
H        0.000274        0.003664       -0.000550
H        0.000121       -0.001449       -0.003170
H        0.002304        0.003158        0.003503
H       -0.000154        0.001040       -0.002711
H       -0.001987       -0.003131        0.001989

Line search:
------------
alpha          0.8000 Energy     -0.13152173

New structure (Å)
C       -0.766612        0.007665        0.061957
C        0.764548        0.003601        0.024649
H       -1.115793        0.742756        0.818123
H       -1.162036        0.290337       -0.936134
H       -1.132741       -1.002679        0.333472
H        1.159866       -0.340734        1.004432
H        1.136792        1.030734       -0.181300
H        1.115977       -0.681680       -0.775199

New gradient (Kcal/mol/Å)
C       -0.960550       -1.801379       -0.250151
C       -0.751323       -0.649514       -0.330751
H       -0.031213        0.785374       -0.007467
H        0.051145       -0.288549       -0.117090
H        0.583884        1.209305        0.327949
H        0.346337       -0.656164        0.487740
H        0.606789        1.061465        0.313104
H        0.154930        0.339462       -0.423334

Energy:     -0.13152173
                 Value    Threshold    Converged?
GRMS:            0.6663     0.001      No     

······························
······· Cycle number 11 ·······
······························

Predicted structure change

C        0.001212        0.000731       -0.000646
C       -0.000284        0.001036       -0.000429
H        0.001342       -0.002874        0.002122
H        0.000737        0.002899        0.001803
H       -0.000399       -0.001322       -0.004650
H        0.000831        0.004068        0.001521
H       -0.001488       -0.001714       -0.002860
H       -0.001951       -0.002824        0.003139

Line search:
------------
alpha          0.8000 Energy     -0.14108134

New structure (Å)
C       -0.765642        0.008249        0.061440
C        0.764321        0.004430        0.024306
H       -1.114720        0.740457        0.819821
H       -1.161446        0.292656       -0.934691
H       -1.133061       -1.003737        0.329752
H        1.160531       -0.337479        1.005649
H        1.135601        1.029363       -0.183588
H        1.114416       -0.683940       -0.772689

New gradient (Kcal/mol/Å)
C       -0.167538       -0.556016       -1.062166
C       -1.013588        0.771823       -1.533746
H        0.078476        0.510161       -0.129357
H        0.264262       -0.602418        0.631741
H        0.191709        0.489509        0.396142
H        0.652901       -0.820650        1.058172
H        0.085142       -0.188339        0.670672
H       -0.091365        0.395930       -0.031459

Energy:     -0.14108134
                 Value    Threshold    Converged?
GRMS:            0.6412     0.001      No     

······························
······· Cycle number 12 ·······
······························

Predicted structure change

C        0.006257        0.000658        0.001877
C       -0.002626       -0.001349        0.004248
H        0.003998       -0.010898        0.008253
H        0.001393        0.012695        0.003286
H       -0.001102       -0.003945       -0.017567
H        0.001386        0.016549        0.002460
H       -0.003724       -0.002381       -0.012793
H       -0.005582       -0.011328        0.010235

Line search:
------------
alpha          0.8000 Energy     -0.14095835
alpha          0.6400 Energy     -0.14762825

New structure (Å)
C       -0.761638        0.008670        0.062641
C        0.762640        0.003566        0.027025
H       -1.112161        0.733482        0.825102
H       -1.160554        0.300781       -0.932589
H       -1.133766       -1.006262        0.318509
H        1.161418       -0.326888        1.007224
H        1.133218        1.027839       -0.191775
H        1.110843       -0.691190       -0.766138

New gradient (Kcal/mol/Å)
C        4.756624        0.922363        1.020266
C       -4.055549       -0.880791        1.816538
H        0.297220       -0.254725       -0.935146
H       -0.771954       -0.387805       -0.691212
H       -0.483093       -0.377941        0.005482
H        0.028275        0.258953       -1.138476
H        0.331642        0.604323        0.337256
H       -0.103165        0.115623       -0.414707

Energy:     -0.14762825
                 Value    Threshold    Converged?
GRMS:            1.4407     0.001      No     

······························
······· Cycle number 13 ·······
······························

Predicted structure change

C       -0.001927       -0.000178       -0.000891
C        0.001640        0.000726       -0.001025
H        0.000567       -0.004348        0.005385
H        0.001410        0.006861        0.001206
H       -0.000326       -0.002570       -0.006067
H        0.000995        0.006175        0.003674
H       -0.001330       -0.001139       -0.006529
H       -0.001029       -0.005526        0.004249

Line search:
------------
alpha          0.8000 Energy     -0.16763530

New structure (Å)
C       -0.763179        0.008528        0.061928
C        0.763952        0.004147        0.026204
H       -1.111708        0.730004        0.829410
H       -1.159426        0.306270       -0.931624
H       -1.134027       -1.008318        0.313655
H        1.162214       -0.321948        1.010163
H        1.132154        1.026928       -0.196999
H        1.110020       -0.695610       -0.762739

New gradient (Kcal/mol/Å)
C        2.356640        0.904857       -0.086381
C       -1.810921        0.296068       -0.005401
H        0.374400       -0.019162       -0.450915
H       -0.237543       -0.407245       -0.160544
H       -0.405724       -0.665321        0.123974
H        0.367382       -0.080558        0.077911
H       -0.172501       -0.144531        0.554563
H       -0.471733        0.115892       -0.053207

Energy:     -0.16763530
                 Value    Threshold    Converged?
GRMS:            0.6984     0.001      No     

······························
······· Cycle number 14 ·······
······························

Predicted structure change

C       -0.001710       -0.000290        0.000084
C        0.001172       -0.000050       -0.000469
H       -0.000905       -0.005487        0.006016
H        0.001368        0.008100        0.001799
H       -0.000239       -0.001811       -0.006512
H       -0.000015        0.006861        0.002770
H       -0.000595       -0.001370       -0.008420
H        0.000924       -0.005954        0.004733

Line search:
------------
alpha          0.8000 Energy     -0.17837875

New structure (Å)
C       -0.764548        0.008296        0.061996
C        0.764890        0.004107        0.025829
H       -1.112432        0.725615        0.834223
H       -1.158331        0.312749       -0.930185
H       -1.134218       -1.009767        0.308446
H        1.162202       -0.316460        1.012378
H        1.131677        1.025832       -0.203735
H        1.110760       -0.700373       -0.758952

New gradient (Kcal/mol/Å)
C        0.403467        0.400763       -0.354076
C       -0.173187        0.481658       -0.387360
H        0.354550        0.076243       -0.146916
H        0.095116       -0.243059       -0.023574
H       -0.154254       -0.408788        0.109822
H        0.316964       -0.126799        0.359779
H       -0.327236       -0.223371        0.427629
H       -0.515420        0.043353        0.014697

Energy:     -0.17837875
                 Value    Threshold    Converged?
GRMS:            0.2985     0.001      No     

······························
······· Cycle number 15 ·······
······························

Predicted structure change

C       -0.000782        0.000002        0.000538
C        0.000481       -0.000298       -0.000367
H       -0.001662       -0.004681        0.004846
H        0.000636        0.006590        0.001998
H       -0.000263       -0.001081       -0.005314
H       -0.000590        0.005519        0.001622
H        0.000188       -0.001439       -0.007293
H        0.001992       -0.004612        0.003970

Line search:
------------
alpha          0.8000 Energy     -0.18297684

New structure (Å)
C       -0.765174        0.008298        0.062426
C        0.765275        0.003869        0.025535
H       -1.113761        0.721870        0.838100
H       -1.157822        0.318021       -0.928586
H       -1.134429       -1.010631        0.304195
H        1.161730       -0.312044        1.013676
H        1.131828        1.024681       -0.209570
H        1.112353       -0.704063       -0.755776

New gradient (Kcal/mol/Å)
C       -0.338684        0.088869       -0.241485
C        0.404994        0.283695       -0.261599
H        0.225879        0.081304        0.003268
H        0.211893       -0.084327       -0.031953
H       -0.017808       -0.185006        0.066485
H        0.164308       -0.077481        0.260554
H       -0.288632       -0.101015        0.204547
H       -0.361950       -0.006038        0.000183

Energy:     -0.18297684
                 Value    Threshold    Converged?
GRMS:            0.2052     0.001      No     

······························
······· Cycle number 16 ·······
······························

Predicted structure change

C       -0.000183        0.000147        0.000437
C        0.000055       -0.000211       -0.000318
H       -0.001476       -0.002545        0.002429
H       -0.000282        0.003347        0.001436
H       -0.000164       -0.000280       -0.002684
H       -0.000667        0.002756        0.000506
H        0.000762       -0.001025       -0.003948
H        0.001955       -0.002190        0.002143

Line search:
------------
alpha          0.8000 Energy     -0.18452915

New structure (Å)
C       -0.765320        0.008415        0.062776
C        0.765318        0.003700        0.025280
H       -1.114942        0.719834        0.840043
H       -1.158048        0.320699       -0.927437
H       -1.134560       -1.010855        0.302048
H        1.161196       -0.309839        1.014081
H        1.132437        1.023861       -0.212728
H        1.113918       -0.705815       -0.754062

New gradient (Kcal/mol/Å)
C       -0.361797       -0.038639       -0.076237
C        0.357018        0.086361       -0.078642
H        0.090684        0.047934        0.033340
H        0.201647       -0.005049       -0.029337
H        0.025414       -0.032987        0.028925
H        0.048142       -0.031016        0.092103
H       -0.186694       -0.014629        0.046609
H       -0.174413       -0.011977       -0.016762

Energy:     -0.18452915
                 Value    Threshold    Converged?
GRMS:            0.1315     0.001      No     

······························
······· Cycle number 17 ·······
······························

Predicted structure change

C        0.000037        0.000145        0.000149
C       -0.000057       -0.000057       -0.000213
H       -0.000792       -0.000948        0.000776
H       -0.000743        0.001087        0.000724
H       -0.000062        0.000027       -0.000922
H       -0.000424        0.000922        0.000041
H        0.000824       -0.000516       -0.001378
H        0.001216       -0.000660        0.000823

Line search:
------------
alpha          0.8000 Energy     -0.18497179

New structure (Å)
C       -0.765290        0.008531        0.062894
C        0.765273        0.003655        0.025110
H       -1.115576        0.719075        0.840664
H       -1.158642        0.321569       -0.926858
H       -1.134609       -1.010834        0.301310
H        1.160857       -0.309102        1.014113
H        1.133097        1.023448       -0.213830
H        1.114891       -0.706343       -0.753404

New gradient (Kcal/mol/Å)
C       -0.172042       -0.050584        0.014161
C        0.155617       -0.007045        0.007357
H        0.008469        0.021666        0.022310
H        0.141157        0.016144       -0.018201
H        0.016446        0.019562        0.009330
H        0.004628       -0.009765        0.002876
H       -0.100110        0.013311       -0.018052
H       -0.054165       -0.003288       -0.019781

Energy:     -0.18497179
                 Value    Threshold    Converged?
GRMS:            0.0622     0.001      No     

······························
······· Cycle number 18 ·······
······························

Predicted structure change

C        0.000041        0.000093       -0.000042
C       -0.000032        0.000033       -0.000120
H       -0.000269       -0.000242        0.000102
H       -0.000781        0.000149        0.000280
H        0.000016        0.000069       -0.000196
H       -0.000224        0.000182       -0.000049
H        0.000658       -0.000199       -0.000220
H        0.000591       -0.000085        0.000244

Line search:
------------
alpha          0.8000 Energy     -0.18510665

New structure (Å)
C       -0.765257        0.008605        0.062861
C        0.765247        0.003682        0.025014
H       -1.115791        0.718882        0.840745
H       -1.159267        0.321688       -0.926633
H       -1.134597       -1.010779        0.301153
H        1.160678       -0.308956        1.014075
H        1.133623        1.023288       -0.214006
H        1.115364       -0.706410       -0.753208

New gradient (Kcal/mol/Å)
C       -0.030547       -0.032218        0.039150
C        0.019456       -0.029762        0.027409
H       -0.024000        0.008168        0.008216
H        0.080615        0.014722       -0.008279
H       -0.000498        0.025123        0.001408
H       -0.000382       -0.003091       -0.022705
H       -0.044956        0.013904       -0.029871
H        0.000313        0.003154       -0.015329

Energy:     -0.18510665
                 Value    Threshold    Converged?
GRMS:            0.0270     0.001      No     

······························
······· Cycle number 19 ·······
······························

Predicted structure change

C        0.000007        0.000053       -0.000118
C        0.000003        0.000064       -0.000066
H        0.000001       -0.000026       -0.000071
H       -0.000660       -0.000104        0.000082
H        0.000066        0.000038        0.000002
H       -0.000136       -0.000009       -0.000026
H        0.000478       -0.000057        0.000134
H        0.000241        0.000041        0.000065

Line search:
------------
alpha          0.8000 Energy     -0.18515813

New structure (Å)
C       -0.765251        0.008648        0.062766
C        0.765250        0.003733        0.024961
H       -1.115790        0.718861        0.840688
H       -1.159795        0.321605       -0.926568
H       -1.134544       -1.010749        0.301155
H        1.160569       -0.308963        1.014054
H        1.134006        1.023243       -0.213899
H        1.115556       -0.706378       -0.753156

New gradient (Kcal/mol/Å)
C        0.032089       -0.013304        0.032464
C       -0.036208       -0.023664        0.021683
H       -0.028176        0.002029       -0.000469
H        0.033737        0.007890       -0.001936
H       -0.011397        0.015860       -0.001369
H        0.005818       -0.001144       -0.020469
H       -0.012897        0.007239       -0.021412
H        0.017034        0.005095       -0.008493

Energy:     -0.18515813
                 Value    Threshold    Converged?
GRMS:            0.0188     0.001      No     

······························
······· Cycle number 20 ·······
······························

Predicted structure change

C       -0.000014        0.000024       -0.000115
C        0.000019        0.000057       -0.000032
H        0.000115        0.000022       -0.000070
H       -0.000421       -0.000114       -0.000006
H        0.000089        0.000002        0.000030
H       -0.000096       -0.000029        0.000008
H        0.000270        0.000007        0.000172
H        0.000039        0.000031        0.000012

Line search:
------------
alpha          0.8000 Energy     -0.18517651

New structure (Å)
C       -0.765263        0.008667        0.062675
C        0.765265        0.003779        0.024935
H       -1.115698        0.718879        0.840632
H       -1.160132        0.321514       -0.926573
H       -1.134474       -1.010747        0.301179
H        1.160492       -0.308987        1.014060
H        1.134222        1.023248       -0.213762
H        1.115587       -0.706353       -0.753146

New gradient (Kcal/mol/Å)
C        0.035444       -0.002607        0.016217
C       -0.035477       -0.010575        0.010232
H       -0.019042       -0.000052       -0.003326
H        0.007106        0.002186        0.000786
H       -0.013473        0.006172       -0.001787
H        0.010774       -0.000360       -0.010350
H        0.000679        0.001292       -0.009025
H        0.013989        0.003944       -0.002747

Energy:     -0.18517651
                 Value    Threshold    Converged?
GRMS:            0.0132     0.001      No     

······························
······· Cycle number 21 ·······
······························

Predicted structure change

C       -0.000015        0.000008       -0.000067
C        0.000015        0.000032       -0.000014
H        0.000110        0.000012       -0.000022
H       -0.000175       -0.000049       -0.000025
H        0.000079       -0.000015        0.000012
H       -0.000074       -0.000007        0.000022
H        0.000096        0.000020        0.000089
H       -0.000036       -0.000002        0.000003

Line search:
------------
alpha          0.8000 Energy     -0.18518162

New structure (Å)
C       -0.765274        0.008673        0.062621
C        0.765277        0.003804        0.024925
H       -1.115610        0.718889        0.840614
H       -1.160272        0.321475       -0.926592
H       -1.134411       -1.010759        0.301189
H        1.160433       -0.308992        1.014078
H        1.134298        1.023265       -0.213691
H        1.115559       -0.706355       -0.753144

New gradient (Kcal/mol/Å)
C        0.017743        0.000481        0.004607
C       -0.016702       -0.002088        0.002856
H       -0.009193       -0.000333       -0.002793
H       -0.001884       -0.000332        0.001078
H       -0.010248        0.001249       -0.001379
H        0.010777        0.000155       -0.003084
H        0.003070       -0.001194       -0.001388
H        0.006438        0.002061        0.000103

Energy:     -0.18518162
                 Value    Threshold    Converged?
GRMS:            0.0065     0.001      No     

······························
······· Cycle number 22 ·······
······························

Predicted structure change

C       -0.000006        0.000003       -0.000028
C        0.000005        0.000013       -0.000008
H        0.000067       -0.000000        0.000006
H       -0.000047       -0.000006       -0.000016
H        0.000058       -0.000014        0.000000
H       -0.000060        0.000005        0.000019
H        0.000017        0.000014        0.000024
H       -0.000034       -0.000014        0.000003

Line search:
------------
alpha          0.8000 Energy     -0.18518299

New structure (Å)
C       -0.765279        0.008676        0.062599
C        0.765281        0.003815        0.024918
H       -1.115557        0.718889        0.840619
H       -1.160310        0.321470       -0.926605
H       -1.134364       -1.010770        0.301189
H        1.160385       -0.308988        1.014093
H        1.134312        1.023275       -0.213672
H        1.115531       -0.706367       -0.753142

New gradient (Kcal/mol/Å)
C        0.003815        0.000527       -0.000378
C       -0.002971        0.001041       -0.000023
H       -0.003248       -0.000217       -0.001564
H       -0.002926       -0.000850        0.000627
H       -0.006189       -0.000239       -0.000887
H        0.007970        0.000428       -0.000043
H        0.002057       -0.001446        0.001378
H        0.001492        0.000755        0.000889

Energy:     -0.18518299
                 Value    Threshold    Converged?
GRMS:            0.0026     0.001      No     

······························
······· Cycle number 23 ·······
······························

Predicted structure change

C       -0.000000        0.000003       -0.000009
C       -0.000001        0.000004       -0.000007
H        0.000036       -0.000004        0.000013
H       -0.000003        0.000007       -0.000006
H        0.000042       -0.000009       -0.000002
H       -0.000051        0.000005        0.000012
H       -0.000005        0.000007       -0.000003
H       -0.000019       -0.000013        0.000002

Line search:
------------
alpha          0.8000 Energy     -0.18518347

New structure (Å)
C       -0.765279        0.008678        0.062592
C        0.765280        0.003818        0.024913
H       -1.115528        0.718886        0.840629
H       -1.160312        0.321476       -0.926610
H       -1.134330       -1.010777        0.301187
H        1.160345       -0.308985        1.014103
H        1.134308        1.023281       -0.213674
H        1.115517       -0.706377       -0.753140

New gradient (Kcal/mol/Å)
C       -0.002658        0.000075       -0.001663
C        0.003076        0.001491       -0.000704
H       -0.000363       -0.000102       -0.000587
H       -0.001845       -0.000649        0.000190
H       -0.002886       -0.000408       -0.000471
H        0.004534        0.000459        0.000749
H        0.000817       -0.000937        0.001697
H       -0.000675        0.000072        0.000790

Energy:     -0.18518347
                 Value    Threshold    Converged?
GRMS:            0.0016     0.001      No     

······························
······· Cycle number 24 ·······
······························

Predicted structure change

C        0.000003        0.000003       -0.000000
C       -0.000004        0.000001       -0.000005
H        0.000015       -0.000003        0.000010
H        0.000009        0.000008       -0.000001
H        0.000027       -0.000005        0.000000
H       -0.000036        0.000001        0.000006
H       -0.000008        0.000002       -0.000010
H       -0.000005       -0.000007        0.000000

Line search:
------------
alpha          0.8000 Energy     -0.18518363

New structure (Å)
C       -0.765277        0.008680        0.062592
C        0.765277        0.003819        0.024909
H       -1.115516        0.718884        0.840637
H       -1.160305        0.321482       -0.926611
H       -1.134309       -1.010781        0.301187
H        1.160316       -0.308984        1.014108
H        1.134302        1.023282       -0.213682
H        1.115512       -0.706383       -0.753140

New gradient (Kcal/mol/Å)
C       -0.003493       -0.000170       -0.001244
C        0.003598        0.000911       -0.000504
H        0.000520       -0.000039       -0.000062
H       -0.000663       -0.000303       -0.000036
H       -0.000832       -0.000203       -0.000179
H        0.001761        0.000317        0.000568
H        0.000099       -0.000370        0.001041
H       -0.000990       -0.000144        0.000415

Energy:     -0.18518363
                 Value    Threshold    Converged?
GRMS:            0.0012     0.001      No     

······························
······· Cycle number 25 ·······
······························

Predicted structure change

C        0.000003        0.000002        0.000002
C       -0.000003       -0.000001       -0.000003
H        0.000002       -0.000001        0.000004
H        0.000007        0.000004        0.000001
H        0.000011       -0.000001        0.000001
H       -0.000017       -0.000001        0.000001
H       -0.000004       -0.000000       -0.000007
H        0.000002       -0.000002       -0.000001

Line search:
------------
alpha          0.8000 Energy     -0.18518367

New structure (Å)
C       -0.765275        0.008682        0.062593
C        0.765275        0.003818        0.024906
H       -1.115515        0.718883        0.840641
H       -1.160300        0.321486       -0.926609
H       -1.134300       -1.010782        0.301188
H        1.160302       -0.308984        1.014109
H        1.134299        1.023282       -0.213688
H        1.115514       -0.706384       -0.753141

New gradient (Kcal/mol/Å)
C       -0.001927       -0.000152       -0.000522
C        0.001919        0.000328       -0.000187
H        0.000394       -0.000016        0.000066
H       -0.000094       -0.000089       -0.000066
H       -0.000077       -0.000041       -0.000044
H        0.000408        0.000151        0.000224
H       -0.000074       -0.000073        0.000395
H       -0.000549       -0.000108        0.000135

Energy:     -0.18518367
                 Value    Threshold    Converged?
 GRMS                 0.0006     0.001    YES   

Optimization converged

·····································
····   OPTIMIZATION CONVERGED    ····
·····································


&& FINAL ENERGY -0.18518367

                         FINAL STRUCTURE:
Number  Element          X               Y               Z       
····································································
1          C            -0.765275        0.008682        0.062593
2          C             0.765275        0.003818        0.024906
3          H            -1.115515        0.718883        0.840641
4          H            -1.160300        0.321486       -0.926609
5          H            -1.134300       -1.010782        0.301188
6          H             1.160302       -0.308984        1.014109
7          H             1.134299        1.023282       -0.213688
8          H             1.115514       -0.706384       -0.753141
