==================================================
      OPTIMIZATION IN CARTESIAN COORDINATES        
      Program by Cristina Sobrino Fernández        
==================================================

Initial geometry (Å)
C        0.050000       -0.030000       -0.390300
C       -0.564500        1.397300        0.130100
C        1.474200       -0.210900        0.090100
C       -0.929700       -1.136500        0.150100
H        0.050000        0.010000       -1.467100
H       -0.565700        1.420700        1.243900
H        0.112200        2.187100       -0.276900
H       -1.562600        1.544700       -0.241900
H        1.451000       -0.239200        1.284000
H        2.058200        0.537200       -0.256800
H        1.850800       -1.143400       -0.216900
H       -0.915400       -1.161600        1.213900
H       -0.495500       -2.062000       -0.236900
H       -1.873000       -1.043600       -0.216900

Initial gradient (Kcal/mol/Å)
C       65.868562      -54.318971      -46.335951
C      -59.897707       54.165860       13.746274
C       49.696773       27.244980     -107.245664
C      -88.875780       -7.444054       21.637592
H        1.151966        4.672654       23.307159
H        0.166272       -1.562818        2.436571
H        5.615202       -0.658595       -4.330003
H       22.725722       -2.965804        8.822862
H       -4.436162       -6.444597       58.453939
H      -41.744597      -51.723653       22.107413
H      -15.093836       34.788122       17.054001
H        2.797794       -0.110586      -32.609140
H        0.680875       14.316800        0.994869
H       61.344914       -9.959337       21.960078

Potential energy at input structure       17.813286 Kcal/mol

······························
······· Cycle number 1 ·······
······························

Predicted structure change

C       -0.219562        0.181063        0.154453
C        0.199659       -0.180553       -0.045821
C       -0.165656       -0.090817        0.357486
C        0.296253        0.024814       -0.072125
H       -0.003840       -0.015576       -0.077691
H       -0.000554        0.005209       -0.008122
H       -0.018717        0.002195        0.014433
H       -0.075752        0.009886       -0.029410
H        0.014787        0.021482       -0.194846
H        0.139149        0.172412       -0.073691
H        0.050313       -0.115960       -0.056847
H       -0.009326        0.000369        0.108697
H       -0.002270       -0.047723       -0.003316
H       -0.204483        0.033198       -0.073200

Line search:
------------
alpha          0.8000 Energy    226.42441454
alpha          0.6400 Energy    126.67595915
alpha          0.5120 Energy     67.85275124
alpha          0.4096 Energy     34.22056930
alpha          0.3277 Energy     15.87992059
alpha          0.2621 Energy      6.66527425

New structure (Å)
C       -0.007557        0.017465       -0.349811
C       -0.512161        1.349969        0.118088
C        1.430774       -0.234707        0.183813
C       -0.852039       -1.129995        0.131193
H        0.048993        0.005917       -1.487466
H       -0.565845        1.422066        1.241771
H        0.107293        2.187675       -0.273116
H       -1.582458        1.547292       -0.249610
H        1.454876       -0.233569        1.232922
H        2.094677        0.582397       -0.276118
H        1.863989       -1.173798       -0.231802
H       -0.917845       -1.161503        1.242394
H       -0.496095       -2.074510       -0.237769
H       -1.926604       -1.034897       -0.236089

New gradient (Kcal/mol/Å)
C      -40.924451       18.202574       26.692161
C       45.365975      -36.219853      -12.669285
C      -12.403220      -26.204389       74.305176
C       58.847756       -6.301747      -10.927613
H        4.571693       -0.686608      -19.890979
H       -5.630904        3.968149       11.026989
H       -3.216460        4.130674       -1.104888
H      -25.416376        9.310339       -4.942481
H       -3.857421       -1.103077      -43.185192
H       14.864140       14.766921      -19.269969
H        6.783532        2.441187       -5.858255
H       -5.221788       -0.509206        1.447599
H      -13.037769       20.804952        7.752625
H      -20.724707       -2.599914       -3.375887

Energy:      6.66527425
                 Value    Threshold    Converged?
GRMS:           22.6373     0.001      No     

······························
······· Cycle number 2 ·······
······························

Predicted structure change

C        0.023155        0.014270       -0.011789
C       -0.038551        0.024549        0.013693
C       -0.022178        0.029488       -0.054169
C       -0.039031        0.020834        0.002207
H       -0.010943       -0.003114        0.019805
H        0.011922       -0.006982       -0.026059
H        0.001390       -0.008219        0.006623
H        0.032234       -0.017070        0.001944
H        0.012635        0.008695        0.035288
H        0.009088        0.019095        0.019650
H        0.000262       -0.039398       -0.004172
H        0.008460        0.001201        0.028912
H        0.027313       -0.058709       -0.017616
H       -0.015755        0.015359       -0.014317

Line search:
------------
alpha          0.8000 Energy      3.41752754

New structure (Å)
C        0.010967        0.028880       -0.359242
C       -0.543001        1.369609        0.129043
C        1.413032       -0.211117        0.140478
C       -0.883264       -1.113328        0.132958
H        0.040239        0.003425       -1.471622
H       -0.556308        1.416480        1.220924
H        0.108405        2.181101       -0.267818
H       -1.556671        1.533636       -0.248054
H        1.464984       -0.226612        1.261152
H        2.101947        0.597673       -0.260398
H        1.864199       -1.205317       -0.235140
H       -0.911077       -1.160542        1.265524
H       -0.474245       -2.121478       -0.251862
H       -1.939208       -1.022610       -0.247543

New gradient (Kcal/mol/Å)
C       15.542264        8.861318        7.770482
C      -14.117174       -7.216643       10.713546
C      -52.605221       13.697014        2.721876
C        5.619771       37.511667       -3.302801
H        2.167535       -2.290247       -1.750281
H       -0.301850        0.187525      -12.594539
H        1.489090        0.729447       -2.298885
H       10.959781        0.144520        4.320925
H        2.901054       -2.866784        7.557688
H       12.666290        9.577730       -8.542318
H       18.361325      -24.422009       -8.104311
H       -1.045862       -3.129118       15.902853
H        9.370588      -27.220084       -9.683337
H      -11.007590       -3.564335       -2.710895

Energy:      3.41752754
                 Value    Threshold    Converged?
GRMS:           13.9752     0.001      No     

······························
······· Cycle number 3 ·······
······························

Predicted structure change

C       -0.023800       -0.006189       -0.022236
C        0.009573        0.029201       -0.015675
C        0.099484       -0.012499       -0.035623
C       -0.033059       -0.069512        0.007382
H       -0.012486        0.002672        0.015873
H        0.008867       -0.005111        0.010231
H       -0.002800       -0.007246        0.010040
H       -0.004126       -0.011852       -0.009021
H        0.002486        0.012896        0.003043
H       -0.019222       -0.004669        0.031132
H       -0.040031        0.025321        0.014127
H        0.007969        0.007873       -0.013527
H       -0.002341        0.019813        0.009594
H        0.009486        0.019303       -0.005338

Line search:
------------
alpha          0.8000 Energy      5.40545051
alpha          0.6400 Energy      3.08371226
alpha          0.5120 Energy      1.90841747

New structure (Å)
C       -0.001218        0.025712       -0.370627
C       -0.538100        1.384559        0.121017
C        1.463968       -0.217516        0.122239
C       -0.900190       -1.148918        0.136738
H        0.033846        0.004793       -1.463495
H       -0.551768        1.413863        1.226162
H        0.106971        2.177391       -0.262678
H       -1.558783        1.527568       -0.252673
H        1.466257       -0.220010        1.262710
H        2.092106        0.595282       -0.244458
H        1.843703       -1.192352       -0.227907
H       -0.906997       -1.156511        1.258598
H       -0.475443       -2.111333       -0.246950
H       -1.934351       -1.012727       -0.250276

New gradient (Kcal/mol/Å)
C      -10.859162       20.775561      -21.670305
C       -2.768160       15.321483       -2.537890
C       29.218407       -1.904520      -27.525959
C      -11.187284      -11.001661        2.421726
H        3.637547       -1.667948       11.929445
H       -0.649487       -0.489477       -3.545353
H       -6.681723      -10.749324        3.777072
H        8.881427       -2.343391        3.810690
H       -1.880451       -1.065772       20.800916
H      -10.439462       -8.417650        4.595858
H       -1.995731        3.420585        4.300473
H        1.216770        1.096808        7.825416
H        4.532410       -4.325865       -2.981918
H       -1.025100        1.351172       -1.200172

Energy:      1.90841747
                 Value    Threshold    Converged?
GRMS:           10.1990     0.001      No     

······························
······· Cycle number 4 ·······
······························

Predicted structure change

C        0.029824       -0.062556        0.028846
C       -0.002121       -0.011804        0.002230
C       -0.014210        0.003876        0.025534
C       -0.005968       -0.004190        0.002572
H       -0.010962        0.006049       -0.016433
H        0.003425       -0.000452        0.014399
H        0.014874        0.021510       -0.006448
H       -0.018110        0.001836       -0.009410
H        0.002643        0.004373       -0.032827
H        0.004599        0.001802        0.004597
H       -0.013493        0.013951        0.000281
H        0.000038        0.000220       -0.032791
H       -0.013121        0.025562        0.011780
H        0.022582       -0.000178        0.007671

Line search:
------------
alpha          0.8000 Energy      1.90092723
alpha          0.6400 Energy      1.20526667

New structure (Å)
C        0.017870       -0.014324       -0.352166
C       -0.539457        1.377005        0.122444
C        1.454874       -0.215036        0.138581
C       -0.904010       -1.151600        0.138384
H        0.026831        0.008664       -1.474012
H       -0.549576        1.413574        1.235377
H        0.116491        2.191157       -0.266804
H       -1.570374        1.528743       -0.258695
H        1.467948       -0.217211        1.241701
H        2.095049        0.596436       -0.241516
H        1.835067       -1.183423       -0.227727
H       -0.906972       -1.156370        1.237612
H       -0.483841       -2.094974       -0.239410
H       -1.919899       -1.012841       -0.245367

New gradient (Kcal/mol/Å)
C       16.194422      -23.030156        6.245181
C      -11.948934       16.629627        2.693471
C        5.077567        2.241809       -1.444654
C      -17.724663       -9.664536        4.139017
H        0.345420        3.456578       -8.108427
H        0.394140       -0.646794        2.032821
H        2.469483        2.303234       -1.441073
H        0.493242        0.333391        0.555751
H       -1.500590       -0.634715       -5.306320
H       -4.228125       -4.577089        1.772622
H       -2.687844        4.158258        2.091410
H        2.211286        1.859113       -8.094339
H        0.596281        8.635510        1.327731
H       10.308315       -1.064230        3.536809

Energy:      1.20526667
                 Value    Threshold    Converged?
GRMS:            7.2121     0.001      No     

······························
······· Cycle number 5 ·······
······························

Predicted structure change

C       -0.011264        0.018668       -0.010275
C        0.013631       -0.031420       -0.001573
C       -0.013139        0.001739       -0.004299
C        0.022457        0.022233       -0.004544
H       -0.002830       -0.004592        0.014281
H       -0.000615        0.001452        0.000539
H        0.000744        0.002602       -0.000696
H       -0.003067        0.000593       -0.001932
H        0.002726        0.000417        0.010160
H        0.004050        0.000817       -0.001012
H        0.001604        0.000906       -0.002187
H       -0.004868       -0.004438        0.001067
H       -0.005674       -0.007603        0.000794
H       -0.003754       -0.001373       -0.000325

Line search:
------------
alpha          0.8000 Energy      0.75712711

New structure (Å)
C        0.008858        0.000610       -0.360386
C       -0.528553        1.351869        0.121186
C        1.444362       -0.213645        0.135142
C       -0.886045       -1.133813        0.134749
H        0.024567        0.004991       -1.462587
H       -0.550068        1.414735        1.235809
H        0.117086        2.193239       -0.267361
H       -1.572827        1.529217       -0.260241
H        1.470129       -0.216877        1.249829
H        2.098290        0.597090       -0.242326
H        1.836350       -1.182699       -0.229477
H       -0.910867       -1.159921        1.238466
H       -0.488380       -2.101056       -0.238775
H       -1.922902       -1.013940       -0.245626

New gradient (Kcal/mol/Å)
C       -3.200905       -2.305453       -2.205907
C        5.936255      -22.406081        2.020694
C       -2.142547       -0.795007       -6.602926
C        4.952398        7.700560        3.582614
H        1.288546        1.076137        5.707745
H       -1.124602        2.877486        3.874671
H        5.895386       11.418290       -4.133791
H       -9.796424        4.529930       -2.762794
H        0.049951       -0.660843        2.839943
H       -0.886898       -1.583462        0.529337
H       -0.182857        2.074227        1.658960
H       -0.314224       -0.536097       -4.664744
H        0.182746        0.258194       -0.247278
H       -0.656824       -1.647881        0.403475

Energy:      0.75712711
                 Value    Threshold    Converged?
GRMS:            5.1602     0.001      No     

······························
······· Cycle number 6 ·······
······························

Predicted structure change

C       -0.003472        0.021834       -0.000864
C       -0.003109        0.029550       -0.005668
C       -0.004998        0.001592        0.014654
C        0.005900       -0.002756       -0.011365
H       -0.003430       -0.005507       -0.004427
H        0.001713       -0.005262       -0.009364
H       -0.013571       -0.024673        0.009030
H        0.020024       -0.009322        0.005392
H        0.001339        0.001395       -0.000441
H        0.005684        0.005756       -0.003329
H        0.003414       -0.006674       -0.005673
H       -0.002233       -0.001420        0.014437
H       -0.002581       -0.007414       -0.000048
H       -0.004681        0.002900       -0.002334

Line search:
------------
alpha          0.8000 Energy      0.82880327
alpha          0.6400 Energy      0.58589942

New structure (Å)
C        0.006636        0.014584       -0.360939
C       -0.530542        1.370781        0.117558
C        1.441164       -0.212626        0.144520
C       -0.882269       -1.135577        0.127475
H        0.022371        0.001467       -1.465420
H       -0.548972        1.411368        1.229816
H        0.108401        2.177448       -0.261582
H       -1.560012        1.523251       -0.256790
H        1.470986       -0.215985        1.249547
H        2.101928        0.600774       -0.244456
H        1.838536       -1.186970       -0.233108
H       -0.912296       -1.160830        1.247705
H       -0.490032       -2.105801       -0.238806
H       -1.925898       -1.012084       -0.247120

New gradient (Kcal/mol/Å)
C       -4.160447        4.478600       -2.524422
C        4.722699        5.579243       -7.933219
C       -7.997415       -1.748561        9.057774
C       10.100775        1.694506       -9.151482
H        0.649356       -0.702596        4.060199
H       -0.759667        0.410421        1.609266
H       -5.632344       -7.112243        3.354237
H        2.632531       -0.173028        1.981906
H        0.171466       -0.610648       -3.831242
H        3.120625        3.091302       -2.964303
H        3.209835       -3.948193       -1.764403
H       -1.070614       -0.804614        6.983279
H       -0.950396        0.690120        1.069474
H       -4.036404       -0.844308        0.052935

Energy:      0.58589942
                 Value    Threshold    Converged?
GRMS:            4.2685     0.001      No     

······························
······· Cycle number 7 ·······
······························

Predicted structure change

C        0.000870        0.002532        0.009846
C       -0.005859       -0.002500        0.012477
C        0.012557        0.000780       -0.002998
C       -0.012393       -0.007216        0.012957
H       -0.002147       -0.000340       -0.013002
H        0.002234       -0.002602       -0.006728
H        0.005853        0.005441       -0.002933
H       -0.000397       -0.002674       -0.002831
H        0.000239        0.002420        0.000984
H       -0.000932        0.000936        0.003150
H       -0.004272        0.001909        0.000414
H        0.001917        0.001852       -0.005425
H        0.002094       -0.004720       -0.002518
H        0.000238        0.004181       -0.003392

Line search:
------------
alpha          0.8000 Energy      0.52488172
alpha          0.6400 Energy      0.44601551

New structure (Å)
C        0.007193        0.016204       -0.354637
C       -0.534292        1.369181        0.125543
C        1.449200       -0.212127        0.142601
C       -0.890200       -1.140195        0.135768
H        0.020997        0.001249       -1.473742
H       -0.547542        1.409702        1.225509
H        0.112147        2.180930       -0.263459
H       -1.560267        1.521540       -0.258602
H        1.471139       -0.214436        1.250177
H        2.101331        0.601373       -0.242440
H        1.835801       -1.185748       -0.232843
H       -0.911070       -1.159644        1.244233
H       -0.488691       -2.108822       -0.240418
H       -1.925746       -1.009408       -0.249291

New gradient (Kcal/mol/Å)
C       -2.452078       10.329940        6.014844
C       -1.960494       -0.623815        5.381870
C        1.400019       -2.387311        3.871953
C       -0.401623       -1.453557        3.737076
H        0.962535       -1.170078       -6.175987
H        0.115125       -0.158326       -7.004868
H       -0.949686       -1.415877       -0.031762
H        2.994770        0.004524        0.843036
H       -0.804218       -0.380346       -2.133008
H       -0.082184        0.453014       -1.135713
H        1.051528       -1.246666       -0.417974
H        0.440780        0.312180       -1.409160
H        1.096519       -1.916366       -0.991125
H       -1.410994       -0.347315       -0.549183

Energy:      0.44601551
                 Value    Threshold    Converged?
GRMS:            2.8592     0.001      No     

······························
······· Cycle number 8 ·······
······························

Predicted structure change

C        0.004099       -0.022563       -0.006089
C        0.003095       -0.001720       -0.005703
C        0.003878        0.004606       -0.007385
C       -0.004497       -0.002228       -0.001242
H       -0.003340        0.002910        0.005693
H        0.001079       -0.000904        0.012833
H        0.005971        0.007521       -0.001732
H       -0.008992       -0.001102       -0.004217
H        0.002031        0.002599        0.002646
H        0.000652        0.001259        0.004184
H       -0.004996        0.003029        0.001091
H        0.000466        0.000748        0.000556
H       -0.000876        0.002081        0.000863
H        0.001431        0.003764       -0.001498

Line search:
------------
alpha          0.8000 Energy      0.39252728

New structure (Å)
C        0.010472       -0.001846       -0.359509
C       -0.531816        1.367806        0.120981
C        1.452302       -0.208442        0.136694
C       -0.893798       -1.141978        0.134774
H        0.018325        0.003577       -1.469188
H       -0.546679        1.408979        1.235775
H        0.116924        2.186947       -0.264845
H       -1.567460        1.520658       -0.261976
H        1.472763       -0.212357        1.252294
H        2.101852        0.602380       -0.239092
H        1.831804       -1.183325       -0.231970
H       -0.910697       -1.159046        1.244678
H       -0.489392       -2.107157       -0.239728
H       -1.924601       -1.006397       -0.250490

New gradient (Kcal/mol/Å)
C        1.393933       -9.355171       -1.562364
C       -0.479599        3.441913       -0.376278
C        4.209531        3.357460       -6.188253
C       -3.064119        1.342384        0.702714
H        0.395782        1.342485        0.510869
H       -0.152438        0.363352        3.397725
H        1.253309        1.884394       -0.761625
H       -2.801850        0.667178       -0.816855
H       -0.428820       -0.529458        3.473274
H       -2.446245       -2.760060        1.541263
H       -1.185534        0.298731        0.780543
H        0.704930        0.222565       -0.460329
H        1.492672        0.090529       -0.542374
H        1.108449       -0.366302        0.301690

Energy:      0.39252728
                 Value    Threshold    Converged?
GRMS:            2.4252     0.001      No     

······························
······· Cycle number 9 ·······
······························

Predicted structure change

C        0.002391        0.009640       -0.002120
C       -0.001440       -0.004536       -0.000617
C       -0.006248       -0.003688        0.003841
C        0.001200       -0.001719       -0.001527
H       -0.001198       -0.001733        0.003179
H        0.000237       -0.000590       -0.003064
H       -0.001223       -0.002276        0.000945
H        0.004780       -0.001234        0.001480
H        0.000966        0.000808       -0.002398
H        0.002340        0.002007       -0.001122
H        0.000833        0.002193       -0.000292
H       -0.001440       -0.000646       -0.000967
H       -0.003456        0.001617        0.001618
H        0.002258        0.000159        0.001044

Line search:
------------
alpha          0.8000 Energy      0.34889688

New structure (Å)
C        0.012384        0.005866       -0.361205
C       -0.532968        1.364177        0.120487
C        1.447304       -0.211392        0.139766
C       -0.892838       -1.143353        0.133552
H        0.017367        0.002190       -1.466644
H       -0.546490        1.408507        1.233325
H        0.115946        2.185126       -0.264089
H       -1.563636        1.519671       -0.260792
H        1.473536       -0.211710        1.250375
H        2.103724        0.603986       -0.239990
H        1.832471       -1.181571       -0.232204
H       -0.911849       -1.159563        1.243905
H       -0.492157       -2.105864       -0.238433
H       -1.922794       -1.006270       -0.249654

New gradient (Kcal/mol/Å)
C        5.434917        2.345105       -4.852024
C       -3.448379       -2.611390       -1.257864
C       -3.224357       -4.203355       -0.226228
C       -4.147430       -5.361947        0.035111
H       -0.155605        0.245599        3.490192
H        0.005916        0.833125        2.074153
H        1.725705        2.386595       -0.909204
H        0.402290        0.635579        0.372892
H        0.163801       -0.051862        0.041620
H        1.226935        1.566406       -0.754545
H       -0.551398        1.448700        0.664696
H        0.511897        0.339001       -0.149763
H        0.116730        2.696193        0.674220
H        1.938978       -0.267749        0.796743

Energy:      0.34889688
                 Value    Threshold    Converged?
GRMS:            2.1845     0.001      No     

······························
······· Cycle number 10 ·······
······························

Predicted structure change

C       -0.008131        0.007046        0.007730
C        0.004463        0.001550        0.002825
C       -0.000106        0.005276        0.003411
C        0.009574        0.010616       -0.001517
H       -0.000655       -0.002784       -0.003836
H        0.000088       -0.002361       -0.009274
H       -0.005768       -0.008682        0.003169
H        0.006014       -0.002664        0.001549
H        0.000455        0.000533       -0.001748
H       -0.000916       -0.002483        0.000291
H        0.002522       -0.000298       -0.001621
H       -0.002880       -0.001699       -0.001556
H       -0.004235       -0.004009        0.000361
H       -0.000427       -0.000041        0.000218

Line search:
------------
alpha          0.8000 Energy      0.40347695
alpha          0.6400 Energy      0.34577912
alpha          0.5120 Energy      0.31648784

New structure (Å)
C        0.008221        0.009473       -0.357247
C       -0.530683        1.364970        0.121934
C        1.447250       -0.208691        0.141513
C       -0.887936       -1.137917        0.132775
H        0.017031        0.000765       -1.468608
H       -0.546445        1.407298        1.228576
H        0.112993        2.180681       -0.262467
H       -1.560557        1.518307       -0.259999
H        1.473769       -0.211437        1.249481
H        2.103255        0.602714       -0.239841
H        1.833762       -1.181723       -0.233034
H       -0.913324       -1.160433        1.243108
H       -0.494325       -2.107916       -0.238249
H       -1.923013       -1.006291       -0.249543

New gradient (Kcal/mol/Å)
C       -2.592735        2.911126        2.044687
C        1.260825       -0.892233        0.485204
C       -1.258383       -0.363896        2.554577
C        2.936548        1.419250       -0.867328
H        0.324291       -0.326224       -0.685790
H       -0.156163        0.319358       -2.300063
H       -1.298221       -1.175576        0.545234
H        0.941663        0.308435        0.471276
H       -0.141815       -0.301948       -1.810674
H        0.295583       -0.031421       -0.433421
H        0.590641       -0.790787       -0.276136
H       -0.091868       -0.259000       -0.022239
H       -0.097460       -0.158647        0.178991
H       -0.712906       -0.658435        0.115681

Energy:      0.31648784
                 Value    Threshold    Converged?
GRMS:            1.1763     0.001      No     

······························
······· Cycle number 11 ·······
······························

Predicted structure change

C        0.001854       -0.003294       -0.001154
C       -0.000264        0.000707       -0.000598
C        0.002144        0.000401       -0.001332
C       -0.002695       -0.002257        0.001595
H       -0.000778        0.000266       -0.000773
H        0.000448       -0.000990        0.003401
H        0.002072        0.001662       -0.000726
H       -0.002230       -0.000954       -0.001293
H        0.000426        0.001005        0.001618
H        0.000601        0.001711        0.000345
H       -0.000678        0.000197       -0.000180
H        0.000027        0.000553        0.001071
H        0.000160       -0.001010       -0.000639
H       -0.001088        0.002006       -0.001333

Line search:
------------
alpha          0.8000 Energy      0.28928044

New structure (Å)
C        0.009705        0.006838       -0.358170
C       -0.530894        1.365535        0.121455
C        1.448965       -0.208370        0.140447
C       -0.890092       -1.139723        0.134051
H        0.016409        0.000977       -1.469227
H       -0.546087        1.406506        1.231297
H        0.114650        2.182010       -0.263047
H       -1.562341        1.517543       -0.261033
H        1.474110       -0.210634        1.250775
H        2.103736        0.604083       -0.239565
H        1.833219       -1.181566       -0.233177
H       -0.913302       -1.159990        1.243965
H       -0.494197       -2.108724       -0.238760
H       -1.923883       -1.004686       -0.250609

New gradient (Kcal/mol/Å)
C       -0.366462        0.791637        0.673096
C        0.530448        0.291019       -0.408191
C       -0.428913       -0.295422        0.355560
C        0.874762        0.346862        0.662485
H        0.141730        0.042707       -0.455438
H       -0.107176        0.273459       -0.091381
H       -0.480692       -0.387821        0.178576
H       -0.038968        0.289055        0.109539
H       -0.160664       -0.239480       -0.171394
H        0.044182       -0.091999       -0.142637
H        0.016935       -0.357894       -0.038095
H        0.164773       -0.038466       -0.360285
H        0.412703       -0.254464       -0.178955
H       -0.602658       -0.369194       -0.132880

Energy:      0.28928044
                 Value    Threshold    Converged?
GRMS:            0.3625     0.001      No     

······························
······· Cycle number 12 ·······
······························

Predicted structure change

C       -0.000244       -0.002546       -0.001183
C       -0.000922       -0.001457        0.001878
C        0.002010        0.001460        0.000108
C       -0.002073       -0.000945       -0.002690
H       -0.000791       -0.000366        0.000657
H        0.000577       -0.001447       -0.000113
H        0.001754        0.001192       -0.000518
H       -0.000116       -0.001530       -0.000750
H        0.000793        0.001296       -0.000091
H        0.000332        0.001135        0.000528
H        0.000037        0.000821       -0.000232
H       -0.000789        0.000175        0.001960
H       -0.001773        0.000173        0.000556
H        0.001203        0.002039       -0.000109

Line search:
------------
alpha          0.8000 Energy      0.29614032
alpha          0.6400 Energy      0.29156897
alpha          0.5120 Energy      0.28906349
alpha          0.4096 Energy      0.28779621

New structure (Å)
C        0.009605        0.005795       -0.358655
C       -0.531272        1.364939        0.122224
C        1.449789       -0.207772        0.140491
C       -0.890941       -1.140110        0.132949
H        0.016085        0.000827       -1.468958
H       -0.545850        1.405913        1.231250
H        0.115369        2.182499       -0.263259
H       -1.562388        1.516917       -0.261340
H        1.474435       -0.210103        1.250738
H        2.103872        0.604548       -0.239349
H        1.833235       -1.181230       -0.233272
H       -0.913625       -1.159919        1.244768
H       -0.494923       -2.108653       -0.238533
H       -1.923391       -1.003851       -0.250654

New gradient (Kcal/mol/Å)
C       -0.621810       -0.131863       -0.228110
C       -0.431620       -0.155568        1.091983
C        0.500855        0.268234        0.489231
C       -0.105355        0.066573       -1.508188
H        0.103504        0.080563        0.076504
H       -0.008969        0.269344       -0.666120
H        0.240031        0.509680       -0.294053
H       -0.029243        0.271747       -0.043065
H       -0.192667       -0.234747       -0.232241
H       -0.197219       -0.361545        0.010479
H       -0.127642       -0.401456       -0.073731
H        0.188907       -0.054443        0.962212
H        0.336050        0.236809        0.123662
H        0.345178       -0.363328        0.291437

Energy:      0.28779621
                 Value    Threshold    Converged?
GRMS:            0.4286     0.001      No     

······························
······· Cycle number 13 ·······
······························

Predicted structure change

C        0.000578       -0.001060        0.000072
C        0.000474       -0.000800       -0.000770
C        0.000214        0.000667       -0.000703
C       -0.000647       -0.000216        0.001007
H       -0.000763       -0.000544        0.000260
H        0.000413       -0.001588        0.000628
H        0.000365       -0.000644        0.000435
H        0.000387       -0.001679       -0.000293
H        0.000971        0.001367        0.000154
H        0.000570        0.001330        0.000388
H        0.000394        0.001401       -0.000042
H       -0.001049        0.000129       -0.000803
H       -0.002140       -0.000414        0.000231
H        0.000234        0.002052       -0.000566

Line search:
------------
alpha          0.8000 Energy      0.28319477

New structure (Å)
C        0.010067        0.004948       -0.358597
C       -0.530893        1.364299        0.121608
C        1.449960       -0.207239        0.139929
C       -0.891459       -1.140283        0.133754
H        0.015475        0.000392       -1.468750
H       -0.545520        1.404642        1.231753
H        0.115661        2.181983       -0.262911
H       -1.562079        1.515573       -0.261575
H        1.475212       -0.209009        1.250861
H        2.104329        0.605612       -0.239038
H        1.833550       -1.180109       -0.233306
H       -0.914464       -1.159815        1.244125
H       -0.496635       -2.108984       -0.238348
H       -1.923203       -1.002210       -0.251106

New gradient (Kcal/mol/Å)
C       -0.034891       -0.422638       -0.219058
C       -0.429216        0.096819        0.011152
C        0.089261       -0.084379       -0.403910
C       -0.333228       -0.172954       -0.207196
H        0.017901        0.171197        0.187387
H        0.000500        0.246230        0.099247
H        0.156638        0.365898       -0.140972
H        0.053681        0.184992        0.038025
H       -0.100207       -0.154747        0.256142
H       -0.024039       -0.211102        0.104741
H       -0.304144       -0.021633        0.087422
H        0.218531       -0.011579       -0.047389
H        0.289743        0.301753        0.060381
H        0.399470       -0.287857        0.174028

Energy:      0.28319477
                 Value    Threshold    Converged?
GRMS:            0.2123     0.001      No     

······························
······· Cycle number 14 ·······
······························

Predicted structure change

C        0.001566       -0.000226       -0.000334
C        0.001223       -0.000913        0.000159
C        0.000805        0.001402        0.000248
C       -0.000641        0.000068        0.000816
H       -0.000842       -0.001086        0.000000
H        0.000414       -0.002380        0.000340
H        0.000339       -0.001331        0.000530
H       -0.000139       -0.002195       -0.000602
H        0.001189        0.001781       -0.000317
H        0.000131        0.001543        0.000144
H        0.001279        0.001538       -0.000312
H       -0.001733        0.000179        0.000198
H       -0.002948       -0.001331        0.000039
H       -0.000644        0.002951       -0.000910

Line search:
------------
alpha          0.8000 Energy      0.28063551

New structure (Å)
C        0.011320        0.004767       -0.358864
C       -0.529914        1.363569        0.121735
C        1.450605       -0.206117        0.140127
C       -0.891972       -1.140229        0.134407
H        0.014801       -0.000476       -1.468749
H       -0.545189        1.402738        1.232025
H        0.115932        2.180919       -0.262487
H       -1.562190        1.513817       -0.262056
H        1.476163       -0.207584        1.250608
H        2.104434        0.606847       -0.238923
H        1.834573       -1.178879       -0.233556
H       -0.915851       -1.159672        1.244283
H       -0.498993       -2.110049       -0.238316
H       -1.923718       -0.999849       -0.251834

New gradient (Kcal/mol/Å)
C        0.953506        0.031849       -0.735181
C        0.685503        0.399348        0.116944
C       -0.220522        0.346496       -0.023445
C       -0.410517       -0.400577        0.844960
H       -0.181527        0.112205        0.377751
H       -0.050014        0.148870        0.174535
H       -0.128072       -0.074594       -0.008726
H       -0.658947        0.194520       -0.227841
H       -0.064578       -0.115411       -0.055992
H       -0.107181       -0.316533        0.165591
H       -0.281858       -0.124079       -0.021966
H        0.182801       -0.004624       -0.379476
H        0.338063       -0.041245       -0.125708
H       -0.056658       -0.156225       -0.101447

Energy:      0.28063551
                 Value    Threshold    Converged?
GRMS:            0.3344     0.001      No     

······························
······· Cycle number 15 ·······
······························

Predicted structure change

C        0.001075       -0.000957        0.001243
C       -0.000227       -0.002528       -0.001051
C        0.002014        0.001075       -0.000555
C       -0.000569        0.000894        0.000068
H       -0.001047       -0.002226       -0.001049
H        0.000914       -0.004833        0.001214
H        0.001199       -0.002089        0.000980
H        0.001638       -0.004656       -0.000396
H        0.002418        0.003669        0.000356
H        0.000610        0.003940       -0.000217
H        0.003030        0.003602       -0.000335
H       -0.003685        0.000428        0.000899
H       -0.006359       -0.002313        0.000317
H       -0.001012        0.005994       -0.001474

Line search:
------------
alpha          0.8000 Energy      0.28095189
alpha          0.6400 Energy      0.27938641

New structure (Å)
C        0.012009        0.004155       -0.358069
C       -0.530059        1.361950        0.121063
C        1.451893       -0.205429        0.139772
C       -0.892336       -1.139657        0.134451
H        0.014131       -0.001901       -1.469421
H       -0.544604        1.399645        1.232802
H        0.116699        2.179582       -0.261860
H       -1.561142        1.510837       -0.262310
H        1.477710       -0.205236        1.250835
H        2.104824        0.609368       -0.239062
H        1.836512       -1.176574       -0.233770
H       -0.918209       -1.159398        1.244859
H       -0.503063       -2.111529       -0.238113
H       -1.924366       -0.996013       -0.252778

New gradient (Kcal/mol/Å)
C        0.799649        0.345463        0.973918
C       -0.511057        0.025363       -1.589244
C       -0.107751       -0.943108       -0.754626
C        0.540878        0.109626        0.553214
H       -0.305545        0.048508       -0.649676
H        0.080460        0.048680        1.144591
H        0.114573        0.026740        0.036155
H        0.262466       -0.070178        0.125233
H       -0.064025        0.080072        0.358585
H        0.192435        0.129725        0.119155
H       -0.577185        0.656928        0.201746
H        0.048058       -0.044710        0.028188
H        0.226984       -0.422270       -0.189304
H       -0.699940        0.009161       -0.357935

Energy:      0.27938641
                 Value    Threshold    Converged?
GRMS:            0.4981     0.001      No     

······························
······· Cycle number 16 ·······
······························

Predicted structure change

C       -0.001236       -0.000970       -0.000665
C        0.000382       -0.000665        0.000734
C        0.000084        0.000872        0.000258
C       -0.000840        0.000029        0.000427
H        0.000497       -0.000665        0.000498
H        0.000088       -0.001493       -0.000606
H        0.000035       -0.000808        0.000445
H        0.000531       -0.001306        0.000014
H        0.000917        0.000989        0.000204
H        0.000253        0.001573       -0.000554
H        0.002121        0.000176       -0.000263
H       -0.001180        0.000314       -0.000892
H       -0.002352        0.000135        0.000324
H        0.000699        0.001820        0.000075

Line search:
------------
alpha          0.8000 Energy      0.27664322

New structure (Å)
C        0.011020        0.003378       -0.358601
C       -0.529754        1.361419        0.121650
C        1.451961       -0.204731        0.139978
C       -0.893008       -1.139634        0.134792
H        0.014529       -0.002433       -1.469023
H       -0.544533        1.398450        1.232317
H        0.116727        2.178935       -0.261504
H       -1.560717        1.509792       -0.262298
H        1.478444       -0.204445        1.250999
H        2.105027        0.610627       -0.239505
H        1.838208       -1.176433       -0.233980
H       -0.919153       -1.159147        1.244146
H       -0.504945       -2.111421       -0.237854
H       -1.923806       -0.994557       -0.252717

New gradient (Kcal/mol/Å)
C       -0.400148       -0.136357       -0.170334
C       -0.191317        0.332014       -0.528082
C       -0.265193       -0.391715        0.018927
C        0.298364        0.048079        1.106568
H       -0.143898        0.073059        0.001168
H        0.076809       -0.017397        0.378115
H        0.017018       -0.062469        0.025660
H        0.267953       -0.169518        0.039384
H        0.000085        0.068677        0.339254
H        0.538799        0.442193       -0.070105
H       -0.221639       -0.043244       -0.106442
H        0.040755       -0.038622       -0.709005
H        0.080901       -0.138878       -0.108816
H       -0.098489        0.034178       -0.216293

Energy:      0.27664322
                 Value    Threshold    Converged?
GRMS:            0.2980     0.001      No     

······························
······· Cycle number 17 ·······
······························

Predicted structure change

C        0.000548        0.000183        0.000658
C        0.000916       -0.000726        0.000283
C       -0.000241        0.000575       -0.000639
C       -0.000820       -0.000291       -0.001267
H        0.000948       -0.000196        0.000104
H       -0.000357       -0.000067       -0.000590
H       -0.000519       -0.000360        0.000345
H       -0.000461        0.000400        0.000204
H        0.000239       -0.000129       -0.000420
H       -0.001180       -0.000545       -0.000211
H        0.001437        0.000031        0.000396
H       -0.000239        0.000297        0.000214
H       -0.000643        0.000728        0.000289
H        0.000372        0.000101        0.000634

Line search:
------------
alpha          0.8000 Energy      0.27686078
alpha          0.6400 Energy      0.27611439

New structure (Å)
C        0.011370        0.003495       -0.358180
C       -0.529168        1.360954        0.121832
C        1.451807       -0.204364        0.139570
C       -0.893533       -1.139820        0.133982
H        0.015135       -0.002558       -1.468956
H       -0.544762        1.398407        1.231939
H        0.116395        2.178704       -0.261283
H       -1.561012        1.510048       -0.262168
H        1.478597       -0.204528        1.250730
H        2.104272        0.610278       -0.239640
H        1.839128       -1.176413       -0.233727
H       -0.919306       -1.158957        1.244283
H       -0.505356       -2.110955       -0.237670
H       -1.923568       -0.994492       -0.252311

New gradient (Kcal/mol/Å)
C        0.058594        0.351767        0.587932
C        0.897406       -0.087247       -0.166025
C       -0.502149        0.589643       -0.562843
C       -0.494332       -0.596631       -0.320021
H       -0.128818        0.001133       -0.247767
H       -0.009525        0.008338        0.001820
H       -0.215885       -0.208457        0.088163
H       -0.344577        0.011489       -0.135397
H        0.022117       -0.013887        0.441715
H        0.152863       -0.078944        0.149777
H       -0.014621       -0.327225       -0.109454
H        0.061852       -0.000867       -0.055203
H       -0.065427        0.385739        0.174782
H        0.582501       -0.034851        0.152521

Energy:      0.27611439
                 Value    Threshold    Converged?
GRMS:            0.3150     0.001      No     

······························
······· Cycle number 18 ·······
······························

Predicted structure change

C        0.000773       -0.000434       -0.000687
C       -0.000734       -0.000218        0.000477
C        0.000736       -0.000603        0.000476
C        0.000269        0.000857       -0.000167
H        0.000965       -0.000090        0.000632
H       -0.000317        0.000075       -0.000421
H       -0.000131        0.000048        0.000127
H        0.000065        0.000473        0.000390
H        0.000066       -0.000196       -0.001288
H       -0.001415       -0.000606       -0.000351
H        0.000997        0.000686        0.000592
H       -0.000194        0.000222        0.000183
H       -0.000159       -0.000173       -0.000164
H       -0.000920       -0.000042        0.000199

Line search:
------------
alpha          0.8000 Energy      0.27540877

New structure (Å)
C        0.011989        0.003148       -0.358730
C       -0.529755        1.360780        0.122213
C        1.452395       -0.204846        0.139950
C       -0.893317       -1.139135        0.133848
H        0.015907       -0.002630       -1.468450
H       -0.545015        1.398468        1.231603
H        0.116290        2.178743       -0.261181
H       -1.560960        1.510427       -0.261856
H        1.478650       -0.204684        1.249700
H        2.103139        0.609793       -0.239921
H        1.839925       -1.175865       -0.233253
H       -0.919461       -1.158779        1.244429
H       -0.505483       -2.111093       -0.237800
H       -1.924304       -0.994526       -0.252152

New gradient (Kcal/mol/Å)
C        0.255572       -0.228706       -0.568891
C       -0.069365       -0.028368        0.661330
C        0.341626        0.312740        0.313113
C       -0.014483        0.220640       -0.247479
H       -0.127278        0.028799        0.491707
H        0.026513        0.035016       -0.498646
H        0.017967        0.041439       -0.072117
H       -0.004145        0.030877       -0.038117
H       -0.051787       -0.023790       -0.553768
H       -0.280634       -0.448555        0.222865
H       -0.220116        0.214481        0.057717
H       -0.016656       -0.075092        0.149355
H        0.045106        0.002108        0.035931
H        0.097679       -0.081589        0.047001

Energy:      0.27540877
                 Value    Threshold    Converged?
GRMS:            0.2494     0.001      No     

······························
······· Cycle number 19 ·······
······························

Predicted structure change

C       -0.000252       -0.000081        0.000139
C        0.000012       -0.000110       -0.000193
C        0.000192        0.000033       -0.000027
C       -0.000329       -0.000144        0.000250
H        0.000146       -0.000365       -0.000532
H        0.000051       -0.000732        0.000523
H        0.000261       -0.000200        0.000111
H       -0.000009       -0.000621       -0.000124
H        0.000383        0.000478        0.000663
H        0.000269        0.001063       -0.000433
H        0.000889       -0.000041       -0.000220
H       -0.000474        0.000186        0.000115
H       -0.000891       -0.000398       -0.000059
H       -0.000248        0.000932       -0.000212

Line search:
------------
alpha          0.8000 Energy      0.27429289

New structure (Å)
C        0.011787        0.003083       -0.358619
C       -0.529745        1.360692        0.122059
C        1.452549       -0.204819        0.139929
C       -0.893581       -1.139250        0.134048
H        0.016024       -0.002923       -1.468876
H       -0.544974        1.397882        1.232021
H        0.116499        2.178583       -0.261093
H       -1.560967        1.509930       -0.261955
H        1.478956       -0.204302        1.250230
H        2.103355        0.610643       -0.240267
H        1.840637       -1.175897       -0.233428
H       -0.919840       -1.158630        1.244522
H       -0.506196       -2.111412       -0.237848
H       -1.924502       -0.993780       -0.252322

New gradient (Kcal/mol/Å)
C       -0.014287       -0.031030       -0.180439
C       -0.058503        0.004684        0.173588
C        0.105226        0.025311        0.201478
C        0.060498        0.115625       -0.027447
H       -0.087846        0.013734        0.113476
H        0.034565        0.003065       -0.109143
H        0.035694        0.017752       -0.050146
H        0.024218       -0.029461       -0.018257
H       -0.040126        0.008986       -0.163559
H        0.021828       -0.052643        0.050410
H       -0.118267        0.045173       -0.024365
H       -0.013947       -0.044271        0.073944
H        0.050394       -0.062820       -0.010529
H        0.000554       -0.014107       -0.029012

Energy:      0.27429289
                 Value    Threshold    Converged?
GRMS:            0.0761     0.001      No     

······························
······· Cycle number 20 ·······
······························

Predicted structure change

C        0.000049       -0.000217        0.000079
C        0.000017       -0.000238       -0.000024
C        0.000101        0.000071       -0.000172
C       -0.000196       -0.000099        0.000014
H        0.000438       -0.000273       -0.000104
H       -0.000106       -0.000443        0.000071
H        0.000014       -0.000163        0.000224
H        0.000029       -0.000217        0.000044
H        0.000370        0.000245        0.000128
H       -0.000309        0.000422       -0.000320
H        0.000955        0.000130        0.000084
H       -0.000323        0.000230       -0.000081
H       -0.000787       -0.000028        0.000032
H       -0.000252        0.000580        0.000025

Line search:
------------
alpha          0.8000 Energy      0.27409867

New structure (Å)
C        0.011826        0.002909       -0.358555
C       -0.529732        1.360502        0.122040
C        1.452629       -0.204762        0.139791
C       -0.893738       -1.139330        0.134059
H        0.016375       -0.003141       -1.468960
H       -0.545059        1.397528        1.232078
H        0.116510        2.178453       -0.260914
H       -1.560944        1.509756       -0.261920
H        1.479252       -0.204106        1.250332
H        2.103107        0.610981       -0.240523
H        1.841401       -1.175794       -0.233361
H       -0.920099       -1.158446        1.244457
H       -0.506826       -2.111434       -0.237822
H       -1.924703       -0.993317       -0.252302

New gradient (Kcal/mol/Å)
C       -0.011549       -0.001738       -0.012892
C       -0.051784        0.002563        0.080893
C       -0.016803        0.077080        0.001602
C        0.175390       -0.087091        0.001546
H       -0.052184        0.008796        0.009438
H        0.030704       -0.004469       -0.059081
H        0.025769        0.007666       -0.036591
H        0.036392       -0.032072       -0.000299
H       -0.021373        0.003792        0.008601
H        0.037245       -0.020677        0.036648
H       -0.042985       -0.028353       -0.029913
H       -0.024534       -0.014398        0.019384
H       -0.014847        0.070293        0.029259
H       -0.069441        0.018608       -0.048594

Energy:      0.27409867
                 Value    Threshold    Converged?
GRMS:            0.0457     0.001      No     

······························
······· Cycle number 21 ·······
······························

Predicted structure change

C        0.000009       -0.000333        0.000089
C        0.000235       -0.000446       -0.000241
C        0.000345       -0.000242       -0.000034
C       -0.001035        0.000381       -0.000078
H        0.000950       -0.000502       -0.000152
H       -0.000298       -0.000732        0.000252
H       -0.000086       -0.000322        0.000508
H       -0.000083       -0.000244        0.000081
H        0.000681        0.000401       -0.000018
H       -0.000675        0.000792       -0.000709
H        0.001785        0.000365        0.000250
H       -0.000471        0.000419       -0.000115
H       -0.001236       -0.000423       -0.000085
H       -0.000122        0.000888        0.000252

Line search:
------------
alpha          0.8000 Energy      0.27434291
alpha          0.6400 Energy      0.27418578
alpha          0.5120 Energy      0.27409906
alpha          0.4096 Energy      0.27405463

New structure (Å)
C        0.011830        0.002773       -0.358519
C       -0.529635        1.360319        0.121941
C        1.452770       -0.204861        0.139777
C       -0.894162       -1.139174        0.134027
H        0.016764       -0.003346       -1.469022
H       -0.545181        1.397228        1.232181
H        0.116475        2.178321       -0.260706
H       -1.560979        1.509656       -0.261887
H        1.479531       -0.203942        1.250325
H        2.102831        0.611305       -0.240814
H        1.842132       -1.175645       -0.233259
H       -0.920291       -1.158275        1.244410
H       -0.507332       -2.111607       -0.237857
H       -1.924753       -0.992953       -0.252199

New gradient (Kcal/mol/Å)
C       -0.091373        0.068978        0.101513
C        0.120795       -0.017050       -0.139077
C       -0.014796       -0.088535        0.018504
C       -0.216799        0.133248       -0.026091
H       -0.014418        0.003116       -0.061387
H        0.010693       -0.001953        0.080992
H       -0.040925       -0.054832        0.011606
H       -0.029207       -0.021152        0.006073
H       -0.016461        0.011990        0.016592
H        0.078783        0.073822       -0.016358
H       -0.013407        0.013866       -0.011382
H        0.000696       -0.016080        0.005347
H        0.054882       -0.091697       -0.022967
H        0.171538       -0.013720        0.036635

Energy:      0.27405463
                 Value    Threshold    Converged?
GRMS:            0.0698     0.001      No     

······························
······· Cycle number 22 ·······
······························

Predicted structure change

C        0.000083       -0.000068       -0.000046
C       -0.000089       -0.000011        0.000061
C        0.000031       -0.000020       -0.000021
C        0.000069       -0.000071       -0.000018
H        0.000222       -0.000055        0.000004
H       -0.000106       -0.000020       -0.000025
H        0.000003        0.000054        0.000080
H       -0.000015        0.000102        0.000009
H        0.000097       -0.000023       -0.000013
H       -0.000228       -0.000014       -0.000126
H        0.000270       -0.000024        0.000074
H        0.000016        0.000086       -0.000015
H       -0.000139        0.000035       -0.000013
H       -0.000213        0.000028        0.000048

Line search:
------------
alpha          0.8000 Energy      0.27398256

New structure (Å)
C        0.011897        0.002719       -0.358555
C       -0.529706        1.360310        0.121990
C        1.452795       -0.204877        0.139761
C       -0.894107       -1.139231        0.134013
H        0.016942       -0.003391       -1.469019
H       -0.545266        1.397212        1.232161
H        0.116477        2.178364       -0.260642
H       -1.560990        1.509737       -0.261880
H        1.479608       -0.203960        1.250315
H        2.102648        0.611294       -0.240914
H        1.842348       -1.175663       -0.233200
H       -0.920278       -1.158206        1.244398
H       -0.507443       -2.111579       -0.237867
H       -1.924924       -0.992930       -0.252160

New gradient (Kcal/mol/Å)
C       -0.033343        0.029664        0.046377
C        0.028362       -0.009181       -0.046703
C       -0.016053       -0.017093       -0.003920
C       -0.038839        0.014643       -0.005470
H       -0.003497        0.002752       -0.033590
H        0.013709       -0.000022        0.032793
H       -0.009671       -0.016889       -0.009185
H       -0.009005       -0.014050        0.011460
H       -0.012204        0.000756        0.021704
H        0.032217        0.030090       -0.006222
H        0.008627       -0.012992       -0.011389
H       -0.011722       -0.002015        0.005863
H        0.015820       -0.009259       -0.000367
H        0.035599        0.003596       -0.001352

Energy:      0.27398256
                 Value    Threshold    Converged?
GRMS:            0.0205     0.001      No     

······························
······· Cycle number 23 ·······
······························

Predicted structure change

C        0.000040       -0.000039       -0.000021
C       -0.000019        0.000009        0.000028
C        0.000002       -0.000037       -0.000011
C        0.000021       -0.000013       -0.000022
H        0.000093       -0.000028        0.000022
H       -0.000090       -0.000001       -0.000040
H       -0.000003        0.000039        0.000084
H        0.000007        0.000084       -0.000036
H        0.000071       -0.000006       -0.000021
H       -0.000107       -0.000025       -0.000054
H        0.000065        0.000015        0.000054
H        0.000065        0.000030       -0.000023
H       -0.000065       -0.000005       -0.000017
H       -0.000078       -0.000022        0.000057

Line search:
------------
alpha          0.8000 Energy      0.27397080

New structure (Å)
C        0.011928        0.002688       -0.358572
C       -0.529722        1.360317        0.122012
C        1.452797       -0.204907        0.139753
C       -0.894090       -1.139241        0.133996
H        0.017016       -0.003413       -1.469002
H       -0.545338        1.397212        1.232129
H        0.116474        2.178396       -0.260574
H       -1.560985        1.509804       -0.261908
H        1.479665       -0.203965        1.250298
H        2.102562        0.611274       -0.240957
H        1.842399       -1.175652       -0.233157
H       -0.920226       -1.158182        1.244379
H       -0.507495       -2.111583       -0.237881
H       -1.924986       -0.992948       -0.252115

New gradient (Kcal/mol/Å)
C       -0.002287       -0.002672        0.014275
C        0.013204        0.008173        0.010680
C       -0.013588       -0.026419       -0.020350
C        0.007315       -0.002667       -0.004281
H        0.000188        0.002819       -0.009885
H        0.013202        0.001076       -0.004956
H       -0.008184       -0.009942       -0.012339
H       -0.012270       -0.007920        0.009332
H       -0.007272       -0.001503        0.016778
H        0.014193        0.016131       -0.000787
H        0.003565        0.008704        0.001262
H       -0.013208        0.002040        0.003824
H        0.004899        0.008792        0.005447
H        0.000243        0.003388       -0.009000

Energy:      0.27397080
                 Value    Threshold    Converged?
GRMS:            0.0100     0.001      No     

······························
······· Cycle number 24 ·······
······························

Predicted structure change

C        0.000029       -0.000005       -0.000031
C       -0.000076       -0.000037       -0.000065
C        0.000039        0.000077        0.000051
C       -0.000008       -0.000027       -0.000004
H        0.000114       -0.000044        0.000027
H       -0.000155       -0.000006        0.000011
H        0.000029        0.000081        0.000146
H        0.000064        0.000123       -0.000069
H        0.000108       -0.000002       -0.000058
H       -0.000167       -0.000077       -0.000068
H        0.000084       -0.000050        0.000046
H        0.000124        0.000030       -0.000046
H       -0.000096       -0.000029       -0.000039
H       -0.000088       -0.000032        0.000100

Line search:
------------
alpha          0.8000 Energy      0.27397967
alpha          0.6400 Energy      0.27397354
alpha          0.5120 Energy      0.27397021
alpha          0.4096 Energy      0.27396855

New structure (Å)
C        0.011940        0.002686       -0.358585
C       -0.529753        1.360302        0.121986
C        1.452813       -0.204875        0.139773
C       -0.894093       -1.139252        0.133994
H        0.017063       -0.003431       -1.468990
H       -0.545402        1.397209        1.232134
H        0.116486        2.178429       -0.260514
H       -1.560959        1.509855       -0.261937
H        1.479709       -0.203965        1.250274
H        2.102494        0.611242       -0.240985
H        1.842434       -1.175672       -0.233138
H       -0.920175       -1.158170        1.244360
H       -0.507534       -2.111595       -0.237897
H       -1.925022       -0.992961       -0.252074

New gradient (Kcal/mol/Å)
C        0.004700        0.007319       -0.009058
C       -0.033263       -0.019472       -0.023466
C        0.014061        0.055443        0.013552
C        0.010250       -0.016620        0.013443
H        0.002077        0.002097        0.006663
H        0.014700        0.006887        0.017171
H        0.004254        0.008762       -0.013993
H        0.015959       -0.006191        0.022544
H       -0.006368       -0.009300       -0.013922
H       -0.021649       -0.025078        0.011440
H        0.016069       -0.024510       -0.008907
H       -0.011190        0.005348       -0.009319
H        0.000859        0.012756        0.005650
H       -0.010458        0.002559       -0.011800

Energy:      0.27396855
                 Value    Threshold    Converged?
GRMS:            0.0163     0.001      No     

······························
······· Cycle number 25 ·······
······························

Predicted structure change

C        0.000008       -0.000014       -0.000005
C        0.000005        0.000018        0.000014
C       -0.000005       -0.000030       -0.000004
C        0.000003       -0.000005       -0.000013
H        0.000027       -0.000020        0.000001
H       -0.000090       -0.000019       -0.000022
H        0.000020        0.000025        0.000082
H        0.000013        0.000055       -0.000076
H        0.000052        0.000019        0.000006
H       -0.000025        0.000002       -0.000039
H       -0.000008        0.000008        0.000025
H        0.000072       -0.000003       -0.000003
H       -0.000044       -0.000024       -0.000024
H       -0.000029       -0.000012        0.000056

Line search:
------------
alpha          0.8000 Energy      0.27396241

New structure (Å)
C        0.011947        0.002674       -0.358589
C       -0.529749        1.360317        0.121997
C        1.452809       -0.204900        0.139770
C       -0.894091       -1.139256        0.133984
H        0.017085       -0.003447       -1.468989
H       -0.545474        1.397194        1.232116
H        0.116502        2.178449       -0.260449
H       -1.560949        1.509899       -0.261997
H        1.479751       -0.203950        1.250279
H        2.102474        0.611243       -0.241016
H        1.842428       -1.175666       -0.233118
H       -0.920117       -1.158173        1.244358
H       -0.507570       -2.111614       -0.237916
H       -1.925045       -0.992971       -0.252030

New gradient (Kcal/mol/Å)
C        0.012479       -0.006896       -0.015081
C       -0.016923       -0.002928        0.008459
C        0.007139        0.018000        0.002519
C        0.014707       -0.010327        0.004889
H        0.003306        0.000988        0.010006
H        0.013375        0.005812       -0.002929
H       -0.001107        0.005968       -0.012744
H        0.001237       -0.002848        0.015531
H       -0.002357       -0.007307       -0.007589
H       -0.015808       -0.013139        0.007756
H        0.008010       -0.003000       -0.000238
H       -0.009495        0.006348       -0.004679
H       -0.000550        0.009396        0.005567
H       -0.014014       -0.000068       -0.011467

Energy:      0.27396241
                 Value    Threshold    Converged?
GRMS:            0.0092     0.001      No     

······························
······· Cycle number 26 ·······
······························

Predicted structure change

C       -0.000001       -0.000009        0.000000
C        0.000004        0.000019        0.000000
C       -0.000006       -0.000013       -0.000002
C        0.000006       -0.000012       -0.000004
H        0.000010       -0.000028        0.000000
H       -0.000179       -0.000052       -0.000024
H        0.000061        0.000032        0.000159
H        0.000050        0.000083       -0.000167
H        0.000080        0.000056        0.000009
H       -0.000007       -0.000002       -0.000059
H       -0.000048        0.000002        0.000026
H        0.000134       -0.000034        0.000003
H       -0.000075       -0.000040       -0.000049
H       -0.000028       -0.000003        0.000109

Line search:
------------
alpha          0.8000 Energy      0.27395488

New structure (Å)
C        0.011946        0.002667       -0.358589
C       -0.529746        1.360333        0.121998
C        1.452804       -0.204910        0.139769
C       -0.894086       -1.139265        0.133981
H        0.017092       -0.003470       -1.468989
H       -0.545617        1.397152        1.232097
H        0.116551        2.178474       -0.260322
H       -1.560909        1.509965       -0.262131
H        1.479815       -0.203905        1.250286
H        2.102469        0.611242       -0.241064
H        1.842389       -1.175664       -0.233097
H       -0.920010       -1.158200        1.244360
H       -0.507630       -2.111646       -0.237956
H       -1.925067       -0.992973       -0.251942

New gradient (Kcal/mol/Å)
C        0.014432       -0.015592       -0.015075
C        0.000812        0.010354        0.027901
C        0.000251       -0.015209       -0.005678
C        0.011378       -0.001436       -0.003320
H        0.003650       -0.000922        0.009795
H        0.011958        0.004632       -0.016502
H       -0.007186        0.003180       -0.009242
H       -0.010288       -0.000155        0.008960
H        0.002973       -0.004791       -0.000368
H       -0.007994       -0.000131        0.004375
H       -0.000991        0.014930        0.006270
H       -0.005875        0.007114       -0.002101
H       -0.002062        0.001735        0.004658
H       -0.011057       -0.003711       -0.009673

Energy:      0.27395488
                 Value    Threshold    Converged?
GRMS:            0.0092     0.001      No     

······························
······· Cycle number 27 ·······
······························

Predicted structure change

C       -0.000010       -0.000004        0.000004
C       -0.000007        0.000021       -0.000016
C       -0.000004        0.000007       -0.000005
C        0.000015       -0.000023        0.000013
H       -0.000002       -0.000039       -0.000001
H       -0.000355       -0.000111       -0.000030
H        0.000138        0.000039        0.000297
H        0.000109        0.000144       -0.000331
H        0.000119        0.000116        0.000005
H        0.000008       -0.000015       -0.000113
H       -0.000090       -0.000013        0.000039
H        0.000243       -0.000089        0.000020
H       -0.000122       -0.000052       -0.000098
H       -0.000042        0.000018        0.000216

Line search:
------------
alpha          0.8000 Energy      0.27394447

New structure (Å)
C        0.011938        0.002664       -0.358585
C       -0.529751        1.360350        0.121985
C        1.452801       -0.204904        0.139765
C       -0.894074       -1.139284        0.133991
H        0.017091       -0.003501       -1.468990
H       -0.545901        1.397064        1.232073
H        0.116661        2.178506       -0.260084
H       -1.560822        1.510080       -0.262396
H        1.479910       -0.203812        1.250290
H        2.102475        0.611230       -0.241154
H        1.842317       -1.175675       -0.233066
H       -0.919816       -1.158271        1.244377
H       -0.507728       -2.111688       -0.238034
H       -1.925101       -0.992959       -0.251770

New gradient (Kcal/mol/Å)
C        0.011796       -0.018708       -0.011290
C        0.017507        0.019664        0.037518
C       -0.005948       -0.040808       -0.009078
C        0.004168        0.006916       -0.011484
H        0.003624       -0.003740        0.006710
H        0.009869        0.003253       -0.024213
H       -0.012312        0.002091       -0.004076
H       -0.018722        0.002561        0.002117
H        0.009545       -0.002031        0.006718
H        0.000507        0.012586        0.001047
H       -0.009999        0.027069        0.009807
H       -0.000402        0.007661       -0.000096
H       -0.004491       -0.008602        0.003234
H       -0.005143       -0.007912       -0.006914

Energy:      0.27394447
                 Value    Threshold    Converged?
GRMS:            0.0134     0.001      No     

······························
······· Cycle number 28 ·······
······························

Predicted structure change

C       -0.000016        0.000003        0.000009
C       -0.000021        0.000010       -0.000028
C        0.000002        0.000030       -0.000015
C        0.000023       -0.000023        0.000039
H       -0.000020       -0.000029        0.000001
H       -0.000462       -0.000152       -0.000025
H        0.000196        0.000017        0.000364
H        0.000147        0.000164       -0.000425
H        0.000104        0.000156       -0.000011
H        0.000029       -0.000032       -0.000146
H       -0.000097       -0.000029        0.000043
H        0.000282       -0.000138        0.000044
H       -0.000125       -0.000030       -0.000129
H       -0.000043        0.000052        0.000281

Line search:
------------
alpha          0.8000 Energy      0.27393422

New structure (Å)
C        0.011925        0.002667       -0.358578
C       -0.529768        1.360358        0.121963
C        1.452802       -0.204879        0.139753
C       -0.894055       -1.139302        0.134022
H        0.017075       -0.003524       -1.468989
H       -0.546270        1.396942        1.232053
H        0.116818        2.178519       -0.259793
H       -1.560704        1.510211       -0.262736
H        1.479993       -0.203688        1.250280
H        2.102498        0.611204       -0.241271
H        1.842240       -1.175698       -0.233032
H       -0.919590       -1.158381        1.244412
H       -0.507828       -2.111711       -0.238138
H       -1.925135       -0.992917       -0.251545

New gradient (Kcal/mol/Å)
C        0.005451       -0.014517       -0.004497
C        0.024417        0.020231        0.031411
C       -0.008581       -0.045728       -0.007257
C       -0.002962        0.010441       -0.014791
H        0.003212       -0.005710        0.001989
H        0.007270        0.001909       -0.021965
H       -0.013596        0.002496        0.000692
H       -0.018920        0.003877       -0.002045
H        0.013553       -0.000036        0.010448
H        0.006182        0.018489       -0.000674
H       -0.014630        0.027341        0.008464
H        0.004070        0.006961        0.000248
H       -0.006532       -0.015701        0.001970
H        0.001067       -0.010053       -0.003991

Energy:      0.27393422
                 Value    Threshold    Converged?
GRMS:            0.0139     0.001      No     

······························
······· Cycle number 29 ·······
······························

Predicted structure change

C       -0.000016        0.000008        0.000010
C       -0.000031       -0.000006       -0.000029
C        0.000007        0.000040       -0.000029
C        0.000027       -0.000014        0.000061
H       -0.000033       -0.000005        0.000003
H       -0.000470       -0.000158       -0.000014
H        0.000214       -0.000021        0.000345
H        0.000149        0.000146       -0.000423
H        0.000051        0.000160       -0.000031
H        0.000040       -0.000046       -0.000153
H       -0.000067       -0.000039        0.000043
H        0.000251       -0.000160        0.000063
H       -0.000086        0.000014       -0.000134
H       -0.000036        0.000083        0.000288

Line search:
------------
alpha          0.8000 Energy      0.27392579

New structure (Å)
C        0.011912        0.002673       -0.358570
C       -0.529793        1.360353        0.121939
C        1.452808       -0.204847        0.139730
C       -0.894034       -1.139314        0.134071
H        0.017048       -0.003529       -1.468987
H       -0.546646        1.396816        1.232041
H        0.116989        2.178502       -0.259517
H       -1.560585        1.510328       -0.263074
H        1.480034       -0.203560        1.250255
H        2.102530        0.611167       -0.241394
H        1.842186       -1.175730       -0.232998
H       -0.919389       -1.158510        1.244462
H       -0.507896       -2.111700       -0.238245
H       -1.925164       -0.992851       -0.251315

New gradient (Kcal/mol/Å)
C       -0.001200       -0.005959        0.001973
C        0.020266        0.013247        0.015202
C       -0.007177       -0.031609       -0.002254
C       -0.006874        0.008495       -0.012360
H        0.002672       -0.005714       -0.002131
H        0.004260        0.000777       -0.012394
H       -0.010493        0.003308        0.003301
H       -0.012334        0.003588       -0.003093
H        0.012893        0.000731        0.009568
H        0.007634        0.016177       -0.000866
H       -0.013287        0.017463        0.003550
H        0.005594        0.004761       -0.000157
H       -0.006801       -0.016322        0.001152
H        0.004846       -0.008942       -0.001490

Energy:      0.27392579
                 Value    Threshold    Converged?
GRMS:            0.0101     0.001      No     

······························
······· Cycle number 30 ·······
······························

Predicted structure change

C       -0.000010        0.000007        0.000007
C       -0.000028       -0.000018       -0.000016
C        0.000009        0.000028       -0.000032
C        0.000021        0.000001        0.000058
H       -0.000033        0.000018        0.000004
H       -0.000313       -0.000107       -0.000000
H        0.000154       -0.000050        0.000207
H        0.000096        0.000079       -0.000271
H       -0.000016        0.000107       -0.000039
H        0.000031       -0.000043       -0.000109
H       -0.000010       -0.000034        0.000034
H        0.000137       -0.000122        0.000057
H       -0.000019        0.000051       -0.000093
H       -0.000019        0.000082        0.000194

Line search:
------------
alpha          0.8000 Energy      0.27392101

New structure (Å)
C        0.011904        0.002679       -0.358564
C       -0.529815        1.360339        0.121926
C        1.452815       -0.204825        0.139704
C       -0.894017       -1.139313        0.134117
H        0.017021       -0.003514       -1.468983
H       -0.546897        1.396730        1.232041
H        0.117112        2.178463       -0.259351
H       -1.560508        1.510391       -0.263291
H        1.480020       -0.203474        1.250224
H        2.102555        0.611133       -0.241481
H        1.842178       -1.175757       -0.232970
H       -0.919279       -1.158607        1.244508
H       -0.507911       -2.111659       -0.238320
H       -1.925179       -0.992786       -0.251160

New gradient (Kcal/mol/Å)
C       -0.004211        0.000904        0.004657
C        0.010075        0.004579        0.000653
C       -0.003539       -0.011538        0.001602
C       -0.006180        0.003839       -0.006481
H        0.002163       -0.003812       -0.003383
H        0.001668        0.000139       -0.002757
H       -0.005382        0.003170        0.003121
H       -0.004194        0.002240       -0.001892
H        0.008359        0.000370        0.005522
H        0.005435        0.008829       -0.000155
H       -0.007931        0.005682       -0.001124
H        0.003900        0.002043       -0.000551
H       -0.004985       -0.011005        0.000878
H        0.004821       -0.005441       -0.000090

Energy:      0.27392101
                 Value    Threshold    Converged?
GRMS:            0.0050     0.001      No     

······························
······· Cycle number 31 ·······
······························

Predicted structure change

C       -0.000002        0.000002        0.000001
C       -0.000015       -0.000016       -0.000001
C        0.000006        0.000006       -0.000022
C        0.000009        0.000010        0.000032
H       -0.000022        0.000023        0.000003
H       -0.000111       -0.000039        0.000006
H        0.000063       -0.000046        0.000057
H        0.000031        0.000014       -0.000087
H       -0.000045        0.000039       -0.000028
H        0.000011       -0.000024       -0.000046
H        0.000027       -0.000018        0.000021
H        0.000027       -0.000052        0.000031
H        0.000024        0.000052       -0.000038
H       -0.000004        0.000049        0.000071

Line search:
------------
alpha          0.8000 Energy      0.27391928

New structure (Å)
C        0.011903        0.002680       -0.358563
C       -0.529827        1.360326        0.121925
C        1.452820       -0.204820        0.139686
C       -0.894009       -1.139305        0.134143
H        0.017004       -0.003496       -1.468981
H       -0.546985        1.396699        1.232046
H        0.117163        2.178426       -0.259306
H       -1.560483        1.510402       -0.263360
H        1.479985       -0.203444        1.250202
H        2.102564        0.611113       -0.241517
H        1.842200       -1.175771       -0.232953
H       -0.919258       -1.158648        1.244533
H       -0.507892       -2.111617       -0.238351
H       -1.925182       -0.992746       -0.251103

New gradient (Kcal/mol/Å)
C       -0.003405        0.002897        0.003686
C        0.002217       -0.000210       -0.004646
C       -0.000694        0.000369        0.002340
C       -0.003307        0.000467       -0.001719
H        0.001703       -0.001651       -0.002271
H        0.000170       -0.000012        0.001561
H       -0.001644        0.002115        0.001620
H        0.000264        0.001002       -0.000572
H        0.003710       -0.000310        0.001809
H        0.002537        0.002683        0.000412
H       -0.003027       -0.000563       -0.002900
H        0.001307        0.000249       -0.000435
H       -0.002565       -0.004855        0.000852
H        0.002733       -0.002182        0.000261

Energy:      0.27391928
                 Value    Threshold    Converged?
GRMS:            0.0022     0.001      No     

······························
······· Cycle number 32 ·······
······························

Predicted structure change

C        0.000001       -0.000001       -0.000002
C       -0.000003       -0.000008        0.000005
C        0.000001       -0.000004       -0.000009
C        0.000002        0.000008        0.000009
H       -0.000011        0.000014        0.000001
H       -0.000005       -0.000002        0.000005
H        0.000010       -0.000025       -0.000009
H       -0.000001       -0.000010        0.000003
H       -0.000033        0.000004       -0.000012
H       -0.000002       -0.000009       -0.000009
H        0.000027       -0.000006        0.000013
H       -0.000012       -0.000008        0.000009
H        0.000026        0.000029       -0.000008
H        0.000001        0.000018        0.000006

Line search:
------------
alpha          0.8000 Energy      0.27391887

New structure (Å)
C        0.011904        0.002679       -0.358565
C       -0.529830        1.360320        0.121929
C        1.452821       -0.204824        0.139678
C       -0.894008       -1.139298        0.134150
H        0.016995       -0.003485       -1.468981
H       -0.546990        1.396697        1.232050
H        0.117171        2.178406       -0.259313
H       -1.560484        1.510394       -0.263358
H        1.479958       -0.203440        1.250192
H        2.102562        0.611107       -0.241525
H        1.842221       -1.175775       -0.232943
H       -0.919267       -1.158655        1.244540
H       -0.507872       -2.111594       -0.238357
H       -1.925181       -0.992732       -0.251099

New gradient (Kcal/mol/Å)
C       -0.001577        0.002017        0.001856
C       -0.000697       -0.001123       -0.003739
C        0.000376        0.002972        0.001392
C       -0.001124       -0.000574        0.000274
H        0.001257       -0.000404       -0.000839
H       -0.000403        0.000047        0.001734
H       -0.000164        0.001047        0.000485
H        0.001095        0.000369       -0.000099
H        0.001210       -0.000714        0.000083
H        0.000866        0.000116        0.000533
H       -0.000652       -0.001544       -0.002552
H       -0.000239       -0.000344       -0.000105
H       -0.000941       -0.001345        0.000801
H        0.000996       -0.000520        0.000174

Energy:      0.27391887
                 Value    Threshold    Converged?
GRMS:            0.0012     0.001      No     

······························
······· Cycle number 33 ·······
······························

Predicted structure change

C        0.000001       -0.000001       -0.000002
C        0.000001       -0.000003        0.000004
C       -0.000001       -0.000005       -0.000003
C       -0.000000        0.000004       -0.000000
H       -0.000007        0.000005       -0.000001
H        0.000014        0.000004        0.000002
H       -0.000002       -0.000009       -0.000014
H       -0.000005       -0.000009        0.000015
H       -0.000015       -0.000001       -0.000003
H       -0.000005       -0.000002       -0.000000
H        0.000014       -0.000002        0.000009
H       -0.000009        0.000004        0.000000
H        0.000013        0.000012       -0.000002
H        0.000001        0.000004       -0.000007

Line search:
------------
alpha          0.8000 Energy      0.27391878

New structure (Å)
C        0.011905        0.002678       -0.358566
C       -0.529829        1.360317        0.121933
C        1.452820       -0.204828        0.139676
C       -0.894008       -1.139295        0.134150
H        0.016989       -0.003481       -1.468981
H       -0.546978        1.396700        1.232052
H        0.117169        2.178399       -0.259324
H       -1.560488        1.510387       -0.263346
H        1.479946       -0.203441        1.250190
H        2.102558        0.611105       -0.241525
H        1.842233       -1.175777       -0.232936
H       -0.919274       -1.158652        1.244541
H       -0.507861       -2.111584       -0.238359
H       -1.925181       -0.992728       -0.251104

New gradient (Kcal/mol/Å)
C       -0.000378        0.000850        0.000679
C       -0.001006       -0.000684       -0.001738
C        0.000491        0.002026        0.000456
C       -0.000154       -0.000508        0.000665
H        0.000844        0.000056       -0.000019
H       -0.000558        0.000121        0.000851
H        0.000144        0.000395        0.000019
H        0.000688        0.000127       -0.000131
H        0.000339       -0.000845       -0.000352
H        0.000233       -0.000371        0.000452
H        0.000081       -0.000815       -0.001760
H       -0.000731       -0.000334        0.000134
H       -0.000181       -0.000046        0.000692
H        0.000187        0.000029        0.000051

Energy:      0.27391878
                 Value    Threshold    Converged?
 GRMS                 0.0007     0.001    YES   

Optimization converged

·····································
····   OPTIMIZATION CONVERGED    ····
·····································


&& FINAL ENERGY 0.27391878

                         FINAL STRUCTURE:
Number  Element          X               Y               Z       
····································································
1          C             0.011905        0.002678       -0.358566
2          C            -0.529829        1.360317        0.121933
3          C             1.452820       -0.204828        0.139676
4          C            -0.894008       -1.139295        0.134150
5          H             0.016989       -0.003481       -1.468981
6          H            -0.546978        1.396700        1.232052
7          H             0.117169        2.178399       -0.259324
8          H            -1.560488        1.510387       -0.263346
9          H             1.479946       -0.203441        1.250190
10         H             2.102558        0.611105       -0.241525
11         H             1.842233       -1.175777       -0.232936
12         H            -0.919274       -1.158652        1.244541
13         H            -0.507861       -2.111584       -0.238359
14         H            -1.925181       -0.992728       -0.251104
