==================================================
      OPTIMIZATION IN CARTESIAN COORDINATES        
      Program by Cristina Sobrino Fernández        
==================================================

Initial geometry (Å)
C       -0.012700        1.085800        0.008000
H        0.202100       -0.004100        0.102000
H        1.009900        1.463100        0.200300
H       -0.589900        1.496900       -0.875100
H       -0.522900        1.437300        0.904800

Initial gradient (Kcal/mol/Å)
C      -15.057782       -0.686047      -18.404729
H       18.914138        1.438184       13.594353
H       -0.302982      -14.879537       17.983837
H      -16.690351       12.804442       -3.115153
H       13.136976        1.322959      -10.058308

Potential energy at input structure        5.106778 Kcal/mol

······························
······· Cycle number 1 ·······
······························

Predicted structure change

C        0.050193        0.002287        0.061349
H       -0.063047       -0.004794       -0.045315
H        0.001010        0.049598       -0.059946
H        0.055635       -0.042681        0.010384
H       -0.043790       -0.004410        0.033528

Line search:
------------
alpha          0.8000 Energy      1.76641706

New structure (Å)
C        0.027454        1.087629        0.057079
H        0.151662       -0.007935        0.065748
H        1.010708        1.502779        0.152343
H       -0.545392        1.462755       -0.866793
H       -0.557932        1.433772        0.931622

New gradient (Kcal/mol/Å)
C       37.362434       -6.942663       15.506242
H        5.742009        5.865555        1.683977
H      -23.368653      -15.073995        4.116080
H      -19.985651       11.546235      -17.738520
H        0.249861        4.604868       -3.567779

Energy:      1.76641706
                 Value    Threshold    Converged?
GRMS:           15.1139     0.001      No     

······························
······· Cycle number 2 ·······
······························

Predicted structure change

C       -0.051407        0.028886        0.046117
H       -0.125698       -0.029169       -0.081519
H        0.086096        0.137020       -0.114662
H        0.164810       -0.112761        0.081363
H       -0.073801       -0.023975        0.068702

Line search:
------------
alpha          0.8000 Energy      8.32234182
alpha          0.6400 Energy      4.25243926
alpha          0.5120 Energy      1.98601859
alpha          0.4096 Energy      0.80877983

New structure (Å)
C        0.006398        1.099461        0.075969
H        0.100176       -0.019883        0.032358
H        1.045973        1.558902        0.105377
H       -0.477886        1.416568       -0.833467
H       -0.588161        1.423952        0.959763

New gradient (Kcal/mol/Å)
C      -28.924159        8.953159      -12.985717
H        1.349683       -9.640788       -4.267767
H       17.446903        7.317138       -1.582151
H       11.560109       -8.508218       17.400847
H       -1.432536        1.878709        1.434789

Energy:      0.80877983
                 Value    Threshold    Converged?
GRMS:           11.7623     0.001      No     

······························
······· Cycle number 3 ·······
······························

Predicted structure change

C        0.008747       -0.011872       -0.004941
H        0.008078        0.014966        0.018767
H       -0.012610       -0.012936        0.014778
H       -0.018266        0.016990       -0.020467
H        0.014051       -0.007148       -0.008137

Line search:
------------
alpha          0.8000 Energy      0.10520122

New structure (Å)
C        0.013396        1.089964        0.072016
H        0.106639       -0.007910        0.047371
H        1.035884        1.548553        0.117200
H       -0.492499        1.430160       -0.849840
H       -0.576920        1.418233        0.953253

New gradient (Kcal/mol/Å)
C       -9.212652       -9.902053       -0.567059
H        0.348448        5.616543       -1.630012
H        7.301189        3.465319       -0.067679
H        1.678191       -0.994752        2.734716
H       -0.115175        1.814944       -0.469966

Energy:      0.10520122
                 Value    Threshold    Converged?
GRMS:            4.4550     0.001      No     

······························
······· Cycle number 4 ·······
······························

Predicted structure change

C        0.018045        0.033885       -0.013013
H        0.007656       -0.016086        0.018687
H       -0.023867       -0.018744        0.012172
H       -0.013310        0.011727       -0.013424
H        0.011475       -0.010782       -0.004423

Line search:
------------
alpha          0.8000 Energy      0.89623506
alpha          0.6400 Energy      0.49153171
alpha          0.5120 Energy      0.25631136
alpha          0.4096 Energy      0.12490071
alpha          0.3277 Energy      0.05615106

New structure (Å)
C        0.019309        1.101067        0.067752
H        0.109148       -0.013181        0.053495
H        1.028064        1.542411        0.121188
H       -0.496860        1.434003       -0.854239
H       -0.573160        1.414700        0.951804

New gradient (Kcal/mol/Å)
C        4.122070        9.901425       -0.681638
H        0.761969       -5.518532       -0.541343
H       -4.494189       -3.100196        0.302958
H       -0.232777       -1.259634        1.479057
H       -0.157072       -0.023062       -0.559033

Energy:      0.05615106
                 Value    Threshold    Converged?
GRMS:            3.4726     0.001      No     

······························
······· Cycle number 5 ·······
······························

Predicted structure change

C       -0.001512       -0.005408        0.000583
H       -0.002666        0.001824        0.001351
H        0.003275        0.004065       -0.001876
H        0.001562        0.001289       -0.002608
H       -0.000660       -0.001771        0.002550

Line search:
------------
alpha          0.8000 Energy      0.00465887

New structure (Å)
C        0.018100        1.096741        0.068218
H        0.107015       -0.011721        0.054576
H        1.030684        1.545663        0.119687
H       -0.495611        1.435034       -0.856326
H       -0.573688        1.413283        0.953844

New gradient (Kcal/mol/Å)
C        1.478244        1.763115       -0.162845
H        0.282965       -1.452394       -0.350141
H       -0.626576       -0.628044        0.180695
H       -0.544036       -0.167242       -0.145543
H       -0.590597        0.484565        0.477835

Energy:      0.00465887
                 Value    Threshold    Converged?
GRMS:            0.8004     0.001      No     

······························
······· Cycle number 6 ·······
······························

Predicted structure change

C       -0.001531       -0.000963        0.001226
H       -0.001567        0.002226        0.001173
H       -0.000966        0.001043       -0.001286
H        0.002204        0.000135        0.000493
H        0.001860       -0.002441       -0.001606

Line search:
------------
alpha          0.8000 Energy      0.00277560

New structure (Å)
C        0.016875        1.095971        0.069199
H        0.105761       -0.009940        0.055515
H        1.029911        1.546497        0.118658
H       -0.493847        1.435142       -0.855931
H       -0.572200        1.411331        0.952559

New gradient (Kcal/mol/Å)
C       -0.907556        0.316313        1.725376
H        0.099308        0.319435       -0.283527
H       -0.076601       -0.159170       -0.075582
H        0.038093       -0.156623        0.057935
H        0.846756       -0.319955       -1.424202

Energy:      0.00277560
                 Value    Threshold    Converged?
GRMS:            0.6835     0.001      No     

······························
······· Cycle number 7 ·······
······························

Predicted structure change

C        0.000885       -0.001232       -0.002822
H       -0.001004        0.000804        0.001290
H       -0.000512        0.000783       -0.000479
H        0.001138        0.000404        0.000237
H       -0.000507       -0.000758        0.001773

Line search:
------------
alpha          0.8000 Energy      0.00395408
alpha          0.6400 Energy      0.00237398
alpha          0.5120 Energy      0.00159359

New structure (Å)
C        0.017328        1.095340        0.067754
H        0.105247       -0.009529        0.056175
H        1.029649        1.546898        0.118413
H       -0.493265        1.435349       -0.855809
H       -0.572459        1.410942        0.953467

New gradient (Kcal/mol/Å)
C       -0.075112       -0.854217       -0.726871
H       -0.089392        1.101537       -0.012246
H       -0.262614       -0.061593        0.030470
H        0.383394       -0.248704        0.764585
H        0.043723        0.062978       -0.055937

Energy:      0.00159359
                 Value    Threshold    Converged?
GRMS:            0.4734     0.001      No     

······························
······· Cycle number 8 ·······
······························

Predicted structure change

C        0.000067        0.000403        0.000249
H        0.000122       -0.001785        0.000414
H        0.001118        0.000528        0.000065
H       -0.000809        0.000823       -0.001754
H       -0.000498        0.000031        0.001027

Line search:
------------
alpha          0.8000 Energy      0.00033404

New structure (Å)
C        0.017381        1.095662        0.067953
H        0.105345       -0.010957        0.056506
H        1.030543        1.547320        0.118465
H       -0.493912        1.436007       -0.857213
H       -0.572857        1.410968        0.954289

New gradient (Kcal/mol/Å)
C        0.123885       -0.266596       -0.069324
H       -0.007452       -0.118596        0.000965
H        0.260673        0.144570        0.024790
H       -0.164753        0.113194       -0.278986
H       -0.212353        0.127428        0.322556

Energy:      0.00033404
                 Value    Threshold    Converged?
GRMS:            0.1785     0.001      No     

······························
······· Cycle number 9 ·······
······························

Predicted structure change

C       -0.000065        0.000156        0.000080
H        0.000075        0.000316       -0.000086
H       -0.000368       -0.000266        0.000003
H        0.000148       -0.000172        0.000423
H        0.000210       -0.000034       -0.000420

Line search:
------------
alpha          0.8000 Energy      0.00006505

New structure (Å)
C        0.017329        1.095786        0.068017
H        0.105405       -0.010704        0.056437
H        1.030249        1.547108        0.118467
H       -0.493793        1.435870       -0.856874
H       -0.572689        1.410940        0.953953

New gradient (Kcal/mol/Å)
C        0.038772       -0.028862        0.011051
H        0.003817       -0.034961       -0.016037
H        0.041487        0.016588        0.010953
H       -0.044836        0.013081       -0.056408
H       -0.039240        0.034153        0.050440

Energy:      0.00006505
                 Value    Threshold    Converged?
GRMS:            0.0333     0.001      No     

······························
······· Cycle number 10 ·······
······························

Predicted structure change

C       -0.000026        0.000007       -0.000012
H       -0.000026        0.000070        0.000060
H       -0.000081       -0.000010       -0.000046
H        0.000082        0.000014        0.000052
H        0.000052       -0.000081       -0.000055

Line search:
------------
alpha          0.8000 Energy      0.00005382

New structure (Å)
C        0.017308        1.095792        0.068008
H        0.105384       -0.010648        0.056485
H        1.030184        1.547099        0.118430
H       -0.493727        1.435881       -0.856833
H       -0.572648        1.410875        0.953909

New gradient (Kcal/mol/Å)
C        0.007138       -0.016460        0.004972
H        0.000172        0.000613       -0.006962
H        0.011075        0.004980        0.004301
H       -0.011000        0.000688       -0.011641
H       -0.007385        0.010179        0.009330

Energy:      0.00005382
                 Value    Threshold    Converged?
GRMS:            0.0084     0.001      No     

······························
······· Cycle number 11 ·······
······························

Predicted structure change

C       -0.000007        0.000008       -0.000007
H       -0.000006        0.000009        0.000030
H       -0.000022       -0.000003       -0.000020
H        0.000024        0.000017        0.000006
H        0.000010       -0.000030       -0.000009

Line search:
------------
alpha          0.8000 Energy      0.00005305

New structure (Å)
C        0.017302        1.095798        0.068002
H        0.105379       -0.010640        0.056509
H        1.030167        1.547097        0.118415
H       -0.493708        1.435894       -0.856828
H       -0.572640        1.410851        0.953902

New gradient (Kcal/mol/Å)
C        0.001700       -0.003976        0.001570
H       -0.000154        0.001303       -0.002527
H        0.001757        0.000869        0.001662
H       -0.002519       -0.000911       -0.001917
H       -0.000784        0.002714        0.001212

Energy:      0.00005305
                 Value    Threshold    Converged?
GRMS:            0.0019     0.001      No     

······························
······· Cycle number 12 ·······
······························

Predicted structure change

C       -0.000002        0.000002       -0.000002
H       -0.000001        0.000001        0.000012
H       -0.000005        0.000000       -0.000009
H        0.000008        0.000009       -0.000001
H        0.000001       -0.000011       -0.000001

Line search:
------------
alpha          0.8000 Energy      0.00005299

New structure (Å)
C        0.017300        1.095800        0.068000
H        0.105378       -0.010640        0.056519
H        1.030163        1.547097        0.118408
H       -0.493702        1.435901       -0.856828
H       -0.572639        1.410842        0.953901

New gradient (Kcal/mol/Å)
C        0.000191       -0.000938        0.000383
H       -0.000168        0.000660       -0.000728
H        0.000143        0.000208        0.000563
H       -0.000419       -0.000509       -0.000203
H        0.000252        0.000579       -0.000015

Energy:      0.00005299
                 Value    Threshold    Converged?
 GRMS                 0.0005     0.001    YES   

Optimization converged

·····································
····   OPTIMIZATION CONVERGED    ····
·····································


&& FINAL ENERGY 0.00005299

                         FINAL STRUCTURE:
Number  Element          X               Y               Z       
····································································
1          C             0.017300        1.095800        0.068000
2          H             0.105378       -0.010640        0.056519
3          H             1.030163        1.547097        0.118408
4          H            -0.493702        1.435901       -0.856828
5          H            -0.572639        1.410842        0.953901
